<html>
<head>
<title>TestNG:  TestEdge</title>
<link href="../testng.css" rel="stylesheet" type="text/css" />
<link href="../my-testng.css" rel="stylesheet" type="text/css" />

<style type="text/css">
.log { display: none;} 
.stack-trace { display: none;} 
</style>
<script type="text/javascript">
<!--
function flip(e) {
  current = e.style.display;
  if (current == 'block') {
    e.style.display = 'none';
    return 0;
  }
  else {
    e.style.display = 'block';
    return 1;
  }
}

function toggleBox(szDivId, elem, msg1, msg2)
{
  var res = -1;  if (document.getElementById) {
    res = flip(document.getElementById(szDivId));
  }
  else if (document.all) {
    // this is the way old msie versions work
    res = flip(document.all[szDivId]);
  }
  if(elem) {
    if(res == 0) elem.innerHTML = msg1; else elem.innerHTML = msg2;
  }

}

function toggleAllBoxes() {
  if (document.getElementsByTagName) {
    d = document.getElementsByTagName('div');
    for (i = 0; i < d.length; i++) {
      if (d[i].className == 'log') {
        flip(d[i]);
      }
    }
  }
}

// -->
</script>

</head>
<body>
<h2 align='center'>TestEdge</h2><table border='1' align="center">
<tr>
<td>Tests passed/Failed/Skipped:</td><td>153/16/48</td>
</tr><tr>
<td>Started on:</td><td>Sat Jan 11 22:11:10 CST 2025</td>
</tr>
<tr><td>Total time:</td><td>514 seconds (514617 ms)</td>
</tr><tr>
<td>Included groups:</td><td></td>
</tr><tr>
<td>Excluded groups:</td><td></td>
</tr>
</table><p/>
<small><i>(Hover the method name to see the test class name)</i></small><p/>
<table width='100%' border='1' class='invocation-failed'>
<tr><td colspan='4' align='center'><b>FAILED TESTS</b></td></tr>
<tr><td><b>Test method</b></td>
<td><b>Attribute(s)</b></td>
<td width="30%"><b>Exception</b></td>
<td width="10%"><b>Time (seconds)</b></td>
<td><b>Instance</b></td>
</tr>
<tr>
<td title='testCases.Tree_TestCase.EmptyTryeditorTreeTraversals()'><b>EmptyTryeditorTreeTraversals</b><br>Test class: testCases.Tree_TestCase<br/>
<a href="#Output-1771056371" onClick='toggleBox("Output-1771056371", this, "Show output", "Hide output");'>Show output</a>

<a href="#Output-1771056371" onClick="toggleAllBoxes();">Show all outputs</a>
<div class='log' id="Output-1771056371">
Screenshot saved at: C:\Users\12017\Desktop\MurugaKaapathu\AS_testNG\screenshots\EmptyTryeditorTreeTraversals.png<br/>
</div>
</td>
<td><div><pre>java.lang.AssertionError: Alert is not present
	at testCases.Tree_TestCase.EmptyTryeditorTreeTraversals(Tree_TestCase.java:371)
	at java.base/java.util.concurrent.Executors$RunnableAdapter.call(Executors.java:572)
	at java.base/java.util.concurrent.FutureTask.run(FutureTask.java:317)
	at java.base/java.util.concurrent.ThreadPoolExecutor.runWorker(ThreadPoolExecutor.java:1144)
	at java.base/java.util.concurrent.ThreadPoolExecutor$Worker.run(ThreadPoolExecutor.java:642)
	at java.base/java.lang.Thread.run(Thread.java:1575)
... Removed 12 stack frames</pre></div><a href='#' onClick='toggleBox("stack-trace1771056371", this, "Click to show all stack frames", "Click to hide stack frames")'>Click to show all stack frames</a>
<div class='stack-trace' id='stack-trace1771056371'><pre>java.lang.AssertionError: Alert is not present
	at org.testng.Assert.fail(Assert.java:111)
	at testCases.Tree_TestCase.EmptyTryeditorTreeTraversals(Tree_TestCase.java:371)
	at java.base/jdk.internal.reflect.DirectMethodHandleAccessor.invoke(DirectMethodHandleAccessor.java:103)
	at java.base/java.lang.reflect.Method.invoke(Method.java:580)
	at org.testng.internal.invokers.MethodInvocationHelper.invokeMethod(MethodInvocationHelper.java:141)
	at org.testng.internal.invokers.TestInvoker.invokeMethod(TestInvoker.java:686)
	at org.testng.internal.invokers.TestInvoker.retryFailed(TestInvoker.java:269)
	at org.testng.internal.invokers.MethodRunner.runInSequence(MethodRunner.java:76)
	at org.testng.internal.invokers.TestInvoker$MethodInvocationAgent.invoke(TestInvoker.java:992)
	at org.testng.internal.invokers.TestInvoker.invokeTestMethods(TestInvoker.java:203)
	at org.testng.internal.invokers.TestMethodWorker.invokeTestMethods(TestMethodWorker.java:154)
	at org.testng.internal.invokers.TestMethodWorker.run(TestMethodWorker.java:134)
	at java.base/java.util.concurrent.Executors$RunnableAdapter.call(Executors.java:572)
	at java.base/java.util.concurrent.FutureTask.run(FutureTask.java:317)
	at org.testng.internal.thread.graph.TestNGFutureTask.run(TestNGFutureTask.java:22)
	at java.base/java.util.concurrent.ThreadPoolExecutor.runWorker(ThreadPoolExecutor.java:1144)
	at java.base/java.util.concurrent.ThreadPoolExecutor$Worker.run(ThreadPoolExecutor.java:642)
	at java.base/java.lang.Thread.run(Thread.java:1575)
</pre></div></td>
<td>1</td>
<td>testCases.Tree_TestCase@7f8a9499</td></tr>
<tr>
<td title='testCases.Tree_TestCase.EmptyTryeditorBT()'><b>EmptyTryeditorBT</b><br>Test class: testCases.Tree_TestCase<br/>
<a href="#Output-1252351171" onClick='toggleBox("Output-1252351171", this, "Show output", "Hide output");'>Show output</a>

<a href="#Output-1252351171" onClick="toggleAllBoxes();">Show all outputs</a>
<div class='log' id="Output-1252351171">
Screenshot saved at: C:\Users\12017\Desktop\MurugaKaapathu\AS_testNG\screenshots\EmptyTryeditorBT.png<br/>
</div>
</td>
<td><div><pre>java.lang.AssertionError: Alert is not present
	at testCases.Tree_TestCase.EmptyTryeditorBT(Tree_TestCase.java:529)
	at java.base/java.util.concurrent.Executors$RunnableAdapter.call(Executors.java:572)
	at java.base/java.util.concurrent.FutureTask.run(FutureTask.java:317)
	at java.base/java.util.concurrent.ThreadPoolExecutor.runWorker(ThreadPoolExecutor.java:1144)
	at java.base/java.util.concurrent.ThreadPoolExecutor$Worker.run(ThreadPoolExecutor.java:642)
	at java.base/java.lang.Thread.run(Thread.java:1575)
... Removed 12 stack frames</pre></div><a href='#' onClick='toggleBox("stack-trace1252351171", this, "Click to show all stack frames", "Click to hide stack frames")'>Click to show all stack frames</a>
<div class='stack-trace' id='stack-trace1252351171'><pre>java.lang.AssertionError: Alert is not present
	at org.testng.Assert.fail(Assert.java:111)
	at testCases.Tree_TestCase.EmptyTryeditorBT(Tree_TestCase.java:529)
	at java.base/jdk.internal.reflect.DirectMethodHandleAccessor.invoke(DirectMethodHandleAccessor.java:103)
	at java.base/java.lang.reflect.Method.invoke(Method.java:580)
	at org.testng.internal.invokers.MethodInvocationHelper.invokeMethod(MethodInvocationHelper.java:141)
	at org.testng.internal.invokers.TestInvoker.invokeMethod(TestInvoker.java:686)
	at org.testng.internal.invokers.TestInvoker.retryFailed(TestInvoker.java:269)
	at org.testng.internal.invokers.MethodRunner.runInSequence(MethodRunner.java:76)
	at org.testng.internal.invokers.TestInvoker$MethodInvocationAgent.invoke(TestInvoker.java:992)
	at org.testng.internal.invokers.TestInvoker.invokeTestMethods(TestInvoker.java:203)
	at org.testng.internal.invokers.TestMethodWorker.invokeTestMethods(TestMethodWorker.java:154)
	at org.testng.internal.invokers.TestMethodWorker.run(TestMethodWorker.java:134)
	at java.base/java.util.concurrent.Executors$RunnableAdapter.call(Executors.java:572)
	at java.base/java.util.concurrent.FutureTask.run(FutureTask.java:317)
	at org.testng.internal.thread.graph.TestNGFutureTask.run(TestNGFutureTask.java:22)
	at java.base/java.util.concurrent.ThreadPoolExecutor.runWorker(ThreadPoolExecutor.java:1144)
	at java.base/java.util.concurrent.ThreadPoolExecutor$Worker.run(ThreadPoolExecutor.java:642)
	at java.base/java.lang.Thread.run(Thread.java:1575)
</pre></div></td>
<td>1</td>
<td>testCases.Tree_TestCase@7f8a9499</td></tr>
<tr>
<td title='testCases.Tree_TestCase.EmptyTryeditorOverview()'><b>EmptyTryeditorOverview</b><br>Test class: testCases.Tree_TestCase<br/>
<a href="#Output-635109490" onClick='toggleBox("Output-635109490", this, "Show output", "Hide output");'>Show output</a>

<a href="#Output-635109490" onClick="toggleAllBoxes();">Show all outputs</a>
<div class='log' id="Output-635109490">
Screenshot saved at: C:\Users\12017\Desktop\MurugaKaapathu\AS_testNG\screenshots\EmptyTryeditorOverview.png<br/>
</div>
</td>
<td><div><pre>java.lang.AssertionError: Alert is not present
	at testCases.Tree_TestCase.EmptyTryeditorOverview(Tree_TestCase.java:127)
	at java.base/java.util.concurrent.Executors$RunnableAdapter.call(Executors.java:572)
	at java.base/java.util.concurrent.FutureTask.run(FutureTask.java:317)
	at java.base/java.util.concurrent.ThreadPoolExecutor.runWorker(ThreadPoolExecutor.java:1144)
	at java.base/java.util.concurrent.ThreadPoolExecutor$Worker.run(ThreadPoolExecutor.java:642)
	at java.base/java.lang.Thread.run(Thread.java:1575)
... Removed 12 stack frames</pre></div><a href='#' onClick='toggleBox("stack-trace635109490", this, "Click to show all stack frames", "Click to hide stack frames")'>Click to show all stack frames</a>
<div class='stack-trace' id='stack-trace635109490'><pre>java.lang.AssertionError: Alert is not present
	at org.testng.Assert.fail(Assert.java:111)
	at testCases.Tree_TestCase.EmptyTryeditorOverview(Tree_TestCase.java:127)
	at java.base/jdk.internal.reflect.DirectMethodHandleAccessor.invoke(DirectMethodHandleAccessor.java:103)
	at java.base/java.lang.reflect.Method.invoke(Method.java:580)
	at org.testng.internal.invokers.MethodInvocationHelper.invokeMethod(MethodInvocationHelper.java:141)
	at org.testng.internal.invokers.TestInvoker.invokeMethod(TestInvoker.java:686)
	at org.testng.internal.invokers.TestInvoker.retryFailed(TestInvoker.java:269)
	at org.testng.internal.invokers.MethodRunner.runInSequence(MethodRunner.java:76)
	at org.testng.internal.invokers.TestInvoker$MethodInvocationAgent.invoke(TestInvoker.java:992)
	at org.testng.internal.invokers.TestInvoker.invokeTestMethods(TestInvoker.java:203)
	at org.testng.internal.invokers.TestMethodWorker.invokeTestMethods(TestMethodWorker.java:154)
	at org.testng.internal.invokers.TestMethodWorker.run(TestMethodWorker.java:134)
	at java.base/java.util.concurrent.Executors$RunnableAdapter.call(Executors.java:572)
	at java.base/java.util.concurrent.FutureTask.run(FutureTask.java:317)
	at org.testng.internal.thread.graph.TestNGFutureTask.run(TestNGFutureTask.java:22)
	at java.base/java.util.concurrent.ThreadPoolExecutor.runWorker(ThreadPoolExecutor.java:1144)
	at java.base/java.util.concurrent.ThreadPoolExecutor$Worker.run(ThreadPoolExecutor.java:642)
	at java.base/java.lang.Thread.run(Thread.java:1575)
</pre></div></td>
<td>1</td>
<td>testCases.Tree_TestCase@7f8a9499</td></tr>
<tr>
<td title='testCases.Register_TestCase.InvalidRegister()'><b>InvalidRegister</b><br>Test class: testCases.Register_TestCase<br>Parameters: ActionSquad, abc@1234, abc@1234, The user Is already Registered, existing<br/>
<a href="#Output-852456165" onClick='toggleBox("Output-852456165", this, "Show output", "Hide output");'>Show output</a>

<a href="#Output-852456165" onClick="toggleAllBoxes();">Show all outputs</a>
<div class='log' id="Output-852456165">
Screenshot saved at: C:\Users\12017\Desktop\MurugaKaapathu\AS_testNG\screenshots\InvalidRegister.png<br/>
</div>
</td>
<td><div><pre>java.lang.AssertionError: expected [password_mismatch:The two password fields didn’t match.] but found [The user Is already Registered]
	at testCases.Register_TestCase.InvalidRegister(Register_TestCase.java:44)
	at java.base/java.util.concurrent.Executors$RunnableAdapter.call(Executors.java:572)
	at java.base/java.util.concurrent.FutureTask.run(FutureTask.java:317)
	at java.base/java.util.concurrent.ThreadPoolExecutor.runWorker(ThreadPoolExecutor.java:1144)
	at java.base/java.util.concurrent.ThreadPoolExecutor$Worker.run(ThreadPoolExecutor.java:642)
	at java.base/java.lang.Thread.run(Thread.java:1575)
... Removed 17 stack frames</pre></div><a href='#' onClick='toggleBox("stack-trace852456165", this, "Click to show all stack frames", "Click to hide stack frames")'>Click to show all stack frames</a>
<div class='stack-trace' id='stack-trace852456165'><pre>java.lang.AssertionError: expected [password_mismatch:The two password fields didn’t match.] but found [The user Is already Registered]
	at org.testng.Assert.fail(Assert.java:111)
	at org.testng.Assert.failNotEquals(Assert.java:1578)
	at org.testng.Assert.assertEqualsImpl(Assert.java:150)
	at org.testng.Assert.assertEquals(Assert.java:132)
	at org.testng.Assert.assertEquals(Assert.java:656)
	at org.testng.Assert.assertEquals(Assert.java:666)
	at testCases.Register_TestCase.InvalidRegister(Register_TestCase.java:44)
	at java.base/jdk.internal.reflect.DirectMethodHandleAccessor.invoke(DirectMethodHandleAccessor.java:103)
	at java.base/java.lang.reflect.Method.invoke(Method.java:580)
	at org.testng.internal.invokers.MethodInvocationHelper.invokeMethod(MethodInvocationHelper.java:141)
	at org.testng.internal.invokers.TestInvoker.invokeMethod(TestInvoker.java:686)
	at org.testng.internal.invokers.TestInvoker.retryFailed(TestInvoker.java:269)
	at org.testng.internal.invokers.MethodRunner.runInSequence(MethodRunner.java:76)
	at org.testng.internal.invokers.TestInvoker$MethodInvocationAgent.invoke(TestInvoker.java:992)
	at org.testng.internal.invokers.TestInvoker.invokeTestMethods(TestInvoker.java:203)
	at org.testng.internal.invokers.TestMethodWorker.invokeTestMethods(TestMethodWorker.java:154)
	at org.testng.internal.invokers.TestMethodWorker.run(TestMethodWorker.java:134)
	at java.base/java.util.concurrent.Executors$RunnableAdapter.call(Executors.java:572)
	at java.base/java.util.concurrent.FutureTask.run(FutureTask.java:317)
	at org.testng.internal.thread.graph.TestNGFutureTask.run(TestNGFutureTask.java:22)
	at java.base/java.util.concurrent.ThreadPoolExecutor.runWorker(ThreadPoolExecutor.java:1144)
	at java.base/java.util.concurrent.ThreadPoolExecutor$Worker.run(ThreadPoolExecutor.java:642)
	at java.base/java.lang.Thread.run(Thread.java:1575)
</pre></div></td>
<td>1</td>
<td>testCases.Register_TestCase@4d518b32</td></tr>
<tr>
<td title='testCases.Tree_TestCase.EmptyTryeditorIBT()'><b>EmptyTryeditorIBT</b><br>Test class: testCases.Tree_TestCase<br/>
<a href="#Output-1880619929" onClick='toggleBox("Output-1880619929", this, "Show output", "Hide output");'>Show output</a>

<a href="#Output-1880619929" onClick="toggleAllBoxes();">Show all outputs</a>
<div class='log' id="Output-1880619929">
Screenshot saved at: C:\Users\12017\Desktop\MurugaKaapathu\AS_testNG\screenshots\EmptyTryeditorIBT.png<br/>
</div>
</td>
<td><div><pre>java.lang.AssertionError: Alert is not present
	at testCases.Tree_TestCase.EmptyTryeditorIBT(Tree_TestCase.java:844)
	at java.base/java.util.concurrent.Executors$RunnableAdapter.call(Executors.java:572)
	at java.base/java.util.concurrent.FutureTask.run(FutureTask.java:317)
	at java.base/java.util.concurrent.ThreadPoolExecutor.runWorker(ThreadPoolExecutor.java:1144)
	at java.base/java.util.concurrent.ThreadPoolExecutor$Worker.run(ThreadPoolExecutor.java:642)
	at java.base/java.lang.Thread.run(Thread.java:1575)
... Removed 12 stack frames</pre></div><a href='#' onClick='toggleBox("stack-trace1880619929", this, "Click to show all stack frames", "Click to hide stack frames")'>Click to show all stack frames</a>
<div class='stack-trace' id='stack-trace1880619929'><pre>java.lang.AssertionError: Alert is not present
	at org.testng.Assert.fail(Assert.java:111)
	at testCases.Tree_TestCase.EmptyTryeditorIBT(Tree_TestCase.java:844)
	at java.base/jdk.internal.reflect.DirectMethodHandleAccessor.invoke(DirectMethodHandleAccessor.java:103)
	at java.base/java.lang.reflect.Method.invoke(Method.java:580)
	at org.testng.internal.invokers.MethodInvocationHelper.invokeMethod(MethodInvocationHelper.java:141)
	at org.testng.internal.invokers.TestInvoker.invokeMethod(TestInvoker.java:686)
	at org.testng.internal.invokers.TestInvoker.retryFailed(TestInvoker.java:269)
	at org.testng.internal.invokers.MethodRunner.runInSequence(MethodRunner.java:76)
	at org.testng.internal.invokers.TestInvoker$MethodInvocationAgent.invoke(TestInvoker.java:992)
	at org.testng.internal.invokers.TestInvoker.invokeTestMethods(TestInvoker.java:203)
	at org.testng.internal.invokers.TestMethodWorker.invokeTestMethods(TestMethodWorker.java:154)
	at org.testng.internal.invokers.TestMethodWorker.run(TestMethodWorker.java:134)
	at java.base/java.util.concurrent.Executors$RunnableAdapter.call(Executors.java:572)
	at java.base/java.util.concurrent.FutureTask.run(FutureTask.java:317)
	at org.testng.internal.thread.graph.TestNGFutureTask.run(TestNGFutureTask.java:22)
	at java.base/java.util.concurrent.ThreadPoolExecutor.runWorker(ThreadPoolExecutor.java:1144)
	at java.base/java.util.concurrent.ThreadPoolExecutor$Worker.run(ThreadPoolExecutor.java:642)
	at java.base/java.lang.Thread.run(Thread.java:1575)
</pre></div></td>
<td>1</td>
<td>testCases.Tree_TestCase@7f8a9499</td></tr>
<tr>
<td title='testCases.Tree_TestCase.EmptyTryeditorTerminologies()'><b>EmptyTryeditorTerminologies</b><br>Test class: testCases.Tree_TestCase<br/>
<a href="#Output-1520761739" onClick='toggleBox("Output-1520761739", this, "Show output", "Hide output");'>Show output</a>

<a href="#Output-1520761739" onClick="toggleAllBoxes();">Show all outputs</a>
<div class='log' id="Output-1520761739">
Screenshot saved at: C:\Users\12017\Desktop\MurugaKaapathu\AS_testNG\screenshots\EmptyTryeditorTerminologies.png<br/>
</div>
</td>
<td><div><pre>java.lang.AssertionError: Alert is not present
	at testCases.Tree_TestCase.EmptyTryeditorTerminologies(Tree_TestCase.java:210)
	at java.base/java.util.concurrent.Executors$RunnableAdapter.call(Executors.java:572)
	at java.base/java.util.concurrent.FutureTask.run(FutureTask.java:317)
	at java.base/java.util.concurrent.ThreadPoolExecutor.runWorker(ThreadPoolExecutor.java:1144)
	at java.base/java.util.concurrent.ThreadPoolExecutor$Worker.run(ThreadPoolExecutor.java:642)
	at java.base/java.lang.Thread.run(Thread.java:1575)
... Removed 12 stack frames</pre></div><a href='#' onClick='toggleBox("stack-trace1520761739", this, "Click to show all stack frames", "Click to hide stack frames")'>Click to show all stack frames</a>
<div class='stack-trace' id='stack-trace1520761739'><pre>java.lang.AssertionError: Alert is not present
	at org.testng.Assert.fail(Assert.java:111)
	at testCases.Tree_TestCase.EmptyTryeditorTerminologies(Tree_TestCase.java:210)
	at java.base/jdk.internal.reflect.DirectMethodHandleAccessor.invoke(DirectMethodHandleAccessor.java:103)
	at java.base/java.lang.reflect.Method.invoke(Method.java:580)
	at org.testng.internal.invokers.MethodInvocationHelper.invokeMethod(MethodInvocationHelper.java:141)
	at org.testng.internal.invokers.TestInvoker.invokeMethod(TestInvoker.java:686)
	at org.testng.internal.invokers.TestInvoker.retryFailed(TestInvoker.java:269)
	at org.testng.internal.invokers.MethodRunner.runInSequence(MethodRunner.java:76)
	at org.testng.internal.invokers.TestInvoker$MethodInvocationAgent.invoke(TestInvoker.java:992)
	at org.testng.internal.invokers.TestInvoker.invokeTestMethods(TestInvoker.java:203)
	at org.testng.internal.invokers.TestMethodWorker.invokeTestMethods(TestMethodWorker.java:154)
	at org.testng.internal.invokers.TestMethodWorker.run(TestMethodWorker.java:134)
	at java.base/java.util.concurrent.Executors$RunnableAdapter.call(Executors.java:572)
	at java.base/java.util.concurrent.FutureTask.run(FutureTask.java:317)
	at org.testng.internal.thread.graph.TestNGFutureTask.run(TestNGFutureTask.java:22)
	at java.base/java.util.concurrent.ThreadPoolExecutor.runWorker(ThreadPoolExecutor.java:1144)
	at java.base/java.util.concurrent.ThreadPoolExecutor$Worker.run(ThreadPoolExecutor.java:642)
	at java.base/java.lang.Thread.run(Thread.java:1575)
</pre></div></td>
<td>0</td>
<td>testCases.Tree_TestCase@7f8a9499</td></tr>
<tr>
<td title='testCases.Tree_TestCase.EmptyTryeditorIBST()'><b>EmptyTryeditorIBST</b><br>Test class: testCases.Tree_TestCase<br/>
<a href="#Output-1947255552" onClick='toggleBox("Output-1947255552", this, "Show output", "Hide output");'>Show output</a>

<a href="#Output-1947255552" onClick="toggleAllBoxes();">Show all outputs</a>
<div class='log' id="Output-1947255552">
Screenshot saved at: C:\Users\12017\Desktop\MurugaKaapathu\AS_testNG\screenshots\EmptyTryeditorIBST.png<br/>
</div>
</td>
<td><div><pre>java.lang.AssertionError: Alert is not present
	at testCases.Tree_TestCase.EmptyTryeditorIBST(Tree_TestCase.java:1085)
	at java.base/java.util.concurrent.Executors$RunnableAdapter.call(Executors.java:572)
	at java.base/java.util.concurrent.FutureTask.run(FutureTask.java:317)
	at java.base/java.util.concurrent.ThreadPoolExecutor.runWorker(ThreadPoolExecutor.java:1144)
	at java.base/java.util.concurrent.ThreadPoolExecutor$Worker.run(ThreadPoolExecutor.java:642)
	at java.base/java.lang.Thread.run(Thread.java:1575)
... Removed 12 stack frames</pre></div><a href='#' onClick='toggleBox("stack-trace1947255552", this, "Click to show all stack frames", "Click to hide stack frames")'>Click to show all stack frames</a>
<div class='stack-trace' id='stack-trace1947255552'><pre>java.lang.AssertionError: Alert is not present
	at org.testng.Assert.fail(Assert.java:111)
	at testCases.Tree_TestCase.EmptyTryeditorIBST(Tree_TestCase.java:1085)
	at java.base/jdk.internal.reflect.DirectMethodHandleAccessor.invoke(DirectMethodHandleAccessor.java:103)
	at java.base/java.lang.reflect.Method.invoke(Method.java:580)
	at org.testng.internal.invokers.MethodInvocationHelper.invokeMethod(MethodInvocationHelper.java:141)
	at org.testng.internal.invokers.TestInvoker.invokeMethod(TestInvoker.java:686)
	at org.testng.internal.invokers.TestInvoker.retryFailed(TestInvoker.java:269)
	at org.testng.internal.invokers.MethodRunner.runInSequence(MethodRunner.java:76)
	at org.testng.internal.invokers.TestInvoker$MethodInvocationAgent.invoke(TestInvoker.java:992)
	at org.testng.internal.invokers.TestInvoker.invokeTestMethods(TestInvoker.java:203)
	at org.testng.internal.invokers.TestMethodWorker.invokeTestMethods(TestMethodWorker.java:154)
	at org.testng.internal.invokers.TestMethodWorker.run(TestMethodWorker.java:134)
	at java.base/java.util.concurrent.Executors$RunnableAdapter.call(Executors.java:572)
	at java.base/java.util.concurrent.FutureTask.run(FutureTask.java:317)
	at org.testng.internal.thread.graph.TestNGFutureTask.run(TestNGFutureTask.java:22)
	at java.base/java.util.concurrent.ThreadPoolExecutor.runWorker(ThreadPoolExecutor.java:1144)
	at java.base/java.util.concurrent.ThreadPoolExecutor$Worker.run(ThreadPoolExecutor.java:642)
	at java.base/java.lang.Thread.run(Thread.java:1575)
</pre></div></td>
<td>1</td>
<td>testCases.Tree_TestCase@7f8a9499</td></tr>
<tr>
<td title='testCases.Register_TestCase.InvalidRegister()'><b>InvalidRegister</b><br>Test class: testCases.Register_TestCase<br>Parameters: BiRi9@n!, abc@1234, abc@1234, Invalid Username , Invaliduser<br/>
<a href="#Output-139057562" onClick='toggleBox("Output-139057562", this, "Show output", "Hide output");'>Show output</a>

<a href="#Output-139057562" onClick="toggleAllBoxes();">Show all outputs</a>
<div class='log' id="Output-139057562">
Screenshot saved at: C:\Users\12017\Desktop\MurugaKaapathu\AS_testNG\screenshots\InvalidRegister.png<br/>
</div>
</td>
<td><div><pre>java.lang.AssertionError: expected [password_mismatch:The two password fields didn’t match.] but found [Invalid Username ]
	at testCases.Register_TestCase.InvalidRegister(Register_TestCase.java:40)
	at java.base/java.util.concurrent.Executors$RunnableAdapter.call(Executors.java:572)
	at java.base/java.util.concurrent.FutureTask.run(FutureTask.java:317)
	at java.base/java.util.concurrent.ThreadPoolExecutor.runWorker(ThreadPoolExecutor.java:1144)
	at java.base/java.util.concurrent.ThreadPoolExecutor$Worker.run(ThreadPoolExecutor.java:642)
	at java.base/java.lang.Thread.run(Thread.java:1575)
... Removed 17 stack frames</pre></div><a href='#' onClick='toggleBox("stack-trace139057562", this, "Click to show all stack frames", "Click to hide stack frames")'>Click to show all stack frames</a>
<div class='stack-trace' id='stack-trace139057562'><pre>java.lang.AssertionError: expected [password_mismatch:The two password fields didn’t match.] but found [Invalid Username ]
	at org.testng.Assert.fail(Assert.java:111)
	at org.testng.Assert.failNotEquals(Assert.java:1578)
	at org.testng.Assert.assertEqualsImpl(Assert.java:150)
	at org.testng.Assert.assertEquals(Assert.java:132)
	at org.testng.Assert.assertEquals(Assert.java:656)
	at org.testng.Assert.assertEquals(Assert.java:666)
	at testCases.Register_TestCase.InvalidRegister(Register_TestCase.java:40)
	at java.base/jdk.internal.reflect.DirectMethodHandleAccessor.invoke(DirectMethodHandleAccessor.java:103)
	at java.base/java.lang.reflect.Method.invoke(Method.java:580)
	at org.testng.internal.invokers.MethodInvocationHelper.invokeMethod(MethodInvocationHelper.java:141)
	at org.testng.internal.invokers.TestInvoker.invokeMethod(TestInvoker.java:686)
	at org.testng.internal.invokers.TestInvoker.retryFailed(TestInvoker.java:269)
	at org.testng.internal.invokers.MethodRunner.runInSequence(MethodRunner.java:76)
	at org.testng.internal.invokers.TestInvoker$MethodInvocationAgent.invoke(TestInvoker.java:992)
	at org.testng.internal.invokers.TestInvoker.invokeTestMethods(TestInvoker.java:203)
	at org.testng.internal.invokers.TestMethodWorker.invokeTestMethods(TestMethodWorker.java:154)
	at org.testng.internal.invokers.TestMethodWorker.run(TestMethodWorker.java:134)
	at java.base/java.util.concurrent.Executors$RunnableAdapter.call(Executors.java:572)
	at java.base/java.util.concurrent.FutureTask.run(FutureTask.java:317)
	at org.testng.internal.thread.graph.TestNGFutureTask.run(TestNGFutureTask.java:22)
	at java.base/java.util.concurrent.ThreadPoolExecutor.runWorker(ThreadPoolExecutor.java:1144)
	at java.base/java.util.concurrent.ThreadPoolExecutor$Worker.run(ThreadPoolExecutor.java:642)
	at java.base/java.lang.Thread.run(Thread.java:1575)
</pre></div></td>
<td>4</td>
<td>testCases.Register_TestCase@4d518b32</td></tr>
<tr>
<td title='testCases.Register_TestCase.InvalidRegister()'><b>InvalidRegister</b><br>Test class: testCases.Register_TestCase<br>Parameters: ActionSquad, invalid===, invalid===, Invalid Password, Invalidpass<br/>
<a href="#Output-814912260" onClick='toggleBox("Output-814912260", this, "Show output", "Hide output");'>Show output</a>

<a href="#Output-814912260" onClick="toggleAllBoxes();">Show all outputs</a>
<div class='log' id="Output-814912260">
Screenshot saved at: C:\Users\12017\Desktop\MurugaKaapathu\AS_testNG\screenshots\InvalidRegister.png<br/>
</div>
</td>
<td><div><pre>java.lang.AssertionError: expected [password_mismatch:The two password fields didn’t match.] but found [Invalid Password]
	at testCases.Register_TestCase.InvalidRegister(Register_TestCase.java:52)
	at java.base/java.util.concurrent.Executors$RunnableAdapter.call(Executors.java:572)
	at java.base/java.util.concurrent.FutureTask.run(FutureTask.java:317)
	at java.base/java.util.concurrent.ThreadPoolExecutor.runWorker(ThreadPoolExecutor.java:1144)
	at java.base/java.util.concurrent.ThreadPoolExecutor$Worker.run(ThreadPoolExecutor.java:642)
	at java.base/java.lang.Thread.run(Thread.java:1575)
... Removed 17 stack frames</pre></div><a href='#' onClick='toggleBox("stack-trace814912260", this, "Click to show all stack frames", "Click to hide stack frames")'>Click to show all stack frames</a>
<div class='stack-trace' id='stack-trace814912260'><pre>java.lang.AssertionError: expected [password_mismatch:The two password fields didn’t match.] but found [Invalid Password]
	at org.testng.Assert.fail(Assert.java:111)
	at org.testng.Assert.failNotEquals(Assert.java:1578)
	at org.testng.Assert.assertEqualsImpl(Assert.java:150)
	at org.testng.Assert.assertEquals(Assert.java:132)
	at org.testng.Assert.assertEquals(Assert.java:656)
	at org.testng.Assert.assertEquals(Assert.java:666)
	at testCases.Register_TestCase.InvalidRegister(Register_TestCase.java:52)
	at java.base/jdk.internal.reflect.DirectMethodHandleAccessor.invoke(DirectMethodHandleAccessor.java:103)
	at java.base/java.lang.reflect.Method.invoke(Method.java:580)
	at org.testng.internal.invokers.MethodInvocationHelper.invokeMethod(MethodInvocationHelper.java:141)
	at org.testng.internal.invokers.TestInvoker.invokeMethod(TestInvoker.java:686)
	at org.testng.internal.invokers.TestInvoker.retryFailed(TestInvoker.java:269)
	at org.testng.internal.invokers.MethodRunner.runInSequence(MethodRunner.java:76)
	at org.testng.internal.invokers.TestInvoker$MethodInvocationAgent.invoke(TestInvoker.java:992)
	at org.testng.internal.invokers.TestInvoker.invokeTestMethods(TestInvoker.java:203)
	at org.testng.internal.invokers.TestMethodWorker.invokeTestMethods(TestMethodWorker.java:154)
	at org.testng.internal.invokers.TestMethodWorker.run(TestMethodWorker.java:134)
	at java.base/java.util.concurrent.Executors$RunnableAdapter.call(Executors.java:572)
	at java.base/java.util.concurrent.FutureTask.run(FutureTask.java:317)
	at org.testng.internal.thread.graph.TestNGFutureTask.run(TestNGFutureTask.java:22)
	at java.base/java.util.concurrent.ThreadPoolExecutor.runWorker(ThreadPoolExecutor.java:1144)
	at java.base/java.util.concurrent.ThreadPoolExecutor$Worker.run(ThreadPoolExecutor.java:642)
	at java.base/java.lang.Thread.run(Thread.java:1575)
</pre></div></td>
<td>0</td>
<td>testCases.Register_TestCase@4d518b32</td></tr>
<tr>
<td title='testCases.Tree_TestCase.EmptyTryeditorTypesofBT()'><b>EmptyTryeditorTypesofBT</b><br>Test class: testCases.Tree_TestCase<br/>
<a href="#Output-1395924236" onClick='toggleBox("Output-1395924236", this, "Show output", "Hide output");'>Show output</a>

<a href="#Output-1395924236" onClick="toggleAllBoxes();">Show all outputs</a>
<div class='log' id="Output-1395924236">
Screenshot saved at: C:\Users\12017\Desktop\MurugaKaapathu\AS_testNG\screenshots\EmptyTryeditorTypesofBT.png<br/>
</div>
</td>
<td><div><pre>java.lang.AssertionError: Alert is not present
	at testCases.Tree_TestCase.EmptyTryeditorTypesofBT(Tree_TestCase.java:607)
	at java.base/java.util.concurrent.Executors$RunnableAdapter.call(Executors.java:572)
	at java.base/java.util.concurrent.FutureTask.run(FutureTask.java:317)
	at java.base/java.util.concurrent.ThreadPoolExecutor.runWorker(ThreadPoolExecutor.java:1144)
	at java.base/java.util.concurrent.ThreadPoolExecutor$Worker.run(ThreadPoolExecutor.java:642)
	at java.base/java.lang.Thread.run(Thread.java:1575)
... Removed 12 stack frames</pre></div><a href='#' onClick='toggleBox("stack-trace1395924236", this, "Click to show all stack frames", "Click to hide stack frames")'>Click to show all stack frames</a>
<div class='stack-trace' id='stack-trace1395924236'><pre>java.lang.AssertionError: Alert is not present
	at org.testng.Assert.fail(Assert.java:111)
	at testCases.Tree_TestCase.EmptyTryeditorTypesofBT(Tree_TestCase.java:607)
	at java.base/jdk.internal.reflect.DirectMethodHandleAccessor.invoke(DirectMethodHandleAccessor.java:103)
	at java.base/java.lang.reflect.Method.invoke(Method.java:580)
	at org.testng.internal.invokers.MethodInvocationHelper.invokeMethod(MethodInvocationHelper.java:141)
	at org.testng.internal.invokers.TestInvoker.invokeMethod(TestInvoker.java:686)
	at org.testng.internal.invokers.TestInvoker.retryFailed(TestInvoker.java:269)
	at org.testng.internal.invokers.MethodRunner.runInSequence(MethodRunner.java:76)
	at org.testng.internal.invokers.TestInvoker$MethodInvocationAgent.invoke(TestInvoker.java:992)
	at org.testng.internal.invokers.TestInvoker.invokeTestMethods(TestInvoker.java:203)
	at org.testng.internal.invokers.TestMethodWorker.invokeTestMethods(TestMethodWorker.java:154)
	at org.testng.internal.invokers.TestMethodWorker.run(TestMethodWorker.java:134)
	at java.base/java.util.concurrent.Executors$RunnableAdapter.call(Executors.java:572)
	at java.base/java.util.concurrent.FutureTask.run(FutureTask.java:317)
	at org.testng.internal.thread.graph.TestNGFutureTask.run(TestNGFutureTask.java:22)
	at java.base/java.util.concurrent.ThreadPoolExecutor.runWorker(ThreadPoolExecutor.java:1144)
	at java.base/java.util.concurrent.ThreadPoolExecutor$Worker.run(ThreadPoolExecutor.java:642)
	at java.base/java.lang.Thread.run(Thread.java:1575)
</pre></div></td>
<td>0</td>
<td>testCases.Tree_TestCase@7f8a9499</td></tr>
<tr>
<td title='testCases.Tree_TestCase.EmptyTryeditorTypesofTrees()'><b>EmptyTryeditorTypesofTrees</b><br>Test class: testCases.Tree_TestCase<br/>
<a href="#Output-1957135999" onClick='toggleBox("Output-1957135999", this, "Show output", "Hide output");'>Show output</a>

<a href="#Output-1957135999" onClick="toggleAllBoxes();">Show all outputs</a>
<div class='log' id="Output-1957135999">
Screenshot saved at: C:\Users\12017\Desktop\MurugaKaapathu\AS_testNG\screenshots\EmptyTryeditorTypesofTrees.png<br/>
</div>
</td>
<td><div><pre>java.lang.AssertionError: Alert is not present
	at testCases.Tree_TestCase.EmptyTryeditorTypesofTrees(Tree_TestCase.java:289)
	at java.base/java.util.concurrent.Executors$RunnableAdapter.call(Executors.java:572)
	at java.base/java.util.concurrent.FutureTask.run(FutureTask.java:317)
	at java.base/java.util.concurrent.ThreadPoolExecutor.runWorker(ThreadPoolExecutor.java:1144)
	at java.base/java.util.concurrent.ThreadPoolExecutor$Worker.run(ThreadPoolExecutor.java:642)
	at java.base/java.lang.Thread.run(Thread.java:1575)
... Removed 12 stack frames</pre></div><a href='#' onClick='toggleBox("stack-trace1957135999", this, "Click to show all stack frames", "Click to hide stack frames")'>Click to show all stack frames</a>
<div class='stack-trace' id='stack-trace1957135999'><pre>java.lang.AssertionError: Alert is not present
	at org.testng.Assert.fail(Assert.java:111)
	at testCases.Tree_TestCase.EmptyTryeditorTypesofTrees(Tree_TestCase.java:289)
	at java.base/jdk.internal.reflect.DirectMethodHandleAccessor.invoke(DirectMethodHandleAccessor.java:103)
	at java.base/java.lang.reflect.Method.invoke(Method.java:580)
	at org.testng.internal.invokers.MethodInvocationHelper.invokeMethod(MethodInvocationHelper.java:141)
	at org.testng.internal.invokers.TestInvoker.invokeMethod(TestInvoker.java:686)
	at org.testng.internal.invokers.TestInvoker.retryFailed(TestInvoker.java:269)
	at org.testng.internal.invokers.MethodRunner.runInSequence(MethodRunner.java:76)
	at org.testng.internal.invokers.TestInvoker$MethodInvocationAgent.invoke(TestInvoker.java:992)
	at org.testng.internal.invokers.TestInvoker.invokeTestMethods(TestInvoker.java:203)
	at org.testng.internal.invokers.TestMethodWorker.invokeTestMethods(TestMethodWorker.java:154)
	at org.testng.internal.invokers.TestMethodWorker.run(TestMethodWorker.java:134)
	at java.base/java.util.concurrent.Executors$RunnableAdapter.call(Executors.java:572)
	at java.base/java.util.concurrent.FutureTask.run(FutureTask.java:317)
	at org.testng.internal.thread.graph.TestNGFutureTask.run(TestNGFutureTask.java:22)
	at java.base/java.util.concurrent.ThreadPoolExecutor.runWorker(ThreadPoolExecutor.java:1144)
	at java.base/java.util.concurrent.ThreadPoolExecutor$Worker.run(ThreadPoolExecutor.java:642)
	at java.base/java.lang.Thread.run(Thread.java:1575)
</pre></div></td>
<td>0</td>
<td>testCases.Tree_TestCase@7f8a9499</td></tr>
<tr>
<td title='testCases.Tree_TestCase.EmptyTryeditorBST()'><b>EmptyTryeditorBST</b><br>Test class: testCases.Tree_TestCase<br/>
<a href="#Output-1729904519" onClick='toggleBox("Output-1729904519", this, "Show output", "Hide output");'>Show output</a>

<a href="#Output-1729904519" onClick="toggleAllBoxes();">Show all outputs</a>
<div class='log' id="Output-1729904519">
Screenshot saved at: C:\Users\12017\Desktop\MurugaKaapathu\AS_testNG\screenshots\EmptyTryeditorBST.png<br/>
</div>
</td>
<td><div><pre>java.lang.AssertionError: Alert is not present
	at testCases.Tree_TestCase.EmptyTryeditorBST(Tree_TestCase.java:1004)
	at java.base/java.util.concurrent.Executors$RunnableAdapter.call(Executors.java:572)
	at java.base/java.util.concurrent.FutureTask.run(FutureTask.java:317)
	at java.base/java.util.concurrent.ThreadPoolExecutor.runWorker(ThreadPoolExecutor.java:1144)
	at java.base/java.util.concurrent.ThreadPoolExecutor$Worker.run(ThreadPoolExecutor.java:642)
	at java.base/java.lang.Thread.run(Thread.java:1575)
... Removed 12 stack frames</pre></div><a href='#' onClick='toggleBox("stack-trace1729904519", this, "Click to show all stack frames", "Click to hide stack frames")'>Click to show all stack frames</a>
<div class='stack-trace' id='stack-trace1729904519'><pre>java.lang.AssertionError: Alert is not present
	at org.testng.Assert.fail(Assert.java:111)
	at testCases.Tree_TestCase.EmptyTryeditorBST(Tree_TestCase.java:1004)
	at java.base/jdk.internal.reflect.DirectMethodHandleAccessor.invoke(DirectMethodHandleAccessor.java:103)
	at java.base/java.lang.reflect.Method.invoke(Method.java:580)
	at org.testng.internal.invokers.MethodInvocationHelper.invokeMethod(MethodInvocationHelper.java:141)
	at org.testng.internal.invokers.TestInvoker.invokeMethod(TestInvoker.java:686)
	at org.testng.internal.invokers.TestInvoker.retryFailed(TestInvoker.java:269)
	at org.testng.internal.invokers.MethodRunner.runInSequence(MethodRunner.java:76)
	at org.testng.internal.invokers.TestInvoker$MethodInvocationAgent.invoke(TestInvoker.java:992)
	at org.testng.internal.invokers.TestInvoker.invokeTestMethods(TestInvoker.java:203)
	at org.testng.internal.invokers.TestMethodWorker.invokeTestMethods(TestMethodWorker.java:154)
	at org.testng.internal.invokers.TestMethodWorker.run(TestMethodWorker.java:134)
	at java.base/java.util.concurrent.Executors$RunnableAdapter.call(Executors.java:572)
	at java.base/java.util.concurrent.FutureTask.run(FutureTask.java:317)
	at org.testng.internal.thread.graph.TestNGFutureTask.run(TestNGFutureTask.java:22)
	at java.base/java.util.concurrent.ThreadPoolExecutor.runWorker(ThreadPoolExecutor.java:1144)
	at java.base/java.util.concurrent.ThreadPoolExecutor$Worker.run(ThreadPoolExecutor.java:642)
	at java.base/java.lang.Thread.run(Thread.java:1575)
</pre></div></td>
<td>1</td>
<td>testCases.Tree_TestCase@7f8a9499</td></tr>
<tr>
<td title='testCases.Tree_TestCase.EmptyTryeditorBinTreeTrav()'><b>EmptyTryeditorBinTreeTrav</b><br>Test class: testCases.Tree_TestCase<br/>
<a href="#Output-230819865" onClick='toggleBox("Output-230819865", this, "Show output", "Hide output");'>Show output</a>

<a href="#Output-230819865" onClick="toggleAllBoxes();">Show all outputs</a>
<div class='log' id="Output-230819865">
Screenshot saved at: C:\Users\12017\Desktop\MurugaKaapathu\AS_testNG\screenshots\EmptyTryeditorBinTreeTrav.png<br/>
</div>
</td>
<td><div><pre>java.lang.AssertionError: Alert is not present
	at testCases.Tree_TestCase.EmptyTryeditorBinTreeTrav(Tree_TestCase.java:766)
	at java.base/java.util.concurrent.Executors$RunnableAdapter.call(Executors.java:572)
	at java.base/java.util.concurrent.FutureTask.run(FutureTask.java:317)
	at java.base/java.util.concurrent.ThreadPoolExecutor.runWorker(ThreadPoolExecutor.java:1144)
	at java.base/java.util.concurrent.ThreadPoolExecutor$Worker.run(ThreadPoolExecutor.java:642)
	at java.base/java.lang.Thread.run(Thread.java:1575)
... Removed 12 stack frames</pre></div><a href='#' onClick='toggleBox("stack-trace230819865", this, "Click to show all stack frames", "Click to hide stack frames")'>Click to show all stack frames</a>
<div class='stack-trace' id='stack-trace230819865'><pre>java.lang.AssertionError: Alert is not present
	at org.testng.Assert.fail(Assert.java:111)
	at testCases.Tree_TestCase.EmptyTryeditorBinTreeTrav(Tree_TestCase.java:766)
	at java.base/jdk.internal.reflect.DirectMethodHandleAccessor.invoke(DirectMethodHandleAccessor.java:103)
	at java.base/java.lang.reflect.Method.invoke(Method.java:580)
	at org.testng.internal.invokers.MethodInvocationHelper.invokeMethod(MethodInvocationHelper.java:141)
	at org.testng.internal.invokers.TestInvoker.invokeMethod(TestInvoker.java:686)
	at org.testng.internal.invokers.TestInvoker.retryFailed(TestInvoker.java:269)
	at org.testng.internal.invokers.MethodRunner.runInSequence(MethodRunner.java:76)
	at org.testng.internal.invokers.TestInvoker$MethodInvocationAgent.invoke(TestInvoker.java:992)
	at org.testng.internal.invokers.TestInvoker.invokeTestMethods(TestInvoker.java:203)
	at org.testng.internal.invokers.TestMethodWorker.invokeTestMethods(TestMethodWorker.java:154)
	at org.testng.internal.invokers.TestMethodWorker.run(TestMethodWorker.java:134)
	at java.base/java.util.concurrent.Executors$RunnableAdapter.call(Executors.java:572)
	at java.base/java.util.concurrent.FutureTask.run(FutureTask.java:317)
	at org.testng.internal.thread.graph.TestNGFutureTask.run(TestNGFutureTask.java:22)
	at java.base/java.util.concurrent.ThreadPoolExecutor.runWorker(ThreadPoolExecutor.java:1144)
	at java.base/java.util.concurrent.ThreadPoolExecutor$Worker.run(ThreadPoolExecutor.java:642)
	at java.base/java.lang.Thread.run(Thread.java:1575)
</pre></div></td>
<td>1</td>
<td>testCases.Tree_TestCase@7f8a9499</td></tr>
<tr>
<td title='testCases.Tree_TestCase.EmptyTryeditorABT()'><b>EmptyTryeditorABT</b><br>Test class: testCases.Tree_TestCase<br/>
<a href="#Output-926973340" onClick='toggleBox("Output-926973340", this, "Show output", "Hide output");'>Show output</a>

<a href="#Output-926973340" onClick="toggleAllBoxes();">Show all outputs</a>
<div class='log' id="Output-926973340">
Screenshot saved at: C:\Users\12017\Desktop\MurugaKaapathu\AS_testNG\screenshots\EmptyTryeditorABT.png<br/>
</div>
</td>
<td><div><pre>java.lang.AssertionError: Alert is not present
	at testCases.Tree_TestCase.EmptyTryeditorABT(Tree_TestCase.java:922)
	at java.base/java.util.concurrent.Executors$RunnableAdapter.call(Executors.java:572)
	at java.base/java.util.concurrent.FutureTask.run(FutureTask.java:317)
	at java.base/java.util.concurrent.ThreadPoolExecutor.runWorker(ThreadPoolExecutor.java:1144)
	at java.base/java.util.concurrent.ThreadPoolExecutor$Worker.run(ThreadPoolExecutor.java:642)
	at java.base/java.lang.Thread.run(Thread.java:1575)
... Removed 12 stack frames</pre></div><a href='#' onClick='toggleBox("stack-trace926973340", this, "Click to show all stack frames", "Click to hide stack frames")'>Click to show all stack frames</a>
<div class='stack-trace' id='stack-trace926973340'><pre>java.lang.AssertionError: Alert is not present
	at org.testng.Assert.fail(Assert.java:111)
	at testCases.Tree_TestCase.EmptyTryeditorABT(Tree_TestCase.java:922)
	at java.base/jdk.internal.reflect.DirectMethodHandleAccessor.invoke(DirectMethodHandleAccessor.java:103)
	at java.base/java.lang.reflect.Method.invoke(Method.java:580)
	at org.testng.internal.invokers.MethodInvocationHelper.invokeMethod(MethodInvocationHelper.java:141)
	at org.testng.internal.invokers.TestInvoker.invokeMethod(TestInvoker.java:686)
	at org.testng.internal.invokers.TestInvoker.retryFailed(TestInvoker.java:269)
	at org.testng.internal.invokers.MethodRunner.runInSequence(MethodRunner.java:76)
	at org.testng.internal.invokers.TestInvoker$MethodInvocationAgent.invoke(TestInvoker.java:992)
	at org.testng.internal.invokers.TestInvoker.invokeTestMethods(TestInvoker.java:203)
	at org.testng.internal.invokers.TestMethodWorker.invokeTestMethods(TestMethodWorker.java:154)
	at org.testng.internal.invokers.TestMethodWorker.run(TestMethodWorker.java:134)
	at java.base/java.util.concurrent.Executors$RunnableAdapter.call(Executors.java:572)
	at java.base/java.util.concurrent.FutureTask.run(FutureTask.java:317)
	at org.testng.internal.thread.graph.TestNGFutureTask.run(TestNGFutureTask.java:22)
	at java.base/java.util.concurrent.ThreadPoolExecutor.runWorker(ThreadPoolExecutor.java:1144)
	at java.base/java.util.concurrent.ThreadPoolExecutor$Worker.run(ThreadPoolExecutor.java:642)
	at java.base/java.lang.Thread.run(Thread.java:1575)
</pre></div></td>
<td>2</td>
<td>testCases.Tree_TestCase@7f8a9499</td></tr>
<tr>
<td title='testCases.Tree_TestCase.EmptyTryeditorTravelsIllus()'><b>EmptyTryeditorTravelsIllus</b><br>Test class: testCases.Tree_TestCase<br/>
<a href="#Output-1512220607" onClick='toggleBox("Output-1512220607", this, "Show output", "Hide output");'>Show output</a>

<a href="#Output-1512220607" onClick="toggleAllBoxes();">Show all outputs</a>
<div class='log' id="Output-1512220607">
Screenshot saved at: C:\Users\12017\Desktop\MurugaKaapathu\AS_testNG\screenshots\EmptyTryeditorTravelsIllus.png<br/>
</div>
</td>
<td><div><pre>java.lang.AssertionError: Alert is not present
	at testCases.Tree_TestCase.EmptyTryeditorTravelsIllus(Tree_TestCase.java:451)
	at java.base/java.util.concurrent.Executors$RunnableAdapter.call(Executors.java:572)
	at java.base/java.util.concurrent.FutureTask.run(FutureTask.java:317)
	at java.base/java.util.concurrent.ThreadPoolExecutor.runWorker(ThreadPoolExecutor.java:1144)
	at java.base/java.util.concurrent.ThreadPoolExecutor$Worker.run(ThreadPoolExecutor.java:642)
	at java.base/java.lang.Thread.run(Thread.java:1575)
... Removed 12 stack frames</pre></div><a href='#' onClick='toggleBox("stack-trace1512220607", this, "Click to show all stack frames", "Click to hide stack frames")'>Click to show all stack frames</a>
<div class='stack-trace' id='stack-trace1512220607'><pre>java.lang.AssertionError: Alert is not present
	at org.testng.Assert.fail(Assert.java:111)
	at testCases.Tree_TestCase.EmptyTryeditorTravelsIllus(Tree_TestCase.java:451)
	at java.base/jdk.internal.reflect.DirectMethodHandleAccessor.invoke(DirectMethodHandleAccessor.java:103)
	at java.base/java.lang.reflect.Method.invoke(Method.java:580)
	at org.testng.internal.invokers.MethodInvocationHelper.invokeMethod(MethodInvocationHelper.java:141)
	at org.testng.internal.invokers.TestInvoker.invokeMethod(TestInvoker.java:686)
	at org.testng.internal.invokers.TestInvoker.retryFailed(TestInvoker.java:269)
	at org.testng.internal.invokers.MethodRunner.runInSequence(MethodRunner.java:76)
	at org.testng.internal.invokers.TestInvoker$MethodInvocationAgent.invoke(TestInvoker.java:992)
	at org.testng.internal.invokers.TestInvoker.invokeTestMethods(TestInvoker.java:203)
	at org.testng.internal.invokers.TestMethodWorker.invokeTestMethods(TestMethodWorker.java:154)
	at org.testng.internal.invokers.TestMethodWorker.run(TestMethodWorker.java:134)
	at java.base/java.util.concurrent.Executors$RunnableAdapter.call(Executors.java:572)
	at java.base/java.util.concurrent.FutureTask.run(FutureTask.java:317)
	at org.testng.internal.thread.graph.TestNGFutureTask.run(TestNGFutureTask.java:22)
	at java.base/java.util.concurrent.ThreadPoolExecutor.runWorker(ThreadPoolExecutor.java:1144)
	at java.base/java.util.concurrent.ThreadPoolExecutor$Worker.run(ThreadPoolExecutor.java:642)
	at java.base/java.lang.Thread.run(Thread.java:1575)
</pre></div></td>
<td>1</td>
<td>testCases.Tree_TestCase@7f8a9499</td></tr>
<tr>
<td title='testCases.Tree_TestCase.EmptyTryeditorImpinBT()'><b>EmptyTryeditorImpinBT</b><br>Test class: testCases.Tree_TestCase<br/>
<a href="#Output-1816987986" onClick='toggleBox("Output-1816987986", this, "Show output", "Hide output");'>Show output</a>

<a href="#Output-1816987986" onClick="toggleAllBoxes();">Show all outputs</a>
<div class='log' id="Output-1816987986">
Screenshot saved at: C:\Users\12017\Desktop\MurugaKaapathu\AS_testNG\screenshots\EmptyTryeditorImpinBT.png<br/>
</div>
</td>
<td><div><pre>java.lang.AssertionError: Alert is not present
	at testCases.Tree_TestCase.EmptyTryeditorImpinBT(Tree_TestCase.java:687)
	at java.base/java.util.concurrent.Executors$RunnableAdapter.call(Executors.java:572)
	at java.base/java.util.concurrent.FutureTask.run(FutureTask.java:317)
	at java.base/java.util.concurrent.ThreadPoolExecutor.runWorker(ThreadPoolExecutor.java:1144)
	at java.base/java.util.concurrent.ThreadPoolExecutor$Worker.run(ThreadPoolExecutor.java:642)
	at java.base/java.lang.Thread.run(Thread.java:1575)
... Removed 12 stack frames</pre></div><a href='#' onClick='toggleBox("stack-trace1816987986", this, "Click to show all stack frames", "Click to hide stack frames")'>Click to show all stack frames</a>
<div class='stack-trace' id='stack-trace1816987986'><pre>java.lang.AssertionError: Alert is not present
	at org.testng.Assert.fail(Assert.java:111)
	at testCases.Tree_TestCase.EmptyTryeditorImpinBT(Tree_TestCase.java:687)
	at java.base/jdk.internal.reflect.DirectMethodHandleAccessor.invoke(DirectMethodHandleAccessor.java:103)
	at java.base/java.lang.reflect.Method.invoke(Method.java:580)
	at org.testng.internal.invokers.MethodInvocationHelper.invokeMethod(MethodInvocationHelper.java:141)
	at org.testng.internal.invokers.TestInvoker.invokeMethod(TestInvoker.java:686)
	at org.testng.internal.invokers.TestInvoker.retryFailed(TestInvoker.java:269)
	at org.testng.internal.invokers.MethodRunner.runInSequence(MethodRunner.java:76)
	at org.testng.internal.invokers.TestInvoker$MethodInvocationAgent.invoke(TestInvoker.java:992)
	at org.testng.internal.invokers.TestInvoker.invokeTestMethods(TestInvoker.java:203)
	at org.testng.internal.invokers.TestMethodWorker.invokeTestMethods(TestMethodWorker.java:154)
	at org.testng.internal.invokers.TestMethodWorker.run(TestMethodWorker.java:134)
	at java.base/java.util.concurrent.Executors$RunnableAdapter.call(Executors.java:572)
	at java.base/java.util.concurrent.FutureTask.run(FutureTask.java:317)
	at org.testng.internal.thread.graph.TestNGFutureTask.run(TestNGFutureTask.java:22)
	at java.base/java.util.concurrent.ThreadPoolExecutor.runWorker(ThreadPoolExecutor.java:1144)
	at java.base/java.util.concurrent.ThreadPoolExecutor$Worker.run(ThreadPoolExecutor.java:642)
	at java.base/java.lang.Thread.run(Thread.java:1575)
</pre></div></td>
<td>1</td>
<td>testCases.Tree_TestCase@7f8a9499</td></tr>
</table><p>
<table width='100%' border='1' class='invocation-passed'>
<tr><td colspan='4' align='center'><b>PASSED TESTS</b></td></tr>
<tr><td><b>Test method</b></td>
<td><b>Attribute(s)</b></td>
<td width="30%"><b>Exception</b></td>
<td width="10%"><b>Time (seconds)</b></td>
<td><b>Instance</b></td>
</tr>
<tr>
<td title='testCases.Queue_TestCase.QueueOprValidTryHereFunc()'><b>QueueOprValidTryHereFunc</b><br>Test class: testCases.Queue_TestCase</td>
<td></td>
<td>1</td>
<td>testCases.Queue_TestCase@2b72cb8a</td></tr>
<tr>
<td title='testCases.Tree_TestCase.IBST()'><b>IBST</b><br>Test class: testCases.Tree_TestCase</td>
<td></td>
<td>0</td>
<td>testCases.Tree_TestCase@7f8a9499</td></tr>
<tr>
<td title='testCases.Tree_TestCase.InvalidTryHereFunctionalityBST()'><b>InvalidTryHereFunctionalityBST</b><br>Test class: testCases.Tree_TestCase<br>Parameters: edgr7&rk, NameError: name 'edgr7' is not defined on line 1, name</td>
<td></td>
<td>0</td>
<td>testCases.Tree_TestCase@7f8a9499</td></tr>
<tr>
<td title='testCases.Tree_TestCase.LogOut()'><b>LogOut</b><br>Test class: testCases.Tree_TestCase</td>
<td></td>
<td>0</td>
<td>testCases.Tree_TestCase@7f8a9499</td></tr>
<tr>
<td title='testCases.Tree_TestCase.InvalidTryHereFunctionalityBST()'><b>InvalidTryHereFunctionalityBST</b><br>Test class: testCases.Tree_TestCase<br>Parameters: print("Hello, SyntaxError: bad input on line 1, syntax</td>
<td></td>
<td>1</td>
<td>testCases.Tree_TestCase@7f8a9499</td></tr>
<tr>
<td title='testCases.Queue_TestCase.Impqueue2PrctQues()'><b>Impqueue2PrctQues</b><br>Test class: testCases.Queue_TestCase</td>
<td></td>
<td>1</td>
<td>testCases.Queue_TestCase@2b72cb8a</td></tr>
<tr>
<td title='testCases.Queue_TestCase.QueueOprInValidTryHereFunc()'><b>QueueOprInValidTryHereFunc</b><br>Test class: testCases.Queue_TestCase<br>Parameters: print("Hello, SyntaxError: bad input on line 1, syntax</td>
<td></td>
<td>1</td>
<td>testCases.Queue_TestCase@2b72cb8a</td></tr>
<tr>
<td title='testCases.HomeGetstd_TestCase.HomeGetstd()'><b>HomeGetstd</b><br>Test class: testCases.HomeGetstd_TestCase<br>Parameters: data-structures-introduction, Data Structures-Introduction</td>
<td></td>
<td>1</td>
<td>testCases.HomeGetstd_TestCase@479cbee5</td></tr>
<tr>
<td title='testCases.LinkedList_TestCase.LL2CreateLL()'><b>LL2CreateLL</b><br>Test class: testCases.LinkedList_TestCase</td>
<td></td>
<td>1</td>
<td>testCases.LinkedList_TestCase@59e2d8e3</td></tr>
<tr>
<td title='testCases.Queue_TestCase.ImpCollValidTryHereFunc()'><b>ImpCollValidTryHereFunc</b><br>Test class: testCases.Queue_TestCase</td>
<td></td>
<td>2</td>
<td>testCases.Queue_TestCase@2b72cb8a</td></tr>
<tr>
<td title='testCases.Tree_TestCase.NavtoTryherepgImpinBT()'><b>NavtoTryherepgImpinBT</b><br>Test class: testCases.Tree_TestCase</td>
<td></td>
<td>0</td>
<td>testCases.Tree_TestCase@7f8a9499</td></tr>
<tr>
<td title='testCases.Tree_TestCase.NavtoTryherepgTermimology()'><b>NavtoTryherepgTermimology</b><br>Test class: testCases.Tree_TestCase</td>
<td></td>
<td>0</td>
<td>testCases.Tree_TestCase@7f8a9499</td></tr>
<tr>
<td title='testCases.Queue_TestCase.queueOpr2tryeditor()'><b>queueOpr2tryeditor</b><br>Test class: testCases.Queue_TestCase</td>
<td></td>
<td>0</td>
<td>testCases.Queue_TestCase@2b72cb8a</td></tr>
<tr>
<td title='testCases.Tree_TestCase.ValidTryHereFunctionalityBT()'><b>ValidTryHereFunctionalityBT</b><br>Test class: testCases.Tree_TestCase</td>
<td></td>
<td>1</td>
<td>testCases.Tree_TestCase@7f8a9499</td></tr>
<tr>
<td title='testCases.LinkedList_TestCase.TypesLL2TryEditor()'><b>TypesLL2TryEditor</b><br>Test class: testCases.LinkedList_TestCase</td>
<td></td>
<td>0</td>
<td>testCases.LinkedList_TestCase@59e2d8e3</td></tr>
<tr>
<td title='testCases.Tree_TestCase.NavtoTryherepgIBST()'><b>NavtoTryherepgIBST</b><br>Test class: testCases.Tree_TestCase</td>
<td></td>
<td>0</td>
<td>testCases.Tree_TestCase@7f8a9499</td></tr>
<tr>
<td title='testCases.Tree_TestCase.ValidTryHereFunctionalityTreeTraversals()'><b>ValidTryHereFunctionalityTreeTraversals</b><br>Test class: testCases.Tree_TestCase</td>
<td></td>
<td>1</td>
<td>testCases.Tree_TestCase@7f8a9499</td></tr>
<tr>
<td title='testCases.Register_TestCase.InvalidRegister()'><b>InvalidRegister</b><br>Test class: testCases.Register_TestCase<br>Parameters: , , , Please fill out this field., emptyuser</td>
<td></td>
<td>2</td>
<td>testCases.Register_TestCase@4d518b32</td></tr>
<tr>
<td title='testCases.Tree_TestCase.IBT()'><b>IBT</b><br>Test class: testCases.Tree_TestCase</td>
<td></td>
<td>0</td>
<td>testCases.Tree_TestCase@7f8a9499</td></tr>
<tr>
<td title='testCases.Tree_TestCase.ValidTryHereFunctionalityOverview()'><b>ValidTryHereFunctionalityOverview</b><br>Test class: testCases.Tree_TestCase</td>
<td></td>
<td>1</td>
<td>testCases.Tree_TestCase@7f8a9499</td></tr>
<tr>
<td title='testCases.Queue_TestCase.QueueOprInValidTryHereFunc()'><b>QueueOprInValidTryHereFunc</b><br>Test class: testCases.Queue_TestCase<br>Parameters: edgr7&rk, NameError: name 'edgr7' is not defined on line 1, name</td>
<td></td>
<td>1</td>
<td>testCases.Queue_TestCase@2b72cb8a</td></tr>
<tr>
<td title='testCases.Tree_TestCase.InvalidTryHereFunctionalityTypesofBT()'><b>InvalidTryHereFunctionalityTypesofBT</b><br>Test class: testCases.Tree_TestCase<br>Parameters: print("Hello, SyntaxError: bad input on line 1, syntax</td>
<td></td>
<td>0</td>
<td>testCases.Tree_TestCase@7f8a9499</td></tr>
<tr>
<td title='testCases.LinkedList_TestCase.DeletionValidTryHereFunc()'><b>DeletionValidTryHereFunc</b><br>Test class: testCases.LinkedList_TestCase</td>
<td></td>
<td>2</td>
<td>testCases.LinkedList_TestCase@59e2d8e3</td></tr>
<tr>
<td title='testCases.LinkedList_TestCase.InsertionValidTryHereFunc()'><b>InsertionValidTryHereFunc</b><br>Test class: testCases.LinkedList_TestCase</td>
<td></td>
<td>3</td>
<td>testCases.LinkedList_TestCase@59e2d8e3</td></tr>
<tr>
<td title='testCases.Tree_TestCase.InvalidTryHereFunctionalityABT()'><b>InvalidTryHereFunctionalityABT</b><br>Test class: testCases.Tree_TestCase<br>Parameters: edgr7&rk, NameError: name 'edgr7' is not defined on line 1, name</td>
<td></td>
<td>0</td>
<td>testCases.Tree_TestCase@7f8a9499</td></tr>
<tr>
<td title='testCases.Register_TestCase.InvalidRegister()'><b>InvalidRegister</b><br>Test class: testCases.Register_TestCase<br>Parameters: ActionSquad, abc@1234, e123456, password_mismatch:The two password fields didn’t match., mismatch</td>
<td></td>
<td>0</td>
<td>testCases.Register_TestCase@4d518b32</td></tr>
<tr>
<td title='testCases.Tree_TestCase.InvalidTryHereFunctionalityIBST()'><b>InvalidTryHereFunctionalityIBST</b><br>Test class: testCases.Tree_TestCase<br>Parameters: print("Hello, SyntaxError: bad input on line 1, syntax</td>
<td></td>
<td>0</td>
<td>testCases.Tree_TestCase@7f8a9499</td></tr>
<tr>
<td title='testCases.Tree_TestCase.InvalidTryHereFunctionalityBT()'><b>InvalidTryHereFunctionalityBT</b><br>Test class: testCases.Tree_TestCase<br>Parameters: print("Hello, SyntaxError: bad input on line 1, syntax</td>
<td></td>
<td>1</td>
<td>testCases.Tree_TestCase@7f8a9499</td></tr>
<tr>
<td title='testCases.Tree_TestCase.InvalidTryHereFunctionalityBinTreeTrav()'><b>InvalidTryHereFunctionalityBinTreeTrav</b><br>Test class: testCases.Tree_TestCase<br>Parameters: edgr7&rk, NameError: name 'edgr7' is not defined on line 1, name</td>
<td></td>
<td>0</td>
<td>testCases.Tree_TestCase@7f8a9499</td></tr>
<tr>
<td title='testCases.Tree_TestCase.NavtoTryherepg()'><b>NavtoTryherepg</b><br>Test class: testCases.Tree_TestCase</td>
<td></td>
<td>0</td>
<td>testCases.Tree_TestCase@7f8a9499</td></tr>
<tr>
<td title='testCases.Tree_TestCase.InvalidTryHereFunctionalityABT()'><b>InvalidTryHereFunctionalityABT</b><br>Test class: testCases.Tree_TestCase<br>Parameters: print("Hello, SyntaxError: bad input on line 1, syntax</td>
<td></td>
<td>0</td>
<td>testCases.Tree_TestCase@7f8a9499</td></tr>
<tr>
<td title='testCases.LinkedList_TestCase.LL2TypesLL()'><b>LL2TypesLL</b><br>Test class: testCases.LinkedList_TestCase</td>
<td></td>
<td>1</td>
<td>testCases.LinkedList_TestCase@59e2d8e3</td></tr>
<tr>
<td title='testCases.Login_TestCase.SignOut()'><b>SignOut</b><br>Test class: testCases.Login_TestCase</td>
<td></td>
<td>2</td>
<td>testCases.Login_TestCase@4ef782af</td></tr>
<tr>
<td title='testCases.Queue_TestCase.ImpqueueInValidTryHereFunc()'><b>ImpqueueInValidTryHereFunc</b><br>Test class: testCases.Queue_TestCase<br>Parameters: print("Hello, SyntaxError: bad input on line 1, syntax</td>
<td></td>
<td>0</td>
<td>testCases.Queue_TestCase@2b72cb8a</td></tr>
<tr>
<td title='testCases.Tree_TestCase.InvalidTryHereFunctionalityTraversalsIllus()'><b>InvalidTryHereFunctionalityTraversalsIllus</b><br>Test class: testCases.Tree_TestCase<br>Parameters: print("Hello, SyntaxError: bad input on line 1, syntax</td>
<td></td>
<td>0</td>
<td>testCases.Tree_TestCase@7f8a9499</td></tr>
<tr>
<td title='testCases.Home_TestCase.HomeDrpdwn()'><b>HomeDrpdwn</b><br>Test class: testCases.Home_TestCase<br>Parameters: Queue, Queue</td>
<td></td>
<td>1</td>
<td>testCases.Home_TestCase@11d8ae8b</td></tr>
<tr>
<td title='testCases.HomeGetstd_TestCase.HomeGetstd()'><b>HomeGetstd</b><br>Test class: testCases.HomeGetstd_TestCase<br>Parameters: queue, Queue</td>
<td></td>
<td>2</td>
<td>testCases.HomeGetstd_TestCase@479cbee5</td></tr>
<tr>
<td title='testCases.LinkedList_TestCase.ImpLLValidTryHereFunc()'><b>ImpLLValidTryHereFunc</b><br>Test class: testCases.LinkedList_TestCase</td>
<td></td>
<td>1</td>
<td>testCases.LinkedList_TestCase@59e2d8e3</td></tr>
<tr>
<td title='testCases.Tree_TestCase.Practice()'><b>Practice</b><br>Test class: testCases.Tree_TestCase</td>
<td></td>
<td>0</td>
<td>testCases.Tree_TestCase@7f8a9499</td></tr>
<tr>
<td title='testCases.LinkedList_TestCase.ImpLLInValidTryHereFunc()'><b>ImpLLInValidTryHereFunc</b><br>Test class: testCases.LinkedList_TestCase<br>Parameters: edgr7&rk, NameError: name 'edgr7' is not defined on line 1, name</td>
<td></td>
<td>1</td>
<td>testCases.LinkedList_TestCase@59e2d8e3</td></tr>
<tr>
<td title='testCases.Tree_TestCase.ABT()'><b>ABT</b><br>Test class: testCases.Tree_TestCase</td>
<td></td>
<td>1</td>
<td>testCases.Tree_TestCase@7f8a9499</td></tr>
<tr>
<td title='testCases.HomeGetstd_TestCase.HomeGetstd()'><b>HomeGetstd</b><br>Test class: testCases.HomeGetstd_TestCase<br>Parameters: linked-list, Linked List</td>
<td></td>
<td>1</td>
<td>testCases.HomeGetstd_TestCase@479cbee5</td></tr>
<tr>
<td title='testCases.Login_TestCase.InvalidLogin()'><b>InvalidLogin</b><br>Test class: testCases.Login_TestCase<br>Parameters: , abc@1234, Please fill out this field., useralert</td>
<td></td>
<td>1</td>
<td>testCases.Login_TestCase@4ef782af</td></tr>
<tr>
<td title='testCases.LinkedList_TestCase.LLIntroInValidTryHereFunc()'><b>LLIntroInValidTryHereFunc</b><br>Test class: testCases.LinkedList_TestCase<br>Parameters: print("Hello, SyntaxError: bad input on line 1, syntax</td>
<td></td>
<td>1</td>
<td>testCases.LinkedList_TestCase@59e2d8e3</td></tr>
<tr>
<td title='testCases.Tree_TestCase.InvalidTryHereFunctionalityTerm()'><b>InvalidTryHereFunctionalityTerm</b><br>Test class: testCases.Tree_TestCase<br>Parameters: edgr7&rk, NameError: name 'edgr7' is not defined on line 1, name</td>
<td></td>
<td>0</td>
<td>testCases.Tree_TestCase@7f8a9499</td></tr>
<tr>
<td title='testCases.Home_TestCase.HomeDrpdwn()'><b>HomeDrpdwn</b><br>Test class: testCases.Home_TestCase<br>Parameters: Tree, Tree</td>
<td></td>
<td>2</td>
<td>testCases.Home_TestCase@11d8ae8b</td></tr>
<tr>
<td title='testCases.Tree_TestCase.NavtoTryherepgBT()'><b>NavtoTryherepgBT</b><br>Test class: testCases.Tree_TestCase</td>
<td></td>
<td>0</td>
<td>testCases.Tree_TestCase@7f8a9499</td></tr>
<tr>
<td title='testCases.LinkedList_TestCase.ImpLL2TryEditor()'><b>ImpLL2TryEditor</b><br>Test class: testCases.LinkedList_TestCase</td>
<td></td>
<td>3</td>
<td>testCases.LinkedList_TestCase@59e2d8e3</td></tr>
<tr>
<td title='testCases.Tree_TestCase.ValidTryHereFunctionalityIBT()'><b>ValidTryHereFunctionalityIBT</b><br>Test class: testCases.Tree_TestCase</td>
<td></td>
<td>1</td>
<td>testCases.Tree_TestCase@7f8a9499</td></tr>
<tr>
<td title='testCases.Home_TestCase.HomeDrpdwn()'><b>HomeDrpdwn</b><br>Test class: testCases.Home_TestCase<br>Parameters: Graph, Graph</td>
<td></td>
<td>1</td>
<td>testCases.Home_TestCase@11d8ae8b</td></tr>
<tr>
<td title='testCases.Tree_TestCase.BST()'><b>BST</b><br>Test class: testCases.Tree_TestCase</td>
<td></td>
<td>3</td>
<td>testCases.Tree_TestCase@7f8a9499</td></tr>
<tr>
<td title='testCases.Tree_TestCase.InvalidTryHereFunctionalityImpinBT()'><b>InvalidTryHereFunctionalityImpinBT</b><br>Test class: testCases.Tree_TestCase<br>Parameters: print("Hello, SyntaxError: bad input on line 1, syntax</td>
<td></td>
<td>0</td>
<td>testCases.Tree_TestCase@7f8a9499</td></tr>
<tr>
<td title='testCases.LinkedList_TestCase.TypesLLValidTryHereFunc()'><b>TypesLLValidTryHereFunc</b><br>Test class: testCases.LinkedList_TestCase</td>
<td></td>
<td>1</td>
<td>testCases.LinkedList_TestCase@59e2d8e3</td></tr>
<tr>
<td title='testCases.LinkedList_TestCase.Deletion2TryEditor()'><b>Deletion2TryEditor</b><br>Test class: testCases.LinkedList_TestCase</td>
<td></td>
<td>2</td>
<td>testCases.LinkedList_TestCase@59e2d8e3</td></tr>
<tr>
<td title='testCases.Tree_TestCase.InvalidTryHereFunctionalityOverview()'><b>InvalidTryHereFunctionalityOverview</b><br>Test class: testCases.Tree_TestCase<br>Parameters: edgr7&rk, NameError: name 'edgr7' is not defined on line 1, name</td>
<td></td>
<td>0</td>
<td>testCases.Tree_TestCase@7f8a9499</td></tr>
<tr>
<td title='testCases.Tree_TestCase.InvalidTryHereFunctionalityTreeTraversals()'><b>InvalidTryHereFunctionalityTreeTraversals</b><br>Test class: testCases.Tree_TestCase<br>Parameters: print("Hello, SyntaxError: bad input on line 1, syntax</td>
<td></td>
<td>0</td>
<td>testCases.Tree_TestCase@7f8a9499</td></tr>
<tr>
<td title='testCases.Tree_TestCase.InvalidTryHereFunctionalityTreeTraversals()'><b>InvalidTryHereFunctionalityTreeTraversals</b><br>Test class: testCases.Tree_TestCase<br>Parameters: edgr7&rk, NameError: name 'edgr7' is not defined on line 1, name</td>
<td></td>
<td>0</td>
<td>testCases.Tree_TestCase@7f8a9499</td></tr>
<tr>
<td title='testCases.Tree_TestCase.InvalidTryHereFunctionalityIBT()'><b>InvalidTryHereFunctionalityIBT</b><br>Test class: testCases.Tree_TestCase<br>Parameters: edgr7&rk, NameError: name 'edgr7' is not defined on line 1, name</td>
<td></td>
<td>0</td>
<td>testCases.Tree_TestCase@7f8a9499</td></tr>
<tr>
<td title='testCases.Tree_TestCase.InvalidTryHereFunctionalityOverview()'><b>InvalidTryHereFunctionalityOverview</b><br>Test class: testCases.Tree_TestCase<br>Parameters: print("Hello, SyntaxError: bad input on line 1, syntax</td>
<td></td>
<td>0</td>
<td>testCases.Tree_TestCase@7f8a9499</td></tr>
<tr>
<td title='testCases.Tree_TestCase.InvalidTryHereFunctionalityBT()'><b>InvalidTryHereFunctionalityBT</b><br>Test class: testCases.Tree_TestCase<br>Parameters: edgr7&rk, NameError: name 'edgr7' is not defined on line 1, name</td>
<td></td>
<td>0</td>
<td>testCases.Tree_TestCase@7f8a9499</td></tr>
<tr>
<td title='testCases.Tree_TestCase.InvalidTryHereFunctionalityTypesofBT()'><b>InvalidTryHereFunctionalityTypesofBT</b><br>Test class: testCases.Tree_TestCase<br>Parameters: edgr7&rk, NameError: name 'edgr7' is not defined on line 1, name</td>
<td></td>
<td>1</td>
<td>testCases.Tree_TestCase@7f8a9499</td></tr>
<tr>
<td title='testCases.LinkedList_TestCase.InsertionInValidTryHereFunc()'><b>InsertionInValidTryHereFunc</b><br>Test class: testCases.LinkedList_TestCase<br>Parameters: edgr7&rk, NameError: name 'edgr7' is not defined on line 1, name</td>
<td></td>
<td>1</td>
<td>testCases.LinkedList_TestCase@59e2d8e3</td></tr>
<tr>
<td title='testCases.LinkedList_TestCase.TraversalValidTryHereFunc()'><b>TraversalValidTryHereFunc</b><br>Test class: testCases.LinkedList_TestCase</td>
<td></td>
<td>1</td>
<td>testCases.LinkedList_TestCase@59e2d8e3</td></tr>
<tr>
<td title='testCases.Home_TestCase.HomeDrpdwn()'><b>HomeDrpdwn</b><br>Test class: testCases.Home_TestCase<br>Parameters: Arrays, Array</td>
<td></td>
<td>2</td>
<td>testCases.Home_TestCase@11d8ae8b</td></tr>
<tr>
<td title='testCases.LinkedList_TestCase.DeletionInValidTryHereFunc()'><b>DeletionInValidTryHereFunc</b><br>Test class: testCases.LinkedList_TestCase<br>Parameters: edgr7&rk, NameError: name 'edgr7' is not defined on line 1, name</td>
<td></td>
<td>3</td>
<td>testCases.LinkedList_TestCase@59e2d8e3</td></tr>
<tr>
<td title='testCases.Tree_TestCase.ValidTryHereFunctionalityTypesoftrees()'><b>ValidTryHereFunctionalityTypesoftrees</b><br>Test class: testCases.Tree_TestCase</td>
<td></td>
<td>1</td>
<td>testCases.Tree_TestCase@7f8a9499</td></tr>
<tr>
<td title='testCases.HomeGetstd_TestCase.HomeGetstd()'><b>HomeGetstd</b><br>Test class: testCases.HomeGetstd_TestCase<br>Parameters: stack, Stack</td>
<td></td>
<td>0</td>
<td>testCases.HomeGetstd_TestCase@479cbee5</td></tr>
<tr>
<td title='testCases.LinkedList_TestCase.LL2Deletion()'><b>LL2Deletion</b><br>Test class: testCases.LinkedList_TestCase</td>
<td></td>
<td>1</td>
<td>testCases.LinkedList_TestCase@59e2d8e3</td></tr>
<tr>
<td title='testCases.Tree_TestCase.NavtoTryherepgIBT()'><b>NavtoTryherepgIBT</b><br>Test class: testCases.Tree_TestCase</td>
<td></td>
<td>1</td>
<td>testCases.Tree_TestCase@7f8a9499</td></tr>
<tr>
<td title='testCases.Register_TestCase.InvalidRegister()'><b>InvalidRegister</b><br>Test class: testCases.Register_TestCase<br>Parameters: , abc@1234, abc@1234, Please fill out this field., emptyuser</td>
<td></td>
<td>0</td>
<td>testCases.Register_TestCase@4d518b32</td></tr>
<tr>
<td title='testCases.LinkedList_TestCase.LLIntroInValidTryHereFunc()'><b>LLIntroInValidTryHereFunc</b><br>Test class: testCases.LinkedList_TestCase<br>Parameters: edgr7&rk, NameError: name 'edgr7' is not defined on line 1, name</td>
<td></td>
<td>1</td>
<td>testCases.LinkedList_TestCase@59e2d8e3</td></tr>
<tr>
<td title='testCases.Home_TestCase.HomeDrpdwn()'><b>HomeDrpdwn</b><br>Test class: testCases.Home_TestCase<br>Parameters: Linked List, Linked List</td>
<td></td>
<td>2</td>
<td>testCases.Home_TestCase@11d8ae8b</td></tr>
<tr>
<td title='testCases.LinkedList_TestCase.LL2Intro()'><b>LL2Intro</b><br>Test class: testCases.LinkedList_TestCase</td>
<td></td>
<td>0</td>
<td>testCases.LinkedList_TestCase@59e2d8e3</td></tr>
<tr>
<td title='testCases.Tree_TestCase.InvalidTryHereFunctionalityTYpesofTrees()'><b>InvalidTryHereFunctionalityTYpesofTrees</b><br>Test class: testCases.Tree_TestCase<br>Parameters: edgr7&rk, NameError: name 'edgr7' is not defined on line 1, name</td>
<td></td>
<td>0</td>
<td>testCases.Tree_TestCase@7f8a9499</td></tr>
<tr>
<td title='testCases.Tree_TestCase.InvalidTryHereFunctionalityTYpesofTrees()'><b>InvalidTryHereFunctionalityTYpesofTrees</b><br>Test class: testCases.Tree_TestCase<br>Parameters: print("Hello, SyntaxError: bad input on line 1, syntax</td>
<td></td>
<td>1</td>
<td>testCases.Tree_TestCase@7f8a9499</td></tr>
<tr>
<td title='testCases.Register_TestCase.InvalidRegister()'><b>InvalidRegister</b><br>Test class: testCases.Register_TestCase<br>Parameters: ActionSquad, , , Please fill out this field., emptypass</td>
<td></td>
<td>0</td>
<td>testCases.Register_TestCase@4d518b32</td></tr>
<tr>
<td title='testCases.Queue_TestCase.ImpArrayInValidTryHereFunc()'><b>ImpArrayInValidTryHereFunc</b><br>Test class: testCases.Queue_TestCase<br>Parameters: edgr7&rk, NameError: name 'edgr7' is not defined on line 1, name</td>
<td></td>
<td>5</td>
<td>testCases.Queue_TestCase@2b72cb8a</td></tr>
<tr>
<td title='testCases.Tree_TestCase.BinTreeTrav()'><b>BinTreeTrav</b><br>Test class: testCases.Tree_TestCase</td>
<td></td>
<td>1</td>
<td>testCases.Tree_TestCase@7f8a9499</td></tr>
<tr>
<td title='testCases.HomeGetstd_TestCase.HomeGetstd()'><b>HomeGetstd</b><br>Test class: testCases.HomeGetstd_TestCase<br>Parameters: tree, Tree</td>
<td></td>
<td>1</td>
<td>testCases.HomeGetstd_TestCase@479cbee5</td></tr>
<tr>
<td title='testCases.LinkedList_TestCase.CreateLLInValidTryHereFunc()'><b>CreateLLInValidTryHereFunc</b><br>Test class: testCases.LinkedList_TestCase<br>Parameters: print("Hello, SyntaxError: bad input on line 1, syntax</td>
<td></td>
<td>4</td>
<td>testCases.LinkedList_TestCase@59e2d8e3</td></tr>
<tr>
<td title='testCases.Tree_TestCase.InvalidTryHereFunctionalityBinTreeTrav()'><b>InvalidTryHereFunctionalityBinTreeTrav</b><br>Test class: testCases.Tree_TestCase<br>Parameters: print("Hello, SyntaxError: bad input on line 1, syntax</td>
<td></td>
<td>0</td>
<td>testCases.Tree_TestCase@7f8a9499</td></tr>
<tr>
<td title='testCases.LinkedList_TestCase.LLlogout()'><b>LLlogout</b><br>Test class: testCases.LinkedList_TestCase</td>
<td></td>
<td>0</td>
<td>testCases.LinkedList_TestCase@59e2d8e3</td></tr>
<tr>
<td title='testCases.Login_TestCase.InvalidLogin()'><b>InvalidLogin</b><br>Test class: testCases.Login_TestCase<br>Parameters: ActionSquad, , Please fill out this field., passalert</td>
<td></td>
<td>3</td>
<td>testCases.Login_TestCase@4ef782af</td></tr>
<tr>
<td title='testCases.LinkedList_TestCase.Insertion2TryEditor()'><b>Insertion2TryEditor</b><br>Test class: testCases.LinkedList_TestCase</td>
<td></td>
<td>1</td>
<td>testCases.LinkedList_TestCase@59e2d8e3</td></tr>
<tr>
<td title='testCases.Tree_TestCase.ImpinBT()'><b>ImpinBT</b><br>Test class: testCases.Tree_TestCase</td>
<td></td>
<td>0</td>
<td>testCases.Tree_TestCase@7f8a9499</td></tr>
<tr>
<td title='testCases.Tree_TestCase.NavtoTryherepgTreeTraversals()'><b>NavtoTryherepgTreeTraversals</b><br>Test class: testCases.Tree_TestCase</td>
<td></td>
<td>0</td>
<td>testCases.Tree_TestCase@7f8a9499</td></tr>
<tr>
<td title='testCases.Login_TestCase.ToRegPage()'><b>ToRegPage</b><br>Test class: testCases.Login_TestCase</td>
<td></td>
<td>0</td>
<td>testCases.Login_TestCase@4ef782af</td></tr>
<tr>
<td title='testCases.Tree_TestCase.ValidTryHereFunctionalityBinTreeTrav()'><b>ValidTryHereFunctionalityBinTreeTrav</b><br>Test class: testCases.Tree_TestCase</td>
<td></td>
<td>0</td>
<td>testCases.Tree_TestCase@7f8a9499</td></tr>
<tr>
<td title='testCases.Queue_TestCase.Impqueue2tryeditor()'><b>Impqueue2tryeditor</b><br>Test class: testCases.Queue_TestCase</td>
<td></td>
<td>1</td>
<td>testCases.Queue_TestCase@2b72cb8a</td></tr>
<tr>
<td title='testCases.LinkedList_TestCase.LLIntro2TryEditor()'><b>LLIntro2TryEditor</b><br>Test class: testCases.LinkedList_TestCase</td>
<td></td>
<td>2</td>
<td>testCases.LinkedList_TestCase@59e2d8e3</td></tr>
<tr>
<td title='testCases.Tree_TestCase.TravelsIllus()'><b>TravelsIllus</b><br>Test class: testCases.Tree_TestCase</td>
<td></td>
<td>0</td>
<td>testCases.Tree_TestCase@7f8a9499</td></tr>
<tr>
<td title='testCases.Queue_TestCase.queue2ImpCollection()'><b>queue2ImpCollection</b><br>Test class: testCases.Queue_TestCase</td>
<td></td>
<td>0</td>
<td>testCases.Queue_TestCase@2b72cb8a</td></tr>
<tr>
<td title='testCases.Tree_TestCase.ValidTryHereFunctionalityTraversalsIllus()'><b>ValidTryHereFunctionalityTraversalsIllus</b><br>Test class: testCases.Tree_TestCase</td>
<td></td>
<td>0</td>
<td>testCases.Tree_TestCase@7f8a9499</td></tr>
<tr>
<td title='testCases.LinkedList_TestCase.LL2Traversal()'><b>LL2Traversal</b><br>Test class: testCases.LinkedList_TestCase</td>
<td></td>
<td>1</td>
<td>testCases.LinkedList_TestCase@59e2d8e3</td></tr>
<tr>
<td title='testCases.Login_TestCase.InvalidLogin()'><b>InvalidLogin</b><br>Test class: testCases.Login_TestCase<br>Parameters: , , Please fill out this field., useralert</td>
<td></td>
<td>0</td>
<td>testCases.Login_TestCase@4ef782af</td></tr>
<tr>
<td title='testCases.Tree_TestCase.InvalidTryHereFunctionalityIBT()'><b>InvalidTryHereFunctionalityIBT</b><br>Test class: testCases.Tree_TestCase<br>Parameters: print("Hello, SyntaxError: bad input on line 1, syntax</td>
<td></td>
<td>1</td>
<td>testCases.Tree_TestCase@7f8a9499</td></tr>
<tr>
<td title='testCases.Queue_TestCase.ImpArrayInValidTryHereFunc()'><b>ImpArrayInValidTryHereFunc</b><br>Test class: testCases.Queue_TestCase<br>Parameters: print("Hello, SyntaxError: bad input on line 1, syntax</td>
<td></td>
<td>10</td>
<td>testCases.Queue_TestCase@2b72cb8a</td></tr>
<tr>
<td title='testCases.LinkedList_TestCase.CreateLLValidTryHereFunc()'><b>CreateLLValidTryHereFunc</b><br>Test class: testCases.LinkedList_TestCase</td>
<td></td>
<td>4</td>
<td>testCases.LinkedList_TestCase@59e2d8e3</td></tr>
<tr>
<td title='testCases.Tree_TestCase.ValidTryHereFunctionalityTerm()'><b>ValidTryHereFunctionalityTerm</b><br>Test class: testCases.Tree_TestCase</td>
<td></td>
<td>1</td>
<td>testCases.Tree_TestCase@7f8a9499</td></tr>
<tr>
<td title='testCases.LinkedList_TestCase.DeletionInValidTryHereFunc()'><b>DeletionInValidTryHereFunc</b><br>Test class: testCases.LinkedList_TestCase<br>Parameters: print("Hello, SyntaxError: bad input on line 1, syntax</td>
<td></td>
<td>2</td>
<td>testCases.LinkedList_TestCase@59e2d8e3</td></tr>
<tr>
<td title='testCases.Tree_TestCase.ValidTryHereFunctionalityBST()'><b>ValidTryHereFunctionalityBST</b><br>Test class: testCases.Tree_TestCase</td>
<td></td>
<td>0</td>
<td>testCases.Tree_TestCase@7f8a9499</td></tr>
<tr>
<td title='testCases.Tree_TestCase.InvalidTryHereFunctionalityTerm()'><b>InvalidTryHereFunctionalityTerm</b><br>Test class: testCases.Tree_TestCase<br>Parameters: print("Hello, SyntaxError: bad input on line 1, syntax</td>
<td></td>
<td>0</td>
<td>testCases.Tree_TestCase@7f8a9499</td></tr>
<tr>
<td title='testCases.Login_TestCase.InvalidLogin()'><b>InvalidLogin</b><br>Test class: testCases.Login_TestCase<br>Parameters: BiriYani, a12345, Invalid Username and Password, Inspectable</td>
<td></td>
<td>1</td>
<td>testCases.Login_TestCase@4ef782af</td></tr>
<tr>
<td title='testCases.Home_TestCase.HomeDrpdwn()'><b>HomeDrpdwn</b><br>Test class: testCases.Home_TestCase<br>Parameters: Stack, Stack</td>
<td></td>
<td>1</td>
<td>testCases.Home_TestCase@11d8ae8b</td></tr>
<tr>
<td title='testCases.Tree_TestCase.TypesofTrees()'><b>TypesofTrees</b><br>Test class: testCases.Tree_TestCase</td>
<td></td>
<td>0</td>
<td>testCases.Tree_TestCase@7f8a9499</td></tr>
<tr>
<td title='testCases.Tree_TestCase.ValidTryHereFunctionalityABT()'><b>ValidTryHereFunctionalityABT</b><br>Test class: testCases.Tree_TestCase</td>
<td></td>
<td>1</td>
<td>testCases.Tree_TestCase@7f8a9499</td></tr>
<tr>
<td title='testCases.Queue_TestCase.queue2Impqueue()'><b>queue2Impqueue</b><br>Test class: testCases.Queue_TestCase</td>
<td></td>
<td>0</td>
<td>testCases.Queue_TestCase@2b72cb8a</td></tr>
<tr>
<td title='testCases.Tree_TestCase.NavtoTryherepgBST()'><b>NavtoTryherepgBST</b><br>Test class: testCases.Tree_TestCase</td>
<td></td>
<td>0</td>
<td>testCases.Tree_TestCase@7f8a9499</td></tr>
<tr>
<td title='testCases.HomeGetstd_TestCase.HomeGetstd()'><b>HomeGetstd</b><br>Test class: testCases.HomeGetstd_TestCase<br>Parameters: graph, Graph</td>
<td></td>
<td>0</td>
<td>testCases.HomeGetstd_TestCase@479cbee5</td></tr>
<tr>
<td title='testCases.Tree_TestCase.TypesofBT()'><b>TypesofBT</b><br>Test class: testCases.Tree_TestCase</td>
<td></td>
<td>0</td>
<td>testCases.Tree_TestCase@7f8a9499</td></tr>
<tr>
<td title='testCases.Tree_TestCase.BibaryTree()'><b>BibaryTree</b><br>Test class: testCases.Tree_TestCase</td>
<td></td>
<td>1</td>
<td>testCases.Tree_TestCase@7f8a9499</td></tr>
<tr>
<td title='testCases.LinkedList_TestCase.LL2ImpLL()'><b>LL2ImpLL</b><br>Test class: testCases.LinkedList_TestCase</td>
<td></td>
<td>1</td>
<td>testCases.LinkedList_TestCase@59e2d8e3</td></tr>
<tr>
<td title='testCases.LinkedList_TestCase.TypesLLInValidTryHereFunc()'><b>TypesLLInValidTryHereFunc</b><br>Test class: testCases.LinkedList_TestCase<br>Parameters: print("Hello, SyntaxError: bad input on line 1, syntax</td>
<td></td>
<td>1</td>
<td>testCases.LinkedList_TestCase@59e2d8e3</td></tr>
<tr>
<td title='testCases.LinkedList_TestCase.CreateLLInValidTryHereFunc()'><b>CreateLLInValidTryHereFunc</b><br>Test class: testCases.LinkedList_TestCase<br>Parameters: edgr7&rk, NameError: name 'edgr7' is not defined on line 1, name</td>
<td></td>
<td>3</td>
<td>testCases.LinkedList_TestCase@59e2d8e3</td></tr>
<tr>
<td title='testCases.Tree_TestCase.ValidTryHereFunctionalityTypesofBT()'><b>ValidTryHereFunctionalityTypesofBT</b><br>Test class: testCases.Tree_TestCase</td>
<td></td>
<td>1</td>
<td>testCases.Tree_TestCase@7f8a9499</td></tr>
<tr>
<td title='testCases.Register_TestCase.ToLogin()'><b>ToLogin</b><br>Test class: testCases.Register_TestCase</td>
<td></td>
<td>0</td>
<td>testCases.Register_TestCase@4d518b32</td></tr>
<tr>
<td title='testCases.LinkedList_TestCase.ImpLLInValidTryHereFunc()'><b>ImpLLInValidTryHereFunc</b><br>Test class: testCases.LinkedList_TestCase<br>Parameters: print("Hello, SyntaxError: bad input on line 1, syntax</td>
<td></td>
<td>2</td>
<td>testCases.LinkedList_TestCase@59e2d8e3</td></tr>
<tr>
<td title='testCases.Tree_TestCase.TreeTraversals()'><b>TreeTraversals</b><br>Test class: testCases.Tree_TestCase</td>
<td></td>
<td>0</td>
<td>testCases.Tree_TestCase@7f8a9499</td></tr>
<tr>
<td title='testCases.LinkedList_TestCase.InsertionInValidTryHereFunc()'><b>InsertionInValidTryHereFunc</b><br>Test class: testCases.LinkedList_TestCase<br>Parameters: print("Hello, SyntaxError: bad input on line 1, syntax</td>
<td></td>
<td>3</td>
<td>testCases.LinkedList_TestCase@59e2d8e3</td></tr>
<tr>
<td title='testCases.Tree_TestCase.InvalidTryHereFunctionalityTraversalsIllus()'><b>InvalidTryHereFunctionalityTraversalsIllus</b><br>Test class: testCases.Tree_TestCase<br>Parameters: edgr7&rk, NameError: name 'edgr7' is not defined on line 1, name</td>
<td></td>
<td>1</td>
<td>testCases.Tree_TestCase@7f8a9499</td></tr>
<tr>
<td title='testCases.Queue_TestCase.ImpCollInValidTryHereFunc()'><b>ImpCollInValidTryHereFunc</b><br>Test class: testCases.Queue_TestCase<br>Parameters: edgr7&rk, NameError: name 'edgr7' is not defined on line 1, name</td>
<td></td>
<td>2</td>
<td>testCases.Queue_TestCase@2b72cb8a</td></tr>
<tr>
<td title='testCases.LinkedList_TestCase.LLIntroValidTryHereFunc()'><b>LLIntroValidTryHereFunc</b><br>Test class: testCases.LinkedList_TestCase</td>
<td></td>
<td>1</td>
<td>testCases.LinkedList_TestCase@59e2d8e3</td></tr>
<tr>
<td title='testCases.Tree_TestCase.ValidTryHereFunctionalityImpinBT()'><b>ValidTryHereFunctionalityImpinBT</b><br>Test class: testCases.Tree_TestCase</td>
<td></td>
<td>1</td>
<td>testCases.Tree_TestCase@7f8a9499</td></tr>
<tr>
<td title='testCases.LinkedList_TestCase.TypesLLInValidTryHereFunc()'><b>TypesLLInValidTryHereFunc</b><br>Test class: testCases.LinkedList_TestCase<br>Parameters: edgr7&rk, NameError: name 'edgr7' is not defined on line 1, name</td>
<td></td>
<td>1</td>
<td>testCases.LinkedList_TestCase@59e2d8e3</td></tr>
<tr>
<td title='testCases.LinkedList_TestCase.Traversal2TryEditor()'><b>Traversal2TryEditor</b><br>Test class: testCases.LinkedList_TestCase</td>
<td></td>
<td>1</td>
<td>testCases.LinkedList_TestCase@59e2d8e3</td></tr>
<tr>
<td title='testCases.Login_TestCase.ValidLogin()'><b>ValidLogin</b><br>Test class: testCases.Login_TestCase</td>
<td></td>
<td>1</td>
<td>testCases.Login_TestCase@4ef782af</td></tr>
<tr>
<td title='testCases.Queue_TestCase.ImpqueueValidTryHereFunc()'><b>ImpqueueValidTryHereFunc</b><br>Test class: testCases.Queue_TestCase</td>
<td></td>
<td>1</td>
<td>testCases.Queue_TestCase@2b72cb8a</td></tr>
<tr>
<td title='testCases.Queue_TestCase.ImpCollInValidTryHereFunc()'><b>ImpCollInValidTryHereFunc</b><br>Test class: testCases.Queue_TestCase<br>Parameters: print("Hello, SyntaxError: bad input on line 1, syntax</td>
<td></td>
<td>2</td>
<td>testCases.Queue_TestCase@2b72cb8a</td></tr>
<tr>
<td title='testCases.LinkedList_TestCase.TraversalInValidTryHereFunc()'><b>TraversalInValidTryHereFunc</b><br>Test class: testCases.LinkedList_TestCase<br>Parameters: edgr7&rk, NameError: name 'edgr7' is not defined on line 1, name</td>
<td></td>
<td>1</td>
<td>testCases.LinkedList_TestCase@59e2d8e3</td></tr>
<tr>
<td title='testCases.Queue_TestCase.ImpArrayValidTryHereFunc()'><b>ImpArrayValidTryHereFunc</b><br>Test class: testCases.Queue_TestCase</td>
<td></td>
<td>2</td>
<td>testCases.Queue_TestCase@2b72cb8a</td></tr>
<tr>
<td title='testCases.Queue_TestCase.queue2signout()'><b>queue2signout</b><br>Test class: testCases.Queue_TestCase</td>
<td></td>
<td>2</td>
<td>testCases.Queue_TestCase@2b72cb8a</td></tr>
<tr>
<td title='testCases.Tree_TestCase.NavtoTryherepgTypesofBT()'><b>NavtoTryherepgTypesofBT</b><br>Test class: testCases.Tree_TestCase</td>
<td></td>
<td>0</td>
<td>testCases.Tree_TestCase@7f8a9499</td></tr>
<tr>
<td title='testCases.Register_TestCase.InvalidRegister()'><b>InvalidRegister</b><br>Test class: testCases.Register_TestCase<br>Parameters: ActionSquad, abc@1234, , Please fill out this field., emptyconfpass</td>
<td></td>
<td>1</td>
<td>testCases.Register_TestCase@4d518b32</td></tr>
<tr>
<td title='testCases.Queue_TestCase.ImpqueueInValidTryHereFunc()'><b>ImpqueueInValidTryHereFunc</b><br>Test class: testCases.Queue_TestCase<br>Parameters: edgr7&rk, NameError: name 'edgr7' is not defined on line 1, name</td>
<td></td>
<td>1</td>
<td>testCases.Queue_TestCase@2b72cb8a</td></tr>
<tr>
<td title='testCases.LinkedList_TestCase.LL2Insertion()'><b>LL2Insertion</b><br>Test class: testCases.LinkedList_TestCase</td>
<td></td>
<td>2</td>
<td>testCases.LinkedList_TestCase@59e2d8e3</td></tr>
<tr>
<td title='testCases.LinkedList_TestCase.LLIntro2PracticeQues()'><b>LLIntro2PracticeQues</b><br>Test class: testCases.LinkedList_TestCase</td>
<td></td>
<td>1</td>
<td>testCases.LinkedList_TestCase@59e2d8e3</td></tr>
<tr>
<td title='testCases.Tree_TestCase.NavtoOverviewofTrees()'><b>NavtoOverviewofTrees</b><br>Test class: testCases.Tree_TestCase</td>
<td></td>
<td>0</td>
<td>testCases.Tree_TestCase@7f8a9499</td></tr>
<tr>
<td title='testCases.Tree_TestCase.ValidTryHereFunctionalityIBST()'><b>ValidTryHereFunctionalityIBST</b><br>Test class: testCases.Tree_TestCase</td>
<td></td>
<td>1</td>
<td>testCases.Tree_TestCase@7f8a9499</td></tr>
<tr>
<td title='testCases.Tree_TestCase.NavtoTryherepgBinTreeTrav()'><b>NavtoTryherepgBinTreeTrav</b><br>Test class: testCases.Tree_TestCase</td>
<td></td>
<td>0</td>
<td>testCases.Tree_TestCase@7f8a9499</td></tr>
<tr>
<td title='testCases.Tree_TestCase.InvalidTryHereFunctionalityIBST()'><b>InvalidTryHereFunctionalityIBST</b><br>Test class: testCases.Tree_TestCase<br>Parameters: edgr7&rk, NameError: name 'edgr7' is not defined on line 1, name</td>
<td></td>
<td>1</td>
<td>testCases.Tree_TestCase@7f8a9499</td></tr>
<tr>
<td title='testCases.Tree_TestCase.NavtoTryherepgTravelsIllus()'><b>NavtoTryherepgTravelsIllus</b><br>Test class: testCases.Tree_TestCase</td>
<td></td>
<td>0</td>
<td>testCases.Tree_TestCase@7f8a9499</td></tr>
<tr>
<td title='testCases.HomeGetstd_TestCase.HomeGetstd()'><b>HomeGetstd</b><br>Test class: testCases.HomeGetstd_TestCase<br>Parameters: array, Array</td>
<td></td>
<td>1</td>
<td>testCases.HomeGetstd_TestCase@479cbee5</td></tr>
<tr>
<td title='testCases.Login_TestCase.InvalidLogin()'><b>InvalidLogin</b><br>Test class: testCases.Login_TestCase<br>Parameters: dfjnjdf, adcvt, Invalid Username and Password, Inspectable</td>
<td></td>
<td>1</td>
<td>testCases.Login_TestCase@4ef782af</td></tr>
<tr>
<td title='testCases.LinkedList_TestCase.CreateLL2TryEditor()'><b>CreateLL2TryEditor</b><br>Test class: testCases.LinkedList_TestCase</td>
<td></td>
<td>8</td>
<td>testCases.LinkedList_TestCase@59e2d8e3</td></tr>
<tr>
<td title='testCases.Queue_TestCase.ImpCollection2tryeditor()'><b>ImpCollection2tryeditor</b><br>Test class: testCases.Queue_TestCase</td>
<td></td>
<td>1</td>
<td>testCases.Queue_TestCase@2b72cb8a</td></tr>
<tr>
<td title='testCases.Tree_TestCase.NavtoTryherepgABT()'><b>NavtoTryherepgABT</b><br>Test class: testCases.Tree_TestCase</td>
<td></td>
<td>1</td>
<td>testCases.Tree_TestCase@7f8a9499</td></tr>
<tr>
<td title='testCases.Queue_TestCase.queue2queueOperation()'><b>queue2queueOperation</b><br>Test class: testCases.Queue_TestCase</td>
<td></td>
<td>0</td>
<td>testCases.Queue_TestCase@2b72cb8a</td></tr>
<tr>
<td title='testCases.Tree_TestCase.NavtoTryherepgTypesofTrees()'><b>NavtoTryherepgTypesofTrees</b><br>Test class: testCases.Tree_TestCase</td>
<td></td>
<td>0</td>
<td>testCases.Tree_TestCase@7f8a9499</td></tr>
<tr>
<td title='testCases.Tree_TestCase.InvalidTryHereFunctionalityImpinBT()'><b>InvalidTryHereFunctionalityImpinBT</b><br>Test class: testCases.Tree_TestCase<br>Parameters: edgr7&rk, NameError: name 'edgr7' is not defined on line 1, name</td>
<td></td>
<td>0</td>
<td>testCases.Tree_TestCase@7f8a9499</td></tr>
<tr>
<td title='testCases.Queue_TestCase.Imparray2tryeditor()'><b>Imparray2tryeditor</b><br>Test class: testCases.Queue_TestCase</td>
<td></td>
<td>1</td>
<td>testCases.Queue_TestCase@2b72cb8a</td></tr>
<tr>
<td title='testCases.Queue_TestCase.queue2Imparray()'><b>queue2Imparray</b><br>Test class: testCases.Queue_TestCase</td>
<td></td>
<td>0</td>
<td>testCases.Queue_TestCase@2b72cb8a</td></tr>
<tr>
<td title='testCases.LinkedList_TestCase.TraversalInValidTryHereFunc()'><b>TraversalInValidTryHereFunc</b><br>Test class: testCases.LinkedList_TestCase<br>Parameters: print("Hello, SyntaxError: bad input on line 1, syntax</td>
<td></td>
<td>1</td>
<td>testCases.LinkedList_TestCase@59e2d8e3</td></tr>
<tr>
<td title='testCases.Tree_TestCase.Terminologies()'><b>Terminologies</b><br>Test class: testCases.Tree_TestCase</td>
<td></td>
<td>0</td>
<td>testCases.Tree_TestCase@7f8a9499</td></tr>
</table><p>
<table width='100%' border='1' class='invocation-skipped'>
<tr><td colspan='4' align='center'><b>SKIPPED TESTS</b></td></tr>
<tr><td><b>Test method</b></td>
<td><b>Attribute(s)</b></td>
<td width="30%"><b>Exception</b></td>
<td width="10%"><b>Time (seconds)</b></td>
<td><b>Instance</b></td>
</tr>
<tr>
<td title='testCases.Tree_TestCase.EmptyTryeditorTreeTraversals()'><b>EmptyTryeditorTreeTraversals</b><br>Test class: testCases.Tree_TestCase</td>
<td><div><pre>java.lang.AssertionError: Alert is not present
	at testCases.Tree_TestCase.EmptyTryeditorTreeTraversals(Tree_TestCase.java:371)
	at java.base/java.util.concurrent.Executors$RunnableAdapter.call(Executors.java:572)
	at java.base/java.util.concurrent.FutureTask.run(FutureTask.java:317)
	at java.base/java.util.concurrent.ThreadPoolExecutor.runWorker(ThreadPoolExecutor.java:1144)
	at java.base/java.util.concurrent.ThreadPoolExecutor$Worker.run(ThreadPoolExecutor.java:642)
	at java.base/java.lang.Thread.run(Thread.java:1575)
... Removed 12 stack frames</pre></div><a href='#' onClick='toggleBox("stack-trace1956608927", this, "Click to show all stack frames", "Click to hide stack frames")'>Click to show all stack frames</a>
<div class='stack-trace' id='stack-trace1956608927'><pre>java.lang.AssertionError: Alert is not present
	at org.testng.Assert.fail(Assert.java:111)
	at testCases.Tree_TestCase.EmptyTryeditorTreeTraversals(Tree_TestCase.java:371)
	at java.base/jdk.internal.reflect.DirectMethodHandleAccessor.invoke(DirectMethodHandleAccessor.java:103)
	at java.base/java.lang.reflect.Method.invoke(Method.java:580)
	at org.testng.internal.invokers.MethodInvocationHelper.invokeMethod(MethodInvocationHelper.java:141)
	at org.testng.internal.invokers.TestInvoker.invokeMethod(TestInvoker.java:686)
	at org.testng.internal.invokers.TestInvoker.invokeTestMethod(TestInvoker.java:230)
	at org.testng.internal.invokers.MethodRunner.runInSequence(MethodRunner.java:63)
	at org.testng.internal.invokers.TestInvoker$MethodInvocationAgent.invoke(TestInvoker.java:992)
	at org.testng.internal.invokers.TestInvoker.invokeTestMethods(TestInvoker.java:203)
	at org.testng.internal.invokers.TestMethodWorker.invokeTestMethods(TestMethodWorker.java:154)
	at org.testng.internal.invokers.TestMethodWorker.run(TestMethodWorker.java:134)
	at java.base/java.util.concurrent.Executors$RunnableAdapter.call(Executors.java:572)
	at java.base/java.util.concurrent.FutureTask.run(FutureTask.java:317)
	at org.testng.internal.thread.graph.TestNGFutureTask.run(TestNGFutureTask.java:22)
	at java.base/java.util.concurrent.ThreadPoolExecutor.runWorker(ThreadPoolExecutor.java:1144)
	at java.base/java.util.concurrent.ThreadPoolExecutor$Worker.run(ThreadPoolExecutor.java:642)
	at java.base/java.lang.Thread.run(Thread.java:1575)
</pre></div></td>
<td>1</td>
<td>testCases.Tree_TestCase@7f8a9499</td></tr>
<tr>
<td title='testCases.Tree_TestCase.EmptyTryeditorBST()'><b>EmptyTryeditorBST</b><br>Test class: testCases.Tree_TestCase</td>
<td><div><pre>java.lang.AssertionError: Alert is not present
	at testCases.Tree_TestCase.EmptyTryeditorBST(Tree_TestCase.java:1004)
	at java.base/java.util.concurrent.Executors$RunnableAdapter.call(Executors.java:572)
	at java.base/java.util.concurrent.FutureTask.run(FutureTask.java:317)
	at java.base/java.util.concurrent.ThreadPoolExecutor.runWorker(ThreadPoolExecutor.java:1144)
	at java.base/java.util.concurrent.ThreadPoolExecutor$Worker.run(ThreadPoolExecutor.java:642)
	at java.base/java.lang.Thread.run(Thread.java:1575)
... Removed 12 stack frames</pre></div><a href='#' onClick='toggleBox("stack-trace383061075", this, "Click to show all stack frames", "Click to hide stack frames")'>Click to show all stack frames</a>
<div class='stack-trace' id='stack-trace383061075'><pre>java.lang.AssertionError: Alert is not present
	at org.testng.Assert.fail(Assert.java:111)
	at testCases.Tree_TestCase.EmptyTryeditorBST(Tree_TestCase.java:1004)
	at java.base/jdk.internal.reflect.DirectMethodHandleAccessor.invoke(DirectMethodHandleAccessor.java:103)
	at java.base/java.lang.reflect.Method.invoke(Method.java:580)
	at org.testng.internal.invokers.MethodInvocationHelper.invokeMethod(MethodInvocationHelper.java:141)
	at org.testng.internal.invokers.TestInvoker.invokeMethod(TestInvoker.java:686)
	at org.testng.internal.invokers.TestInvoker.retryFailed(TestInvoker.java:269)
	at org.testng.internal.invokers.MethodRunner.runInSequence(MethodRunner.java:76)
	at org.testng.internal.invokers.TestInvoker$MethodInvocationAgent.invoke(TestInvoker.java:992)
	at org.testng.internal.invokers.TestInvoker.invokeTestMethods(TestInvoker.java:203)
	at org.testng.internal.invokers.TestMethodWorker.invokeTestMethods(TestMethodWorker.java:154)
	at org.testng.internal.invokers.TestMethodWorker.run(TestMethodWorker.java:134)
	at java.base/java.util.concurrent.Executors$RunnableAdapter.call(Executors.java:572)
	at java.base/java.util.concurrent.FutureTask.run(FutureTask.java:317)
	at org.testng.internal.thread.graph.TestNGFutureTask.run(TestNGFutureTask.java:22)
	at java.base/java.util.concurrent.ThreadPoolExecutor.runWorker(ThreadPoolExecutor.java:1144)
	at java.base/java.util.concurrent.ThreadPoolExecutor$Worker.run(ThreadPoolExecutor.java:642)
	at java.base/java.lang.Thread.run(Thread.java:1575)
</pre></div></td>
<td>1</td>
<td>testCases.Tree_TestCase@7f8a9499</td></tr>
<tr>
<td title='testCases.Register_TestCase.InvalidRegister()'><b>InvalidRegister</b><br>Test class: testCases.Register_TestCase<br>Parameters: BiRi9@n!, abc@1234, abc@1234, Invalid Username , Invaliduser</td>
<td><div><pre>java.lang.AssertionError: expected [password_mismatch:The two password fields didn’t match.] but found [Invalid Username ]
	at testCases.Register_TestCase.InvalidRegister(Register_TestCase.java:40)
	at java.base/java.util.concurrent.Executors$RunnableAdapter.call(Executors.java:572)
	at java.base/java.util.concurrent.FutureTask.run(FutureTask.java:317)
	at java.base/java.util.concurrent.ThreadPoolExecutor.runWorker(ThreadPoolExecutor.java:1144)
	at java.base/java.util.concurrent.ThreadPoolExecutor$Worker.run(ThreadPoolExecutor.java:642)
	at java.base/java.lang.Thread.run(Thread.java:1575)
... Removed 17 stack frames</pre></div><a href='#' onClick='toggleBox("stack-trace47404244", this, "Click to show all stack frames", "Click to hide stack frames")'>Click to show all stack frames</a>
<div class='stack-trace' id='stack-trace47404244'><pre>java.lang.AssertionError: expected [password_mismatch:The two password fields didn’t match.] but found [Invalid Username ]
	at org.testng.Assert.fail(Assert.java:111)
	at org.testng.Assert.failNotEquals(Assert.java:1578)
	at org.testng.Assert.assertEqualsImpl(Assert.java:150)
	at org.testng.Assert.assertEquals(Assert.java:132)
	at org.testng.Assert.assertEquals(Assert.java:656)
	at org.testng.Assert.assertEquals(Assert.java:666)
	at testCases.Register_TestCase.InvalidRegister(Register_TestCase.java:40)
	at java.base/jdk.internal.reflect.DirectMethodHandleAccessor.invoke(DirectMethodHandleAccessor.java:103)
	at java.base/java.lang.reflect.Method.invoke(Method.java:580)
	at org.testng.internal.invokers.MethodInvocationHelper.invokeMethod(MethodInvocationHelper.java:141)
	at org.testng.internal.invokers.TestInvoker.invokeMethod(TestInvoker.java:686)
	at org.testng.internal.invokers.TestInvoker.retryFailed(TestInvoker.java:269)
	at org.testng.internal.invokers.MethodRunner.runInSequence(MethodRunner.java:76)
	at org.testng.internal.invokers.TestInvoker$MethodInvocationAgent.invoke(TestInvoker.java:992)
	at org.testng.internal.invokers.TestInvoker.invokeTestMethods(TestInvoker.java:203)
	at org.testng.internal.invokers.TestMethodWorker.invokeTestMethods(TestMethodWorker.java:154)
	at org.testng.internal.invokers.TestMethodWorker.run(TestMethodWorker.java:134)
	at java.base/java.util.concurrent.Executors$RunnableAdapter.call(Executors.java:572)
	at java.base/java.util.concurrent.FutureTask.run(FutureTask.java:317)
	at org.testng.internal.thread.graph.TestNGFutureTask.run(TestNGFutureTask.java:22)
	at java.base/java.util.concurrent.ThreadPoolExecutor.runWorker(ThreadPoolExecutor.java:1144)
	at java.base/java.util.concurrent.ThreadPoolExecutor$Worker.run(ThreadPoolExecutor.java:642)
	at java.base/java.lang.Thread.run(Thread.java:1575)
</pre></div></td>
<td>4</td>
<td>testCases.Register_TestCase@4d518b32</td></tr>
<tr>
<td title='testCases.Tree_TestCase.EmptyTryeditorBinTreeTrav()'><b>EmptyTryeditorBinTreeTrav</b><br>Test class: testCases.Tree_TestCase</td>
<td><div><pre>java.lang.AssertionError: Alert is not present
	at testCases.Tree_TestCase.EmptyTryeditorBinTreeTrav(Tree_TestCase.java:766)
	at java.base/java.util.concurrent.Executors$RunnableAdapter.call(Executors.java:572)
	at java.base/java.util.concurrent.FutureTask.run(FutureTask.java:317)
	at java.base/java.util.concurrent.ThreadPoolExecutor.runWorker(ThreadPoolExecutor.java:1144)
	at java.base/java.util.concurrent.ThreadPoolExecutor$Worker.run(ThreadPoolExecutor.java:642)
	at java.base/java.lang.Thread.run(Thread.java:1575)
... Removed 12 stack frames</pre></div><a href='#' onClick='toggleBox("stack-trace1721591573", this, "Click to show all stack frames", "Click to hide stack frames")'>Click to show all stack frames</a>
<div class='stack-trace' id='stack-trace1721591573'><pre>java.lang.AssertionError: Alert is not present
	at org.testng.Assert.fail(Assert.java:111)
	at testCases.Tree_TestCase.EmptyTryeditorBinTreeTrav(Tree_TestCase.java:766)
	at java.base/jdk.internal.reflect.DirectMethodHandleAccessor.invoke(DirectMethodHandleAccessor.java:103)
	at java.base/java.lang.reflect.Method.invoke(Method.java:580)
	at org.testng.internal.invokers.MethodInvocationHelper.invokeMethod(MethodInvocationHelper.java:141)
	at org.testng.internal.invokers.TestInvoker.invokeMethod(TestInvoker.java:686)
	at org.testng.internal.invokers.TestInvoker.retryFailed(TestInvoker.java:269)
	at org.testng.internal.invokers.MethodRunner.runInSequence(MethodRunner.java:76)
	at org.testng.internal.invokers.TestInvoker$MethodInvocationAgent.invoke(TestInvoker.java:992)
	at org.testng.internal.invokers.TestInvoker.invokeTestMethods(TestInvoker.java:203)
	at org.testng.internal.invokers.TestMethodWorker.invokeTestMethods(TestMethodWorker.java:154)
	at org.testng.internal.invokers.TestMethodWorker.run(TestMethodWorker.java:134)
	at java.base/java.util.concurrent.Executors$RunnableAdapter.call(Executors.java:572)
	at java.base/java.util.concurrent.FutureTask.run(FutureTask.java:317)
	at org.testng.internal.thread.graph.TestNGFutureTask.run(TestNGFutureTask.java:22)
	at java.base/java.util.concurrent.ThreadPoolExecutor.runWorker(ThreadPoolExecutor.java:1144)
	at java.base/java.util.concurrent.ThreadPoolExecutor$Worker.run(ThreadPoolExecutor.java:642)
	at java.base/java.lang.Thread.run(Thread.java:1575)
</pre></div></td>
<td>1</td>
<td>testCases.Tree_TestCase@7f8a9499</td></tr>
<tr>
<td title='testCases.Tree_TestCase.EmptyTryeditorTypesofBT()'><b>EmptyTryeditorTypesofBT</b><br>Test class: testCases.Tree_TestCase</td>
<td><div><pre>java.lang.AssertionError: Alert is not present
	at testCases.Tree_TestCase.EmptyTryeditorTypesofBT(Tree_TestCase.java:607)
	at java.base/java.util.concurrent.Executors$RunnableAdapter.call(Executors.java:572)
	at java.base/java.util.concurrent.FutureTask.run(FutureTask.java:317)
	at java.base/java.util.concurrent.ThreadPoolExecutor.runWorker(ThreadPoolExecutor.java:1144)
	at java.base/java.util.concurrent.ThreadPoolExecutor$Worker.run(ThreadPoolExecutor.java:642)
	at java.base/java.lang.Thread.run(Thread.java:1575)
... Removed 12 stack frames</pre></div><a href='#' onClick='toggleBox("stack-trace974873110", this, "Click to show all stack frames", "Click to hide stack frames")'>Click to show all stack frames</a>
<div class='stack-trace' id='stack-trace974873110'><pre>java.lang.AssertionError: Alert is not present
	at org.testng.Assert.fail(Assert.java:111)
	at testCases.Tree_TestCase.EmptyTryeditorTypesofBT(Tree_TestCase.java:607)
	at java.base/jdk.internal.reflect.DirectMethodHandleAccessor.invoke(DirectMethodHandleAccessor.java:103)
	at java.base/java.lang.reflect.Method.invoke(Method.java:580)
	at org.testng.internal.invokers.MethodInvocationHelper.invokeMethod(MethodInvocationHelper.java:141)
	at org.testng.internal.invokers.TestInvoker.invokeMethod(TestInvoker.java:686)
	at org.testng.internal.invokers.TestInvoker.retryFailed(TestInvoker.java:269)
	at org.testng.internal.invokers.MethodRunner.runInSequence(MethodRunner.java:76)
	at org.testng.internal.invokers.TestInvoker$MethodInvocationAgent.invoke(TestInvoker.java:992)
	at org.testng.internal.invokers.TestInvoker.invokeTestMethods(TestInvoker.java:203)
	at org.testng.internal.invokers.TestMethodWorker.invokeTestMethods(TestMethodWorker.java:154)
	at org.testng.internal.invokers.TestMethodWorker.run(TestMethodWorker.java:134)
	at java.base/java.util.concurrent.Executors$RunnableAdapter.call(Executors.java:572)
	at java.base/java.util.concurrent.FutureTask.run(FutureTask.java:317)
	at org.testng.internal.thread.graph.TestNGFutureTask.run(TestNGFutureTask.java:22)
	at java.base/java.util.concurrent.ThreadPoolExecutor.runWorker(ThreadPoolExecutor.java:1144)
	at java.base/java.util.concurrent.ThreadPoolExecutor$Worker.run(ThreadPoolExecutor.java:642)
	at java.base/java.lang.Thread.run(Thread.java:1575)
</pre></div></td>
<td>1</td>
<td>testCases.Tree_TestCase@7f8a9499</td></tr>
<tr>
<td title='testCases.Register_TestCase.InvalidRegister()'><b>InvalidRegister</b><br>Test class: testCases.Register_TestCase<br>Parameters: BiRi9@n!, abc@1234, abc@1234, Invalid Username , Invaliduser</td>
<td><div><pre>java.lang.AssertionError: expected [password_mismatch:The two password fields didn’t match.] but found [Invalid Username ]
	at testCases.Register_TestCase.InvalidRegister(Register_TestCase.java:40)
	at java.base/java.util.concurrent.Executors$RunnableAdapter.call(Executors.java:572)
	at java.base/java.util.concurrent.FutureTask.run(FutureTask.java:317)
	at java.base/java.util.concurrent.ThreadPoolExecutor.runWorker(ThreadPoolExecutor.java:1144)
	at java.base/java.util.concurrent.ThreadPoolExecutor$Worker.run(ThreadPoolExecutor.java:642)
	at java.base/java.lang.Thread.run(Thread.java:1575)
... Removed 17 stack frames</pre></div><a href='#' onClick='toggleBox("stack-trace458920148", this, "Click to show all stack frames", "Click to hide stack frames")'>Click to show all stack frames</a>
<div class='stack-trace' id='stack-trace458920148'><pre>java.lang.AssertionError: expected [password_mismatch:The two password fields didn’t match.] but found [Invalid Username ]
	at org.testng.Assert.fail(Assert.java:111)
	at org.testng.Assert.failNotEquals(Assert.java:1578)
	at org.testng.Assert.assertEqualsImpl(Assert.java:150)
	at org.testng.Assert.assertEquals(Assert.java:132)
	at org.testng.Assert.assertEquals(Assert.java:656)
	at org.testng.Assert.assertEquals(Assert.java:666)
	at testCases.Register_TestCase.InvalidRegister(Register_TestCase.java:40)
	at java.base/jdk.internal.reflect.DirectMethodHandleAccessor.invoke(DirectMethodHandleAccessor.java:103)
	at java.base/java.lang.reflect.Method.invoke(Method.java:580)
	at org.testng.internal.invokers.MethodInvocationHelper.invokeMethod(MethodInvocationHelper.java:141)
	at org.testng.internal.invokers.TestInvoker.invokeMethod(TestInvoker.java:686)
	at org.testng.internal.invokers.TestInvoker.retryFailed(TestInvoker.java:269)
	at org.testng.internal.invokers.MethodRunner.runInSequence(MethodRunner.java:76)
	at org.testng.internal.invokers.TestInvoker$MethodInvocationAgent.invoke(TestInvoker.java:992)
	at org.testng.internal.invokers.TestInvoker.invokeTestMethods(TestInvoker.java:203)
	at org.testng.internal.invokers.TestMethodWorker.invokeTestMethods(TestMethodWorker.java:154)
	at org.testng.internal.invokers.TestMethodWorker.run(TestMethodWorker.java:134)
	at java.base/java.util.concurrent.Executors$RunnableAdapter.call(Executors.java:572)
	at java.base/java.util.concurrent.FutureTask.run(FutureTask.java:317)
	at org.testng.internal.thread.graph.TestNGFutureTask.run(TestNGFutureTask.java:22)
	at java.base/java.util.concurrent.ThreadPoolExecutor.runWorker(ThreadPoolExecutor.java:1144)
	at java.base/java.util.concurrent.ThreadPoolExecutor$Worker.run(ThreadPoolExecutor.java:642)
	at java.base/java.lang.Thread.run(Thread.java:1575)
</pre></div></td>
<td>3</td>
<td>testCases.Register_TestCase@4d518b32</td></tr>
<tr>
<td title='testCases.Tree_TestCase.EmptyTryeditorABT()'><b>EmptyTryeditorABT</b><br>Test class: testCases.Tree_TestCase</td>
<td><div><pre>java.lang.AssertionError: Alert is not present
	at testCases.Tree_TestCase.EmptyTryeditorABT(Tree_TestCase.java:922)
	at java.base/java.util.concurrent.Executors$RunnableAdapter.call(Executors.java:572)
	at java.base/java.util.concurrent.FutureTask.run(FutureTask.java:317)
	at java.base/java.util.concurrent.ThreadPoolExecutor.runWorker(ThreadPoolExecutor.java:1144)
	at java.base/java.util.concurrent.ThreadPoolExecutor$Worker.run(ThreadPoolExecutor.java:642)
	at java.base/java.lang.Thread.run(Thread.java:1575)
... Removed 12 stack frames</pre></div><a href='#' onClick='toggleBox("stack-trace75375596", this, "Click to show all stack frames", "Click to hide stack frames")'>Click to show all stack frames</a>
<div class='stack-trace' id='stack-trace75375596'><pre>java.lang.AssertionError: Alert is not present
	at org.testng.Assert.fail(Assert.java:111)
	at testCases.Tree_TestCase.EmptyTryeditorABT(Tree_TestCase.java:922)
	at java.base/jdk.internal.reflect.DirectMethodHandleAccessor.invoke(DirectMethodHandleAccessor.java:103)
	at java.base/java.lang.reflect.Method.invoke(Method.java:580)
	at org.testng.internal.invokers.MethodInvocationHelper.invokeMethod(MethodInvocationHelper.java:141)
	at org.testng.internal.invokers.TestInvoker.invokeMethod(TestInvoker.java:686)
	at org.testng.internal.invokers.TestInvoker.invokeTestMethod(TestInvoker.java:230)
	at org.testng.internal.invokers.MethodRunner.runInSequence(MethodRunner.java:63)
	at org.testng.internal.invokers.TestInvoker$MethodInvocationAgent.invoke(TestInvoker.java:992)
	at org.testng.internal.invokers.TestInvoker.invokeTestMethods(TestInvoker.java:203)
	at org.testng.internal.invokers.TestMethodWorker.invokeTestMethods(TestMethodWorker.java:154)
	at org.testng.internal.invokers.TestMethodWorker.run(TestMethodWorker.java:134)
	at java.base/java.util.concurrent.Executors$RunnableAdapter.call(Executors.java:572)
	at java.base/java.util.concurrent.FutureTask.run(FutureTask.java:317)
	at org.testng.internal.thread.graph.TestNGFutureTask.run(TestNGFutureTask.java:22)
	at java.base/java.util.concurrent.ThreadPoolExecutor.runWorker(ThreadPoolExecutor.java:1144)
	at java.base/java.util.concurrent.ThreadPoolExecutor$Worker.run(ThreadPoolExecutor.java:642)
	at java.base/java.lang.Thread.run(Thread.java:1575)
</pre></div></td>
<td>10</td>
<td>testCases.Tree_TestCase@7f8a9499</td></tr>
<tr>
<td title='testCases.Tree_TestCase.EmptyTryeditorIBT()'><b>EmptyTryeditorIBT</b><br>Test class: testCases.Tree_TestCase</td>
<td><div><pre>java.lang.AssertionError: Alert is not present
	at testCases.Tree_TestCase.EmptyTryeditorIBT(Tree_TestCase.java:844)
	at java.base/java.util.concurrent.Executors$RunnableAdapter.call(Executors.java:572)
	at java.base/java.util.concurrent.FutureTask.run(FutureTask.java:317)
	at java.base/java.util.concurrent.ThreadPoolExecutor.runWorker(ThreadPoolExecutor.java:1144)
	at java.base/java.util.concurrent.ThreadPoolExecutor$Worker.run(ThreadPoolExecutor.java:642)
	at java.base/java.lang.Thread.run(Thread.java:1575)
... Removed 12 stack frames</pre></div><a href='#' onClick='toggleBox("stack-trace628142693", this, "Click to show all stack frames", "Click to hide stack frames")'>Click to show all stack frames</a>
<div class='stack-trace' id='stack-trace628142693'><pre>java.lang.AssertionError: Alert is not present
	at org.testng.Assert.fail(Assert.java:111)
	at testCases.Tree_TestCase.EmptyTryeditorIBT(Tree_TestCase.java:844)
	at java.base/jdk.internal.reflect.DirectMethodHandleAccessor.invoke(DirectMethodHandleAccessor.java:103)
	at java.base/java.lang.reflect.Method.invoke(Method.java:580)
	at org.testng.internal.invokers.MethodInvocationHelper.invokeMethod(MethodInvocationHelper.java:141)
	at org.testng.internal.invokers.TestInvoker.invokeMethod(TestInvoker.java:686)
	at org.testng.internal.invokers.TestInvoker.invokeTestMethod(TestInvoker.java:230)
	at org.testng.internal.invokers.MethodRunner.runInSequence(MethodRunner.java:63)
	at org.testng.internal.invokers.TestInvoker$MethodInvocationAgent.invoke(TestInvoker.java:992)
	at org.testng.internal.invokers.TestInvoker.invokeTestMethods(TestInvoker.java:203)
	at org.testng.internal.invokers.TestMethodWorker.invokeTestMethods(TestMethodWorker.java:154)
	at org.testng.internal.invokers.TestMethodWorker.run(TestMethodWorker.java:134)
	at java.base/java.util.concurrent.Executors$RunnableAdapter.call(Executors.java:572)
	at java.base/java.util.concurrent.FutureTask.run(FutureTask.java:317)
	at org.testng.internal.thread.graph.TestNGFutureTask.run(TestNGFutureTask.java:22)
	at java.base/java.util.concurrent.ThreadPoolExecutor.runWorker(ThreadPoolExecutor.java:1144)
	at java.base/java.util.concurrent.ThreadPoolExecutor$Worker.run(ThreadPoolExecutor.java:642)
	at java.base/java.lang.Thread.run(Thread.java:1575)
</pre></div></td>
<td>1</td>
<td>testCases.Tree_TestCase@7f8a9499</td></tr>
<tr>
<td title='testCases.Register_TestCase.InvalidRegister()'><b>InvalidRegister</b><br>Test class: testCases.Register_TestCase<br>Parameters: BiRi9@n!, abc@1234, abc@1234, Invalid Username , Invaliduser</td>
<td><div><pre>java.lang.AssertionError: expected [password_mismatch:The two password fields didn’t match.] but found [Invalid Username ]
	at testCases.Register_TestCase.InvalidRegister(Register_TestCase.java:40)
	at java.base/java.util.concurrent.Executors$RunnableAdapter.call(Executors.java:572)
	at java.base/java.util.concurrent.FutureTask.run(FutureTask.java:317)
	at java.base/java.util.concurrent.ThreadPoolExecutor.runWorker(ThreadPoolExecutor.java:1144)
	at java.base/java.util.concurrent.ThreadPoolExecutor$Worker.run(ThreadPoolExecutor.java:642)
	at java.base/java.lang.Thread.run(Thread.java:1575)
... Removed 17 stack frames</pre></div><a href='#' onClick='toggleBox("stack-trace623514044", this, "Click to show all stack frames", "Click to hide stack frames")'>Click to show all stack frames</a>
<div class='stack-trace' id='stack-trace623514044'><pre>java.lang.AssertionError: expected [password_mismatch:The two password fields didn’t match.] but found [Invalid Username ]
	at org.testng.Assert.fail(Assert.java:111)
	at org.testng.Assert.failNotEquals(Assert.java:1578)
	at org.testng.Assert.assertEqualsImpl(Assert.java:150)
	at org.testng.Assert.assertEquals(Assert.java:132)
	at org.testng.Assert.assertEquals(Assert.java:656)
	at org.testng.Assert.assertEquals(Assert.java:666)
	at testCases.Register_TestCase.InvalidRegister(Register_TestCase.java:40)
	at java.base/jdk.internal.reflect.DirectMethodHandleAccessor.invoke(DirectMethodHandleAccessor.java:103)
	at java.base/java.lang.reflect.Method.invoke(Method.java:580)
	at org.testng.internal.invokers.MethodInvocationHelper.invokeMethod(MethodInvocationHelper.java:141)
	at org.testng.internal.invokers.TestInvoker.invokeMethod(TestInvoker.java:686)
	at org.testng.internal.invokers.TestInvoker.invokeTestMethod(TestInvoker.java:230)
	at org.testng.internal.invokers.MethodRunner.runInSequence(MethodRunner.java:63)
	at org.testng.internal.invokers.TestInvoker$MethodInvocationAgent.invoke(TestInvoker.java:992)
	at org.testng.internal.invokers.TestInvoker.invokeTestMethods(TestInvoker.java:203)
	at org.testng.internal.invokers.TestMethodWorker.invokeTestMethods(TestMethodWorker.java:154)
	at org.testng.internal.invokers.TestMethodWorker.run(TestMethodWorker.java:134)
	at java.base/java.util.concurrent.Executors$RunnableAdapter.call(Executors.java:572)
	at java.base/java.util.concurrent.FutureTask.run(FutureTask.java:317)
	at org.testng.internal.thread.graph.TestNGFutureTask.run(TestNGFutureTask.java:22)
	at java.base/java.util.concurrent.ThreadPoolExecutor.runWorker(ThreadPoolExecutor.java:1144)
	at java.base/java.util.concurrent.ThreadPoolExecutor$Worker.run(ThreadPoolExecutor.java:642)
	at java.base/java.lang.Thread.run(Thread.java:1575)
</pre></div></td>
<td>2</td>
<td>testCases.Register_TestCase@4d518b32</td></tr>
<tr>
<td title='testCases.Tree_TestCase.EmptyTryeditorTravelsIllus()'><b>EmptyTryeditorTravelsIllus</b><br>Test class: testCases.Tree_TestCase</td>
<td><div><pre>java.lang.AssertionError: Alert is not present
	at testCases.Tree_TestCase.EmptyTryeditorTravelsIllus(Tree_TestCase.java:451)
	at java.base/java.util.concurrent.Executors$RunnableAdapter.call(Executors.java:572)
	at java.base/java.util.concurrent.FutureTask.run(FutureTask.java:317)
	at java.base/java.util.concurrent.ThreadPoolExecutor.runWorker(ThreadPoolExecutor.java:1144)
	at java.base/java.util.concurrent.ThreadPoolExecutor$Worker.run(ThreadPoolExecutor.java:642)
	at java.base/java.lang.Thread.run(Thread.java:1575)
... Removed 12 stack frames</pre></div><a href='#' onClick='toggleBox("stack-trace1622887970", this, "Click to show all stack frames", "Click to hide stack frames")'>Click to show all stack frames</a>
<div class='stack-trace' id='stack-trace1622887970'><pre>java.lang.AssertionError: Alert is not present
	at org.testng.Assert.fail(Assert.java:111)
	at testCases.Tree_TestCase.EmptyTryeditorTravelsIllus(Tree_TestCase.java:451)
	at java.base/jdk.internal.reflect.DirectMethodHandleAccessor.invoke(DirectMethodHandleAccessor.java:103)
	at java.base/java.lang.reflect.Method.invoke(Method.java:580)
	at org.testng.internal.invokers.MethodInvocationHelper.invokeMethod(MethodInvocationHelper.java:141)
	at org.testng.internal.invokers.TestInvoker.invokeMethod(TestInvoker.java:686)
	at org.testng.internal.invokers.TestInvoker.retryFailed(TestInvoker.java:269)
	at org.testng.internal.invokers.MethodRunner.runInSequence(MethodRunner.java:76)
	at org.testng.internal.invokers.TestInvoker$MethodInvocationAgent.invoke(TestInvoker.java:992)
	at org.testng.internal.invokers.TestInvoker.invokeTestMethods(TestInvoker.java:203)
	at org.testng.internal.invokers.TestMethodWorker.invokeTestMethods(TestMethodWorker.java:154)
	at org.testng.internal.invokers.TestMethodWorker.run(TestMethodWorker.java:134)
	at java.base/java.util.concurrent.Executors$RunnableAdapter.call(Executors.java:572)
	at java.base/java.util.concurrent.FutureTask.run(FutureTask.java:317)
	at org.testng.internal.thread.graph.TestNGFutureTask.run(TestNGFutureTask.java:22)
	at java.base/java.util.concurrent.ThreadPoolExecutor.runWorker(ThreadPoolExecutor.java:1144)
	at java.base/java.util.concurrent.ThreadPoolExecutor$Worker.run(ThreadPoolExecutor.java:642)
	at java.base/java.lang.Thread.run(Thread.java:1575)
</pre></div></td>
<td>1</td>
<td>testCases.Tree_TestCase@7f8a9499</td></tr>
<tr>
<td title='testCases.Tree_TestCase.EmptyTryeditorIBST()'><b>EmptyTryeditorIBST</b><br>Test class: testCases.Tree_TestCase</td>
<td><div><pre>java.lang.AssertionError: Alert is not present
	at testCases.Tree_TestCase.EmptyTryeditorIBST(Tree_TestCase.java:1085)
	at java.base/java.util.concurrent.Executors$RunnableAdapter.call(Executors.java:572)
	at java.base/java.util.concurrent.FutureTask.run(FutureTask.java:317)
	at java.base/java.util.concurrent.ThreadPoolExecutor.runWorker(ThreadPoolExecutor.java:1144)
	at java.base/java.util.concurrent.ThreadPoolExecutor$Worker.run(ThreadPoolExecutor.java:642)
	at java.base/java.lang.Thread.run(Thread.java:1575)
... Removed 12 stack frames</pre></div><a href='#' onClick='toggleBox("stack-trace1559270764", this, "Click to show all stack frames", "Click to hide stack frames")'>Click to show all stack frames</a>
<div class='stack-trace' id='stack-trace1559270764'><pre>java.lang.AssertionError: Alert is not present
	at org.testng.Assert.fail(Assert.java:111)
	at testCases.Tree_TestCase.EmptyTryeditorIBST(Tree_TestCase.java:1085)
	at java.base/jdk.internal.reflect.DirectMethodHandleAccessor.invoke(DirectMethodHandleAccessor.java:103)
	at java.base/java.lang.reflect.Method.invoke(Method.java:580)
	at org.testng.internal.invokers.MethodInvocationHelper.invokeMethod(MethodInvocationHelper.java:141)
	at org.testng.internal.invokers.TestInvoker.invokeMethod(TestInvoker.java:686)
	at org.testng.internal.invokers.TestInvoker.retryFailed(TestInvoker.java:269)
	at org.testng.internal.invokers.MethodRunner.runInSequence(MethodRunner.java:76)
	at org.testng.internal.invokers.TestInvoker$MethodInvocationAgent.invoke(TestInvoker.java:992)
	at org.testng.internal.invokers.TestInvoker.invokeTestMethods(TestInvoker.java:203)
	at org.testng.internal.invokers.TestMethodWorker.invokeTestMethods(TestMethodWorker.java:154)
	at org.testng.internal.invokers.TestMethodWorker.run(TestMethodWorker.java:134)
	at java.base/java.util.concurrent.Executors$RunnableAdapter.call(Executors.java:572)
	at java.base/java.util.concurrent.FutureTask.run(FutureTask.java:317)
	at org.testng.internal.thread.graph.TestNGFutureTask.run(TestNGFutureTask.java:22)
	at java.base/java.util.concurrent.ThreadPoolExecutor.runWorker(ThreadPoolExecutor.java:1144)
	at java.base/java.util.concurrent.ThreadPoolExecutor$Worker.run(ThreadPoolExecutor.java:642)
	at java.base/java.lang.Thread.run(Thread.java:1575)
</pre></div></td>
<td>1</td>
<td>testCases.Tree_TestCase@7f8a9499</td></tr>
<tr>
<td title='testCases.Register_TestCase.InvalidRegister()'><b>InvalidRegister</b><br>Test class: testCases.Register_TestCase<br>Parameters: ActionSquad, invalid===, invalid===, Invalid Password, Invalidpass</td>
<td><div><pre>java.lang.AssertionError: expected [password_mismatch:The two password fields didn’t match.] but found [Invalid Password]
	at testCases.Register_TestCase.InvalidRegister(Register_TestCase.java:52)
	at java.base/java.util.concurrent.Executors$RunnableAdapter.call(Executors.java:572)
	at java.base/java.util.concurrent.FutureTask.run(FutureTask.java:317)
	at java.base/java.util.concurrent.ThreadPoolExecutor.runWorker(ThreadPoolExecutor.java:1144)
	at java.base/java.util.concurrent.ThreadPoolExecutor$Worker.run(ThreadPoolExecutor.java:642)
	at java.base/java.lang.Thread.run(Thread.java:1575)
... Removed 17 stack frames</pre></div><a href='#' onClick='toggleBox("stack-trace2087137402", this, "Click to show all stack frames", "Click to hide stack frames")'>Click to show all stack frames</a>
<div class='stack-trace' id='stack-trace2087137402'><pre>java.lang.AssertionError: expected [password_mismatch:The two password fields didn’t match.] but found [Invalid Password]
	at org.testng.Assert.fail(Assert.java:111)
	at org.testng.Assert.failNotEquals(Assert.java:1578)
	at org.testng.Assert.assertEqualsImpl(Assert.java:150)
	at org.testng.Assert.assertEquals(Assert.java:132)
	at org.testng.Assert.assertEquals(Assert.java:656)
	at org.testng.Assert.assertEquals(Assert.java:666)
	at testCases.Register_TestCase.InvalidRegister(Register_TestCase.java:52)
	at java.base/jdk.internal.reflect.DirectMethodHandleAccessor.invoke(DirectMethodHandleAccessor.java:103)
	at java.base/java.lang.reflect.Method.invoke(Method.java:580)
	at org.testng.internal.invokers.MethodInvocationHelper.invokeMethod(MethodInvocationHelper.java:141)
	at org.testng.internal.invokers.TestInvoker.invokeMethod(TestInvoker.java:686)
	at org.testng.internal.invokers.TestInvoker.retryFailed(TestInvoker.java:269)
	at org.testng.internal.invokers.MethodRunner.runInSequence(MethodRunner.java:76)
	at org.testng.internal.invokers.TestInvoker$MethodInvocationAgent.invoke(TestInvoker.java:992)
	at org.testng.internal.invokers.TestInvoker.invokeTestMethods(TestInvoker.java:203)
	at org.testng.internal.invokers.TestMethodWorker.invokeTestMethods(TestMethodWorker.java:154)
	at org.testng.internal.invokers.TestMethodWorker.run(TestMethodWorker.java:134)
	at java.base/java.util.concurrent.Executors$RunnableAdapter.call(Executors.java:572)
	at java.base/java.util.concurrent.FutureTask.run(FutureTask.java:317)
	at org.testng.internal.thread.graph.TestNGFutureTask.run(TestNGFutureTask.java:22)
	at java.base/java.util.concurrent.ThreadPoolExecutor.runWorker(ThreadPoolExecutor.java:1144)
	at java.base/java.util.concurrent.ThreadPoolExecutor$Worker.run(ThreadPoolExecutor.java:642)
	at java.base/java.lang.Thread.run(Thread.java:1575)
</pre></div></td>
<td>0</td>
<td>testCases.Register_TestCase@4d518b32</td></tr>
<tr>
<td title='testCases.Tree_TestCase.EmptyTryeditorBT()'><b>EmptyTryeditorBT</b><br>Test class: testCases.Tree_TestCase</td>
<td><div><pre>java.lang.AssertionError: Alert is not present
	at testCases.Tree_TestCase.EmptyTryeditorBT(Tree_TestCase.java:529)
	at java.base/java.util.concurrent.Executors$RunnableAdapter.call(Executors.java:572)
	at java.base/java.util.concurrent.FutureTask.run(FutureTask.java:317)
	at java.base/java.util.concurrent.ThreadPoolExecutor.runWorker(ThreadPoolExecutor.java:1144)
	at java.base/java.util.concurrent.ThreadPoolExecutor$Worker.run(ThreadPoolExecutor.java:642)
	at java.base/java.lang.Thread.run(Thread.java:1575)
... Removed 12 stack frames</pre></div><a href='#' onClick='toggleBox("stack-trace1943552250", this, "Click to show all stack frames", "Click to hide stack frames")'>Click to show all stack frames</a>
<div class='stack-trace' id='stack-trace1943552250'><pre>java.lang.AssertionError: Alert is not present
	at org.testng.Assert.fail(Assert.java:111)
	at testCases.Tree_TestCase.EmptyTryeditorBT(Tree_TestCase.java:529)
	at java.base/jdk.internal.reflect.DirectMethodHandleAccessor.invoke(DirectMethodHandleAccessor.java:103)
	at java.base/java.lang.reflect.Method.invoke(Method.java:580)
	at org.testng.internal.invokers.MethodInvocationHelper.invokeMethod(MethodInvocationHelper.java:141)
	at org.testng.internal.invokers.TestInvoker.invokeMethod(TestInvoker.java:686)
	at org.testng.internal.invokers.TestInvoker.invokeTestMethod(TestInvoker.java:230)
	at org.testng.internal.invokers.MethodRunner.runInSequence(MethodRunner.java:63)
	at org.testng.internal.invokers.TestInvoker$MethodInvocationAgent.invoke(TestInvoker.java:992)
	at org.testng.internal.invokers.TestInvoker.invokeTestMethods(TestInvoker.java:203)
	at org.testng.internal.invokers.TestMethodWorker.invokeTestMethods(TestMethodWorker.java:154)
	at org.testng.internal.invokers.TestMethodWorker.run(TestMethodWorker.java:134)
	at java.base/java.util.concurrent.Executors$RunnableAdapter.call(Executors.java:572)
	at java.base/java.util.concurrent.FutureTask.run(FutureTask.java:317)
	at org.testng.internal.thread.graph.TestNGFutureTask.run(TestNGFutureTask.java:22)
	at java.base/java.util.concurrent.ThreadPoolExecutor.runWorker(ThreadPoolExecutor.java:1144)
	at java.base/java.util.concurrent.ThreadPoolExecutor$Worker.run(ThreadPoolExecutor.java:642)
	at java.base/java.lang.Thread.run(Thread.java:1575)
</pre></div></td>
<td>1</td>
<td>testCases.Tree_TestCase@7f8a9499</td></tr>
<tr>
<td title='testCases.Tree_TestCase.EmptyTryeditorTypesofTrees()'><b>EmptyTryeditorTypesofTrees</b><br>Test class: testCases.Tree_TestCase</td>
<td><div><pre>java.lang.AssertionError: Alert is not present
	at testCases.Tree_TestCase.EmptyTryeditorTypesofTrees(Tree_TestCase.java:289)
	at java.base/java.util.concurrent.Executors$RunnableAdapter.call(Executors.java:572)
	at java.base/java.util.concurrent.FutureTask.run(FutureTask.java:317)
	at java.base/java.util.concurrent.ThreadPoolExecutor.runWorker(ThreadPoolExecutor.java:1144)
	at java.base/java.util.concurrent.ThreadPoolExecutor$Worker.run(ThreadPoolExecutor.java:642)
	at java.base/java.lang.Thread.run(Thread.java:1575)
... Removed 12 stack frames</pre></div><a href='#' onClick='toggleBox("stack-trace2043882231", this, "Click to show all stack frames", "Click to hide stack frames")'>Click to show all stack frames</a>
<div class='stack-trace' id='stack-trace2043882231'><pre>java.lang.AssertionError: Alert is not present
	at org.testng.Assert.fail(Assert.java:111)
	at testCases.Tree_TestCase.EmptyTryeditorTypesofTrees(Tree_TestCase.java:289)
	at java.base/jdk.internal.reflect.DirectMethodHandleAccessor.invoke(DirectMethodHandleAccessor.java:103)
	at java.base/java.lang.reflect.Method.invoke(Method.java:580)
	at org.testng.internal.invokers.MethodInvocationHelper.invokeMethod(MethodInvocationHelper.java:141)
	at org.testng.internal.invokers.TestInvoker.invokeMethod(TestInvoker.java:686)
	at org.testng.internal.invokers.TestInvoker.invokeTestMethod(TestInvoker.java:230)
	at org.testng.internal.invokers.MethodRunner.runInSequence(MethodRunner.java:63)
	at org.testng.internal.invokers.TestInvoker$MethodInvocationAgent.invoke(TestInvoker.java:992)
	at org.testng.internal.invokers.TestInvoker.invokeTestMethods(TestInvoker.java:203)
	at org.testng.internal.invokers.TestMethodWorker.invokeTestMethods(TestMethodWorker.java:154)
	at org.testng.internal.invokers.TestMethodWorker.run(TestMethodWorker.java:134)
	at java.base/java.util.concurrent.Executors$RunnableAdapter.call(Executors.java:572)
	at java.base/java.util.concurrent.FutureTask.run(FutureTask.java:317)
	at org.testng.internal.thread.graph.TestNGFutureTask.run(TestNGFutureTask.java:22)
	at java.base/java.util.concurrent.ThreadPoolExecutor.runWorker(ThreadPoolExecutor.java:1144)
	at java.base/java.util.concurrent.ThreadPoolExecutor$Worker.run(ThreadPoolExecutor.java:642)
	at java.base/java.lang.Thread.run(Thread.java:1575)
</pre></div></td>
<td>1</td>
<td>testCases.Tree_TestCase@7f8a9499</td></tr>
<tr>
<td title='testCases.Tree_TestCase.EmptyTryeditorOverview()'><b>EmptyTryeditorOverview</b><br>Test class: testCases.Tree_TestCase</td>
<td><div><pre>java.lang.AssertionError: Alert is not present
	at testCases.Tree_TestCase.EmptyTryeditorOverview(Tree_TestCase.java:127)
	at java.base/java.util.concurrent.Executors$RunnableAdapter.call(Executors.java:572)
	at java.base/java.util.concurrent.FutureTask.run(FutureTask.java:317)
	at java.base/java.util.concurrent.ThreadPoolExecutor.runWorker(ThreadPoolExecutor.java:1144)
	at java.base/java.util.concurrent.ThreadPoolExecutor$Worker.run(ThreadPoolExecutor.java:642)
	at java.base/java.lang.Thread.run(Thread.java:1575)
... Removed 12 stack frames</pre></div><a href='#' onClick='toggleBox("stack-trace267002189", this, "Click to show all stack frames", "Click to hide stack frames")'>Click to show all stack frames</a>
<div class='stack-trace' id='stack-trace267002189'><pre>java.lang.AssertionError: Alert is not present
	at org.testng.Assert.fail(Assert.java:111)
	at testCases.Tree_TestCase.EmptyTryeditorOverview(Tree_TestCase.java:127)
	at java.base/jdk.internal.reflect.DirectMethodHandleAccessor.invoke(DirectMethodHandleAccessor.java:103)
	at java.base/java.lang.reflect.Method.invoke(Method.java:580)
	at org.testng.internal.invokers.MethodInvocationHelper.invokeMethod(MethodInvocationHelper.java:141)
	at org.testng.internal.invokers.TestInvoker.invokeMethod(TestInvoker.java:686)
	at org.testng.internal.invokers.TestInvoker.retryFailed(TestInvoker.java:269)
	at org.testng.internal.invokers.MethodRunner.runInSequence(MethodRunner.java:76)
	at org.testng.internal.invokers.TestInvoker$MethodInvocationAgent.invoke(TestInvoker.java:992)
	at org.testng.internal.invokers.TestInvoker.invokeTestMethods(TestInvoker.java:203)
	at org.testng.internal.invokers.TestMethodWorker.invokeTestMethods(TestMethodWorker.java:154)
	at org.testng.internal.invokers.TestMethodWorker.run(TestMethodWorker.java:134)
	at java.base/java.util.concurrent.Executors$RunnableAdapter.call(Executors.java:572)
	at java.base/java.util.concurrent.FutureTask.run(FutureTask.java:317)
	at org.testng.internal.thread.graph.TestNGFutureTask.run(TestNGFutureTask.java:22)
	at java.base/java.util.concurrent.ThreadPoolExecutor.runWorker(ThreadPoolExecutor.java:1144)
	at java.base/java.util.concurrent.ThreadPoolExecutor$Worker.run(ThreadPoolExecutor.java:642)
	at java.base/java.lang.Thread.run(Thread.java:1575)
</pre></div></td>
<td>0</td>
<td>testCases.Tree_TestCase@7f8a9499</td></tr>
<tr>
<td title='testCases.Tree_TestCase.EmptyTryeditorTreeTraversals()'><b>EmptyTryeditorTreeTraversals</b><br>Test class: testCases.Tree_TestCase</td>
<td><div><pre>java.lang.AssertionError: Alert is not present
	at testCases.Tree_TestCase.EmptyTryeditorTreeTraversals(Tree_TestCase.java:371)
	at java.base/java.util.concurrent.Executors$RunnableAdapter.call(Executors.java:572)
	at java.base/java.util.concurrent.FutureTask.run(FutureTask.java:317)
	at java.base/java.util.concurrent.ThreadPoolExecutor.runWorker(ThreadPoolExecutor.java:1144)
	at java.base/java.util.concurrent.ThreadPoolExecutor$Worker.run(ThreadPoolExecutor.java:642)
	at java.base/java.lang.Thread.run(Thread.java:1575)
... Removed 12 stack frames</pre></div><a href='#' onClick='toggleBox("stack-trace328370741", this, "Click to show all stack frames", "Click to hide stack frames")'>Click to show all stack frames</a>
<div class='stack-trace' id='stack-trace328370741'><pre>java.lang.AssertionError: Alert is not present
	at org.testng.Assert.fail(Assert.java:111)
	at testCases.Tree_TestCase.EmptyTryeditorTreeTraversals(Tree_TestCase.java:371)
	at java.base/jdk.internal.reflect.DirectMethodHandleAccessor.invoke(DirectMethodHandleAccessor.java:103)
	at java.base/java.lang.reflect.Method.invoke(Method.java:580)
	at org.testng.internal.invokers.MethodInvocationHelper.invokeMethod(MethodInvocationHelper.java:141)
	at org.testng.internal.invokers.TestInvoker.invokeMethod(TestInvoker.java:686)
	at org.testng.internal.invokers.TestInvoker.retryFailed(TestInvoker.java:269)
	at org.testng.internal.invokers.MethodRunner.runInSequence(MethodRunner.java:76)
	at org.testng.internal.invokers.TestInvoker$MethodInvocationAgent.invoke(TestInvoker.java:992)
	at org.testng.internal.invokers.TestInvoker.invokeTestMethods(TestInvoker.java:203)
	at org.testng.internal.invokers.TestMethodWorker.invokeTestMethods(TestMethodWorker.java:154)
	at org.testng.internal.invokers.TestMethodWorker.run(TestMethodWorker.java:134)
	at java.base/java.util.concurrent.Executors$RunnableAdapter.call(Executors.java:572)
	at java.base/java.util.concurrent.FutureTask.run(FutureTask.java:317)
	at org.testng.internal.thread.graph.TestNGFutureTask.run(TestNGFutureTask.java:22)
	at java.base/java.util.concurrent.ThreadPoolExecutor.runWorker(ThreadPoolExecutor.java:1144)
	at java.base/java.util.concurrent.ThreadPoolExecutor$Worker.run(ThreadPoolExecutor.java:642)
	at java.base/java.lang.Thread.run(Thread.java:1575)
</pre></div></td>
<td>1</td>
<td>testCases.Tree_TestCase@7f8a9499</td></tr>
<tr>
<td title='testCases.Tree_TestCase.EmptyTryeditorImpinBT()'><b>EmptyTryeditorImpinBT</b><br>Test class: testCases.Tree_TestCase</td>
<td><div><pre>java.lang.AssertionError: Alert is not present
	at testCases.Tree_TestCase.EmptyTryeditorImpinBT(Tree_TestCase.java:687)
	at java.base/java.util.concurrent.Executors$RunnableAdapter.call(Executors.java:572)
	at java.base/java.util.concurrent.FutureTask.run(FutureTask.java:317)
	at java.base/java.util.concurrent.ThreadPoolExecutor.runWorker(ThreadPoolExecutor.java:1144)
	at java.base/java.util.concurrent.ThreadPoolExecutor$Worker.run(ThreadPoolExecutor.java:642)
	at java.base/java.lang.Thread.run(Thread.java:1575)
... Removed 12 stack frames</pre></div><a href='#' onClick='toggleBox("stack-trace360826411", this, "Click to show all stack frames", "Click to hide stack frames")'>Click to show all stack frames</a>
<div class='stack-trace' id='stack-trace360826411'><pre>java.lang.AssertionError: Alert is not present
	at org.testng.Assert.fail(Assert.java:111)
	at testCases.Tree_TestCase.EmptyTryeditorImpinBT(Tree_TestCase.java:687)
	at java.base/jdk.internal.reflect.DirectMethodHandleAccessor.invoke(DirectMethodHandleAccessor.java:103)
	at java.base/java.lang.reflect.Method.invoke(Method.java:580)
	at org.testng.internal.invokers.MethodInvocationHelper.invokeMethod(MethodInvocationHelper.java:141)
	at org.testng.internal.invokers.TestInvoker.invokeMethod(TestInvoker.java:686)
	at org.testng.internal.invokers.TestInvoker.invokeTestMethod(TestInvoker.java:230)
	at org.testng.internal.invokers.MethodRunner.runInSequence(MethodRunner.java:63)
	at org.testng.internal.invokers.TestInvoker$MethodInvocationAgent.invoke(TestInvoker.java:992)
	at org.testng.internal.invokers.TestInvoker.invokeTestMethods(TestInvoker.java:203)
	at org.testng.internal.invokers.TestMethodWorker.invokeTestMethods(TestMethodWorker.java:154)
	at org.testng.internal.invokers.TestMethodWorker.run(TestMethodWorker.java:134)
	at java.base/java.util.concurrent.Executors$RunnableAdapter.call(Executors.java:572)
	at java.base/java.util.concurrent.FutureTask.run(FutureTask.java:317)
	at org.testng.internal.thread.graph.TestNGFutureTask.run(TestNGFutureTask.java:22)
	at java.base/java.util.concurrent.ThreadPoolExecutor.runWorker(ThreadPoolExecutor.java:1144)
	at java.base/java.util.concurrent.ThreadPoolExecutor$Worker.run(ThreadPoolExecutor.java:642)
	at java.base/java.lang.Thread.run(Thread.java:1575)
</pre></div></td>
<td>1</td>
<td>testCases.Tree_TestCase@7f8a9499</td></tr>
<tr>
<td title='testCases.Tree_TestCase.EmptyTryeditorTypesofBT()'><b>EmptyTryeditorTypesofBT</b><br>Test class: testCases.Tree_TestCase</td>
<td><div><pre>java.lang.AssertionError: Alert is not present
	at testCases.Tree_TestCase.EmptyTryeditorTypesofBT(Tree_TestCase.java:607)
	at java.base/java.util.concurrent.Executors$RunnableAdapter.call(Executors.java:572)
	at java.base/java.util.concurrent.FutureTask.run(FutureTask.java:317)
	at java.base/java.util.concurrent.ThreadPoolExecutor.runWorker(ThreadPoolExecutor.java:1144)
	at java.base/java.util.concurrent.ThreadPoolExecutor$Worker.run(ThreadPoolExecutor.java:642)
	at java.base/java.lang.Thread.run(Thread.java:1575)
... Removed 12 stack frames</pre></div><a href='#' onClick='toggleBox("stack-trace1993531896", this, "Click to show all stack frames", "Click to hide stack frames")'>Click to show all stack frames</a>
<div class='stack-trace' id='stack-trace1993531896'><pre>java.lang.AssertionError: Alert is not present
	at org.testng.Assert.fail(Assert.java:111)
	at testCases.Tree_TestCase.EmptyTryeditorTypesofBT(Tree_TestCase.java:607)
	at java.base/jdk.internal.reflect.DirectMethodHandleAccessor.invoke(DirectMethodHandleAccessor.java:103)
	at java.base/java.lang.reflect.Method.invoke(Method.java:580)
	at org.testng.internal.invokers.MethodInvocationHelper.invokeMethod(MethodInvocationHelper.java:141)
	at org.testng.internal.invokers.TestInvoker.invokeMethod(TestInvoker.java:686)
	at org.testng.internal.invokers.TestInvoker.invokeTestMethod(TestInvoker.java:230)
	at org.testng.internal.invokers.MethodRunner.runInSequence(MethodRunner.java:63)
	at org.testng.internal.invokers.TestInvoker$MethodInvocationAgent.invoke(TestInvoker.java:992)
	at org.testng.internal.invokers.TestInvoker.invokeTestMethods(TestInvoker.java:203)
	at org.testng.internal.invokers.TestMethodWorker.invokeTestMethods(TestMethodWorker.java:154)
	at org.testng.internal.invokers.TestMethodWorker.run(TestMethodWorker.java:134)
	at java.base/java.util.concurrent.Executors$RunnableAdapter.call(Executors.java:572)
	at java.base/java.util.concurrent.FutureTask.run(FutureTask.java:317)
	at org.testng.internal.thread.graph.TestNGFutureTask.run(TestNGFutureTask.java:22)
	at java.base/java.util.concurrent.ThreadPoolExecutor.runWorker(ThreadPoolExecutor.java:1144)
	at java.base/java.util.concurrent.ThreadPoolExecutor$Worker.run(ThreadPoolExecutor.java:642)
	at java.base/java.lang.Thread.run(Thread.java:1575)
</pre></div></td>
<td>2</td>
<td>testCases.Tree_TestCase@7f8a9499</td></tr>
<tr>
<td title='testCases.Tree_TestCase.EmptyTryeditorOverview()'><b>EmptyTryeditorOverview</b><br>Test class: testCases.Tree_TestCase</td>
<td><div><pre>java.lang.AssertionError: Alert is not present
	at testCases.Tree_TestCase.EmptyTryeditorOverview(Tree_TestCase.java:127)
	at java.base/java.util.concurrent.Executors$RunnableAdapter.call(Executors.java:572)
	at java.base/java.util.concurrent.FutureTask.run(FutureTask.java:317)
	at java.base/java.util.concurrent.ThreadPoolExecutor.runWorker(ThreadPoolExecutor.java:1144)
	at java.base/java.util.concurrent.ThreadPoolExecutor$Worker.run(ThreadPoolExecutor.java:642)
	at java.base/java.lang.Thread.run(Thread.java:1575)
... Removed 12 stack frames</pre></div><a href='#' onClick='toggleBox("stack-trace8394670", this, "Click to show all stack frames", "Click to hide stack frames")'>Click to show all stack frames</a>
<div class='stack-trace' id='stack-trace8394670'><pre>java.lang.AssertionError: Alert is not present
	at org.testng.Assert.fail(Assert.java:111)
	at testCases.Tree_TestCase.EmptyTryeditorOverview(Tree_TestCase.java:127)
	at java.base/jdk.internal.reflect.DirectMethodHandleAccessor.invoke(DirectMethodHandleAccessor.java:103)
	at java.base/java.lang.reflect.Method.invoke(Method.java:580)
	at org.testng.internal.invokers.MethodInvocationHelper.invokeMethod(MethodInvocationHelper.java:141)
	at org.testng.internal.invokers.TestInvoker.invokeMethod(TestInvoker.java:686)
	at org.testng.internal.invokers.TestInvoker.invokeTestMethod(TestInvoker.java:230)
	at org.testng.internal.invokers.MethodRunner.runInSequence(MethodRunner.java:63)
	at org.testng.internal.invokers.TestInvoker$MethodInvocationAgent.invoke(TestInvoker.java:992)
	at org.testng.internal.invokers.TestInvoker.invokeTestMethods(TestInvoker.java:203)
	at org.testng.internal.invokers.TestMethodWorker.invokeTestMethods(TestMethodWorker.java:154)
	at org.testng.internal.invokers.TestMethodWorker.run(TestMethodWorker.java:134)
	at java.base/java.util.concurrent.Executors$RunnableAdapter.call(Executors.java:572)
	at java.base/java.util.concurrent.FutureTask.run(FutureTask.java:317)
	at org.testng.internal.thread.graph.TestNGFutureTask.run(TestNGFutureTask.java:22)
	at java.base/java.util.concurrent.ThreadPoolExecutor.runWorker(ThreadPoolExecutor.java:1144)
	at java.base/java.util.concurrent.ThreadPoolExecutor$Worker.run(ThreadPoolExecutor.java:642)
	at java.base/java.lang.Thread.run(Thread.java:1575)
</pre></div></td>
<td>1</td>
<td>testCases.Tree_TestCase@7f8a9499</td></tr>
<tr>
<td title='testCases.Tree_TestCase.EmptyTryeditorOverview()'><b>EmptyTryeditorOverview</b><br>Test class: testCases.Tree_TestCase</td>
<td><div><pre>java.lang.AssertionError: Alert is not present
	at testCases.Tree_TestCase.EmptyTryeditorOverview(Tree_TestCase.java:127)
	at java.base/java.util.concurrent.Executors$RunnableAdapter.call(Executors.java:572)
	at java.base/java.util.concurrent.FutureTask.run(FutureTask.java:317)
	at java.base/java.util.concurrent.ThreadPoolExecutor.runWorker(ThreadPoolExecutor.java:1144)
	at java.base/java.util.concurrent.ThreadPoolExecutor$Worker.run(ThreadPoolExecutor.java:642)
	at java.base/java.lang.Thread.run(Thread.java:1575)
... Removed 12 stack frames</pre></div><a href='#' onClick='toggleBox("stack-trace1791213549", this, "Click to show all stack frames", "Click to hide stack frames")'>Click to show all stack frames</a>
<div class='stack-trace' id='stack-trace1791213549'><pre>java.lang.AssertionError: Alert is not present
	at org.testng.Assert.fail(Assert.java:111)
	at testCases.Tree_TestCase.EmptyTryeditorOverview(Tree_TestCase.java:127)
	at java.base/jdk.internal.reflect.DirectMethodHandleAccessor.invoke(DirectMethodHandleAccessor.java:103)
	at java.base/java.lang.reflect.Method.invoke(Method.java:580)
	at org.testng.internal.invokers.MethodInvocationHelper.invokeMethod(MethodInvocationHelper.java:141)
	at org.testng.internal.invokers.TestInvoker.invokeMethod(TestInvoker.java:686)
	at org.testng.internal.invokers.TestInvoker.retryFailed(TestInvoker.java:269)
	at org.testng.internal.invokers.MethodRunner.runInSequence(MethodRunner.java:76)
	at org.testng.internal.invokers.TestInvoker$MethodInvocationAgent.invoke(TestInvoker.java:992)
	at org.testng.internal.invokers.TestInvoker.invokeTestMethods(TestInvoker.java:203)
	at org.testng.internal.invokers.TestMethodWorker.invokeTestMethods(TestMethodWorker.java:154)
	at org.testng.internal.invokers.TestMethodWorker.run(TestMethodWorker.java:134)
	at java.base/java.util.concurrent.Executors$RunnableAdapter.call(Executors.java:572)
	at java.base/java.util.concurrent.FutureTask.run(FutureTask.java:317)
	at org.testng.internal.thread.graph.TestNGFutureTask.run(TestNGFutureTask.java:22)
	at java.base/java.util.concurrent.ThreadPoolExecutor.runWorker(ThreadPoolExecutor.java:1144)
	at java.base/java.util.concurrent.ThreadPoolExecutor$Worker.run(ThreadPoolExecutor.java:642)
	at java.base/java.lang.Thread.run(Thread.java:1575)
</pre></div></td>
<td>0</td>
<td>testCases.Tree_TestCase@7f8a9499</td></tr>
<tr>
<td title='testCases.Tree_TestCase.EmptyTryeditorBinTreeTrav()'><b>EmptyTryeditorBinTreeTrav</b><br>Test class: testCases.Tree_TestCase</td>
<td><div><pre>java.lang.AssertionError: Alert is not present
	at testCases.Tree_TestCase.EmptyTryeditorBinTreeTrav(Tree_TestCase.java:766)
	at java.base/java.util.concurrent.Executors$RunnableAdapter.call(Executors.java:572)
	at java.base/java.util.concurrent.FutureTask.run(FutureTask.java:317)
	at java.base/java.util.concurrent.ThreadPoolExecutor.runWorker(ThreadPoolExecutor.java:1144)
	at java.base/java.util.concurrent.ThreadPoolExecutor$Worker.run(ThreadPoolExecutor.java:642)
	at java.base/java.lang.Thread.run(Thread.java:1575)
... Removed 12 stack frames</pre></div><a href='#' onClick='toggleBox("stack-trace779034078", this, "Click to show all stack frames", "Click to hide stack frames")'>Click to show all stack frames</a>
<div class='stack-trace' id='stack-trace779034078'><pre>java.lang.AssertionError: Alert is not present
	at org.testng.Assert.fail(Assert.java:111)
	at testCases.Tree_TestCase.EmptyTryeditorBinTreeTrav(Tree_TestCase.java:766)
	at java.base/jdk.internal.reflect.DirectMethodHandleAccessor.invoke(DirectMethodHandleAccessor.java:103)
	at java.base/java.lang.reflect.Method.invoke(Method.java:580)
	at org.testng.internal.invokers.MethodInvocationHelper.invokeMethod(MethodInvocationHelper.java:141)
	at org.testng.internal.invokers.TestInvoker.invokeMethod(TestInvoker.java:686)
	at org.testng.internal.invokers.TestInvoker.retryFailed(TestInvoker.java:269)
	at org.testng.internal.invokers.MethodRunner.runInSequence(MethodRunner.java:76)
	at org.testng.internal.invokers.TestInvoker$MethodInvocationAgent.invoke(TestInvoker.java:992)
	at org.testng.internal.invokers.TestInvoker.invokeTestMethods(TestInvoker.java:203)
	at org.testng.internal.invokers.TestMethodWorker.invokeTestMethods(TestMethodWorker.java:154)
	at org.testng.internal.invokers.TestMethodWorker.run(TestMethodWorker.java:134)
	at java.base/java.util.concurrent.Executors$RunnableAdapter.call(Executors.java:572)
	at java.base/java.util.concurrent.FutureTask.run(FutureTask.java:317)
	at org.testng.internal.thread.graph.TestNGFutureTask.run(TestNGFutureTask.java:22)
	at java.base/java.util.concurrent.ThreadPoolExecutor.runWorker(ThreadPoolExecutor.java:1144)
	at java.base/java.util.concurrent.ThreadPoolExecutor$Worker.run(ThreadPoolExecutor.java:642)
	at java.base/java.lang.Thread.run(Thread.java:1575)
</pre></div></td>
<td>1</td>
<td>testCases.Tree_TestCase@7f8a9499</td></tr>
<tr>
<td title='testCases.Tree_TestCase.EmptyTryeditorBinTreeTrav()'><b>EmptyTryeditorBinTreeTrav</b><br>Test class: testCases.Tree_TestCase</td>
<td><div><pre>java.lang.AssertionError: Alert is not present
	at testCases.Tree_TestCase.EmptyTryeditorBinTreeTrav(Tree_TestCase.java:766)
	at java.base/java.util.concurrent.Executors$RunnableAdapter.call(Executors.java:572)
	at java.base/java.util.concurrent.FutureTask.run(FutureTask.java:317)
	at java.base/java.util.concurrent.ThreadPoolExecutor.runWorker(ThreadPoolExecutor.java:1144)
	at java.base/java.util.concurrent.ThreadPoolExecutor$Worker.run(ThreadPoolExecutor.java:642)
	at java.base/java.lang.Thread.run(Thread.java:1575)
... Removed 12 stack frames</pre></div><a href='#' onClick='toggleBox("stack-trace563836584", this, "Click to show all stack frames", "Click to hide stack frames")'>Click to show all stack frames</a>
<div class='stack-trace' id='stack-trace563836584'><pre>java.lang.AssertionError: Alert is not present
	at org.testng.Assert.fail(Assert.java:111)
	at testCases.Tree_TestCase.EmptyTryeditorBinTreeTrav(Tree_TestCase.java:766)
	at java.base/jdk.internal.reflect.DirectMethodHandleAccessor.invoke(DirectMethodHandleAccessor.java:103)
	at java.base/java.lang.reflect.Method.invoke(Method.java:580)
	at org.testng.internal.invokers.MethodInvocationHelper.invokeMethod(MethodInvocationHelper.java:141)
	at org.testng.internal.invokers.TestInvoker.invokeMethod(TestInvoker.java:686)
	at org.testng.internal.invokers.TestInvoker.invokeTestMethod(TestInvoker.java:230)
	at org.testng.internal.invokers.MethodRunner.runInSequence(MethodRunner.java:63)
	at org.testng.internal.invokers.TestInvoker$MethodInvocationAgent.invoke(TestInvoker.java:992)
	at org.testng.internal.invokers.TestInvoker.invokeTestMethods(TestInvoker.java:203)
	at org.testng.internal.invokers.TestMethodWorker.invokeTestMethods(TestMethodWorker.java:154)
	at org.testng.internal.invokers.TestMethodWorker.run(TestMethodWorker.java:134)
	at java.base/java.util.concurrent.Executors$RunnableAdapter.call(Executors.java:572)
	at java.base/java.util.concurrent.FutureTask.run(FutureTask.java:317)
	at org.testng.internal.thread.graph.TestNGFutureTask.run(TestNGFutureTask.java:22)
	at java.base/java.util.concurrent.ThreadPoolExecutor.runWorker(ThreadPoolExecutor.java:1144)
	at java.base/java.util.concurrent.ThreadPoolExecutor$Worker.run(ThreadPoolExecutor.java:642)
	at java.base/java.lang.Thread.run(Thread.java:1575)
</pre></div></td>
<td>1</td>
<td>testCases.Tree_TestCase@7f8a9499</td></tr>
<tr>
<td title='testCases.Tree_TestCase.EmptyTryeditorTypesofBT()'><b>EmptyTryeditorTypesofBT</b><br>Test class: testCases.Tree_TestCase</td>
<td><div><pre>java.lang.AssertionError: Alert is not present
	at testCases.Tree_TestCase.EmptyTryeditorTypesofBT(Tree_TestCase.java:607)
	at java.base/java.util.concurrent.Executors$RunnableAdapter.call(Executors.java:572)
	at java.base/java.util.concurrent.FutureTask.run(FutureTask.java:317)
	at java.base/java.util.concurrent.ThreadPoolExecutor.runWorker(ThreadPoolExecutor.java:1144)
	at java.base/java.util.concurrent.ThreadPoolExecutor$Worker.run(ThreadPoolExecutor.java:642)
	at java.base/java.lang.Thread.run(Thread.java:1575)
... Removed 12 stack frames</pre></div><a href='#' onClick='toggleBox("stack-trace1441698644", this, "Click to show all stack frames", "Click to hide stack frames")'>Click to show all stack frames</a>
<div class='stack-trace' id='stack-trace1441698644'><pre>java.lang.AssertionError: Alert is not present
	at org.testng.Assert.fail(Assert.java:111)
	at testCases.Tree_TestCase.EmptyTryeditorTypesofBT(Tree_TestCase.java:607)
	at java.base/jdk.internal.reflect.DirectMethodHandleAccessor.invoke(DirectMethodHandleAccessor.java:103)
	at java.base/java.lang.reflect.Method.invoke(Method.java:580)
	at org.testng.internal.invokers.MethodInvocationHelper.invokeMethod(MethodInvocationHelper.java:141)
	at org.testng.internal.invokers.TestInvoker.invokeMethod(TestInvoker.java:686)
	at org.testng.internal.invokers.TestInvoker.retryFailed(TestInvoker.java:269)
	at org.testng.internal.invokers.MethodRunner.runInSequence(MethodRunner.java:76)
	at org.testng.internal.invokers.TestInvoker$MethodInvocationAgent.invoke(TestInvoker.java:992)
	at org.testng.internal.invokers.TestInvoker.invokeTestMethods(TestInvoker.java:203)
	at org.testng.internal.invokers.TestMethodWorker.invokeTestMethods(TestMethodWorker.java:154)
	at org.testng.internal.invokers.TestMethodWorker.run(TestMethodWorker.java:134)
	at java.base/java.util.concurrent.Executors$RunnableAdapter.call(Executors.java:572)
	at java.base/java.util.concurrent.FutureTask.run(FutureTask.java:317)
	at org.testng.internal.thread.graph.TestNGFutureTask.run(TestNGFutureTask.java:22)
	at java.base/java.util.concurrent.ThreadPoolExecutor.runWorker(ThreadPoolExecutor.java:1144)
	at java.base/java.util.concurrent.ThreadPoolExecutor$Worker.run(ThreadPoolExecutor.java:642)
	at java.base/java.lang.Thread.run(Thread.java:1575)
</pre></div></td>
<td>1</td>
<td>testCases.Tree_TestCase@7f8a9499</td></tr>
<tr>
<td title='testCases.Register_TestCase.InvalidRegister()'><b>InvalidRegister</b><br>Test class: testCases.Register_TestCase<br>Parameters: ActionSquad, abc@1234, abc@1234, The user Is already Registered, existing</td>
<td><div><pre>java.lang.AssertionError: expected [password_mismatch:The two password fields didn’t match.] but found [The user Is already Registered]
	at testCases.Register_TestCase.InvalidRegister(Register_TestCase.java:44)
	at java.base/java.util.concurrent.Executors$RunnableAdapter.call(Executors.java:572)
	at java.base/java.util.concurrent.FutureTask.run(FutureTask.java:317)
	at java.base/java.util.concurrent.ThreadPoolExecutor.runWorker(ThreadPoolExecutor.java:1144)
	at java.base/java.util.concurrent.ThreadPoolExecutor$Worker.run(ThreadPoolExecutor.java:642)
	at java.base/java.lang.Thread.run(Thread.java:1575)
... Removed 17 stack frames</pre></div><a href='#' onClick='toggleBox("stack-trace465630843", this, "Click to show all stack frames", "Click to hide stack frames")'>Click to show all stack frames</a>
<div class='stack-trace' id='stack-trace465630843'><pre>java.lang.AssertionError: expected [password_mismatch:The two password fields didn’t match.] but found [The user Is already Registered]
	at org.testng.Assert.fail(Assert.java:111)
	at org.testng.Assert.failNotEquals(Assert.java:1578)
	at org.testng.Assert.assertEqualsImpl(Assert.java:150)
	at org.testng.Assert.assertEquals(Assert.java:132)
	at org.testng.Assert.assertEquals(Assert.java:656)
	at org.testng.Assert.assertEquals(Assert.java:666)
	at testCases.Register_TestCase.InvalidRegister(Register_TestCase.java:44)
	at java.base/jdk.internal.reflect.DirectMethodHandleAccessor.invoke(DirectMethodHandleAccessor.java:103)
	at java.base/java.lang.reflect.Method.invoke(Method.java:580)
	at org.testng.internal.invokers.MethodInvocationHelper.invokeMethod(MethodInvocationHelper.java:141)
	at org.testng.internal.invokers.TestInvoker.invokeMethod(TestInvoker.java:686)
	at org.testng.internal.invokers.TestInvoker.retryFailed(TestInvoker.java:269)
	at org.testng.internal.invokers.MethodRunner.runInSequence(MethodRunner.java:76)
	at org.testng.internal.invokers.TestInvoker$MethodInvocationAgent.invoke(TestInvoker.java:992)
	at org.testng.internal.invokers.TestInvoker.invokeTestMethods(TestInvoker.java:203)
	at org.testng.internal.invokers.TestMethodWorker.invokeTestMethods(TestMethodWorker.java:154)
	at org.testng.internal.invokers.TestMethodWorker.run(TestMethodWorker.java:134)
	at java.base/java.util.concurrent.Executors$RunnableAdapter.call(Executors.java:572)
	at java.base/java.util.concurrent.FutureTask.run(FutureTask.java:317)
	at org.testng.internal.thread.graph.TestNGFutureTask.run(TestNGFutureTask.java:22)
	at java.base/java.util.concurrent.ThreadPoolExecutor.runWorker(ThreadPoolExecutor.java:1144)
	at java.base/java.util.concurrent.ThreadPoolExecutor$Worker.run(ThreadPoolExecutor.java:642)
	at java.base/java.lang.Thread.run(Thread.java:1575)
</pre></div></td>
<td>3</td>
<td>testCases.Register_TestCase@4d518b32</td></tr>
<tr>
<td title='testCases.Tree_TestCase.EmptyTryeditorTerminologies()'><b>EmptyTryeditorTerminologies</b><br>Test class: testCases.Tree_TestCase</td>
<td><div><pre>java.lang.AssertionError: Alert is not present
	at testCases.Tree_TestCase.EmptyTryeditorTerminologies(Tree_TestCase.java:210)
	at java.base/java.util.concurrent.Executors$RunnableAdapter.call(Executors.java:572)
	at java.base/java.util.concurrent.FutureTask.run(FutureTask.java:317)
	at java.base/java.util.concurrent.ThreadPoolExecutor.runWorker(ThreadPoolExecutor.java:1144)
	at java.base/java.util.concurrent.ThreadPoolExecutor$Worker.run(ThreadPoolExecutor.java:642)
	at java.base/java.lang.Thread.run(Thread.java:1575)
... Removed 12 stack frames</pre></div><a href='#' onClick='toggleBox("stack-trace1192384684", this, "Click to show all stack frames", "Click to hide stack frames")'>Click to show all stack frames</a>
<div class='stack-trace' id='stack-trace1192384684'><pre>java.lang.AssertionError: Alert is not present
	at org.testng.Assert.fail(Assert.java:111)
	at testCases.Tree_TestCase.EmptyTryeditorTerminologies(Tree_TestCase.java:210)
	at java.base/jdk.internal.reflect.DirectMethodHandleAccessor.invoke(DirectMethodHandleAccessor.java:103)
	at java.base/java.lang.reflect.Method.invoke(Method.java:580)
	at org.testng.internal.invokers.MethodInvocationHelper.invokeMethod(MethodInvocationHelper.java:141)
	at org.testng.internal.invokers.TestInvoker.invokeMethod(TestInvoker.java:686)
	at org.testng.internal.invokers.TestInvoker.retryFailed(TestInvoker.java:269)
	at org.testng.internal.invokers.MethodRunner.runInSequence(MethodRunner.java:76)
	at org.testng.internal.invokers.TestInvoker$MethodInvocationAgent.invoke(TestInvoker.java:992)
	at org.testng.internal.invokers.TestInvoker.invokeTestMethods(TestInvoker.java:203)
	at org.testng.internal.invokers.TestMethodWorker.invokeTestMethods(TestMethodWorker.java:154)
	at org.testng.internal.invokers.TestMethodWorker.run(TestMethodWorker.java:134)
	at java.base/java.util.concurrent.Executors$RunnableAdapter.call(Executors.java:572)
	at java.base/java.util.concurrent.FutureTask.run(FutureTask.java:317)
	at org.testng.internal.thread.graph.TestNGFutureTask.run(TestNGFutureTask.java:22)
	at java.base/java.util.concurrent.ThreadPoolExecutor.runWorker(ThreadPoolExecutor.java:1144)
	at java.base/java.util.concurrent.ThreadPoolExecutor$Worker.run(ThreadPoolExecutor.java:642)
	at java.base/java.lang.Thread.run(Thread.java:1575)
</pre></div></td>
<td>1</td>
<td>testCases.Tree_TestCase@7f8a9499</td></tr>
<tr>
<td title='testCases.Register_TestCase.InvalidRegister()'><b>InvalidRegister</b><br>Test class: testCases.Register_TestCase<br>Parameters: ActionSquad, abc@1234, abc@1234, The user Is already Registered, existing</td>
<td><div><pre>java.lang.AssertionError: expected [password_mismatch:The two password fields didn’t match.] but found [The user Is already Registered]
	at testCases.Register_TestCase.InvalidRegister(Register_TestCase.java:44)
	at java.base/java.util.concurrent.Executors$RunnableAdapter.call(Executors.java:572)
	at java.base/java.util.concurrent.FutureTask.run(FutureTask.java:317)
	at java.base/java.util.concurrent.ThreadPoolExecutor.runWorker(ThreadPoolExecutor.java:1144)
	at java.base/java.util.concurrent.ThreadPoolExecutor$Worker.run(ThreadPoolExecutor.java:642)
	at java.base/java.lang.Thread.run(Thread.java:1575)
... Removed 17 stack frames</pre></div><a href='#' onClick='toggleBox("stack-trace1412259949", this, "Click to show all stack frames", "Click to hide stack frames")'>Click to show all stack frames</a>
<div class='stack-trace' id='stack-trace1412259949'><pre>java.lang.AssertionError: expected [password_mismatch:The two password fields didn’t match.] but found [The user Is already Registered]
	at org.testng.Assert.fail(Assert.java:111)
	at org.testng.Assert.failNotEquals(Assert.java:1578)
	at org.testng.Assert.assertEqualsImpl(Assert.java:150)
	at org.testng.Assert.assertEquals(Assert.java:132)
	at org.testng.Assert.assertEquals(Assert.java:656)
	at org.testng.Assert.assertEquals(Assert.java:666)
	at testCases.Register_TestCase.InvalidRegister(Register_TestCase.java:44)
	at java.base/jdk.internal.reflect.DirectMethodHandleAccessor.invoke(DirectMethodHandleAccessor.java:103)
	at java.base/java.lang.reflect.Method.invoke(Method.java:580)
	at org.testng.internal.invokers.MethodInvocationHelper.invokeMethod(MethodInvocationHelper.java:141)
	at org.testng.internal.invokers.TestInvoker.invokeMethod(TestInvoker.java:686)
	at org.testng.internal.invokers.TestInvoker.invokeTestMethod(TestInvoker.java:230)
	at org.testng.internal.invokers.MethodRunner.runInSequence(MethodRunner.java:63)
	at org.testng.internal.invokers.TestInvoker$MethodInvocationAgent.invoke(TestInvoker.java:992)
	at org.testng.internal.invokers.TestInvoker.invokeTestMethods(TestInvoker.java:203)
	at org.testng.internal.invokers.TestMethodWorker.invokeTestMethods(TestMethodWorker.java:154)
	at org.testng.internal.invokers.TestMethodWorker.run(TestMethodWorker.java:134)
	at java.base/java.util.concurrent.Executors$RunnableAdapter.call(Executors.java:572)
	at java.base/java.util.concurrent.FutureTask.run(FutureTask.java:317)
	at org.testng.internal.thread.graph.TestNGFutureTask.run(TestNGFutureTask.java:22)
	at java.base/java.util.concurrent.ThreadPoolExecutor.runWorker(ThreadPoolExecutor.java:1144)
	at java.base/java.util.concurrent.ThreadPoolExecutor$Worker.run(ThreadPoolExecutor.java:642)
	at java.base/java.lang.Thread.run(Thread.java:1575)
</pre></div></td>
<td>3</td>
<td>testCases.Register_TestCase@4d518b32</td></tr>
<tr>
<td title='testCases.Tree_TestCase.EmptyTryeditorIBST()'><b>EmptyTryeditorIBST</b><br>Test class: testCases.Tree_TestCase</td>
<td><div><pre>java.lang.AssertionError: Alert is not present
	at testCases.Tree_TestCase.EmptyTryeditorIBST(Tree_TestCase.java:1085)
	at java.base/java.util.concurrent.Executors$RunnableAdapter.call(Executors.java:572)
	at java.base/java.util.concurrent.FutureTask.run(FutureTask.java:317)
	at java.base/java.util.concurrent.ThreadPoolExecutor.runWorker(ThreadPoolExecutor.java:1144)
	at java.base/java.util.concurrent.ThreadPoolExecutor$Worker.run(ThreadPoolExecutor.java:642)
	at java.base/java.lang.Thread.run(Thread.java:1575)
... Removed 12 stack frames</pre></div><a href='#' onClick='toggleBox("stack-trace559728912", this, "Click to show all stack frames", "Click to hide stack frames")'>Click to show all stack frames</a>
<div class='stack-trace' id='stack-trace559728912'><pre>java.lang.AssertionError: Alert is not present
	at org.testng.Assert.fail(Assert.java:111)
	at testCases.Tree_TestCase.EmptyTryeditorIBST(Tree_TestCase.java:1085)
	at java.base/jdk.internal.reflect.DirectMethodHandleAccessor.invoke(DirectMethodHandleAccessor.java:103)
	at java.base/java.lang.reflect.Method.invoke(Method.java:580)
	at org.testng.internal.invokers.MethodInvocationHelper.invokeMethod(MethodInvocationHelper.java:141)
	at org.testng.internal.invokers.TestInvoker.invokeMethod(TestInvoker.java:686)
	at org.testng.internal.invokers.TestInvoker.invokeTestMethod(TestInvoker.java:230)
	at org.testng.internal.invokers.MethodRunner.runInSequence(MethodRunner.java:63)
	at org.testng.internal.invokers.TestInvoker$MethodInvocationAgent.invoke(TestInvoker.java:992)
	at org.testng.internal.invokers.TestInvoker.invokeTestMethods(TestInvoker.java:203)
	at org.testng.internal.invokers.TestMethodWorker.invokeTestMethods(TestMethodWorker.java:154)
	at org.testng.internal.invokers.TestMethodWorker.run(TestMethodWorker.java:134)
	at java.base/java.util.concurrent.Executors$RunnableAdapter.call(Executors.java:572)
	at java.base/java.util.concurrent.FutureTask.run(FutureTask.java:317)
	at org.testng.internal.thread.graph.TestNGFutureTask.run(TestNGFutureTask.java:22)
	at java.base/java.util.concurrent.ThreadPoolExecutor.runWorker(ThreadPoolExecutor.java:1144)
	at java.base/java.util.concurrent.ThreadPoolExecutor$Worker.run(ThreadPoolExecutor.java:642)
	at java.base/java.lang.Thread.run(Thread.java:1575)
</pre></div></td>
<td>1</td>
<td>testCases.Tree_TestCase@7f8a9499</td></tr>
<tr>
<td title='testCases.Tree_TestCase.EmptyTryeditorImpinBT()'><b>EmptyTryeditorImpinBT</b><br>Test class: testCases.Tree_TestCase</td>
<td><div><pre>java.lang.AssertionError: Alert is not present
	at testCases.Tree_TestCase.EmptyTryeditorImpinBT(Tree_TestCase.java:687)
	at java.base/java.util.concurrent.Executors$RunnableAdapter.call(Executors.java:572)
	at java.base/java.util.concurrent.FutureTask.run(FutureTask.java:317)
	at java.base/java.util.concurrent.ThreadPoolExecutor.runWorker(ThreadPoolExecutor.java:1144)
	at java.base/java.util.concurrent.ThreadPoolExecutor$Worker.run(ThreadPoolExecutor.java:642)
	at java.base/java.lang.Thread.run(Thread.java:1575)
... Removed 12 stack frames</pre></div><a href='#' onClick='toggleBox("stack-trace748568647", this, "Click to show all stack frames", "Click to hide stack frames")'>Click to show all stack frames</a>
<div class='stack-trace' id='stack-trace748568647'><pre>java.lang.AssertionError: Alert is not present
	at org.testng.Assert.fail(Assert.java:111)
	at testCases.Tree_TestCase.EmptyTryeditorImpinBT(Tree_TestCase.java:687)
	at java.base/jdk.internal.reflect.DirectMethodHandleAccessor.invoke(DirectMethodHandleAccessor.java:103)
	at java.base/java.lang.reflect.Method.invoke(Method.java:580)
	at org.testng.internal.invokers.MethodInvocationHelper.invokeMethod(MethodInvocationHelper.java:141)
	at org.testng.internal.invokers.TestInvoker.invokeMethod(TestInvoker.java:686)
	at org.testng.internal.invokers.TestInvoker.retryFailed(TestInvoker.java:269)
	at org.testng.internal.invokers.MethodRunner.runInSequence(MethodRunner.java:76)
	at org.testng.internal.invokers.TestInvoker$MethodInvocationAgent.invoke(TestInvoker.java:992)
	at org.testng.internal.invokers.TestInvoker.invokeTestMethods(TestInvoker.java:203)
	at org.testng.internal.invokers.TestMethodWorker.invokeTestMethods(TestMethodWorker.java:154)
	at org.testng.internal.invokers.TestMethodWorker.run(TestMethodWorker.java:134)
	at java.base/java.util.concurrent.Executors$RunnableAdapter.call(Executors.java:572)
	at java.base/java.util.concurrent.FutureTask.run(FutureTask.java:317)
	at org.testng.internal.thread.graph.TestNGFutureTask.run(TestNGFutureTask.java:22)
	at java.base/java.util.concurrent.ThreadPoolExecutor.runWorker(ThreadPoolExecutor.java:1144)
	at java.base/java.util.concurrent.ThreadPoolExecutor$Worker.run(ThreadPoolExecutor.java:642)
	at java.base/java.lang.Thread.run(Thread.java:1575)
</pre></div></td>
<td>1</td>
<td>testCases.Tree_TestCase@7f8a9499</td></tr>
<tr>
<td title='testCases.Tree_TestCase.EmptyTryeditorBST()'><b>EmptyTryeditorBST</b><br>Test class: testCases.Tree_TestCase</td>
<td><div><pre>java.lang.AssertionError: Alert is not present
	at testCases.Tree_TestCase.EmptyTryeditorBST(Tree_TestCase.java:1004)
	at java.base/java.util.concurrent.Executors$RunnableAdapter.call(Executors.java:572)
	at java.base/java.util.concurrent.FutureTask.run(FutureTask.java:317)
	at java.base/java.util.concurrent.ThreadPoolExecutor.runWorker(ThreadPoolExecutor.java:1144)
	at java.base/java.util.concurrent.ThreadPoolExecutor$Worker.run(ThreadPoolExecutor.java:642)
	at java.base/java.lang.Thread.run(Thread.java:1575)
... Removed 12 stack frames</pre></div><a href='#' onClick='toggleBox("stack-trace1635791194", this, "Click to show all stack frames", "Click to hide stack frames")'>Click to show all stack frames</a>
<div class='stack-trace' id='stack-trace1635791194'><pre>java.lang.AssertionError: Alert is not present
	at org.testng.Assert.fail(Assert.java:111)
	at testCases.Tree_TestCase.EmptyTryeditorBST(Tree_TestCase.java:1004)
	at java.base/jdk.internal.reflect.DirectMethodHandleAccessor.invoke(DirectMethodHandleAccessor.java:103)
	at java.base/java.lang.reflect.Method.invoke(Method.java:580)
	at org.testng.internal.invokers.MethodInvocationHelper.invokeMethod(MethodInvocationHelper.java:141)
	at org.testng.internal.invokers.TestInvoker.invokeMethod(TestInvoker.java:686)
	at org.testng.internal.invokers.TestInvoker.retryFailed(TestInvoker.java:269)
	at org.testng.internal.invokers.MethodRunner.runInSequence(MethodRunner.java:76)
	at org.testng.internal.invokers.TestInvoker$MethodInvocationAgent.invoke(TestInvoker.java:992)
	at org.testng.internal.invokers.TestInvoker.invokeTestMethods(TestInvoker.java:203)
	at org.testng.internal.invokers.TestMethodWorker.invokeTestMethods(TestMethodWorker.java:154)
	at org.testng.internal.invokers.TestMethodWorker.run(TestMethodWorker.java:134)
	at java.base/java.util.concurrent.Executors$RunnableAdapter.call(Executors.java:572)
	at java.base/java.util.concurrent.FutureTask.run(FutureTask.java:317)
	at org.testng.internal.thread.graph.TestNGFutureTask.run(TestNGFutureTask.java:22)
	at java.base/java.util.concurrent.ThreadPoolExecutor.runWorker(ThreadPoolExecutor.java:1144)
	at java.base/java.util.concurrent.ThreadPoolExecutor$Worker.run(ThreadPoolExecutor.java:642)
	at java.base/java.lang.Thread.run(Thread.java:1575)
</pre></div></td>
<td>1</td>
<td>testCases.Tree_TestCase@7f8a9499</td></tr>
<tr>
<td title='testCases.Tree_TestCase.EmptyTryeditorABT()'><b>EmptyTryeditorABT</b><br>Test class: testCases.Tree_TestCase</td>
<td><div><pre>java.lang.AssertionError: Alert is not present
	at testCases.Tree_TestCase.EmptyTryeditorABT(Tree_TestCase.java:922)
	at java.base/java.util.concurrent.Executors$RunnableAdapter.call(Executors.java:572)
	at java.base/java.util.concurrent.FutureTask.run(FutureTask.java:317)
	at java.base/java.util.concurrent.ThreadPoolExecutor.runWorker(ThreadPoolExecutor.java:1144)
	at java.base/java.util.concurrent.ThreadPoolExecutor$Worker.run(ThreadPoolExecutor.java:642)
	at java.base/java.lang.Thread.run(Thread.java:1575)
... Removed 12 stack frames</pre></div><a href='#' onClick='toggleBox("stack-trace1590353814", this, "Click to show all stack frames", "Click to hide stack frames")'>Click to show all stack frames</a>
<div class='stack-trace' id='stack-trace1590353814'><pre>java.lang.AssertionError: Alert is not present
	at org.testng.Assert.fail(Assert.java:111)
	at testCases.Tree_TestCase.EmptyTryeditorABT(Tree_TestCase.java:922)
	at java.base/jdk.internal.reflect.DirectMethodHandleAccessor.invoke(DirectMethodHandleAccessor.java:103)
	at java.base/java.lang.reflect.Method.invoke(Method.java:580)
	at org.testng.internal.invokers.MethodInvocationHelper.invokeMethod(MethodInvocationHelper.java:141)
	at org.testng.internal.invokers.TestInvoker.invokeMethod(TestInvoker.java:686)
	at org.testng.internal.invokers.TestInvoker.retryFailed(TestInvoker.java:269)
	at org.testng.internal.invokers.MethodRunner.runInSequence(MethodRunner.java:76)
	at org.testng.internal.invokers.TestInvoker$MethodInvocationAgent.invoke(TestInvoker.java:992)
	at org.testng.internal.invokers.TestInvoker.invokeTestMethods(TestInvoker.java:203)
	at org.testng.internal.invokers.TestMethodWorker.invokeTestMethods(TestMethodWorker.java:154)
	at org.testng.internal.invokers.TestMethodWorker.run(TestMethodWorker.java:134)
	at java.base/java.util.concurrent.Executors$RunnableAdapter.call(Executors.java:572)
	at java.base/java.util.concurrent.FutureTask.run(FutureTask.java:317)
	at org.testng.internal.thread.graph.TestNGFutureTask.run(TestNGFutureTask.java:22)
	at java.base/java.util.concurrent.ThreadPoolExecutor.runWorker(ThreadPoolExecutor.java:1144)
	at java.base/java.util.concurrent.ThreadPoolExecutor$Worker.run(ThreadPoolExecutor.java:642)
	at java.base/java.lang.Thread.run(Thread.java:1575)
</pre></div></td>
<td>1</td>
<td>testCases.Tree_TestCase@7f8a9499</td></tr>
<tr>
<td title='testCases.Tree_TestCase.EmptyTryeditorBT()'><b>EmptyTryeditorBT</b><br>Test class: testCases.Tree_TestCase</td>
<td><div><pre>java.lang.AssertionError: Alert is not present
	at testCases.Tree_TestCase.EmptyTryeditorBT(Tree_TestCase.java:529)
	at java.base/java.util.concurrent.Executors$RunnableAdapter.call(Executors.java:572)
	at java.base/java.util.concurrent.FutureTask.run(FutureTask.java:317)
	at java.base/java.util.concurrent.ThreadPoolExecutor.runWorker(ThreadPoolExecutor.java:1144)
	at java.base/java.util.concurrent.ThreadPoolExecutor$Worker.run(ThreadPoolExecutor.java:642)
	at java.base/java.lang.Thread.run(Thread.java:1575)
... Removed 12 stack frames</pre></div><a href='#' onClick='toggleBox("stack-trace143997812", this, "Click to show all stack frames", "Click to hide stack frames")'>Click to show all stack frames</a>
<div class='stack-trace' id='stack-trace143997812'><pre>java.lang.AssertionError: Alert is not present
	at org.testng.Assert.fail(Assert.java:111)
	at testCases.Tree_TestCase.EmptyTryeditorBT(Tree_TestCase.java:529)
	at java.base/jdk.internal.reflect.DirectMethodHandleAccessor.invoke(DirectMethodHandleAccessor.java:103)
	at java.base/java.lang.reflect.Method.invoke(Method.java:580)
	at org.testng.internal.invokers.MethodInvocationHelper.invokeMethod(MethodInvocationHelper.java:141)
	at org.testng.internal.invokers.TestInvoker.invokeMethod(TestInvoker.java:686)
	at org.testng.internal.invokers.TestInvoker.retryFailed(TestInvoker.java:269)
	at org.testng.internal.invokers.MethodRunner.runInSequence(MethodRunner.java:76)
	at org.testng.internal.invokers.TestInvoker$MethodInvocationAgent.invoke(TestInvoker.java:992)
	at org.testng.internal.invokers.TestInvoker.invokeTestMethods(TestInvoker.java:203)
	at org.testng.internal.invokers.TestMethodWorker.invokeTestMethods(TestMethodWorker.java:154)
	at org.testng.internal.invokers.TestMethodWorker.run(TestMethodWorker.java:134)
	at java.base/java.util.concurrent.Executors$RunnableAdapter.call(Executors.java:572)
	at java.base/java.util.concurrent.FutureTask.run(FutureTask.java:317)
	at org.testng.internal.thread.graph.TestNGFutureTask.run(TestNGFutureTask.java:22)
	at java.base/java.util.concurrent.ThreadPoolExecutor.runWorker(ThreadPoolExecutor.java:1144)
	at java.base/java.util.concurrent.ThreadPoolExecutor$Worker.run(ThreadPoolExecutor.java:642)
	at java.base/java.lang.Thread.run(Thread.java:1575)
</pre></div></td>
<td>1</td>
<td>testCases.Tree_TestCase@7f8a9499</td></tr>
<tr>
<td title='testCases.Tree_TestCase.EmptyTryeditorIBST()'><b>EmptyTryeditorIBST</b><br>Test class: testCases.Tree_TestCase</td>
<td><div><pre>java.lang.AssertionError: Alert is not present
	at testCases.Tree_TestCase.EmptyTryeditorIBST(Tree_TestCase.java:1085)
	at java.base/java.util.concurrent.Executors$RunnableAdapter.call(Executors.java:572)
	at java.base/java.util.concurrent.FutureTask.run(FutureTask.java:317)
	at java.base/java.util.concurrent.ThreadPoolExecutor.runWorker(ThreadPoolExecutor.java:1144)
	at java.base/java.util.concurrent.ThreadPoolExecutor$Worker.run(ThreadPoolExecutor.java:642)
	at java.base/java.lang.Thread.run(Thread.java:1575)
... Removed 12 stack frames</pre></div><a href='#' onClick='toggleBox("stack-trace1221710896", this, "Click to show all stack frames", "Click to hide stack frames")'>Click to show all stack frames</a>
<div class='stack-trace' id='stack-trace1221710896'><pre>java.lang.AssertionError: Alert is not present
	at org.testng.Assert.fail(Assert.java:111)
	at testCases.Tree_TestCase.EmptyTryeditorIBST(Tree_TestCase.java:1085)
	at java.base/jdk.internal.reflect.DirectMethodHandleAccessor.invoke(DirectMethodHandleAccessor.java:103)
	at java.base/java.lang.reflect.Method.invoke(Method.java:580)
	at org.testng.internal.invokers.MethodInvocationHelper.invokeMethod(MethodInvocationHelper.java:141)
	at org.testng.internal.invokers.TestInvoker.invokeMethod(TestInvoker.java:686)
	at org.testng.internal.invokers.TestInvoker.retryFailed(TestInvoker.java:269)
	at org.testng.internal.invokers.MethodRunner.runInSequence(MethodRunner.java:76)
	at org.testng.internal.invokers.TestInvoker$MethodInvocationAgent.invoke(TestInvoker.java:992)
	at org.testng.internal.invokers.TestInvoker.invokeTestMethods(TestInvoker.java:203)
	at org.testng.internal.invokers.TestMethodWorker.invokeTestMethods(TestMethodWorker.java:154)
	at org.testng.internal.invokers.TestMethodWorker.run(TestMethodWorker.java:134)
	at java.base/java.util.concurrent.Executors$RunnableAdapter.call(Executors.java:572)
	at java.base/java.util.concurrent.FutureTask.run(FutureTask.java:317)
	at org.testng.internal.thread.graph.TestNGFutureTask.run(TestNGFutureTask.java:22)
	at java.base/java.util.concurrent.ThreadPoolExecutor.runWorker(ThreadPoolExecutor.java:1144)
	at java.base/java.util.concurrent.ThreadPoolExecutor$Worker.run(ThreadPoolExecutor.java:642)
	at java.base/java.lang.Thread.run(Thread.java:1575)
</pre></div></td>
<td>1</td>
<td>testCases.Tree_TestCase@7f8a9499</td></tr>
<tr>
<td title='testCases.Register_TestCase.InvalidRegister()'><b>InvalidRegister</b><br>Test class: testCases.Register_TestCase<br>Parameters: ActionSquad, invalid===, invalid===, Invalid Password, Invalidpass</td>
<td><div><pre>java.lang.AssertionError: expected [password_mismatch:The two password fields didn’t match.] but found [Invalid Password]
	at testCases.Register_TestCase.InvalidRegister(Register_TestCase.java:52)
	at java.base/java.util.concurrent.Executors$RunnableAdapter.call(Executors.java:572)
	at java.base/java.util.concurrent.FutureTask.run(FutureTask.java:317)
	at java.base/java.util.concurrent.ThreadPoolExecutor.runWorker(ThreadPoolExecutor.java:1144)
	at java.base/java.util.concurrent.ThreadPoolExecutor$Worker.run(ThreadPoolExecutor.java:642)
	at java.base/java.lang.Thread.run(Thread.java:1575)
... Removed 17 stack frames</pre></div><a href='#' onClick='toggleBox("stack-trace1082298465", this, "Click to show all stack frames", "Click to hide stack frames")'>Click to show all stack frames</a>
<div class='stack-trace' id='stack-trace1082298465'><pre>java.lang.AssertionError: expected [password_mismatch:The two password fields didn’t match.] but found [Invalid Password]
	at org.testng.Assert.fail(Assert.java:111)
	at org.testng.Assert.failNotEquals(Assert.java:1578)
	at org.testng.Assert.assertEqualsImpl(Assert.java:150)
	at org.testng.Assert.assertEquals(Assert.java:132)
	at org.testng.Assert.assertEquals(Assert.java:656)
	at org.testng.Assert.assertEquals(Assert.java:666)
	at testCases.Register_TestCase.InvalidRegister(Register_TestCase.java:52)
	at java.base/jdk.internal.reflect.DirectMethodHandleAccessor.invoke(DirectMethodHandleAccessor.java:103)
	at java.base/java.lang.reflect.Method.invoke(Method.java:580)
	at org.testng.internal.invokers.MethodInvocationHelper.invokeMethod(MethodInvocationHelper.java:141)
	at org.testng.internal.invokers.TestInvoker.invokeMethod(TestInvoker.java:686)
	at org.testng.internal.invokers.TestInvoker.retryFailed(TestInvoker.java:269)
	at org.testng.internal.invokers.MethodRunner.runInSequence(MethodRunner.java:76)
	at org.testng.internal.invokers.TestInvoker$MethodInvocationAgent.invoke(TestInvoker.java:992)
	at org.testng.internal.invokers.TestInvoker.invokeTestMethods(TestInvoker.java:203)
	at org.testng.internal.invokers.TestMethodWorker.invokeTestMethods(TestMethodWorker.java:154)
	at org.testng.internal.invokers.TestMethodWorker.run(TestMethodWorker.java:134)
	at java.base/java.util.concurrent.Executors$RunnableAdapter.call(Executors.java:572)
	at java.base/java.util.concurrent.FutureTask.run(FutureTask.java:317)
	at org.testng.internal.thread.graph.TestNGFutureTask.run(TestNGFutureTask.java:22)
	at java.base/java.util.concurrent.ThreadPoolExecutor.runWorker(ThreadPoolExecutor.java:1144)
	at java.base/java.util.concurrent.ThreadPoolExecutor$Worker.run(ThreadPoolExecutor.java:642)
	at java.base/java.lang.Thread.run(Thread.java:1575)
</pre></div></td>
<td>2</td>
<td>testCases.Register_TestCase@4d518b32</td></tr>
<tr>
<td title='testCases.Tree_TestCase.EmptyTryeditorBT()'><b>EmptyTryeditorBT</b><br>Test class: testCases.Tree_TestCase</td>
<td><div><pre>java.lang.AssertionError: Alert is not present
	at testCases.Tree_TestCase.EmptyTryeditorBT(Tree_TestCase.java:529)
	at java.base/java.util.concurrent.Executors$RunnableAdapter.call(Executors.java:572)
	at java.base/java.util.concurrent.FutureTask.run(FutureTask.java:317)
	at java.base/java.util.concurrent.ThreadPoolExecutor.runWorker(ThreadPoolExecutor.java:1144)
	at java.base/java.util.concurrent.ThreadPoolExecutor$Worker.run(ThreadPoolExecutor.java:642)
	at java.base/java.lang.Thread.run(Thread.java:1575)
... Removed 12 stack frames</pre></div><a href='#' onClick='toggleBox("stack-trace1467772440", this, "Click to show all stack frames", "Click to hide stack frames")'>Click to show all stack frames</a>
<div class='stack-trace' id='stack-trace1467772440'><pre>java.lang.AssertionError: Alert is not present
	at org.testng.Assert.fail(Assert.java:111)
	at testCases.Tree_TestCase.EmptyTryeditorBT(Tree_TestCase.java:529)
	at java.base/jdk.internal.reflect.DirectMethodHandleAccessor.invoke(DirectMethodHandleAccessor.java:103)
	at java.base/java.lang.reflect.Method.invoke(Method.java:580)
	at org.testng.internal.invokers.MethodInvocationHelper.invokeMethod(MethodInvocationHelper.java:141)
	at org.testng.internal.invokers.TestInvoker.invokeMethod(TestInvoker.java:686)
	at org.testng.internal.invokers.TestInvoker.retryFailed(TestInvoker.java:269)
	at org.testng.internal.invokers.MethodRunner.runInSequence(MethodRunner.java:76)
	at org.testng.internal.invokers.TestInvoker$MethodInvocationAgent.invoke(TestInvoker.java:992)
	at org.testng.internal.invokers.TestInvoker.invokeTestMethods(TestInvoker.java:203)
	at org.testng.internal.invokers.TestMethodWorker.invokeTestMethods(TestMethodWorker.java:154)
	at org.testng.internal.invokers.TestMethodWorker.run(TestMethodWorker.java:134)
	at java.base/java.util.concurrent.Executors$RunnableAdapter.call(Executors.java:572)
	at java.base/java.util.concurrent.FutureTask.run(FutureTask.java:317)
	at org.testng.internal.thread.graph.TestNGFutureTask.run(TestNGFutureTask.java:22)
	at java.base/java.util.concurrent.ThreadPoolExecutor.runWorker(ThreadPoolExecutor.java:1144)
	at java.base/java.util.concurrent.ThreadPoolExecutor$Worker.run(ThreadPoolExecutor.java:642)
	at java.base/java.lang.Thread.run(Thread.java:1575)
</pre></div></td>
<td>1</td>
<td>testCases.Tree_TestCase@7f8a9499</td></tr>
<tr>
<td title='testCases.Tree_TestCase.EmptyTryeditorTypesofTrees()'><b>EmptyTryeditorTypesofTrees</b><br>Test class: testCases.Tree_TestCase</td>
<td><div><pre>java.lang.AssertionError: Alert is not present
	at testCases.Tree_TestCase.EmptyTryeditorTypesofTrees(Tree_TestCase.java:289)
	at java.base/java.util.concurrent.Executors$RunnableAdapter.call(Executors.java:572)
	at java.base/java.util.concurrent.FutureTask.run(FutureTask.java:317)
	at java.base/java.util.concurrent.ThreadPoolExecutor.runWorker(ThreadPoolExecutor.java:1144)
	at java.base/java.util.concurrent.ThreadPoolExecutor$Worker.run(ThreadPoolExecutor.java:642)
	at java.base/java.lang.Thread.run(Thread.java:1575)
... Removed 12 stack frames</pre></div><a href='#' onClick='toggleBox("stack-trace895413178", this, "Click to show all stack frames", "Click to hide stack frames")'>Click to show all stack frames</a>
<div class='stack-trace' id='stack-trace895413178'><pre>java.lang.AssertionError: Alert is not present
	at org.testng.Assert.fail(Assert.java:111)
	at testCases.Tree_TestCase.EmptyTryeditorTypesofTrees(Tree_TestCase.java:289)
	at java.base/jdk.internal.reflect.DirectMethodHandleAccessor.invoke(DirectMethodHandleAccessor.java:103)
	at java.base/java.lang.reflect.Method.invoke(Method.java:580)
	at org.testng.internal.invokers.MethodInvocationHelper.invokeMethod(MethodInvocationHelper.java:141)
	at org.testng.internal.invokers.TestInvoker.invokeMethod(TestInvoker.java:686)
	at org.testng.internal.invokers.TestInvoker.retryFailed(TestInvoker.java:269)
	at org.testng.internal.invokers.MethodRunner.runInSequence(MethodRunner.java:76)
	at org.testng.internal.invokers.TestInvoker$MethodInvocationAgent.invoke(TestInvoker.java:992)
	at org.testng.internal.invokers.TestInvoker.invokeTestMethods(TestInvoker.java:203)
	at org.testng.internal.invokers.TestMethodWorker.invokeTestMethods(TestMethodWorker.java:154)
	at org.testng.internal.invokers.TestMethodWorker.run(TestMethodWorker.java:134)
	at java.base/java.util.concurrent.Executors$RunnableAdapter.call(Executors.java:572)
	at java.base/java.util.concurrent.FutureTask.run(FutureTask.java:317)
	at org.testng.internal.thread.graph.TestNGFutureTask.run(TestNGFutureTask.java:22)
	at java.base/java.util.concurrent.ThreadPoolExecutor.runWorker(ThreadPoolExecutor.java:1144)
	at java.base/java.util.concurrent.ThreadPoolExecutor$Worker.run(ThreadPoolExecutor.java:642)
	at java.base/java.lang.Thread.run(Thread.java:1575)
</pre></div></td>
<td>0</td>
<td>testCases.Tree_TestCase@7f8a9499</td></tr>
<tr>
<td title='testCases.Register_TestCase.InvalidRegister()'><b>InvalidRegister</b><br>Test class: testCases.Register_TestCase<br>Parameters: ActionSquad, invalid===, invalid===, Invalid Password, Invalidpass</td>
<td><div><pre>java.lang.AssertionError: expected [password_mismatch:The two password fields didn’t match.] but found [Invalid Password]
	at testCases.Register_TestCase.InvalidRegister(Register_TestCase.java:52)
	at java.base/java.util.concurrent.Executors$RunnableAdapter.call(Executors.java:572)
	at java.base/java.util.concurrent.FutureTask.run(FutureTask.java:317)
	at java.base/java.util.concurrent.ThreadPoolExecutor.runWorker(ThreadPoolExecutor.java:1144)
	at java.base/java.util.concurrent.ThreadPoolExecutor$Worker.run(ThreadPoolExecutor.java:642)
	at java.base/java.lang.Thread.run(Thread.java:1575)
... Removed 17 stack frames</pre></div><a href='#' onClick='toggleBox("stack-trace233725323", this, "Click to show all stack frames", "Click to hide stack frames")'>Click to show all stack frames</a>
<div class='stack-trace' id='stack-trace233725323'><pre>java.lang.AssertionError: expected [password_mismatch:The two password fields didn’t match.] but found [Invalid Password]
	at org.testng.Assert.fail(Assert.java:111)
	at org.testng.Assert.failNotEquals(Assert.java:1578)
	at org.testng.Assert.assertEqualsImpl(Assert.java:150)
	at org.testng.Assert.assertEquals(Assert.java:132)
	at org.testng.Assert.assertEquals(Assert.java:656)
	at org.testng.Assert.assertEquals(Assert.java:666)
	at testCases.Register_TestCase.InvalidRegister(Register_TestCase.java:52)
	at java.base/jdk.internal.reflect.DirectMethodHandleAccessor.invoke(DirectMethodHandleAccessor.java:103)
	at java.base/java.lang.reflect.Method.invoke(Method.java:580)
	at org.testng.internal.invokers.MethodInvocationHelper.invokeMethod(MethodInvocationHelper.java:141)
	at org.testng.internal.invokers.TestInvoker.invokeMethod(TestInvoker.java:686)
	at org.testng.internal.invokers.TestInvoker.invokeTestMethod(TestInvoker.java:230)
	at org.testng.internal.invokers.MethodRunner.runInSequence(MethodRunner.java:63)
	at org.testng.internal.invokers.TestInvoker$MethodInvocationAgent.invoke(TestInvoker.java:992)
	at org.testng.internal.invokers.TestInvoker.invokeTestMethods(TestInvoker.java:203)
	at org.testng.internal.invokers.TestMethodWorker.invokeTestMethods(TestMethodWorker.java:154)
	at org.testng.internal.invokers.TestMethodWorker.run(TestMethodWorker.java:134)
	at java.base/java.util.concurrent.Executors$RunnableAdapter.call(Executors.java:572)
	at java.base/java.util.concurrent.FutureTask.run(FutureTask.java:317)
	at org.testng.internal.thread.graph.TestNGFutureTask.run(TestNGFutureTask.java:22)
	at java.base/java.util.concurrent.ThreadPoolExecutor.runWorker(ThreadPoolExecutor.java:1144)
	at java.base/java.util.concurrent.ThreadPoolExecutor$Worker.run(ThreadPoolExecutor.java:642)
	at java.base/java.lang.Thread.run(Thread.java:1575)
</pre></div></td>
<td>2</td>
<td>testCases.Register_TestCase@4d518b32</td></tr>
<tr>
<td title='testCases.Tree_TestCase.EmptyTryeditorTravelsIllus()'><b>EmptyTryeditorTravelsIllus</b><br>Test class: testCases.Tree_TestCase</td>
<td><div><pre>java.lang.AssertionError: Alert is not present
	at testCases.Tree_TestCase.EmptyTryeditorTravelsIllus(Tree_TestCase.java:451)
	at java.base/java.util.concurrent.Executors$RunnableAdapter.call(Executors.java:572)
	at java.base/java.util.concurrent.FutureTask.run(FutureTask.java:317)
	at java.base/java.util.concurrent.ThreadPoolExecutor.runWorker(ThreadPoolExecutor.java:1144)
	at java.base/java.util.concurrent.ThreadPoolExecutor$Worker.run(ThreadPoolExecutor.java:642)
	at java.base/java.lang.Thread.run(Thread.java:1575)
... Removed 12 stack frames</pre></div><a href='#' onClick='toggleBox("stack-trace541348257", this, "Click to show all stack frames", "Click to hide stack frames")'>Click to show all stack frames</a>
<div class='stack-trace' id='stack-trace541348257'><pre>java.lang.AssertionError: Alert is not present
	at org.testng.Assert.fail(Assert.java:111)
	at testCases.Tree_TestCase.EmptyTryeditorTravelsIllus(Tree_TestCase.java:451)
	at java.base/jdk.internal.reflect.DirectMethodHandleAccessor.invoke(DirectMethodHandleAccessor.java:103)
	at java.base/java.lang.reflect.Method.invoke(Method.java:580)
	at org.testng.internal.invokers.MethodInvocationHelper.invokeMethod(MethodInvocationHelper.java:141)
	at org.testng.internal.invokers.TestInvoker.invokeMethod(TestInvoker.java:686)
	at org.testng.internal.invokers.TestInvoker.invokeTestMethod(TestInvoker.java:230)
	at org.testng.internal.invokers.MethodRunner.runInSequence(MethodRunner.java:63)
	at org.testng.internal.invokers.TestInvoker$MethodInvocationAgent.invoke(TestInvoker.java:992)
	at org.testng.internal.invokers.TestInvoker.invokeTestMethods(TestInvoker.java:203)
	at org.testng.internal.invokers.TestMethodWorker.invokeTestMethods(TestMethodWorker.java:154)
	at org.testng.internal.invokers.TestMethodWorker.run(TestMethodWorker.java:134)
	at java.base/java.util.concurrent.Executors$RunnableAdapter.call(Executors.java:572)
	at java.base/java.util.concurrent.FutureTask.run(FutureTask.java:317)
	at org.testng.internal.thread.graph.TestNGFutureTask.run(TestNGFutureTask.java:22)
	at java.base/java.util.concurrent.ThreadPoolExecutor.runWorker(ThreadPoolExecutor.java:1144)
	at java.base/java.util.concurrent.ThreadPoolExecutor$Worker.run(ThreadPoolExecutor.java:642)
	at java.base/java.lang.Thread.run(Thread.java:1575)
</pre></div></td>
<td>1</td>
<td>testCases.Tree_TestCase@7f8a9499</td></tr>
<tr>
<td title='testCases.Tree_TestCase.EmptyTryeditorIBT()'><b>EmptyTryeditorIBT</b><br>Test class: testCases.Tree_TestCase</td>
<td><div><pre>java.lang.AssertionError: Alert is not present
	at testCases.Tree_TestCase.EmptyTryeditorIBT(Tree_TestCase.java:844)
	at java.base/java.util.concurrent.Executors$RunnableAdapter.call(Executors.java:572)
	at java.base/java.util.concurrent.FutureTask.run(FutureTask.java:317)
	at java.base/java.util.concurrent.ThreadPoolExecutor.runWorker(ThreadPoolExecutor.java:1144)
	at java.base/java.util.concurrent.ThreadPoolExecutor$Worker.run(ThreadPoolExecutor.java:642)
	at java.base/java.lang.Thread.run(Thread.java:1575)
... Removed 12 stack frames</pre></div><a href='#' onClick='toggleBox("stack-trace225955743", this, "Click to show all stack frames", "Click to hide stack frames")'>Click to show all stack frames</a>
<div class='stack-trace' id='stack-trace225955743'><pre>java.lang.AssertionError: Alert is not present
	at org.testng.Assert.fail(Assert.java:111)
	at testCases.Tree_TestCase.EmptyTryeditorIBT(Tree_TestCase.java:844)
	at java.base/jdk.internal.reflect.DirectMethodHandleAccessor.invoke(DirectMethodHandleAccessor.java:103)
	at java.base/java.lang.reflect.Method.invoke(Method.java:580)
	at org.testng.internal.invokers.MethodInvocationHelper.invokeMethod(MethodInvocationHelper.java:141)
	at org.testng.internal.invokers.TestInvoker.invokeMethod(TestInvoker.java:686)
	at org.testng.internal.invokers.TestInvoker.retryFailed(TestInvoker.java:269)
	at org.testng.internal.invokers.MethodRunner.runInSequence(MethodRunner.java:76)
	at org.testng.internal.invokers.TestInvoker$MethodInvocationAgent.invoke(TestInvoker.java:992)
	at org.testng.internal.invokers.TestInvoker.invokeTestMethods(TestInvoker.java:203)
	at org.testng.internal.invokers.TestMethodWorker.invokeTestMethods(TestMethodWorker.java:154)
	at org.testng.internal.invokers.TestMethodWorker.run(TestMethodWorker.java:134)
	at java.base/java.util.concurrent.Executors$RunnableAdapter.call(Executors.java:572)
	at java.base/java.util.concurrent.FutureTask.run(FutureTask.java:317)
	at org.testng.internal.thread.graph.TestNGFutureTask.run(TestNGFutureTask.java:22)
	at java.base/java.util.concurrent.ThreadPoolExecutor.runWorker(ThreadPoolExecutor.java:1144)
	at java.base/java.util.concurrent.ThreadPoolExecutor$Worker.run(ThreadPoolExecutor.java:642)
	at java.base/java.lang.Thread.run(Thread.java:1575)
</pre></div></td>
<td>2</td>
<td>testCases.Tree_TestCase@7f8a9499</td></tr>
<tr>
<td title='testCases.Tree_TestCase.EmptyTryeditorImpinBT()'><b>EmptyTryeditorImpinBT</b><br>Test class: testCases.Tree_TestCase</td>
<td><div><pre>java.lang.AssertionError: Alert is not present
	at testCases.Tree_TestCase.EmptyTryeditorImpinBT(Tree_TestCase.java:687)
	at java.base/java.util.concurrent.Executors$RunnableAdapter.call(Executors.java:572)
	at java.base/java.util.concurrent.FutureTask.run(FutureTask.java:317)
	at java.base/java.util.concurrent.ThreadPoolExecutor.runWorker(ThreadPoolExecutor.java:1144)
	at java.base/java.util.concurrent.ThreadPoolExecutor$Worker.run(ThreadPoolExecutor.java:642)
	at java.base/java.lang.Thread.run(Thread.java:1575)
... Removed 12 stack frames</pre></div><a href='#' onClick='toggleBox("stack-trace675485352", this, "Click to show all stack frames", "Click to hide stack frames")'>Click to show all stack frames</a>
<div class='stack-trace' id='stack-trace675485352'><pre>java.lang.AssertionError: Alert is not present
	at org.testng.Assert.fail(Assert.java:111)
	at testCases.Tree_TestCase.EmptyTryeditorImpinBT(Tree_TestCase.java:687)
	at java.base/jdk.internal.reflect.DirectMethodHandleAccessor.invoke(DirectMethodHandleAccessor.java:103)
	at java.base/java.lang.reflect.Method.invoke(Method.java:580)
	at org.testng.internal.invokers.MethodInvocationHelper.invokeMethod(MethodInvocationHelper.java:141)
	at org.testng.internal.invokers.TestInvoker.invokeMethod(TestInvoker.java:686)
	at org.testng.internal.invokers.TestInvoker.retryFailed(TestInvoker.java:269)
	at org.testng.internal.invokers.MethodRunner.runInSequence(MethodRunner.java:76)
	at org.testng.internal.invokers.TestInvoker$MethodInvocationAgent.invoke(TestInvoker.java:992)
	at org.testng.internal.invokers.TestInvoker.invokeTestMethods(TestInvoker.java:203)
	at org.testng.internal.invokers.TestMethodWorker.invokeTestMethods(TestMethodWorker.java:154)
	at org.testng.internal.invokers.TestMethodWorker.run(TestMethodWorker.java:134)
	at java.base/java.util.concurrent.Executors$RunnableAdapter.call(Executors.java:572)
	at java.base/java.util.concurrent.FutureTask.run(FutureTask.java:317)
	at org.testng.internal.thread.graph.TestNGFutureTask.run(TestNGFutureTask.java:22)
	at java.base/java.util.concurrent.ThreadPoolExecutor.runWorker(ThreadPoolExecutor.java:1144)
	at java.base/java.util.concurrent.ThreadPoolExecutor$Worker.run(ThreadPoolExecutor.java:642)
	at java.base/java.lang.Thread.run(Thread.java:1575)
</pre></div></td>
<td>1</td>
<td>testCases.Tree_TestCase@7f8a9499</td></tr>
<tr>
<td title='testCases.Tree_TestCase.EmptyTryeditorTreeTraversals()'><b>EmptyTryeditorTreeTraversals</b><br>Test class: testCases.Tree_TestCase</td>
<td><div><pre>java.lang.AssertionError: Alert is not present
	at testCases.Tree_TestCase.EmptyTryeditorTreeTraversals(Tree_TestCase.java:371)
	at java.base/java.util.concurrent.Executors$RunnableAdapter.call(Executors.java:572)
	at java.base/java.util.concurrent.FutureTask.run(FutureTask.java:317)
	at java.base/java.util.concurrent.ThreadPoolExecutor.runWorker(ThreadPoolExecutor.java:1144)
	at java.base/java.util.concurrent.ThreadPoolExecutor$Worker.run(ThreadPoolExecutor.java:642)
	at java.base/java.lang.Thread.run(Thread.java:1575)
... Removed 12 stack frames</pre></div><a href='#' onClick='toggleBox("stack-trace1203472596", this, "Click to show all stack frames", "Click to hide stack frames")'>Click to show all stack frames</a>
<div class='stack-trace' id='stack-trace1203472596'><pre>java.lang.AssertionError: Alert is not present
	at org.testng.Assert.fail(Assert.java:111)
	at testCases.Tree_TestCase.EmptyTryeditorTreeTraversals(Tree_TestCase.java:371)
	at java.base/jdk.internal.reflect.DirectMethodHandleAccessor.invoke(DirectMethodHandleAccessor.java:103)
	at java.base/java.lang.reflect.Method.invoke(Method.java:580)
	at org.testng.internal.invokers.MethodInvocationHelper.invokeMethod(MethodInvocationHelper.java:141)
	at org.testng.internal.invokers.TestInvoker.invokeMethod(TestInvoker.java:686)
	at org.testng.internal.invokers.TestInvoker.retryFailed(TestInvoker.java:269)
	at org.testng.internal.invokers.MethodRunner.runInSequence(MethodRunner.java:76)
	at org.testng.internal.invokers.TestInvoker$MethodInvocationAgent.invoke(TestInvoker.java:992)
	at org.testng.internal.invokers.TestInvoker.invokeTestMethods(TestInvoker.java:203)
	at org.testng.internal.invokers.TestMethodWorker.invokeTestMethods(TestMethodWorker.java:154)
	at org.testng.internal.invokers.TestMethodWorker.run(TestMethodWorker.java:134)
	at java.base/java.util.concurrent.Executors$RunnableAdapter.call(Executors.java:572)
	at java.base/java.util.concurrent.FutureTask.run(FutureTask.java:317)
	at org.testng.internal.thread.graph.TestNGFutureTask.run(TestNGFutureTask.java:22)
	at java.base/java.util.concurrent.ThreadPoolExecutor.runWorker(ThreadPoolExecutor.java:1144)
	at java.base/java.util.concurrent.ThreadPoolExecutor$Worker.run(ThreadPoolExecutor.java:642)
	at java.base/java.lang.Thread.run(Thread.java:1575)
</pre></div></td>
<td>0</td>
<td>testCases.Tree_TestCase@7f8a9499</td></tr>
<tr>
<td title='testCases.Tree_TestCase.EmptyTryeditorTravelsIllus()'><b>EmptyTryeditorTravelsIllus</b><br>Test class: testCases.Tree_TestCase</td>
<td><div><pre>java.lang.AssertionError: Alert is not present
	at testCases.Tree_TestCase.EmptyTryeditorTravelsIllus(Tree_TestCase.java:451)
	at java.base/java.util.concurrent.Executors$RunnableAdapter.call(Executors.java:572)
	at java.base/java.util.concurrent.FutureTask.run(FutureTask.java:317)
	at java.base/java.util.concurrent.ThreadPoolExecutor.runWorker(ThreadPoolExecutor.java:1144)
	at java.base/java.util.concurrent.ThreadPoolExecutor$Worker.run(ThreadPoolExecutor.java:642)
	at java.base/java.lang.Thread.run(Thread.java:1575)
... Removed 12 stack frames</pre></div><a href='#' onClick='toggleBox("stack-trace467512237", this, "Click to show all stack frames", "Click to hide stack frames")'>Click to show all stack frames</a>
<div class='stack-trace' id='stack-trace467512237'><pre>java.lang.AssertionError: Alert is not present
	at org.testng.Assert.fail(Assert.java:111)
	at testCases.Tree_TestCase.EmptyTryeditorTravelsIllus(Tree_TestCase.java:451)
	at java.base/jdk.internal.reflect.DirectMethodHandleAccessor.invoke(DirectMethodHandleAccessor.java:103)
	at java.base/java.lang.reflect.Method.invoke(Method.java:580)
	at org.testng.internal.invokers.MethodInvocationHelper.invokeMethod(MethodInvocationHelper.java:141)
	at org.testng.internal.invokers.TestInvoker.invokeMethod(TestInvoker.java:686)
	at org.testng.internal.invokers.TestInvoker.retryFailed(TestInvoker.java:269)
	at org.testng.internal.invokers.MethodRunner.runInSequence(MethodRunner.java:76)
	at org.testng.internal.invokers.TestInvoker$MethodInvocationAgent.invoke(TestInvoker.java:992)
	at org.testng.internal.invokers.TestInvoker.invokeTestMethods(TestInvoker.java:203)
	at org.testng.internal.invokers.TestMethodWorker.invokeTestMethods(TestMethodWorker.java:154)
	at org.testng.internal.invokers.TestMethodWorker.run(TestMethodWorker.java:134)
	at java.base/java.util.concurrent.Executors$RunnableAdapter.call(Executors.java:572)
	at java.base/java.util.concurrent.FutureTask.run(FutureTask.java:317)
	at org.testng.internal.thread.graph.TestNGFutureTask.run(TestNGFutureTask.java:22)
	at java.base/java.util.concurrent.ThreadPoolExecutor.runWorker(ThreadPoolExecutor.java:1144)
	at java.base/java.util.concurrent.ThreadPoolExecutor$Worker.run(ThreadPoolExecutor.java:642)
	at java.base/java.lang.Thread.run(Thread.java:1575)
</pre></div></td>
<td>1</td>
<td>testCases.Tree_TestCase@7f8a9499</td></tr>
<tr>
<td title='testCases.Register_TestCase.InvalidRegister()'><b>InvalidRegister</b><br>Test class: testCases.Register_TestCase<br>Parameters: ActionSquad, abc@1234, abc@1234, The user Is already Registered, existing</td>
<td><div><pre>java.lang.AssertionError: expected [password_mismatch:The two password fields didn’t match.] but found [The user Is already Registered]
	at testCases.Register_TestCase.InvalidRegister(Register_TestCase.java:44)
	at java.base/java.util.concurrent.Executors$RunnableAdapter.call(Executors.java:572)
	at java.base/java.util.concurrent.FutureTask.run(FutureTask.java:317)
	at java.base/java.util.concurrent.ThreadPoolExecutor.runWorker(ThreadPoolExecutor.java:1144)
	at java.base/java.util.concurrent.ThreadPoolExecutor$Worker.run(ThreadPoolExecutor.java:642)
	at java.base/java.lang.Thread.run(Thread.java:1575)
... Removed 17 stack frames</pre></div><a href='#' onClick='toggleBox("stack-trace224134447", this, "Click to show all stack frames", "Click to hide stack frames")'>Click to show all stack frames</a>
<div class='stack-trace' id='stack-trace224134447'><pre>java.lang.AssertionError: expected [password_mismatch:The two password fields didn’t match.] but found [The user Is already Registered]
	at org.testng.Assert.fail(Assert.java:111)
	at org.testng.Assert.failNotEquals(Assert.java:1578)
	at org.testng.Assert.assertEqualsImpl(Assert.java:150)
	at org.testng.Assert.assertEquals(Assert.java:132)
	at org.testng.Assert.assertEquals(Assert.java:656)
	at org.testng.Assert.assertEquals(Assert.java:666)
	at testCases.Register_TestCase.InvalidRegister(Register_TestCase.java:44)
	at java.base/jdk.internal.reflect.DirectMethodHandleAccessor.invoke(DirectMethodHandleAccessor.java:103)
	at java.base/java.lang.reflect.Method.invoke(Method.java:580)
	at org.testng.internal.invokers.MethodInvocationHelper.invokeMethod(MethodInvocationHelper.java:141)
	at org.testng.internal.invokers.TestInvoker.invokeMethod(TestInvoker.java:686)
	at org.testng.internal.invokers.TestInvoker.retryFailed(TestInvoker.java:269)
	at org.testng.internal.invokers.MethodRunner.runInSequence(MethodRunner.java:76)
	at org.testng.internal.invokers.TestInvoker$MethodInvocationAgent.invoke(TestInvoker.java:992)
	at org.testng.internal.invokers.TestInvoker.invokeTestMethods(TestInvoker.java:203)
	at org.testng.internal.invokers.TestMethodWorker.invokeTestMethods(TestMethodWorker.java:154)
	at org.testng.internal.invokers.TestMethodWorker.run(TestMethodWorker.java:134)
	at java.base/java.util.concurrent.Executors$RunnableAdapter.call(Executors.java:572)
	at java.base/java.util.concurrent.FutureTask.run(FutureTask.java:317)
	at org.testng.internal.thread.graph.TestNGFutureTask.run(TestNGFutureTask.java:22)
	at java.base/java.util.concurrent.ThreadPoolExecutor.runWorker(ThreadPoolExecutor.java:1144)
	at java.base/java.util.concurrent.ThreadPoolExecutor$Worker.run(ThreadPoolExecutor.java:642)
	at java.base/java.lang.Thread.run(Thread.java:1575)
</pre></div></td>
<td>2</td>
<td>testCases.Register_TestCase@4d518b32</td></tr>
<tr>
<td title='testCases.Tree_TestCase.EmptyTryeditorBST()'><b>EmptyTryeditorBST</b><br>Test class: testCases.Tree_TestCase</td>
<td><div><pre>java.lang.AssertionError: Alert is not present
	at testCases.Tree_TestCase.EmptyTryeditorBST(Tree_TestCase.java:1004)
	at java.base/java.util.concurrent.Executors$RunnableAdapter.call(Executors.java:572)
	at java.base/java.util.concurrent.FutureTask.run(FutureTask.java:317)
	at java.base/java.util.concurrent.ThreadPoolExecutor.runWorker(ThreadPoolExecutor.java:1144)
	at java.base/java.util.concurrent.ThreadPoolExecutor$Worker.run(ThreadPoolExecutor.java:642)
	at java.base/java.lang.Thread.run(Thread.java:1575)
... Removed 12 stack frames</pre></div><a href='#' onClick='toggleBox("stack-trace429896426", this, "Click to show all stack frames", "Click to hide stack frames")'>Click to show all stack frames</a>
<div class='stack-trace' id='stack-trace429896426'><pre>java.lang.AssertionError: Alert is not present
	at org.testng.Assert.fail(Assert.java:111)
	at testCases.Tree_TestCase.EmptyTryeditorBST(Tree_TestCase.java:1004)
	at java.base/jdk.internal.reflect.DirectMethodHandleAccessor.invoke(DirectMethodHandleAccessor.java:103)
	at java.base/java.lang.reflect.Method.invoke(Method.java:580)
	at org.testng.internal.invokers.MethodInvocationHelper.invokeMethod(MethodInvocationHelper.java:141)
	at org.testng.internal.invokers.TestInvoker.invokeMethod(TestInvoker.java:686)
	at org.testng.internal.invokers.TestInvoker.invokeTestMethod(TestInvoker.java:230)
	at org.testng.internal.invokers.MethodRunner.runInSequence(MethodRunner.java:63)
	at org.testng.internal.invokers.TestInvoker$MethodInvocationAgent.invoke(TestInvoker.java:992)
	at org.testng.internal.invokers.TestInvoker.invokeTestMethods(TestInvoker.java:203)
	at org.testng.internal.invokers.TestMethodWorker.invokeTestMethods(TestMethodWorker.java:154)
	at org.testng.internal.invokers.TestMethodWorker.run(TestMethodWorker.java:134)
	at java.base/java.util.concurrent.Executors$RunnableAdapter.call(Executors.java:572)
	at java.base/java.util.concurrent.FutureTask.run(FutureTask.java:317)
	at org.testng.internal.thread.graph.TestNGFutureTask.run(TestNGFutureTask.java:22)
	at java.base/java.util.concurrent.ThreadPoolExecutor.runWorker(ThreadPoolExecutor.java:1144)
	at java.base/java.util.concurrent.ThreadPoolExecutor$Worker.run(ThreadPoolExecutor.java:642)
	at java.base/java.lang.Thread.run(Thread.java:1575)
</pre></div></td>
<td>2</td>
<td>testCases.Tree_TestCase@7f8a9499</td></tr>
<tr>
<td title='testCases.Tree_TestCase.EmptyTryeditorABT()'><b>EmptyTryeditorABT</b><br>Test class: testCases.Tree_TestCase</td>
<td><div><pre>java.lang.AssertionError: Alert is not present
	at testCases.Tree_TestCase.EmptyTryeditorABT(Tree_TestCase.java:922)
	at java.base/java.util.concurrent.Executors$RunnableAdapter.call(Executors.java:572)
	at java.base/java.util.concurrent.FutureTask.run(FutureTask.java:317)
	at java.base/java.util.concurrent.ThreadPoolExecutor.runWorker(ThreadPoolExecutor.java:1144)
	at java.base/java.util.concurrent.ThreadPoolExecutor$Worker.run(ThreadPoolExecutor.java:642)
	at java.base/java.lang.Thread.run(Thread.java:1575)
... Removed 12 stack frames</pre></div><a href='#' onClick='toggleBox("stack-trace2024588379", this, "Click to show all stack frames", "Click to hide stack frames")'>Click to show all stack frames</a>
<div class='stack-trace' id='stack-trace2024588379'><pre>java.lang.AssertionError: Alert is not present
	at org.testng.Assert.fail(Assert.java:111)
	at testCases.Tree_TestCase.EmptyTryeditorABT(Tree_TestCase.java:922)
	at java.base/jdk.internal.reflect.DirectMethodHandleAccessor.invoke(DirectMethodHandleAccessor.java:103)
	at java.base/java.lang.reflect.Method.invoke(Method.java:580)
	at org.testng.internal.invokers.MethodInvocationHelper.invokeMethod(MethodInvocationHelper.java:141)
	at org.testng.internal.invokers.TestInvoker.invokeMethod(TestInvoker.java:686)
	at org.testng.internal.invokers.TestInvoker.retryFailed(TestInvoker.java:269)
	at org.testng.internal.invokers.MethodRunner.runInSequence(MethodRunner.java:76)
	at org.testng.internal.invokers.TestInvoker$MethodInvocationAgent.invoke(TestInvoker.java:992)
	at org.testng.internal.invokers.TestInvoker.invokeTestMethods(TestInvoker.java:203)
	at org.testng.internal.invokers.TestMethodWorker.invokeTestMethods(TestMethodWorker.java:154)
	at org.testng.internal.invokers.TestMethodWorker.run(TestMethodWorker.java:134)
	at java.base/java.util.concurrent.Executors$RunnableAdapter.call(Executors.java:572)
	at java.base/java.util.concurrent.FutureTask.run(FutureTask.java:317)
	at org.testng.internal.thread.graph.TestNGFutureTask.run(TestNGFutureTask.java:22)
	at java.base/java.util.concurrent.ThreadPoolExecutor.runWorker(ThreadPoolExecutor.java:1144)
	at java.base/java.util.concurrent.ThreadPoolExecutor$Worker.run(ThreadPoolExecutor.java:642)
	at java.base/java.lang.Thread.run(Thread.java:1575)
</pre></div></td>
<td>1</td>
<td>testCases.Tree_TestCase@7f8a9499</td></tr>
<tr>
<td title='testCases.Tree_TestCase.EmptyTryeditorIBT()'><b>EmptyTryeditorIBT</b><br>Test class: testCases.Tree_TestCase</td>
<td><div><pre>java.lang.AssertionError: Alert is not present
	at testCases.Tree_TestCase.EmptyTryeditorIBT(Tree_TestCase.java:844)
	at java.base/java.util.concurrent.Executors$RunnableAdapter.call(Executors.java:572)
	at java.base/java.util.concurrent.FutureTask.run(FutureTask.java:317)
	at java.base/java.util.concurrent.ThreadPoolExecutor.runWorker(ThreadPoolExecutor.java:1144)
	at java.base/java.util.concurrent.ThreadPoolExecutor$Worker.run(ThreadPoolExecutor.java:642)
	at java.base/java.lang.Thread.run(Thread.java:1575)
... Removed 12 stack frames</pre></div><a href='#' onClick='toggleBox("stack-trace1943708077", this, "Click to show all stack frames", "Click to hide stack frames")'>Click to show all stack frames</a>
<div class='stack-trace' id='stack-trace1943708077'><pre>java.lang.AssertionError: Alert is not present
	at org.testng.Assert.fail(Assert.java:111)
	at testCases.Tree_TestCase.EmptyTryeditorIBT(Tree_TestCase.java:844)
	at java.base/jdk.internal.reflect.DirectMethodHandleAccessor.invoke(DirectMethodHandleAccessor.java:103)
	at java.base/java.lang.reflect.Method.invoke(Method.java:580)
	at org.testng.internal.invokers.MethodInvocationHelper.invokeMethod(MethodInvocationHelper.java:141)
	at org.testng.internal.invokers.TestInvoker.invokeMethod(TestInvoker.java:686)
	at org.testng.internal.invokers.TestInvoker.retryFailed(TestInvoker.java:269)
	at org.testng.internal.invokers.MethodRunner.runInSequence(MethodRunner.java:76)
	at org.testng.internal.invokers.TestInvoker$MethodInvocationAgent.invoke(TestInvoker.java:992)
	at org.testng.internal.invokers.TestInvoker.invokeTestMethods(TestInvoker.java:203)
	at org.testng.internal.invokers.TestMethodWorker.invokeTestMethods(TestMethodWorker.java:154)
	at org.testng.internal.invokers.TestMethodWorker.run(TestMethodWorker.java:134)
	at java.base/java.util.concurrent.Executors$RunnableAdapter.call(Executors.java:572)
	at java.base/java.util.concurrent.FutureTask.run(FutureTask.java:317)
	at org.testng.internal.thread.graph.TestNGFutureTask.run(TestNGFutureTask.java:22)
	at java.base/java.util.concurrent.ThreadPoolExecutor.runWorker(ThreadPoolExecutor.java:1144)
	at java.base/java.util.concurrent.ThreadPoolExecutor$Worker.run(ThreadPoolExecutor.java:642)
	at java.base/java.lang.Thread.run(Thread.java:1575)
</pre></div></td>
<td>1</td>
<td>testCases.Tree_TestCase@7f8a9499</td></tr>
<tr>
<td title='testCases.Tree_TestCase.EmptyTryeditorTerminologies()'><b>EmptyTryeditorTerminologies</b><br>Test class: testCases.Tree_TestCase</td>
<td><div><pre>java.lang.AssertionError: Alert is not present
	at testCases.Tree_TestCase.EmptyTryeditorTerminologies(Tree_TestCase.java:210)
	at java.base/java.util.concurrent.Executors$RunnableAdapter.call(Executors.java:572)
	at java.base/java.util.concurrent.FutureTask.run(FutureTask.java:317)
	at java.base/java.util.concurrent.ThreadPoolExecutor.runWorker(ThreadPoolExecutor.java:1144)
	at java.base/java.util.concurrent.ThreadPoolExecutor$Worker.run(ThreadPoolExecutor.java:642)
	at java.base/java.lang.Thread.run(Thread.java:1575)
... Removed 12 stack frames</pre></div><a href='#' onClick='toggleBox("stack-trace410627203", this, "Click to show all stack frames", "Click to hide stack frames")'>Click to show all stack frames</a>
<div class='stack-trace' id='stack-trace410627203'><pre>java.lang.AssertionError: Alert is not present
	at org.testng.Assert.fail(Assert.java:111)
	at testCases.Tree_TestCase.EmptyTryeditorTerminologies(Tree_TestCase.java:210)
	at java.base/jdk.internal.reflect.DirectMethodHandleAccessor.invoke(DirectMethodHandleAccessor.java:103)
	at java.base/java.lang.reflect.Method.invoke(Method.java:580)
	at org.testng.internal.invokers.MethodInvocationHelper.invokeMethod(MethodInvocationHelper.java:141)
	at org.testng.internal.invokers.TestInvoker.invokeMethod(TestInvoker.java:686)
	at org.testng.internal.invokers.TestInvoker.invokeTestMethod(TestInvoker.java:230)
	at org.testng.internal.invokers.MethodRunner.runInSequence(MethodRunner.java:63)
	at org.testng.internal.invokers.TestInvoker$MethodInvocationAgent.invoke(TestInvoker.java:992)
	at org.testng.internal.invokers.TestInvoker.invokeTestMethods(TestInvoker.java:203)
	at org.testng.internal.invokers.TestMethodWorker.invokeTestMethods(TestMethodWorker.java:154)
	at org.testng.internal.invokers.TestMethodWorker.run(TestMethodWorker.java:134)
	at java.base/java.util.concurrent.Executors$RunnableAdapter.call(Executors.java:572)
	at java.base/java.util.concurrent.FutureTask.run(FutureTask.java:317)
	at org.testng.internal.thread.graph.TestNGFutureTask.run(TestNGFutureTask.java:22)
	at java.base/java.util.concurrent.ThreadPoolExecutor.runWorker(ThreadPoolExecutor.java:1144)
	at java.base/java.util.concurrent.ThreadPoolExecutor$Worker.run(ThreadPoolExecutor.java:642)
	at java.base/java.lang.Thread.run(Thread.java:1575)
</pre></div></td>
<td>1</td>
<td>testCases.Tree_TestCase@7f8a9499</td></tr>
<tr>
<td title='testCases.Tree_TestCase.EmptyTryeditorTypesofTrees()'><b>EmptyTryeditorTypesofTrees</b><br>Test class: testCases.Tree_TestCase</td>
<td><div><pre>java.lang.AssertionError: Alert is not present
	at testCases.Tree_TestCase.EmptyTryeditorTypesofTrees(Tree_TestCase.java:289)
	at java.base/java.util.concurrent.Executors$RunnableAdapter.call(Executors.java:572)
	at java.base/java.util.concurrent.FutureTask.run(FutureTask.java:317)
	at java.base/java.util.concurrent.ThreadPoolExecutor.runWorker(ThreadPoolExecutor.java:1144)
	at java.base/java.util.concurrent.ThreadPoolExecutor$Worker.run(ThreadPoolExecutor.java:642)
	at java.base/java.lang.Thread.run(Thread.java:1575)
... Removed 12 stack frames</pre></div><a href='#' onClick='toggleBox("stack-trace1584366357", this, "Click to show all stack frames", "Click to hide stack frames")'>Click to show all stack frames</a>
<div class='stack-trace' id='stack-trace1584366357'><pre>java.lang.AssertionError: Alert is not present
	at org.testng.Assert.fail(Assert.java:111)
	at testCases.Tree_TestCase.EmptyTryeditorTypesofTrees(Tree_TestCase.java:289)
	at java.base/jdk.internal.reflect.DirectMethodHandleAccessor.invoke(DirectMethodHandleAccessor.java:103)
	at java.base/java.lang.reflect.Method.invoke(Method.java:580)
	at org.testng.internal.invokers.MethodInvocationHelper.invokeMethod(MethodInvocationHelper.java:141)
	at org.testng.internal.invokers.TestInvoker.invokeMethod(TestInvoker.java:686)
	at org.testng.internal.invokers.TestInvoker.retryFailed(TestInvoker.java:269)
	at org.testng.internal.invokers.MethodRunner.runInSequence(MethodRunner.java:76)
	at org.testng.internal.invokers.TestInvoker$MethodInvocationAgent.invoke(TestInvoker.java:992)
	at org.testng.internal.invokers.TestInvoker.invokeTestMethods(TestInvoker.java:203)
	at org.testng.internal.invokers.TestMethodWorker.invokeTestMethods(TestMethodWorker.java:154)
	at org.testng.internal.invokers.TestMethodWorker.run(TestMethodWorker.java:134)
	at java.base/java.util.concurrent.Executors$RunnableAdapter.call(Executors.java:572)
	at java.base/java.util.concurrent.FutureTask.run(FutureTask.java:317)
	at org.testng.internal.thread.graph.TestNGFutureTask.run(TestNGFutureTask.java:22)
	at java.base/java.util.concurrent.ThreadPoolExecutor.runWorker(ThreadPoolExecutor.java:1144)
	at java.base/java.util.concurrent.ThreadPoolExecutor$Worker.run(ThreadPoolExecutor.java:642)
	at java.base/java.lang.Thread.run(Thread.java:1575)
</pre></div></td>
<td>0</td>
<td>testCases.Tree_TestCase@7f8a9499</td></tr>
<tr>
<td title='testCases.Tree_TestCase.EmptyTryeditorTerminologies()'><b>EmptyTryeditorTerminologies</b><br>Test class: testCases.Tree_TestCase</td>
<td><div><pre>java.lang.AssertionError: Alert is not present
	at testCases.Tree_TestCase.EmptyTryeditorTerminologies(Tree_TestCase.java:210)
	at java.base/java.util.concurrent.Executors$RunnableAdapter.call(Executors.java:572)
	at java.base/java.util.concurrent.FutureTask.run(FutureTask.java:317)
	at java.base/java.util.concurrent.ThreadPoolExecutor.runWorker(ThreadPoolExecutor.java:1144)
	at java.base/java.util.concurrent.ThreadPoolExecutor$Worker.run(ThreadPoolExecutor.java:642)
	at java.base/java.lang.Thread.run(Thread.java:1575)
... Removed 12 stack frames</pre></div><a href='#' onClick='toggleBox("stack-trace1220031300", this, "Click to show all stack frames", "Click to hide stack frames")'>Click to show all stack frames</a>
<div class='stack-trace' id='stack-trace1220031300'><pre>java.lang.AssertionError: Alert is not present
	at org.testng.Assert.fail(Assert.java:111)
	at testCases.Tree_TestCase.EmptyTryeditorTerminologies(Tree_TestCase.java:210)
	at java.base/jdk.internal.reflect.DirectMethodHandleAccessor.invoke(DirectMethodHandleAccessor.java:103)
	at java.base/java.lang.reflect.Method.invoke(Method.java:580)
	at org.testng.internal.invokers.MethodInvocationHelper.invokeMethod(MethodInvocationHelper.java:141)
	at org.testng.internal.invokers.TestInvoker.invokeMethod(TestInvoker.java:686)
	at org.testng.internal.invokers.TestInvoker.retryFailed(TestInvoker.java:269)
	at org.testng.internal.invokers.MethodRunner.runInSequence(MethodRunner.java:76)
	at org.testng.internal.invokers.TestInvoker$MethodInvocationAgent.invoke(TestInvoker.java:992)
	at org.testng.internal.invokers.TestInvoker.invokeTestMethods(TestInvoker.java:203)
	at org.testng.internal.invokers.TestMethodWorker.invokeTestMethods(TestMethodWorker.java:154)
	at org.testng.internal.invokers.TestMethodWorker.run(TestMethodWorker.java:134)
	at java.base/java.util.concurrent.Executors$RunnableAdapter.call(Executors.java:572)
	at java.base/java.util.concurrent.FutureTask.run(FutureTask.java:317)
	at org.testng.internal.thread.graph.TestNGFutureTask.run(TestNGFutureTask.java:22)
	at java.base/java.util.concurrent.ThreadPoolExecutor.runWorker(ThreadPoolExecutor.java:1144)
	at java.base/java.util.concurrent.ThreadPoolExecutor$Worker.run(ThreadPoolExecutor.java:642)
	at java.base/java.lang.Thread.run(Thread.java:1575)
</pre></div></td>
<td>1</td>
<td>testCases.Tree_TestCase@7f8a9499</td></tr>
</table><p>
</body>
</html>