<html>
<head>
<title>TestNG:  TestChrome</title>
<link href="../testng.css" rel="stylesheet" type="text/css" />
<link href="../my-testng.css" rel="stylesheet" type="text/css" />

<style type="text/css">
.log { display: none;} 
.stack-trace { display: none;} 
</style>
<script type="text/javascript">
<!--
function flip(e) {
  current = e.style.display;
  if (current == 'block') {
    e.style.display = 'none';
    return 0;
  }
  else {
    e.style.display = 'block';
    return 1;
  }
}

function toggleBox(szDivId, elem, msg1, msg2)
{
  var res = -1;  if (document.getElementById) {
    res = flip(document.getElementById(szDivId));
  }
  else if (document.all) {
    // this is the way old msie versions work
    res = flip(document.all[szDivId]);
  }
  if(elem) {
    if(res == 0) elem.innerHTML = msg1; else elem.innerHTML = msg2;
  }

}

function toggleAllBoxes() {
  if (document.getElementsByTagName) {
    d = document.getElementsByTagName('div');
    for (i = 0; i < d.length; i++) {
      if (d[i].className == 'log') {
        flip(d[i]);
      }
    }
  }
}

// -->
</script>

</head>
<body>
<h2 align='center'>TestChrome</h2><table border='1' align="center">
<tr>
<td>Tests passed/Failed/Skipped:</td><td>153/16/48</td>
</tr><tr>
<td>Started on:</td><td>Sat Jan 11 22:19:46 CST 2025</td>
</tr>
<tr><td>Total time:</td><td>500 seconds (500042 ms)</td>
</tr><tr>
<td>Included groups:</td><td></td>
</tr><tr>
<td>Excluded groups:</td><td></td>
</tr>
</table><p/>
<small><i>(Hover the method name to see the test class name)</i></small><p/>
<table width='100%' border='1' class='invocation-failed'>
<tr><td colspan='4' align='center'><b>FAILED TESTS</b></td></tr>
<tr><td><b>Test method</b></td>
<td><b>Attribute(s)</b></td>
<td width="30%"><b>Exception</b></td>
<td width="10%"><b>Time (seconds)</b></td>
<td><b>Instance</b></td>
</tr>
<tr>
<td title='testCases.Tree_TestCase.EmptyTryeditorIBT()'><b>EmptyTryeditorIBT</b><br>Test class: testCases.Tree_TestCase<br/>
<a href="#Output-155678215" onClick='toggleBox("Output-155678215", this, "Show output", "Hide output");'>Show output</a>

<a href="#Output-155678215" onClick="toggleAllBoxes();">Show all outputs</a>
<div class='log' id="Output-155678215">
Screenshot saved at: C:\Users\12017\Desktop\MurugaKaapathu\AS_testNG\screenshots\EmptyTryeditorIBT.png<br/>
</div>
</td>
<td><div><pre>java.lang.AssertionError: Alert is not present
	at testCases.Tree_TestCase.EmptyTryeditorIBT(Tree_TestCase.java:844)
	at java.base/java.util.concurrent.Executors$RunnableAdapter.call(Executors.java:572)
	at java.base/java.util.concurrent.FutureTask.run(FutureTask.java:317)
	at java.base/java.util.concurrent.ThreadPoolExecutor.runWorker(ThreadPoolExecutor.java:1144)
	at java.base/java.util.concurrent.ThreadPoolExecutor$Worker.run(ThreadPoolExecutor.java:642)
	at java.base/java.lang.Thread.run(Thread.java:1575)
... Removed 12 stack frames</pre></div><a href='#' onClick='toggleBox("stack-trace155678215", this, "Click to show all stack frames", "Click to hide stack frames")'>Click to show all stack frames</a>
<div class='stack-trace' id='stack-trace155678215'><pre>java.lang.AssertionError: Alert is not present
	at org.testng.Assert.fail(Assert.java:111)
	at testCases.Tree_TestCase.EmptyTryeditorIBT(Tree_TestCase.java:844)
	at java.base/jdk.internal.reflect.DirectMethodHandleAccessor.invoke(DirectMethodHandleAccessor.java:103)
	at java.base/java.lang.reflect.Method.invoke(Method.java:580)
	at org.testng.internal.invokers.MethodInvocationHelper.invokeMethod(MethodInvocationHelper.java:141)
	at org.testng.internal.invokers.TestInvoker.invokeMethod(TestInvoker.java:686)
	at org.testng.internal.invokers.TestInvoker.retryFailed(TestInvoker.java:269)
	at org.testng.internal.invokers.MethodRunner.runInSequence(MethodRunner.java:76)
	at org.testng.internal.invokers.TestInvoker$MethodInvocationAgent.invoke(TestInvoker.java:992)
	at org.testng.internal.invokers.TestInvoker.invokeTestMethods(TestInvoker.java:203)
	at org.testng.internal.invokers.TestMethodWorker.invokeTestMethods(TestMethodWorker.java:154)
	at org.testng.internal.invokers.TestMethodWorker.run(TestMethodWorker.java:134)
	at java.base/java.util.concurrent.Executors$RunnableAdapter.call(Executors.java:572)
	at java.base/java.util.concurrent.FutureTask.run(FutureTask.java:317)
	at org.testng.internal.thread.graph.TestNGFutureTask.run(TestNGFutureTask.java:22)
	at java.base/java.util.concurrent.ThreadPoolExecutor.runWorker(ThreadPoolExecutor.java:1144)
	at java.base/java.util.concurrent.ThreadPoolExecutor$Worker.run(ThreadPoolExecutor.java:642)
	at java.base/java.lang.Thread.run(Thread.java:1575)
</pre></div></td>
<td>0</td>
<td>testCases.Tree_TestCase@518caac3</td></tr>
<tr>
<td title='testCases.Tree_TestCase.EmptyTryeditorTerminologies()'><b>EmptyTryeditorTerminologies</b><br>Test class: testCases.Tree_TestCase<br/>
<a href="#Output-1418975090" onClick='toggleBox("Output-1418975090", this, "Show output", "Hide output");'>Show output</a>

<a href="#Output-1418975090" onClick="toggleAllBoxes();">Show all outputs</a>
<div class='log' id="Output-1418975090">
Screenshot saved at: C:\Users\12017\Desktop\MurugaKaapathu\AS_testNG\screenshots\EmptyTryeditorTerminologies.png<br/>
</div>
</td>
<td><div><pre>java.lang.AssertionError: Alert is not present
	at testCases.Tree_TestCase.EmptyTryeditorTerminologies(Tree_TestCase.java:210)
	at java.base/java.util.concurrent.Executors$RunnableAdapter.call(Executors.java:572)
	at java.base/java.util.concurrent.FutureTask.run(FutureTask.java:317)
	at java.base/java.util.concurrent.ThreadPoolExecutor.runWorker(ThreadPoolExecutor.java:1144)
	at java.base/java.util.concurrent.ThreadPoolExecutor$Worker.run(ThreadPoolExecutor.java:642)
	at java.base/java.lang.Thread.run(Thread.java:1575)
... Removed 12 stack frames</pre></div><a href='#' onClick='toggleBox("stack-trace1418975090", this, "Click to show all stack frames", "Click to hide stack frames")'>Click to show all stack frames</a>
<div class='stack-trace' id='stack-trace1418975090'><pre>java.lang.AssertionError: Alert is not present
	at org.testng.Assert.fail(Assert.java:111)
	at testCases.Tree_TestCase.EmptyTryeditorTerminologies(Tree_TestCase.java:210)
	at java.base/jdk.internal.reflect.DirectMethodHandleAccessor.invoke(DirectMethodHandleAccessor.java:103)
	at java.base/java.lang.reflect.Method.invoke(Method.java:580)
	at org.testng.internal.invokers.MethodInvocationHelper.invokeMethod(MethodInvocationHelper.java:141)
	at org.testng.internal.invokers.TestInvoker.invokeMethod(TestInvoker.java:686)
	at org.testng.internal.invokers.TestInvoker.retryFailed(TestInvoker.java:269)
	at org.testng.internal.invokers.MethodRunner.runInSequence(MethodRunner.java:76)
	at org.testng.internal.invokers.TestInvoker$MethodInvocationAgent.invoke(TestInvoker.java:992)
	at org.testng.internal.invokers.TestInvoker.invokeTestMethods(TestInvoker.java:203)
	at org.testng.internal.invokers.TestMethodWorker.invokeTestMethods(TestMethodWorker.java:154)
	at org.testng.internal.invokers.TestMethodWorker.run(TestMethodWorker.java:134)
	at java.base/java.util.concurrent.Executors$RunnableAdapter.call(Executors.java:572)
	at java.base/java.util.concurrent.FutureTask.run(FutureTask.java:317)
	at org.testng.internal.thread.graph.TestNGFutureTask.run(TestNGFutureTask.java:22)
	at java.base/java.util.concurrent.ThreadPoolExecutor.runWorker(ThreadPoolExecutor.java:1144)
	at java.base/java.util.concurrent.ThreadPoolExecutor$Worker.run(ThreadPoolExecutor.java:642)
	at java.base/java.lang.Thread.run(Thread.java:1575)
</pre></div></td>
<td>1</td>
<td>testCases.Tree_TestCase@518caac3</td></tr>
<tr>
<td title='testCases.Tree_TestCase.EmptyTryeditorTypesofTrees()'><b>EmptyTryeditorTypesofTrees</b><br>Test class: testCases.Tree_TestCase<br/>
<a href="#Output-916096187" onClick='toggleBox("Output-916096187", this, "Show output", "Hide output");'>Show output</a>

<a href="#Output-916096187" onClick="toggleAllBoxes();">Show all outputs</a>
<div class='log' id="Output-916096187">
Screenshot saved at: C:\Users\12017\Desktop\MurugaKaapathu\AS_testNG\screenshots\EmptyTryeditorTypesofTrees.png<br/>
</div>
</td>
<td><div><pre>java.lang.AssertionError: Alert is not present
	at testCases.Tree_TestCase.EmptyTryeditorTypesofTrees(Tree_TestCase.java:289)
	at java.base/java.util.concurrent.Executors$RunnableAdapter.call(Executors.java:572)
	at java.base/java.util.concurrent.FutureTask.run(FutureTask.java:317)
	at java.base/java.util.concurrent.ThreadPoolExecutor.runWorker(ThreadPoolExecutor.java:1144)
	at java.base/java.util.concurrent.ThreadPoolExecutor$Worker.run(ThreadPoolExecutor.java:642)
	at java.base/java.lang.Thread.run(Thread.java:1575)
... Removed 12 stack frames</pre></div><a href='#' onClick='toggleBox("stack-trace916096187", this, "Click to show all stack frames", "Click to hide stack frames")'>Click to show all stack frames</a>
<div class='stack-trace' id='stack-trace916096187'><pre>java.lang.AssertionError: Alert is not present
	at org.testng.Assert.fail(Assert.java:111)
	at testCases.Tree_TestCase.EmptyTryeditorTypesofTrees(Tree_TestCase.java:289)
	at java.base/jdk.internal.reflect.DirectMethodHandleAccessor.invoke(DirectMethodHandleAccessor.java:103)
	at java.base/java.lang.reflect.Method.invoke(Method.java:580)
	at org.testng.internal.invokers.MethodInvocationHelper.invokeMethod(MethodInvocationHelper.java:141)
	at org.testng.internal.invokers.TestInvoker.invokeMethod(TestInvoker.java:686)
	at org.testng.internal.invokers.TestInvoker.retryFailed(TestInvoker.java:269)
	at org.testng.internal.invokers.MethodRunner.runInSequence(MethodRunner.java:76)
	at org.testng.internal.invokers.TestInvoker$MethodInvocationAgent.invoke(TestInvoker.java:992)
	at org.testng.internal.invokers.TestInvoker.invokeTestMethods(TestInvoker.java:203)
	at org.testng.internal.invokers.TestMethodWorker.invokeTestMethods(TestMethodWorker.java:154)
	at org.testng.internal.invokers.TestMethodWorker.run(TestMethodWorker.java:134)
	at java.base/java.util.concurrent.Executors$RunnableAdapter.call(Executors.java:572)
	at java.base/java.util.concurrent.FutureTask.run(FutureTask.java:317)
	at org.testng.internal.thread.graph.TestNGFutureTask.run(TestNGFutureTask.java:22)
	at java.base/java.util.concurrent.ThreadPoolExecutor.runWorker(ThreadPoolExecutor.java:1144)
	at java.base/java.util.concurrent.ThreadPoolExecutor$Worker.run(ThreadPoolExecutor.java:642)
	at java.base/java.lang.Thread.run(Thread.java:1575)
</pre></div></td>
<td>0</td>
<td>testCases.Tree_TestCase@518caac3</td></tr>
<tr>
<td title='testCases.Tree_TestCase.EmptyTryeditorBT()'><b>EmptyTryeditorBT</b><br>Test class: testCases.Tree_TestCase<br/>
<a href="#Output-2029630588" onClick='toggleBox("Output-2029630588", this, "Show output", "Hide output");'>Show output</a>

<a href="#Output-2029630588" onClick="toggleAllBoxes();">Show all outputs</a>
<div class='log' id="Output-2029630588">
Screenshot saved at: C:\Users\12017\Desktop\MurugaKaapathu\AS_testNG\screenshots\EmptyTryeditorBT.png<br/>
</div>
</td>
<td><div><pre>java.lang.AssertionError: Alert is not present
	at testCases.Tree_TestCase.EmptyTryeditorBT(Tree_TestCase.java:529)
	at java.base/java.util.concurrent.Executors$RunnableAdapter.call(Executors.java:572)
	at java.base/java.util.concurrent.FutureTask.run(FutureTask.java:317)
	at java.base/java.util.concurrent.ThreadPoolExecutor.runWorker(ThreadPoolExecutor.java:1144)
	at java.base/java.util.concurrent.ThreadPoolExecutor$Worker.run(ThreadPoolExecutor.java:642)
	at java.base/java.lang.Thread.run(Thread.java:1575)
... Removed 12 stack frames</pre></div><a href='#' onClick='toggleBox("stack-trace2029630588", this, "Click to show all stack frames", "Click to hide stack frames")'>Click to show all stack frames</a>
<div class='stack-trace' id='stack-trace2029630588'><pre>java.lang.AssertionError: Alert is not present
	at org.testng.Assert.fail(Assert.java:111)
	at testCases.Tree_TestCase.EmptyTryeditorBT(Tree_TestCase.java:529)
	at java.base/jdk.internal.reflect.DirectMethodHandleAccessor.invoke(DirectMethodHandleAccessor.java:103)
	at java.base/java.lang.reflect.Method.invoke(Method.java:580)
	at org.testng.internal.invokers.MethodInvocationHelper.invokeMethod(MethodInvocationHelper.java:141)
	at org.testng.internal.invokers.TestInvoker.invokeMethod(TestInvoker.java:686)
	at org.testng.internal.invokers.TestInvoker.retryFailed(TestInvoker.java:269)
	at org.testng.internal.invokers.MethodRunner.runInSequence(MethodRunner.java:76)
	at org.testng.internal.invokers.TestInvoker$MethodInvocationAgent.invoke(TestInvoker.java:992)
	at org.testng.internal.invokers.TestInvoker.invokeTestMethods(TestInvoker.java:203)
	at org.testng.internal.invokers.TestMethodWorker.invokeTestMethods(TestMethodWorker.java:154)
	at org.testng.internal.invokers.TestMethodWorker.run(TestMethodWorker.java:134)
	at java.base/java.util.concurrent.Executors$RunnableAdapter.call(Executors.java:572)
	at java.base/java.util.concurrent.FutureTask.run(FutureTask.java:317)
	at org.testng.internal.thread.graph.TestNGFutureTask.run(TestNGFutureTask.java:22)
	at java.base/java.util.concurrent.ThreadPoolExecutor.runWorker(ThreadPoolExecutor.java:1144)
	at java.base/java.util.concurrent.ThreadPoolExecutor$Worker.run(ThreadPoolExecutor.java:642)
	at java.base/java.lang.Thread.run(Thread.java:1575)
</pre></div></td>
<td>1</td>
<td>testCases.Tree_TestCase@518caac3</td></tr>
<tr>
<td title='testCases.Tree_TestCase.EmptyTryeditorBinTreeTrav()'><b>EmptyTryeditorBinTreeTrav</b><br>Test class: testCases.Tree_TestCase<br/>
<a href="#Output-117120189" onClick='toggleBox("Output-117120189", this, "Show output", "Hide output");'>Show output</a>

<a href="#Output-117120189" onClick="toggleAllBoxes();">Show all outputs</a>
<div class='log' id="Output-117120189">
Screenshot saved at: C:\Users\12017\Desktop\MurugaKaapathu\AS_testNG\screenshots\EmptyTryeditorBinTreeTrav.png<br/>
</div>
</td>
<td><div><pre>java.lang.AssertionError: Alert is not present
	at testCases.Tree_TestCase.EmptyTryeditorBinTreeTrav(Tree_TestCase.java:766)
	at java.base/java.util.concurrent.Executors$RunnableAdapter.call(Executors.java:572)
	at java.base/java.util.concurrent.FutureTask.run(FutureTask.java:317)
	at java.base/java.util.concurrent.ThreadPoolExecutor.runWorker(ThreadPoolExecutor.java:1144)
	at java.base/java.util.concurrent.ThreadPoolExecutor$Worker.run(ThreadPoolExecutor.java:642)
	at java.base/java.lang.Thread.run(Thread.java:1575)
... Removed 12 stack frames</pre></div><a href='#' onClick='toggleBox("stack-trace117120189", this, "Click to show all stack frames", "Click to hide stack frames")'>Click to show all stack frames</a>
<div class='stack-trace' id='stack-trace117120189'><pre>java.lang.AssertionError: Alert is not present
	at org.testng.Assert.fail(Assert.java:111)
	at testCases.Tree_TestCase.EmptyTryeditorBinTreeTrav(Tree_TestCase.java:766)
	at java.base/jdk.internal.reflect.DirectMethodHandleAccessor.invoke(DirectMethodHandleAccessor.java:103)
	at java.base/java.lang.reflect.Method.invoke(Method.java:580)
	at org.testng.internal.invokers.MethodInvocationHelper.invokeMethod(MethodInvocationHelper.java:141)
	at org.testng.internal.invokers.TestInvoker.invokeMethod(TestInvoker.java:686)
	at org.testng.internal.invokers.TestInvoker.retryFailed(TestInvoker.java:269)
	at org.testng.internal.invokers.MethodRunner.runInSequence(MethodRunner.java:76)
	at org.testng.internal.invokers.TestInvoker$MethodInvocationAgent.invoke(TestInvoker.java:992)
	at org.testng.internal.invokers.TestInvoker.invokeTestMethods(TestInvoker.java:203)
	at org.testng.internal.invokers.TestMethodWorker.invokeTestMethods(TestMethodWorker.java:154)
	at org.testng.internal.invokers.TestMethodWorker.run(TestMethodWorker.java:134)
	at java.base/java.util.concurrent.Executors$RunnableAdapter.call(Executors.java:572)
	at java.base/java.util.concurrent.FutureTask.run(FutureTask.java:317)
	at org.testng.internal.thread.graph.TestNGFutureTask.run(TestNGFutureTask.java:22)
	at java.base/java.util.concurrent.ThreadPoolExecutor.runWorker(ThreadPoolExecutor.java:1144)
	at java.base/java.util.concurrent.ThreadPoolExecutor$Worker.run(ThreadPoolExecutor.java:642)
	at java.base/java.lang.Thread.run(Thread.java:1575)
</pre></div></td>
<td>1</td>
<td>testCases.Tree_TestCase@518caac3</td></tr>
<tr>
<td title='testCases.Tree_TestCase.EmptyTryeditorTypesofBT()'><b>EmptyTryeditorTypesofBT</b><br>Test class: testCases.Tree_TestCase<br/>
<a href="#Output-37227582" onClick='toggleBox("Output-37227582", this, "Show output", "Hide output");'>Show output</a>

<a href="#Output-37227582" onClick="toggleAllBoxes();">Show all outputs</a>
<div class='log' id="Output-37227582">
Screenshot saved at: C:\Users\12017\Desktop\MurugaKaapathu\AS_testNG\screenshots\EmptyTryeditorTypesofBT.png<br/>
</div>
</td>
<td><div><pre>java.lang.AssertionError: Alert is not present
	at testCases.Tree_TestCase.EmptyTryeditorTypesofBT(Tree_TestCase.java:607)
	at java.base/java.util.concurrent.Executors$RunnableAdapter.call(Executors.java:572)
	at java.base/java.util.concurrent.FutureTask.run(FutureTask.java:317)
	at java.base/java.util.concurrent.ThreadPoolExecutor.runWorker(ThreadPoolExecutor.java:1144)
	at java.base/java.util.concurrent.ThreadPoolExecutor$Worker.run(ThreadPoolExecutor.java:642)
	at java.base/java.lang.Thread.run(Thread.java:1575)
... Removed 12 stack frames</pre></div><a href='#' onClick='toggleBox("stack-trace37227582", this, "Click to show all stack frames", "Click to hide stack frames")'>Click to show all stack frames</a>
<div class='stack-trace' id='stack-trace37227582'><pre>java.lang.AssertionError: Alert is not present
	at org.testng.Assert.fail(Assert.java:111)
	at testCases.Tree_TestCase.EmptyTryeditorTypesofBT(Tree_TestCase.java:607)
	at java.base/jdk.internal.reflect.DirectMethodHandleAccessor.invoke(DirectMethodHandleAccessor.java:103)
	at java.base/java.lang.reflect.Method.invoke(Method.java:580)
	at org.testng.internal.invokers.MethodInvocationHelper.invokeMethod(MethodInvocationHelper.java:141)
	at org.testng.internal.invokers.TestInvoker.invokeMethod(TestInvoker.java:686)
	at org.testng.internal.invokers.TestInvoker.retryFailed(TestInvoker.java:269)
	at org.testng.internal.invokers.MethodRunner.runInSequence(MethodRunner.java:76)
	at org.testng.internal.invokers.TestInvoker$MethodInvocationAgent.invoke(TestInvoker.java:992)
	at org.testng.internal.invokers.TestInvoker.invokeTestMethods(TestInvoker.java:203)
	at org.testng.internal.invokers.TestMethodWorker.invokeTestMethods(TestMethodWorker.java:154)
	at org.testng.internal.invokers.TestMethodWorker.run(TestMethodWorker.java:134)
	at java.base/java.util.concurrent.Executors$RunnableAdapter.call(Executors.java:572)
	at java.base/java.util.concurrent.FutureTask.run(FutureTask.java:317)
	at org.testng.internal.thread.graph.TestNGFutureTask.run(TestNGFutureTask.java:22)
	at java.base/java.util.concurrent.ThreadPoolExecutor.runWorker(ThreadPoolExecutor.java:1144)
	at java.base/java.util.concurrent.ThreadPoolExecutor$Worker.run(ThreadPoolExecutor.java:642)
	at java.base/java.lang.Thread.run(Thread.java:1575)
</pre></div></td>
<td>0</td>
<td>testCases.Tree_TestCase@518caac3</td></tr>
<tr>
<td title='testCases.Tree_TestCase.EmptyTryeditorIBST()'><b>EmptyTryeditorIBST</b><br>Test class: testCases.Tree_TestCase<br/>
<a href="#Output-1504506923" onClick='toggleBox("Output-1504506923", this, "Show output", "Hide output");'>Show output</a>

<a href="#Output-1504506923" onClick="toggleAllBoxes();">Show all outputs</a>
<div class='log' id="Output-1504506923">
Screenshot saved at: C:\Users\12017\Desktop\MurugaKaapathu\AS_testNG\screenshots\EmptyTryeditorIBST.png<br/>
</div>
</td>
<td><div><pre>java.lang.AssertionError: Alert is not present
	at testCases.Tree_TestCase.EmptyTryeditorIBST(Tree_TestCase.java:1085)
	at java.base/java.util.concurrent.Executors$RunnableAdapter.call(Executors.java:572)
	at java.base/java.util.concurrent.FutureTask.run(FutureTask.java:317)
	at java.base/java.util.concurrent.ThreadPoolExecutor.runWorker(ThreadPoolExecutor.java:1144)
	at java.base/java.util.concurrent.ThreadPoolExecutor$Worker.run(ThreadPoolExecutor.java:642)
	at java.base/java.lang.Thread.run(Thread.java:1575)
... Removed 12 stack frames</pre></div><a href='#' onClick='toggleBox("stack-trace1504506923", this, "Click to show all stack frames", "Click to hide stack frames")'>Click to show all stack frames</a>
<div class='stack-trace' id='stack-trace1504506923'><pre>java.lang.AssertionError: Alert is not present
	at org.testng.Assert.fail(Assert.java:111)
	at testCases.Tree_TestCase.EmptyTryeditorIBST(Tree_TestCase.java:1085)
	at java.base/jdk.internal.reflect.DirectMethodHandleAccessor.invoke(DirectMethodHandleAccessor.java:103)
	at java.base/java.lang.reflect.Method.invoke(Method.java:580)
	at org.testng.internal.invokers.MethodInvocationHelper.invokeMethod(MethodInvocationHelper.java:141)
	at org.testng.internal.invokers.TestInvoker.invokeMethod(TestInvoker.java:686)
	at org.testng.internal.invokers.TestInvoker.retryFailed(TestInvoker.java:269)
	at org.testng.internal.invokers.MethodRunner.runInSequence(MethodRunner.java:76)
	at org.testng.internal.invokers.TestInvoker$MethodInvocationAgent.invoke(TestInvoker.java:992)
	at org.testng.internal.invokers.TestInvoker.invokeTestMethods(TestInvoker.java:203)
	at org.testng.internal.invokers.TestMethodWorker.invokeTestMethods(TestMethodWorker.java:154)
	at org.testng.internal.invokers.TestMethodWorker.run(TestMethodWorker.java:134)
	at java.base/java.util.concurrent.Executors$RunnableAdapter.call(Executors.java:572)
	at java.base/java.util.concurrent.FutureTask.run(FutureTask.java:317)
	at org.testng.internal.thread.graph.TestNGFutureTask.run(TestNGFutureTask.java:22)
	at java.base/java.util.concurrent.ThreadPoolExecutor.runWorker(ThreadPoolExecutor.java:1144)
	at java.base/java.util.concurrent.ThreadPoolExecutor$Worker.run(ThreadPoolExecutor.java:642)
	at java.base/java.lang.Thread.run(Thread.java:1575)
</pre></div></td>
<td>0</td>
<td>testCases.Tree_TestCase@518caac3</td></tr>
<tr>
<td title='testCases.Register_TestCase.InvalidRegister()'><b>InvalidRegister</b><br>Test class: testCases.Register_TestCase<br>Parameters: BiRi9@n!, abc@1234, abc@1234, Invalid Username , Invaliduser<br/>
<a href="#Output-862199887" onClick='toggleBox("Output-862199887", this, "Show output", "Hide output");'>Show output</a>

<a href="#Output-862199887" onClick="toggleAllBoxes();">Show all outputs</a>
<div class='log' id="Output-862199887">
Screenshot saved at: C:\Users\12017\Desktop\MurugaKaapathu\AS_testNG\screenshots\InvalidRegister.png<br/>
</div>
</td>
<td><div><pre>java.lang.AssertionError: expected [password_mismatch:The two password fields didn’t match.] but found [Invalid Username ]
	at testCases.Register_TestCase.InvalidRegister(Register_TestCase.java:40)
	at java.base/java.util.concurrent.Executors$RunnableAdapter.call(Executors.java:572)
	at java.base/java.util.concurrent.FutureTask.run(FutureTask.java:317)
	at java.base/java.util.concurrent.ThreadPoolExecutor.runWorker(ThreadPoolExecutor.java:1144)
	at java.base/java.util.concurrent.ThreadPoolExecutor$Worker.run(ThreadPoolExecutor.java:642)
	at java.base/java.lang.Thread.run(Thread.java:1575)
... Removed 17 stack frames</pre></div><a href='#' onClick='toggleBox("stack-trace862199887", this, "Click to show all stack frames", "Click to hide stack frames")'>Click to show all stack frames</a>
<div class='stack-trace' id='stack-trace862199887'><pre>java.lang.AssertionError: expected [password_mismatch:The two password fields didn’t match.] but found [Invalid Username ]
	at org.testng.Assert.fail(Assert.java:111)
	at org.testng.Assert.failNotEquals(Assert.java:1578)
	at org.testng.Assert.assertEqualsImpl(Assert.java:150)
	at org.testng.Assert.assertEquals(Assert.java:132)
	at org.testng.Assert.assertEquals(Assert.java:656)
	at org.testng.Assert.assertEquals(Assert.java:666)
	at testCases.Register_TestCase.InvalidRegister(Register_TestCase.java:40)
	at java.base/jdk.internal.reflect.DirectMethodHandleAccessor.invoke(DirectMethodHandleAccessor.java:103)
	at java.base/java.lang.reflect.Method.invoke(Method.java:580)
	at org.testng.internal.invokers.MethodInvocationHelper.invokeMethod(MethodInvocationHelper.java:141)
	at org.testng.internal.invokers.TestInvoker.invokeMethod(TestInvoker.java:686)
	at org.testng.internal.invokers.TestInvoker.retryFailed(TestInvoker.java:269)
	at org.testng.internal.invokers.MethodRunner.runInSequence(MethodRunner.java:76)
	at org.testng.internal.invokers.TestInvoker$MethodInvocationAgent.invoke(TestInvoker.java:992)
	at org.testng.internal.invokers.TestInvoker.invokeTestMethods(TestInvoker.java:203)
	at org.testng.internal.invokers.TestMethodWorker.invokeTestMethods(TestMethodWorker.java:154)
	at org.testng.internal.invokers.TestMethodWorker.run(TestMethodWorker.java:134)
	at java.base/java.util.concurrent.Executors$RunnableAdapter.call(Executors.java:572)
	at java.base/java.util.concurrent.FutureTask.run(FutureTask.java:317)
	at org.testng.internal.thread.graph.TestNGFutureTask.run(TestNGFutureTask.java:22)
	at java.base/java.util.concurrent.ThreadPoolExecutor.runWorker(ThreadPoolExecutor.java:1144)
	at java.base/java.util.concurrent.ThreadPoolExecutor$Worker.run(ThreadPoolExecutor.java:642)
	at java.base/java.lang.Thread.run(Thread.java:1575)
</pre></div></td>
<td>3</td>
<td>testCases.Register_TestCase@78a773fd</td></tr>
<tr>
<td title='testCases.Tree_TestCase.EmptyTryeditorTravelsIllus()'><b>EmptyTryeditorTravelsIllus</b><br>Test class: testCases.Tree_TestCase<br/>
<a href="#Output-311981267" onClick='toggleBox("Output-311981267", this, "Show output", "Hide output");'>Show output</a>

<a href="#Output-311981267" onClick="toggleAllBoxes();">Show all outputs</a>
<div class='log' id="Output-311981267">
Screenshot saved at: C:\Users\12017\Desktop\MurugaKaapathu\AS_testNG\screenshots\EmptyTryeditorTravelsIllus.png<br/>
</div>
</td>
<td><div><pre>java.lang.AssertionError: Alert is not present
	at testCases.Tree_TestCase.EmptyTryeditorTravelsIllus(Tree_TestCase.java:451)
	at java.base/java.util.concurrent.Executors$RunnableAdapter.call(Executors.java:572)
	at java.base/java.util.concurrent.FutureTask.run(FutureTask.java:317)
	at java.base/java.util.concurrent.ThreadPoolExecutor.runWorker(ThreadPoolExecutor.java:1144)
	at java.base/java.util.concurrent.ThreadPoolExecutor$Worker.run(ThreadPoolExecutor.java:642)
	at java.base/java.lang.Thread.run(Thread.java:1575)
... Removed 12 stack frames</pre></div><a href='#' onClick='toggleBox("stack-trace311981267", this, "Click to show all stack frames", "Click to hide stack frames")'>Click to show all stack frames</a>
<div class='stack-trace' id='stack-trace311981267'><pre>java.lang.AssertionError: Alert is not present
	at org.testng.Assert.fail(Assert.java:111)
	at testCases.Tree_TestCase.EmptyTryeditorTravelsIllus(Tree_TestCase.java:451)
	at java.base/jdk.internal.reflect.DirectMethodHandleAccessor.invoke(DirectMethodHandleAccessor.java:103)
	at java.base/java.lang.reflect.Method.invoke(Method.java:580)
	at org.testng.internal.invokers.MethodInvocationHelper.invokeMethod(MethodInvocationHelper.java:141)
	at org.testng.internal.invokers.TestInvoker.invokeMethod(TestInvoker.java:686)
	at org.testng.internal.invokers.TestInvoker.retryFailed(TestInvoker.java:269)
	at org.testng.internal.invokers.MethodRunner.runInSequence(MethodRunner.java:76)
	at org.testng.internal.invokers.TestInvoker$MethodInvocationAgent.invoke(TestInvoker.java:992)
	at org.testng.internal.invokers.TestInvoker.invokeTestMethods(TestInvoker.java:203)
	at org.testng.internal.invokers.TestMethodWorker.invokeTestMethods(TestMethodWorker.java:154)
	at org.testng.internal.invokers.TestMethodWorker.run(TestMethodWorker.java:134)
	at java.base/java.util.concurrent.Executors$RunnableAdapter.call(Executors.java:572)
	at java.base/java.util.concurrent.FutureTask.run(FutureTask.java:317)
	at org.testng.internal.thread.graph.TestNGFutureTask.run(TestNGFutureTask.java:22)
	at java.base/java.util.concurrent.ThreadPoolExecutor.runWorker(ThreadPoolExecutor.java:1144)
	at java.base/java.util.concurrent.ThreadPoolExecutor$Worker.run(ThreadPoolExecutor.java:642)
	at java.base/java.lang.Thread.run(Thread.java:1575)
</pre></div></td>
<td>0</td>
<td>testCases.Tree_TestCase@518caac3</td></tr>
<tr>
<td title='testCases.Tree_TestCase.EmptyTryeditorImpinBT()'><b>EmptyTryeditorImpinBT</b><br>Test class: testCases.Tree_TestCase<br/>
<a href="#Output-1206446756" onClick='toggleBox("Output-1206446756", this, "Show output", "Hide output");'>Show output</a>

<a href="#Output-1206446756" onClick="toggleAllBoxes();">Show all outputs</a>
<div class='log' id="Output-1206446756">
Screenshot saved at: C:\Users\12017\Desktop\MurugaKaapathu\AS_testNG\screenshots\EmptyTryeditorImpinBT.png<br/>
</div>
</td>
<td><div><pre>java.lang.AssertionError: Alert is not present
	at testCases.Tree_TestCase.EmptyTryeditorImpinBT(Tree_TestCase.java:687)
	at java.base/java.util.concurrent.Executors$RunnableAdapter.call(Executors.java:572)
	at java.base/java.util.concurrent.FutureTask.run(FutureTask.java:317)
	at java.base/java.util.concurrent.ThreadPoolExecutor.runWorker(ThreadPoolExecutor.java:1144)
	at java.base/java.util.concurrent.ThreadPoolExecutor$Worker.run(ThreadPoolExecutor.java:642)
	at java.base/java.lang.Thread.run(Thread.java:1575)
... Removed 12 stack frames</pre></div><a href='#' onClick='toggleBox("stack-trace1206446756", this, "Click to show all stack frames", "Click to hide stack frames")'>Click to show all stack frames</a>
<div class='stack-trace' id='stack-trace1206446756'><pre>java.lang.AssertionError: Alert is not present
	at org.testng.Assert.fail(Assert.java:111)
	at testCases.Tree_TestCase.EmptyTryeditorImpinBT(Tree_TestCase.java:687)
	at java.base/jdk.internal.reflect.DirectMethodHandleAccessor.invoke(DirectMethodHandleAccessor.java:103)
	at java.base/java.lang.reflect.Method.invoke(Method.java:580)
	at org.testng.internal.invokers.MethodInvocationHelper.invokeMethod(MethodInvocationHelper.java:141)
	at org.testng.internal.invokers.TestInvoker.invokeMethod(TestInvoker.java:686)
	at org.testng.internal.invokers.TestInvoker.retryFailed(TestInvoker.java:269)
	at org.testng.internal.invokers.MethodRunner.runInSequence(MethodRunner.java:76)
	at org.testng.internal.invokers.TestInvoker$MethodInvocationAgent.invoke(TestInvoker.java:992)
	at org.testng.internal.invokers.TestInvoker.invokeTestMethods(TestInvoker.java:203)
	at org.testng.internal.invokers.TestMethodWorker.invokeTestMethods(TestMethodWorker.java:154)
	at org.testng.internal.invokers.TestMethodWorker.run(TestMethodWorker.java:134)
	at java.base/java.util.concurrent.Executors$RunnableAdapter.call(Executors.java:572)
	at java.base/java.util.concurrent.FutureTask.run(FutureTask.java:317)
	at org.testng.internal.thread.graph.TestNGFutureTask.run(TestNGFutureTask.java:22)
	at java.base/java.util.concurrent.ThreadPoolExecutor.runWorker(ThreadPoolExecutor.java:1144)
	at java.base/java.util.concurrent.ThreadPoolExecutor$Worker.run(ThreadPoolExecutor.java:642)
	at java.base/java.lang.Thread.run(Thread.java:1575)
</pre></div></td>
<td>0</td>
<td>testCases.Tree_TestCase@518caac3</td></tr>
<tr>
<td title='testCases.Register_TestCase.InvalidRegister()'><b>InvalidRegister</b><br>Test class: testCases.Register_TestCase<br>Parameters: ActionSquad, invalid===, invalid===, Invalid Password, Invalidpass<br/>
<a href="#Output-1086117169" onClick='toggleBox("Output-1086117169", this, "Show output", "Hide output");'>Show output</a>

<a href="#Output-1086117169" onClick="toggleAllBoxes();">Show all outputs</a>
<div class='log' id="Output-1086117169">
Screenshot saved at: C:\Users\12017\Desktop\MurugaKaapathu\AS_testNG\screenshots\InvalidRegister.png<br/>
</div>
</td>
<td><div><pre>java.lang.AssertionError: expected [password_mismatch:The two password fields didn’t match.] but found [Invalid Password]
	at testCases.Register_TestCase.InvalidRegister(Register_TestCase.java:52)
	at java.base/java.util.concurrent.Executors$RunnableAdapter.call(Executors.java:572)
	at java.base/java.util.concurrent.FutureTask.run(FutureTask.java:317)
	at java.base/java.util.concurrent.ThreadPoolExecutor.runWorker(ThreadPoolExecutor.java:1144)
	at java.base/java.util.concurrent.ThreadPoolExecutor$Worker.run(ThreadPoolExecutor.java:642)
	at java.base/java.lang.Thread.run(Thread.java:1575)
... Removed 17 stack frames</pre></div><a href='#' onClick='toggleBox("stack-trace1086117169", this, "Click to show all stack frames", "Click to hide stack frames")'>Click to show all stack frames</a>
<div class='stack-trace' id='stack-trace1086117169'><pre>java.lang.AssertionError: expected [password_mismatch:The two password fields didn’t match.] but found [Invalid Password]
	at org.testng.Assert.fail(Assert.java:111)
	at org.testng.Assert.failNotEquals(Assert.java:1578)
	at org.testng.Assert.assertEqualsImpl(Assert.java:150)
	at org.testng.Assert.assertEquals(Assert.java:132)
	at org.testng.Assert.assertEquals(Assert.java:656)
	at org.testng.Assert.assertEquals(Assert.java:666)
	at testCases.Register_TestCase.InvalidRegister(Register_TestCase.java:52)
	at java.base/jdk.internal.reflect.DirectMethodHandleAccessor.invoke(DirectMethodHandleAccessor.java:103)
	at java.base/java.lang.reflect.Method.invoke(Method.java:580)
	at org.testng.internal.invokers.MethodInvocationHelper.invokeMethod(MethodInvocationHelper.java:141)
	at org.testng.internal.invokers.TestInvoker.invokeMethod(TestInvoker.java:686)
	at org.testng.internal.invokers.TestInvoker.retryFailed(TestInvoker.java:269)
	at org.testng.internal.invokers.MethodRunner.runInSequence(MethodRunner.java:76)
	at org.testng.internal.invokers.TestInvoker$MethodInvocationAgent.invoke(TestInvoker.java:992)
	at org.testng.internal.invokers.TestInvoker.invokeTestMethods(TestInvoker.java:203)
	at org.testng.internal.invokers.TestMethodWorker.invokeTestMethods(TestMethodWorker.java:154)
	at org.testng.internal.invokers.TestMethodWorker.run(TestMethodWorker.java:134)
	at java.base/java.util.concurrent.Executors$RunnableAdapter.call(Executors.java:572)
	at java.base/java.util.concurrent.FutureTask.run(FutureTask.java:317)
	at org.testng.internal.thread.graph.TestNGFutureTask.run(TestNGFutureTask.java:22)
	at java.base/java.util.concurrent.ThreadPoolExecutor.runWorker(ThreadPoolExecutor.java:1144)
	at java.base/java.util.concurrent.ThreadPoolExecutor$Worker.run(ThreadPoolExecutor.java:642)
	at java.base/java.lang.Thread.run(Thread.java:1575)
</pre></div></td>
<td>0</td>
<td>testCases.Register_TestCase@78a773fd</td></tr>
<tr>
<td title='testCases.Tree_TestCase.EmptyTryeditorTreeTraversals()'><b>EmptyTryeditorTreeTraversals</b><br>Test class: testCases.Tree_TestCase<br/>
<a href="#Output-1007855715" onClick='toggleBox("Output-1007855715", this, "Show output", "Hide output");'>Show output</a>

<a href="#Output-1007855715" onClick="toggleAllBoxes();">Show all outputs</a>
<div class='log' id="Output-1007855715">
Screenshot saved at: C:\Users\12017\Desktop\MurugaKaapathu\AS_testNG\screenshots\EmptyTryeditorTreeTraversals.png<br/>
</div>
</td>
<td><div><pre>java.lang.AssertionError: Alert is not present
	at testCases.Tree_TestCase.EmptyTryeditorTreeTraversals(Tree_TestCase.java:371)
	at java.base/java.util.concurrent.Executors$RunnableAdapter.call(Executors.java:572)
	at java.base/java.util.concurrent.FutureTask.run(FutureTask.java:317)
	at java.base/java.util.concurrent.ThreadPoolExecutor.runWorker(ThreadPoolExecutor.java:1144)
	at java.base/java.util.concurrent.ThreadPoolExecutor$Worker.run(ThreadPoolExecutor.java:642)
	at java.base/java.lang.Thread.run(Thread.java:1575)
... Removed 12 stack frames</pre></div><a href='#' onClick='toggleBox("stack-trace1007855715", this, "Click to show all stack frames", "Click to hide stack frames")'>Click to show all stack frames</a>
<div class='stack-trace' id='stack-trace1007855715'><pre>java.lang.AssertionError: Alert is not present
	at org.testng.Assert.fail(Assert.java:111)
	at testCases.Tree_TestCase.EmptyTryeditorTreeTraversals(Tree_TestCase.java:371)
	at java.base/jdk.internal.reflect.DirectMethodHandleAccessor.invoke(DirectMethodHandleAccessor.java:103)
	at java.base/java.lang.reflect.Method.invoke(Method.java:580)
	at org.testng.internal.invokers.MethodInvocationHelper.invokeMethod(MethodInvocationHelper.java:141)
	at org.testng.internal.invokers.TestInvoker.invokeMethod(TestInvoker.java:686)
	at org.testng.internal.invokers.TestInvoker.retryFailed(TestInvoker.java:269)
	at org.testng.internal.invokers.MethodRunner.runInSequence(MethodRunner.java:76)
	at org.testng.internal.invokers.TestInvoker$MethodInvocationAgent.invoke(TestInvoker.java:992)
	at org.testng.internal.invokers.TestInvoker.invokeTestMethods(TestInvoker.java:203)
	at org.testng.internal.invokers.TestMethodWorker.invokeTestMethods(TestMethodWorker.java:154)
	at org.testng.internal.invokers.TestMethodWorker.run(TestMethodWorker.java:134)
	at java.base/java.util.concurrent.Executors$RunnableAdapter.call(Executors.java:572)
	at java.base/java.util.concurrent.FutureTask.run(FutureTask.java:317)
	at org.testng.internal.thread.graph.TestNGFutureTask.run(TestNGFutureTask.java:22)
	at java.base/java.util.concurrent.ThreadPoolExecutor.runWorker(ThreadPoolExecutor.java:1144)
	at java.base/java.util.concurrent.ThreadPoolExecutor$Worker.run(ThreadPoolExecutor.java:642)
	at java.base/java.lang.Thread.run(Thread.java:1575)
</pre></div></td>
<td>1</td>
<td>testCases.Tree_TestCase@518caac3</td></tr>
<tr>
<td title='testCases.Tree_TestCase.EmptyTryeditorABT()'><b>EmptyTryeditorABT</b><br>Test class: testCases.Tree_TestCase<br/>
<a href="#Output-1791559262" onClick='toggleBox("Output-1791559262", this, "Show output", "Hide output");'>Show output</a>

<a href="#Output-1791559262" onClick="toggleAllBoxes();">Show all outputs</a>
<div class='log' id="Output-1791559262">
Screenshot saved at: C:\Users\12017\Desktop\MurugaKaapathu\AS_testNG\screenshots\EmptyTryeditorABT.png<br/>
</div>
</td>
<td><div><pre>java.lang.AssertionError: Alert is not present
	at testCases.Tree_TestCase.EmptyTryeditorABT(Tree_TestCase.java:922)
	at java.base/java.util.concurrent.Executors$RunnableAdapter.call(Executors.java:572)
	at java.base/java.util.concurrent.FutureTask.run(FutureTask.java:317)
	at java.base/java.util.concurrent.ThreadPoolExecutor.runWorker(ThreadPoolExecutor.java:1144)
	at java.base/java.util.concurrent.ThreadPoolExecutor$Worker.run(ThreadPoolExecutor.java:642)
	at java.base/java.lang.Thread.run(Thread.java:1575)
... Removed 12 stack frames</pre></div><a href='#' onClick='toggleBox("stack-trace1791559262", this, "Click to show all stack frames", "Click to hide stack frames")'>Click to show all stack frames</a>
<div class='stack-trace' id='stack-trace1791559262'><pre>java.lang.AssertionError: Alert is not present
	at org.testng.Assert.fail(Assert.java:111)
	at testCases.Tree_TestCase.EmptyTryeditorABT(Tree_TestCase.java:922)
	at java.base/jdk.internal.reflect.DirectMethodHandleAccessor.invoke(DirectMethodHandleAccessor.java:103)
	at java.base/java.lang.reflect.Method.invoke(Method.java:580)
	at org.testng.internal.invokers.MethodInvocationHelper.invokeMethod(MethodInvocationHelper.java:141)
	at org.testng.internal.invokers.TestInvoker.invokeMethod(TestInvoker.java:686)
	at org.testng.internal.invokers.TestInvoker.retryFailed(TestInvoker.java:269)
	at org.testng.internal.invokers.MethodRunner.runInSequence(MethodRunner.java:76)
	at org.testng.internal.invokers.TestInvoker$MethodInvocationAgent.invoke(TestInvoker.java:992)
	at org.testng.internal.invokers.TestInvoker.invokeTestMethods(TestInvoker.java:203)
	at org.testng.internal.invokers.TestMethodWorker.invokeTestMethods(TestMethodWorker.java:154)
	at org.testng.internal.invokers.TestMethodWorker.run(TestMethodWorker.java:134)
	at java.base/java.util.concurrent.Executors$RunnableAdapter.call(Executors.java:572)
	at java.base/java.util.concurrent.FutureTask.run(FutureTask.java:317)
	at org.testng.internal.thread.graph.TestNGFutureTask.run(TestNGFutureTask.java:22)
	at java.base/java.util.concurrent.ThreadPoolExecutor.runWorker(ThreadPoolExecutor.java:1144)
	at java.base/java.util.concurrent.ThreadPoolExecutor$Worker.run(ThreadPoolExecutor.java:642)
	at java.base/java.lang.Thread.run(Thread.java:1575)
</pre></div></td>
<td>2</td>
<td>testCases.Tree_TestCase@518caac3</td></tr>
<tr>
<td title='testCases.Tree_TestCase.EmptyTryeditorBST()'><b>EmptyTryeditorBST</b><br>Test class: testCases.Tree_TestCase<br/>
<a href="#Output-1304119778" onClick='toggleBox("Output-1304119778", this, "Show output", "Hide output");'>Show output</a>

<a href="#Output-1304119778" onClick="toggleAllBoxes();">Show all outputs</a>
<div class='log' id="Output-1304119778">
Screenshot saved at: C:\Users\12017\Desktop\MurugaKaapathu\AS_testNG\screenshots\EmptyTryeditorBST.png<br/>
</div>
</td>
<td><div><pre>java.lang.AssertionError: Alert is not present
	at testCases.Tree_TestCase.EmptyTryeditorBST(Tree_TestCase.java:1004)
	at java.base/java.util.concurrent.Executors$RunnableAdapter.call(Executors.java:572)
	at java.base/java.util.concurrent.FutureTask.run(FutureTask.java:317)
	at java.base/java.util.concurrent.ThreadPoolExecutor.runWorker(ThreadPoolExecutor.java:1144)
	at java.base/java.util.concurrent.ThreadPoolExecutor$Worker.run(ThreadPoolExecutor.java:642)
	at java.base/java.lang.Thread.run(Thread.java:1575)
... Removed 12 stack frames</pre></div><a href='#' onClick='toggleBox("stack-trace1304119778", this, "Click to show all stack frames", "Click to hide stack frames")'>Click to show all stack frames</a>
<div class='stack-trace' id='stack-trace1304119778'><pre>java.lang.AssertionError: Alert is not present
	at org.testng.Assert.fail(Assert.java:111)
	at testCases.Tree_TestCase.EmptyTryeditorBST(Tree_TestCase.java:1004)
	at java.base/jdk.internal.reflect.DirectMethodHandleAccessor.invoke(DirectMethodHandleAccessor.java:103)
	at java.base/java.lang.reflect.Method.invoke(Method.java:580)
	at org.testng.internal.invokers.MethodInvocationHelper.invokeMethod(MethodInvocationHelper.java:141)
	at org.testng.internal.invokers.TestInvoker.invokeMethod(TestInvoker.java:686)
	at org.testng.internal.invokers.TestInvoker.retryFailed(TestInvoker.java:269)
	at org.testng.internal.invokers.MethodRunner.runInSequence(MethodRunner.java:76)
	at org.testng.internal.invokers.TestInvoker$MethodInvocationAgent.invoke(TestInvoker.java:992)
	at org.testng.internal.invokers.TestInvoker.invokeTestMethods(TestInvoker.java:203)
	at org.testng.internal.invokers.TestMethodWorker.invokeTestMethods(TestMethodWorker.java:154)
	at org.testng.internal.invokers.TestMethodWorker.run(TestMethodWorker.java:134)
	at java.base/java.util.concurrent.Executors$RunnableAdapter.call(Executors.java:572)
	at java.base/java.util.concurrent.FutureTask.run(FutureTask.java:317)
	at org.testng.internal.thread.graph.TestNGFutureTask.run(TestNGFutureTask.java:22)
	at java.base/java.util.concurrent.ThreadPoolExecutor.runWorker(ThreadPoolExecutor.java:1144)
	at java.base/java.util.concurrent.ThreadPoolExecutor$Worker.run(ThreadPoolExecutor.java:642)
	at java.base/java.lang.Thread.run(Thread.java:1575)
</pre></div></td>
<td>0</td>
<td>testCases.Tree_TestCase@518caac3</td></tr>
<tr>
<td title='testCases.Tree_TestCase.EmptyTryeditorOverview()'><b>EmptyTryeditorOverview</b><br>Test class: testCases.Tree_TestCase<br/>
<a href="#Output-875066769" onClick='toggleBox("Output-875066769", this, "Show output", "Hide output");'>Show output</a>

<a href="#Output-875066769" onClick="toggleAllBoxes();">Show all outputs</a>
<div class='log' id="Output-875066769">
Screenshot saved at: C:\Users\12017\Desktop\MurugaKaapathu\AS_testNG\screenshots\EmptyTryeditorOverview.png<br/>
</div>
</td>
<td><div><pre>java.lang.AssertionError: Alert is not present
	at testCases.Tree_TestCase.EmptyTryeditorOverview(Tree_TestCase.java:127)
	at java.base/java.util.concurrent.Executors$RunnableAdapter.call(Executors.java:572)
	at java.base/java.util.concurrent.FutureTask.run(FutureTask.java:317)
	at java.base/java.util.concurrent.ThreadPoolExecutor.runWorker(ThreadPoolExecutor.java:1144)
	at java.base/java.util.concurrent.ThreadPoolExecutor$Worker.run(ThreadPoolExecutor.java:642)
	at java.base/java.lang.Thread.run(Thread.java:1575)
... Removed 12 stack frames</pre></div><a href='#' onClick='toggleBox("stack-trace875066769", this, "Click to show all stack frames", "Click to hide stack frames")'>Click to show all stack frames</a>
<div class='stack-trace' id='stack-trace875066769'><pre>java.lang.AssertionError: Alert is not present
	at org.testng.Assert.fail(Assert.java:111)
	at testCases.Tree_TestCase.EmptyTryeditorOverview(Tree_TestCase.java:127)
	at java.base/jdk.internal.reflect.DirectMethodHandleAccessor.invoke(DirectMethodHandleAccessor.java:103)
	at java.base/java.lang.reflect.Method.invoke(Method.java:580)
	at org.testng.internal.invokers.MethodInvocationHelper.invokeMethod(MethodInvocationHelper.java:141)
	at org.testng.internal.invokers.TestInvoker.invokeMethod(TestInvoker.java:686)
	at org.testng.internal.invokers.TestInvoker.retryFailed(TestInvoker.java:269)
	at org.testng.internal.invokers.MethodRunner.runInSequence(MethodRunner.java:76)
	at org.testng.internal.invokers.TestInvoker$MethodInvocationAgent.invoke(TestInvoker.java:992)
	at org.testng.internal.invokers.TestInvoker.invokeTestMethods(TestInvoker.java:203)
	at org.testng.internal.invokers.TestMethodWorker.invokeTestMethods(TestMethodWorker.java:154)
	at org.testng.internal.invokers.TestMethodWorker.run(TestMethodWorker.java:134)
	at java.base/java.util.concurrent.Executors$RunnableAdapter.call(Executors.java:572)
	at java.base/java.util.concurrent.FutureTask.run(FutureTask.java:317)
	at org.testng.internal.thread.graph.TestNGFutureTask.run(TestNGFutureTask.java:22)
	at java.base/java.util.concurrent.ThreadPoolExecutor.runWorker(ThreadPoolExecutor.java:1144)
	at java.base/java.util.concurrent.ThreadPoolExecutor$Worker.run(ThreadPoolExecutor.java:642)
	at java.base/java.lang.Thread.run(Thread.java:1575)
</pre></div></td>
<td>1</td>
<td>testCases.Tree_TestCase@518caac3</td></tr>
<tr>
<td title='testCases.Register_TestCase.InvalidRegister()'><b>InvalidRegister</b><br>Test class: testCases.Register_TestCase<br>Parameters: ActionSquad, abc@1234, abc@1234, The user Is already Registered, existing<br/>
<a href="#Output-1308427265" onClick='toggleBox("Output-1308427265", this, "Show output", "Hide output");'>Show output</a>

<a href="#Output-1308427265" onClick="toggleAllBoxes();">Show all outputs</a>
<div class='log' id="Output-1308427265">
Screenshot saved at: C:\Users\12017\Desktop\MurugaKaapathu\AS_testNG\screenshots\InvalidRegister.png<br/>
</div>
</td>
<td><div><pre>java.lang.AssertionError: expected [password_mismatch:The two password fields didn’t match.] but found [The user Is already Registered]
	at testCases.Register_TestCase.InvalidRegister(Register_TestCase.java:44)
	at java.base/java.util.concurrent.Executors$RunnableAdapter.call(Executors.java:572)
	at java.base/java.util.concurrent.FutureTask.run(FutureTask.java:317)
	at java.base/java.util.concurrent.ThreadPoolExecutor.runWorker(ThreadPoolExecutor.java:1144)
	at java.base/java.util.concurrent.ThreadPoolExecutor$Worker.run(ThreadPoolExecutor.java:642)
	at java.base/java.lang.Thread.run(Thread.java:1575)
... Removed 17 stack frames</pre></div><a href='#' onClick='toggleBox("stack-trace1308427265", this, "Click to show all stack frames", "Click to hide stack frames")'>Click to show all stack frames</a>
<div class='stack-trace' id='stack-trace1308427265'><pre>java.lang.AssertionError: expected [password_mismatch:The two password fields didn’t match.] but found [The user Is already Registered]
	at org.testng.Assert.fail(Assert.java:111)
	at org.testng.Assert.failNotEquals(Assert.java:1578)
	at org.testng.Assert.assertEqualsImpl(Assert.java:150)
	at org.testng.Assert.assertEquals(Assert.java:132)
	at org.testng.Assert.assertEquals(Assert.java:656)
	at org.testng.Assert.assertEquals(Assert.java:666)
	at testCases.Register_TestCase.InvalidRegister(Register_TestCase.java:44)
	at java.base/jdk.internal.reflect.DirectMethodHandleAccessor.invoke(DirectMethodHandleAccessor.java:103)
	at java.base/java.lang.reflect.Method.invoke(Method.java:580)
	at org.testng.internal.invokers.MethodInvocationHelper.invokeMethod(MethodInvocationHelper.java:141)
	at org.testng.internal.invokers.TestInvoker.invokeMethod(TestInvoker.java:686)
	at org.testng.internal.invokers.TestInvoker.retryFailed(TestInvoker.java:269)
	at org.testng.internal.invokers.MethodRunner.runInSequence(MethodRunner.java:76)
	at org.testng.internal.invokers.TestInvoker$MethodInvocationAgent.invoke(TestInvoker.java:992)
	at org.testng.internal.invokers.TestInvoker.invokeTestMethods(TestInvoker.java:203)
	at org.testng.internal.invokers.TestMethodWorker.invokeTestMethods(TestMethodWorker.java:154)
	at org.testng.internal.invokers.TestMethodWorker.run(TestMethodWorker.java:134)
	at java.base/java.util.concurrent.Executors$RunnableAdapter.call(Executors.java:572)
	at java.base/java.util.concurrent.FutureTask.run(FutureTask.java:317)
	at org.testng.internal.thread.graph.TestNGFutureTask.run(TestNGFutureTask.java:22)
	at java.base/java.util.concurrent.ThreadPoolExecutor.runWorker(ThreadPoolExecutor.java:1144)
	at java.base/java.util.concurrent.ThreadPoolExecutor$Worker.run(ThreadPoolExecutor.java:642)
	at java.base/java.lang.Thread.run(Thread.java:1575)
</pre></div></td>
<td>1</td>
<td>testCases.Register_TestCase@78a773fd</td></tr>
</table><p>
<table width='100%' border='1' class='invocation-passed'>
<tr><td colspan='4' align='center'><b>PASSED TESTS</b></td></tr>
<tr><td><b>Test method</b></td>
<td><b>Attribute(s)</b></td>
<td width="30%"><b>Exception</b></td>
<td width="10%"><b>Time (seconds)</b></td>
<td><b>Instance</b></td>
</tr>
<tr>
<td title='testCases.Login_TestCase.SignOut()'><b>SignOut</b><br>Test class: testCases.Login_TestCase</td>
<td></td>
<td>2</td>
<td>testCases.Login_TestCase@57c03d88</td></tr>
<tr>
<td title='testCases.LinkedList_TestCase.LL2CreateLL()'><b>LL2CreateLL</b><br>Test class: testCases.LinkedList_TestCase</td>
<td></td>
<td>0</td>
<td>testCases.LinkedList_TestCase@45ac5f9b</td></tr>
<tr>
<td title='testCases.Tree_TestCase.InvalidTryHereFunctionalityImpinBT()'><b>InvalidTryHereFunctionalityImpinBT</b><br>Test class: testCases.Tree_TestCase<br>Parameters: print("Hello, SyntaxError: bad input on line 1, syntax</td>
<td></td>
<td>0</td>
<td>testCases.Tree_TestCase@518caac3</td></tr>
<tr>
<td title='testCases.LinkedList_TestCase.TraversalInValidTryHereFunc()'><b>TraversalInValidTryHereFunc</b><br>Test class: testCases.LinkedList_TestCase<br>Parameters: edgr7&rk, NameError: name 'edgr7' is not defined on line 1, name</td>
<td></td>
<td>1</td>
<td>testCases.LinkedList_TestCase@45ac5f9b</td></tr>
<tr>
<td title='testCases.Tree_TestCase.NavtoTryherepgIBST()'><b>NavtoTryherepgIBST</b><br>Test class: testCases.Tree_TestCase</td>
<td></td>
<td>1</td>
<td>testCases.Tree_TestCase@518caac3</td></tr>
<tr>
<td title='testCases.Queue_TestCase.QueueOprValidTryHereFunc()'><b>QueueOprValidTryHereFunc</b><br>Test class: testCases.Queue_TestCase</td>
<td></td>
<td>1</td>
<td>testCases.Queue_TestCase@135606db</td></tr>
<tr>
<td title='testCases.Tree_TestCase.InvalidTryHereFunctionalityOverview()'><b>InvalidTryHereFunctionalityOverview</b><br>Test class: testCases.Tree_TestCase<br>Parameters: edgr7&rk, NameError: name 'edgr7' is not defined on line 1, name</td>
<td></td>
<td>1</td>
<td>testCases.Tree_TestCase@518caac3</td></tr>
<tr>
<td title='testCases.Tree_TestCase.InvalidTryHereFunctionalityIBST()'><b>InvalidTryHereFunctionalityIBST</b><br>Test class: testCases.Tree_TestCase<br>Parameters: edgr7&rk, NameError: name 'edgr7' is not defined on line 1, name</td>
<td></td>
<td>1</td>
<td>testCases.Tree_TestCase@518caac3</td></tr>
<tr>
<td title='testCases.LinkedList_TestCase.ImpLL2TryEditor()'><b>ImpLL2TryEditor</b><br>Test class: testCases.LinkedList_TestCase</td>
<td></td>
<td>1</td>
<td>testCases.LinkedList_TestCase@45ac5f9b</td></tr>
<tr>
<td title='testCases.Tree_TestCase.InvalidTryHereFunctionalityBST()'><b>InvalidTryHereFunctionalityBST</b><br>Test class: testCases.Tree_TestCase<br>Parameters: edgr7&rk, NameError: name 'edgr7' is not defined on line 1, name</td>
<td></td>
<td>0</td>
<td>testCases.Tree_TestCase@518caac3</td></tr>
<tr>
<td title='testCases.Queue_TestCase.Impqueue2tryeditor()'><b>Impqueue2tryeditor</b><br>Test class: testCases.Queue_TestCase</td>
<td></td>
<td>0</td>
<td>testCases.Queue_TestCase@135606db</td></tr>
<tr>
<td title='testCases.Tree_TestCase.TravelsIllus()'><b>TravelsIllus</b><br>Test class: testCases.Tree_TestCase</td>
<td></td>
<td>0</td>
<td>testCases.Tree_TestCase@518caac3</td></tr>
<tr>
<td title='testCases.Home_TestCase.HomeDrpdwn()'><b>HomeDrpdwn</b><br>Test class: testCases.Home_TestCase<br>Parameters: Tree, Tree</td>
<td></td>
<td>1</td>
<td>testCases.Home_TestCase@16aa8654</td></tr>
<tr>
<td title='testCases.Register_TestCase.InvalidRegister()'><b>InvalidRegister</b><br>Test class: testCases.Register_TestCase<br>Parameters: , , , Please fill out this field., emptyuser</td>
<td></td>
<td>1</td>
<td>testCases.Register_TestCase@78a773fd</td></tr>
<tr>
<td title='testCases.Tree_TestCase.InvalidTryHereFunctionalityIBT()'><b>InvalidTryHereFunctionalityIBT</b><br>Test class: testCases.Tree_TestCase<br>Parameters: print("Hello, SyntaxError: bad input on line 1, syntax</td>
<td></td>
<td>1</td>
<td>testCases.Tree_TestCase@518caac3</td></tr>
<tr>
<td title='testCases.Queue_TestCase.ImpArrayInValidTryHereFunc()'><b>ImpArrayInValidTryHereFunc</b><br>Test class: testCases.Queue_TestCase<br>Parameters: print("Hello, SyntaxError: bad input on line 1, syntax</td>
<td></td>
<td>11</td>
<td>testCases.Queue_TestCase@135606db</td></tr>
<tr>
<td title='testCases.Tree_TestCase.TypesofBT()'><b>TypesofBT</b><br>Test class: testCases.Tree_TestCase</td>
<td></td>
<td>0</td>
<td>testCases.Tree_TestCase@518caac3</td></tr>
<tr>
<td title='testCases.Tree_TestCase.ValidTryHereFunctionalityIBT()'><b>ValidTryHereFunctionalityIBT</b><br>Test class: testCases.Tree_TestCase</td>
<td></td>
<td>1</td>
<td>testCases.Tree_TestCase@518caac3</td></tr>
<tr>
<td title='testCases.LinkedList_TestCase.Insertion2TryEditor()'><b>Insertion2TryEditor</b><br>Test class: testCases.LinkedList_TestCase</td>
<td></td>
<td>1</td>
<td>testCases.LinkedList_TestCase@45ac5f9b</td></tr>
<tr>
<td title='testCases.Queue_TestCase.ImpArrayInValidTryHereFunc()'><b>ImpArrayInValidTryHereFunc</b><br>Test class: testCases.Queue_TestCase<br>Parameters: edgr7&rk, NameError: name 'edgr7' is not defined on line 1, name</td>
<td></td>
<td>2</td>
<td>testCases.Queue_TestCase@135606db</td></tr>
<tr>
<td title='testCases.Queue_TestCase.Impqueue2PrctQues()'><b>Impqueue2PrctQues</b><br>Test class: testCases.Queue_TestCase</td>
<td></td>
<td>1</td>
<td>testCases.Queue_TestCase@135606db</td></tr>
<tr>
<td title='testCases.HomeGetstd_TestCase.HomeGetstd()'><b>HomeGetstd</b><br>Test class: testCases.HomeGetstd_TestCase<br>Parameters: data-structures-introduction, Data Structures-Introduction</td>
<td></td>
<td>2</td>
<td>testCases.HomeGetstd_TestCase@6d7fc27</td></tr>
<tr>
<td title='testCases.Tree_TestCase.NavtoTryherepgIBT()'><b>NavtoTryherepgIBT</b><br>Test class: testCases.Tree_TestCase</td>
<td></td>
<td>1</td>
<td>testCases.Tree_TestCase@518caac3</td></tr>
<tr>
<td title='testCases.Queue_TestCase.queue2queueOperation()'><b>queue2queueOperation</b><br>Test class: testCases.Queue_TestCase</td>
<td></td>
<td>0</td>
<td>testCases.Queue_TestCase@135606db</td></tr>
<tr>
<td title='testCases.Tree_TestCase.InvalidTryHereFunctionalityTYpesofTrees()'><b>InvalidTryHereFunctionalityTYpesofTrees</b><br>Test class: testCases.Tree_TestCase<br>Parameters: edgr7&rk, NameError: name 'edgr7' is not defined on line 1, name</td>
<td></td>
<td>0</td>
<td>testCases.Tree_TestCase@518caac3</td></tr>
<tr>
<td title='testCases.Login_TestCase.InvalidLogin()'><b>InvalidLogin</b><br>Test class: testCases.Login_TestCase<br>Parameters: , abc@1234, Please fill out this field., useralert</td>
<td></td>
<td>8</td>
<td>testCases.Login_TestCase@57c03d88</td></tr>
<tr>
<td title='testCases.Tree_TestCase.InvalidTryHereFunctionalityTraversalsIllus()'><b>InvalidTryHereFunctionalityTraversalsIllus</b><br>Test class: testCases.Tree_TestCase<br>Parameters: print("Hello, SyntaxError: bad input on line 1, syntax</td>
<td></td>
<td>1</td>
<td>testCases.Tree_TestCase@518caac3</td></tr>
<tr>
<td title='testCases.Register_TestCase.InvalidRegister()'><b>InvalidRegister</b><br>Test class: testCases.Register_TestCase<br>Parameters: ActionSquad, abc@1234, , Please fill out this field., emptyconfpass</td>
<td></td>
<td>0</td>
<td>testCases.Register_TestCase@78a773fd</td></tr>
<tr>
<td title='testCases.LinkedList_TestCase.LLIntroValidTryHereFunc()'><b>LLIntroValidTryHereFunc</b><br>Test class: testCases.LinkedList_TestCase</td>
<td></td>
<td>1</td>
<td>testCases.LinkedList_TestCase@45ac5f9b</td></tr>
<tr>
<td title='testCases.Tree_TestCase.InvalidTryHereFunctionalityTypesofBT()'><b>InvalidTryHereFunctionalityTypesofBT</b><br>Test class: testCases.Tree_TestCase<br>Parameters: print("Hello, SyntaxError: bad input on line 1, syntax</td>
<td></td>
<td>1</td>
<td>testCases.Tree_TestCase@518caac3</td></tr>
<tr>
<td title='testCases.LinkedList_TestCase.TypesLLInValidTryHereFunc()'><b>TypesLLInValidTryHereFunc</b><br>Test class: testCases.LinkedList_TestCase<br>Parameters: edgr7&rk, NameError: name 'edgr7' is not defined on line 1, name</td>
<td></td>
<td>1</td>
<td>testCases.LinkedList_TestCase@45ac5f9b</td></tr>
<tr>
<td title='testCases.Login_TestCase.InvalidLogin()'><b>InvalidLogin</b><br>Test class: testCases.Login_TestCase<br>Parameters: ActionSquad, , Please fill out this field., passalert</td>
<td></td>
<td>1</td>
<td>testCases.Login_TestCase@57c03d88</td></tr>
<tr>
<td title='testCases.LinkedList_TestCase.DeletionInValidTryHereFunc()'><b>DeletionInValidTryHereFunc</b><br>Test class: testCases.LinkedList_TestCase<br>Parameters: edgr7&rk, NameError: name 'edgr7' is not defined on line 1, name</td>
<td></td>
<td>1</td>
<td>testCases.LinkedList_TestCase@45ac5f9b</td></tr>
<tr>
<td title='testCases.Tree_TestCase.InvalidTryHereFunctionalityTypesofBT()'><b>InvalidTryHereFunctionalityTypesofBT</b><br>Test class: testCases.Tree_TestCase<br>Parameters: edgr7&rk, NameError: name 'edgr7' is not defined on line 1, name</td>
<td></td>
<td>1</td>
<td>testCases.Tree_TestCase@518caac3</td></tr>
<tr>
<td title='testCases.LinkedList_TestCase.TraversalValidTryHereFunc()'><b>TraversalValidTryHereFunc</b><br>Test class: testCases.LinkedList_TestCase</td>
<td></td>
<td>0</td>
<td>testCases.LinkedList_TestCase@45ac5f9b</td></tr>
<tr>
<td title='testCases.Tree_TestCase.InvalidTryHereFunctionalityTraversalsIllus()'><b>InvalidTryHereFunctionalityTraversalsIllus</b><br>Test class: testCases.Tree_TestCase<br>Parameters: edgr7&rk, NameError: name 'edgr7' is not defined on line 1, name</td>
<td></td>
<td>0</td>
<td>testCases.Tree_TestCase@518caac3</td></tr>
<tr>
<td title='testCases.Tree_TestCase.NavtoTryherepgBinTreeTrav()'><b>NavtoTryherepgBinTreeTrav</b><br>Test class: testCases.Tree_TestCase</td>
<td></td>
<td>2</td>
<td>testCases.Tree_TestCase@518caac3</td></tr>
<tr>
<td title='testCases.HomeGetstd_TestCase.HomeGetstd()'><b>HomeGetstd</b><br>Test class: testCases.HomeGetstd_TestCase<br>Parameters: tree, Tree</td>
<td></td>
<td>0</td>
<td>testCases.HomeGetstd_TestCase@6d7fc27</td></tr>
<tr>
<td title='testCases.Tree_TestCase.ABT()'><b>ABT</b><br>Test class: testCases.Tree_TestCase</td>
<td></td>
<td>2</td>
<td>testCases.Tree_TestCase@518caac3</td></tr>
<tr>
<td title='testCases.Queue_TestCase.queue2ImpCollection()'><b>queue2ImpCollection</b><br>Test class: testCases.Queue_TestCase</td>
<td></td>
<td>0</td>
<td>testCases.Queue_TestCase@135606db</td></tr>
<tr>
<td title='testCases.Register_TestCase.InvalidRegister()'><b>InvalidRegister</b><br>Test class: testCases.Register_TestCase<br>Parameters: ActionSquad, , , Please fill out this field., emptypass</td>
<td></td>
<td>0</td>
<td>testCases.Register_TestCase@78a773fd</td></tr>
<tr>
<td title='testCases.Queue_TestCase.Imparray2tryeditor()'><b>Imparray2tryeditor</b><br>Test class: testCases.Queue_TestCase</td>
<td></td>
<td>1</td>
<td>testCases.Queue_TestCase@135606db</td></tr>
<tr>
<td title='testCases.Tree_TestCase.InvalidTryHereFunctionalityABT()'><b>InvalidTryHereFunctionalityABT</b><br>Test class: testCases.Tree_TestCase<br>Parameters: print("Hello, SyntaxError: bad input on line 1, syntax</td>
<td></td>
<td>1</td>
<td>testCases.Tree_TestCase@518caac3</td></tr>
<tr>
<td title='testCases.Login_TestCase.ToRegPage()'><b>ToRegPage</b><br>Test class: testCases.Login_TestCase</td>
<td></td>
<td>0</td>
<td>testCases.Login_TestCase@57c03d88</td></tr>
<tr>
<td title='testCases.Home_TestCase.HomeDrpdwn()'><b>HomeDrpdwn</b><br>Test class: testCases.Home_TestCase<br>Parameters: Graph, Graph</td>
<td></td>
<td>1</td>
<td>testCases.Home_TestCase@16aa8654</td></tr>
<tr>
<td title='testCases.Queue_TestCase.ImpqueueValidTryHereFunc()'><b>ImpqueueValidTryHereFunc</b><br>Test class: testCases.Queue_TestCase</td>
<td></td>
<td>1</td>
<td>testCases.Queue_TestCase@135606db</td></tr>
<tr>
<td title='testCases.Register_TestCase.ToLogin()'><b>ToLogin</b><br>Test class: testCases.Register_TestCase</td>
<td></td>
<td>0</td>
<td>testCases.Register_TestCase@78a773fd</td></tr>
<tr>
<td title='testCases.Login_TestCase.InvalidLogin()'><b>InvalidLogin</b><br>Test class: testCases.Login_TestCase<br>Parameters: , , Please fill out this field., useralert</td>
<td></td>
<td>4</td>
<td>testCases.Login_TestCase@57c03d88</td></tr>
<tr>
<td title='testCases.Tree_TestCase.ValidTryHereFunctionalityIBST()'><b>ValidTryHereFunctionalityIBST</b><br>Test class: testCases.Tree_TestCase</td>
<td></td>
<td>1</td>
<td>testCases.Tree_TestCase@518caac3</td></tr>
<tr>
<td title='testCases.Home_TestCase.HomeDrpdwn()'><b>HomeDrpdwn</b><br>Test class: testCases.Home_TestCase<br>Parameters: Queue, Queue</td>
<td></td>
<td>2</td>
<td>testCases.Home_TestCase@16aa8654</td></tr>
<tr>
<td title='testCases.Queue_TestCase.QueueOprInValidTryHereFunc()'><b>QueueOprInValidTryHereFunc</b><br>Test class: testCases.Queue_TestCase<br>Parameters: edgr7&rk, NameError: name 'edgr7' is not defined on line 1, name</td>
<td></td>
<td>1</td>
<td>testCases.Queue_TestCase@135606db</td></tr>
<tr>
<td title='testCases.Tree_TestCase.InvalidTryHereFunctionalityOverview()'><b>InvalidTryHereFunctionalityOverview</b><br>Test class: testCases.Tree_TestCase<br>Parameters: print("Hello, SyntaxError: bad input on line 1, syntax</td>
<td></td>
<td>0</td>
<td>testCases.Tree_TestCase@518caac3</td></tr>
<tr>
<td title='testCases.LinkedList_TestCase.InsertionValidTryHereFunc()'><b>InsertionValidTryHereFunc</b><br>Test class: testCases.LinkedList_TestCase</td>
<td></td>
<td>2</td>
<td>testCases.LinkedList_TestCase@45ac5f9b</td></tr>
<tr>
<td title='testCases.Tree_TestCase.ValidTryHereFunctionalityABT()'><b>ValidTryHereFunctionalityABT</b><br>Test class: testCases.Tree_TestCase</td>
<td></td>
<td>0</td>
<td>testCases.Tree_TestCase@518caac3</td></tr>
<tr>
<td title='testCases.LinkedList_TestCase.ImpLLValidTryHereFunc()'><b>ImpLLValidTryHereFunc</b><br>Test class: testCases.LinkedList_TestCase</td>
<td></td>
<td>1</td>
<td>testCases.LinkedList_TestCase@45ac5f9b</td></tr>
<tr>
<td title='testCases.LinkedList_TestCase.LLIntro2TryEditor()'><b>LLIntro2TryEditor</b><br>Test class: testCases.LinkedList_TestCase</td>
<td></td>
<td>1</td>
<td>testCases.LinkedList_TestCase@45ac5f9b</td></tr>
<tr>
<td title='testCases.Register_TestCase.InvalidRegister()'><b>InvalidRegister</b><br>Test class: testCases.Register_TestCase<br>Parameters: ActionSquad, abc@1234, e123456, password_mismatch:The two password fields didn’t match., mismatch</td>
<td></td>
<td>0</td>
<td>testCases.Register_TestCase@78a773fd</td></tr>
<tr>
<td title='testCases.Tree_TestCase.NavtoTryherepgTypesofTrees()'><b>NavtoTryherepgTypesofTrees</b><br>Test class: testCases.Tree_TestCase</td>
<td></td>
<td>1</td>
<td>testCases.Tree_TestCase@518caac3</td></tr>
<tr>
<td title='testCases.LinkedList_TestCase.LL2Intro()'><b>LL2Intro</b><br>Test class: testCases.LinkedList_TestCase</td>
<td></td>
<td>0</td>
<td>testCases.LinkedList_TestCase@45ac5f9b</td></tr>
<tr>
<td title='testCases.LinkedList_TestCase.LL2ImpLL()'><b>LL2ImpLL</b><br>Test class: testCases.LinkedList_TestCase</td>
<td></td>
<td>0</td>
<td>testCases.LinkedList_TestCase@45ac5f9b</td></tr>
<tr>
<td title='testCases.Tree_TestCase.NavtoTryherepgImpinBT()'><b>NavtoTryherepgImpinBT</b><br>Test class: testCases.Tree_TestCase</td>
<td></td>
<td>1</td>
<td>testCases.Tree_TestCase@518caac3</td></tr>
<tr>
<td title='testCases.Tree_TestCase.ValidTryHereFunctionalityBT()'><b>ValidTryHereFunctionalityBT</b><br>Test class: testCases.Tree_TestCase</td>
<td></td>
<td>2</td>
<td>testCases.Tree_TestCase@518caac3</td></tr>
<tr>
<td title='testCases.LinkedList_TestCase.ImpLLInValidTryHereFunc()'><b>ImpLLInValidTryHereFunc</b><br>Test class: testCases.LinkedList_TestCase<br>Parameters: print("Hello, SyntaxError: bad input on line 1, syntax</td>
<td></td>
<td>1</td>
<td>testCases.LinkedList_TestCase@45ac5f9b</td></tr>
<tr>
<td title='testCases.Tree_TestCase.NavtoTryherepgTravelsIllus()'><b>NavtoTryherepgTravelsIllus</b><br>Test class: testCases.Tree_TestCase</td>
<td></td>
<td>1</td>
<td>testCases.Tree_TestCase@518caac3</td></tr>
<tr>
<td title='testCases.Queue_TestCase.ImpCollValidTryHereFunc()'><b>ImpCollValidTryHereFunc</b><br>Test class: testCases.Queue_TestCase</td>
<td></td>
<td>2</td>
<td>testCases.Queue_TestCase@135606db</td></tr>
<tr>
<td title='testCases.Queue_TestCase.ImpqueueInValidTryHereFunc()'><b>ImpqueueInValidTryHereFunc</b><br>Test class: testCases.Queue_TestCase<br>Parameters: print("Hello, SyntaxError: bad input on line 1, syntax</td>
<td></td>
<td>1</td>
<td>testCases.Queue_TestCase@135606db</td></tr>
<tr>
<td title='testCases.Tree_TestCase.InvalidTryHereFunctionalityTYpesofTrees()'><b>InvalidTryHereFunctionalityTYpesofTrees</b><br>Test class: testCases.Tree_TestCase<br>Parameters: print("Hello, SyntaxError: bad input on line 1, syntax</td>
<td></td>
<td>0</td>
<td>testCases.Tree_TestCase@518caac3</td></tr>
<tr>
<td title='testCases.Tree_TestCase.InvalidTryHereFunctionalityTerm()'><b>InvalidTryHereFunctionalityTerm</b><br>Test class: testCases.Tree_TestCase<br>Parameters: print("Hello, SyntaxError: bad input on line 1, syntax</td>
<td></td>
<td>0</td>
<td>testCases.Tree_TestCase@518caac3</td></tr>
<tr>
<td title='testCases.Tree_TestCase.InvalidTryHereFunctionalityImpinBT()'><b>InvalidTryHereFunctionalityImpinBT</b><br>Test class: testCases.Tree_TestCase<br>Parameters: edgr7&rk, NameError: name 'edgr7' is not defined on line 1, name</td>
<td></td>
<td>1</td>
<td>testCases.Tree_TestCase@518caac3</td></tr>
<tr>
<td title='testCases.Tree_TestCase.BinTreeTrav()'><b>BinTreeTrav</b><br>Test class: testCases.Tree_TestCase</td>
<td></td>
<td>2</td>
<td>testCases.Tree_TestCase@518caac3</td></tr>
<tr>
<td title='testCases.Tree_TestCase.NavtoTryherepg()'><b>NavtoTryherepg</b><br>Test class: testCases.Tree_TestCase</td>
<td></td>
<td>0</td>
<td>testCases.Tree_TestCase@518caac3</td></tr>
<tr>
<td title='testCases.LinkedList_TestCase.LL2Traversal()'><b>LL2Traversal</b><br>Test class: testCases.LinkedList_TestCase</td>
<td></td>
<td>1</td>
<td>testCases.LinkedList_TestCase@45ac5f9b</td></tr>
<tr>
<td title='testCases.Tree_TestCase.InvalidTryHereFunctionalityABT()'><b>InvalidTryHereFunctionalityABT</b><br>Test class: testCases.Tree_TestCase<br>Parameters: edgr7&rk, NameError: name 'edgr7' is not defined on line 1, name</td>
<td></td>
<td>0</td>
<td>testCases.Tree_TestCase@518caac3</td></tr>
<tr>
<td title='testCases.HomeGetstd_TestCase.HomeGetstd()'><b>HomeGetstd</b><br>Test class: testCases.HomeGetstd_TestCase<br>Parameters: linked-list, Linked List</td>
<td></td>
<td>1</td>
<td>testCases.HomeGetstd_TestCase@6d7fc27</td></tr>
<tr>
<td title='testCases.Tree_TestCase.InvalidTryHereFunctionalityBST()'><b>InvalidTryHereFunctionalityBST</b><br>Test class: testCases.Tree_TestCase<br>Parameters: print("Hello, SyntaxError: bad input on line 1, syntax</td>
<td></td>
<td>1</td>
<td>testCases.Tree_TestCase@518caac3</td></tr>
<tr>
<td title='testCases.Tree_TestCase.InvalidTryHereFunctionalityTreeTraversals()'><b>InvalidTryHereFunctionalityTreeTraversals</b><br>Test class: testCases.Tree_TestCase<br>Parameters: print("Hello, SyntaxError: bad input on line 1, syntax</td>
<td></td>
<td>0</td>
<td>testCases.Tree_TestCase@518caac3</td></tr>
<tr>
<td title='testCases.LinkedList_TestCase.InsertionInValidTryHereFunc()'><b>InsertionInValidTryHereFunc</b><br>Test class: testCases.LinkedList_TestCase<br>Parameters: print("Hello, SyntaxError: bad input on line 1, syntax</td>
<td></td>
<td>1</td>
<td>testCases.LinkedList_TestCase@45ac5f9b</td></tr>
<tr>
<td title='testCases.Tree_TestCase.InvalidTryHereFunctionalityBinTreeTrav()'><b>InvalidTryHereFunctionalityBinTreeTrav</b><br>Test class: testCases.Tree_TestCase<br>Parameters: print("Hello, SyntaxError: bad input on line 1, syntax</td>
<td></td>
<td>0</td>
<td>testCases.Tree_TestCase@518caac3</td></tr>
<tr>
<td title='testCases.Login_TestCase.InvalidLogin()'><b>InvalidLogin</b><br>Test class: testCases.Login_TestCase<br>Parameters: dfjnjdf, adcvt, Invalid Username and Password, Inspectable</td>
<td></td>
<td>1</td>
<td>testCases.Login_TestCase@57c03d88</td></tr>
<tr>
<td title='testCases.Tree_TestCase.NavtoTryherepgBST()'><b>NavtoTryherepgBST</b><br>Test class: testCases.Tree_TestCase</td>
<td></td>
<td>0</td>
<td>testCases.Tree_TestCase@518caac3</td></tr>
<tr>
<td title='testCases.Queue_TestCase.queue2signout()'><b>queue2signout</b><br>Test class: testCases.Queue_TestCase</td>
<td></td>
<td>2</td>
<td>testCases.Queue_TestCase@135606db</td></tr>
<tr>
<td title='testCases.Queue_TestCase.queue2Imparray()'><b>queue2Imparray</b><br>Test class: testCases.Queue_TestCase</td>
<td></td>
<td>0</td>
<td>testCases.Queue_TestCase@135606db</td></tr>
<tr>
<td title='testCases.LinkedList_TestCase.LLIntro2PracticeQues()'><b>LLIntro2PracticeQues</b><br>Test class: testCases.LinkedList_TestCase</td>
<td></td>
<td>0</td>
<td>testCases.LinkedList_TestCase@45ac5f9b</td></tr>
<tr>
<td title='testCases.LinkedList_TestCase.Traversal2TryEditor()'><b>Traversal2TryEditor</b><br>Test class: testCases.LinkedList_TestCase</td>
<td></td>
<td>1</td>
<td>testCases.LinkedList_TestCase@45ac5f9b</td></tr>
<tr>
<td title='testCases.Tree_TestCase.ValidTryHereFunctionalityBST()'><b>ValidTryHereFunctionalityBST</b><br>Test class: testCases.Tree_TestCase</td>
<td></td>
<td>1</td>
<td>testCases.Tree_TestCase@518caac3</td></tr>
<tr>
<td title='testCases.Queue_TestCase.ImpCollInValidTryHereFunc()'><b>ImpCollInValidTryHereFunc</b><br>Test class: testCases.Queue_TestCase<br>Parameters: edgr7&rk, NameError: name 'edgr7' is not defined on line 1, name</td>
<td></td>
<td>2</td>
<td>testCases.Queue_TestCase@135606db</td></tr>
<tr>
<td title='testCases.Tree_TestCase.Practice()'><b>Practice</b><br>Test class: testCases.Tree_TestCase</td>
<td></td>
<td>1</td>
<td>testCases.Tree_TestCase@518caac3</td></tr>
<tr>
<td title='testCases.LinkedList_TestCase.CreateLLInValidTryHereFunc()'><b>CreateLLInValidTryHereFunc</b><br>Test class: testCases.LinkedList_TestCase<br>Parameters: edgr7&rk, NameError: name 'edgr7' is not defined on line 1, name</td>
<td></td>
<td>3</td>
<td>testCases.LinkedList_TestCase@45ac5f9b</td></tr>
<tr>
<td title='testCases.Home_TestCase.HomeDrpdwn()'><b>HomeDrpdwn</b><br>Test class: testCases.Home_TestCase<br>Parameters: Stack, Stack</td>
<td></td>
<td>1</td>
<td>testCases.Home_TestCase@16aa8654</td></tr>
<tr>
<td title='testCases.Tree_TestCase.NavtoTryherepgABT()'><b>NavtoTryherepgABT</b><br>Test class: testCases.Tree_TestCase</td>
<td></td>
<td>0</td>
<td>testCases.Tree_TestCase@518caac3</td></tr>
<tr>
<td title='testCases.Queue_TestCase.ImpArrayValidTryHereFunc()'><b>ImpArrayValidTryHereFunc</b><br>Test class: testCases.Queue_TestCase</td>
<td></td>
<td>5</td>
<td>testCases.Queue_TestCase@135606db</td></tr>
<tr>
<td title='testCases.Home_TestCase.HomeDrpdwn()'><b>HomeDrpdwn</b><br>Test class: testCases.Home_TestCase<br>Parameters: Arrays, Array</td>
<td></td>
<td>1</td>
<td>testCases.Home_TestCase@16aa8654</td></tr>
<tr>
<td title='testCases.Tree_TestCase.IBT()'><b>IBT</b><br>Test class: testCases.Tree_TestCase</td>
<td></td>
<td>0</td>
<td>testCases.Tree_TestCase@518caac3</td></tr>
<tr>
<td title='testCases.Queue_TestCase.queue2Impqueue()'><b>queue2Impqueue</b><br>Test class: testCases.Queue_TestCase</td>
<td></td>
<td>0</td>
<td>testCases.Queue_TestCase@135606db</td></tr>
<tr>
<td title='testCases.Login_TestCase.ValidLogin()'><b>ValidLogin</b><br>Test class: testCases.Login_TestCase</td>
<td></td>
<td>1</td>
<td>testCases.Login_TestCase@57c03d88</td></tr>
<tr>
<td title='testCases.Tree_TestCase.NavtoTryherepgBT()'><b>NavtoTryherepgBT</b><br>Test class: testCases.Tree_TestCase</td>
<td></td>
<td>0</td>
<td>testCases.Tree_TestCase@518caac3</td></tr>
<tr>
<td title='testCases.LinkedList_TestCase.InsertionInValidTryHereFunc()'><b>InsertionInValidTryHereFunc</b><br>Test class: testCases.LinkedList_TestCase<br>Parameters: edgr7&rk, NameError: name 'edgr7' is not defined on line 1, name</td>
<td></td>
<td>1</td>
<td>testCases.LinkedList_TestCase@45ac5f9b</td></tr>
<tr>
<td title='testCases.LinkedList_TestCase.CreateLL2TryEditor()'><b>CreateLL2TryEditor</b><br>Test class: testCases.LinkedList_TestCase</td>
<td></td>
<td>9</td>
<td>testCases.LinkedList_TestCase@45ac5f9b</td></tr>
<tr>
<td title='testCases.Queue_TestCase.QueueOprInValidTryHereFunc()'><b>QueueOprInValidTryHereFunc</b><br>Test class: testCases.Queue_TestCase<br>Parameters: print("Hello, SyntaxError: bad input on line 1, syntax</td>
<td></td>
<td>1</td>
<td>testCases.Queue_TestCase@135606db</td></tr>
<tr>
<td title='testCases.Tree_TestCase.ValidTryHereFunctionalityTypesoftrees()'><b>ValidTryHereFunctionalityTypesoftrees</b><br>Test class: testCases.Tree_TestCase</td>
<td></td>
<td>1</td>
<td>testCases.Tree_TestCase@518caac3</td></tr>
<tr>
<td title='testCases.Tree_TestCase.ValidTryHereFunctionalityTraversalsIllus()'><b>ValidTryHereFunctionalityTraversalsIllus</b><br>Test class: testCases.Tree_TestCase</td>
<td></td>
<td>1</td>
<td>testCases.Tree_TestCase@518caac3</td></tr>
<tr>
<td title='testCases.Register_TestCase.InvalidRegister()'><b>InvalidRegister</b><br>Test class: testCases.Register_TestCase<br>Parameters: , abc@1234, abc@1234, Please fill out this field., emptyuser</td>
<td></td>
<td>0</td>
<td>testCases.Register_TestCase@78a773fd</td></tr>
<tr>
<td title='testCases.Tree_TestCase.NavtoTryherepgTreeTraversals()'><b>NavtoTryherepgTreeTraversals</b><br>Test class: testCases.Tree_TestCase</td>
<td></td>
<td>1</td>
<td>testCases.Tree_TestCase@518caac3</td></tr>
<tr>
<td title='testCases.Tree_TestCase.ValidTryHereFunctionalityTypesofBT()'><b>ValidTryHereFunctionalityTypesofBT</b><br>Test class: testCases.Tree_TestCase</td>
<td></td>
<td>1</td>
<td>testCases.Tree_TestCase@518caac3</td></tr>
<tr>
<td title='testCases.Tree_TestCase.ValidTryHereFunctionalityImpinBT()'><b>ValidTryHereFunctionalityImpinBT</b><br>Test class: testCases.Tree_TestCase</td>
<td></td>
<td>1</td>
<td>testCases.Tree_TestCase@518caac3</td></tr>
<tr>
<td title='testCases.HomeGetstd_TestCase.HomeGetstd()'><b>HomeGetstd</b><br>Test class: testCases.HomeGetstd_TestCase<br>Parameters: graph, Graph</td>
<td></td>
<td>0</td>
<td>testCases.HomeGetstd_TestCase@6d7fc27</td></tr>
<tr>
<td title='testCases.LinkedList_TestCase.CreateLLValidTryHereFunc()'><b>CreateLLValidTryHereFunc</b><br>Test class: testCases.LinkedList_TestCase</td>
<td></td>
<td>1</td>
<td>testCases.LinkedList_TestCase@45ac5f9b</td></tr>
<tr>
<td title='testCases.LinkedList_TestCase.LLlogout()'><b>LLlogout</b><br>Test class: testCases.LinkedList_TestCase</td>
<td></td>
<td>0</td>
<td>testCases.LinkedList_TestCase@45ac5f9b</td></tr>
<tr>
<td title='testCases.LinkedList_TestCase.TypesLLInValidTryHereFunc()'><b>TypesLLInValidTryHereFunc</b><br>Test class: testCases.LinkedList_TestCase<br>Parameters: print("Hello, SyntaxError: bad input on line 1, syntax</td>
<td></td>
<td>1</td>
<td>testCases.LinkedList_TestCase@45ac5f9b</td></tr>
<tr>
<td title='testCases.LinkedList_TestCase.CreateLLInValidTryHereFunc()'><b>CreateLLInValidTryHereFunc</b><br>Test class: testCases.LinkedList_TestCase<br>Parameters: print("Hello, SyntaxError: bad input on line 1, syntax</td>
<td></td>
<td>3</td>
<td>testCases.LinkedList_TestCase@45ac5f9b</td></tr>
<tr>
<td title='testCases.Queue_TestCase.queueOpr2tryeditor()'><b>queueOpr2tryeditor</b><br>Test class: testCases.Queue_TestCase</td>
<td></td>
<td>0</td>
<td>testCases.Queue_TestCase@135606db</td></tr>
<tr>
<td title='testCases.LinkedList_TestCase.TypesLL2TryEditor()'><b>TypesLL2TryEditor</b><br>Test class: testCases.LinkedList_TestCase</td>
<td></td>
<td>0</td>
<td>testCases.LinkedList_TestCase@45ac5f9b</td></tr>
<tr>
<td title='testCases.Tree_TestCase.BST()'><b>BST</b><br>Test class: testCases.Tree_TestCase</td>
<td></td>
<td>2</td>
<td>testCases.Tree_TestCase@518caac3</td></tr>
<tr>
<td title='testCases.Tree_TestCase.NavtoTryherepgTypesofBT()'><b>NavtoTryherepgTypesofBT</b><br>Test class: testCases.Tree_TestCase</td>
<td></td>
<td>1</td>
<td>testCases.Tree_TestCase@518caac3</td></tr>
<tr>
<td title='testCases.LinkedList_TestCase.LL2Deletion()'><b>LL2Deletion</b><br>Test class: testCases.LinkedList_TestCase</td>
<td></td>
<td>0</td>
<td>testCases.LinkedList_TestCase@45ac5f9b</td></tr>
<tr>
<td title='testCases.Tree_TestCase.InvalidTryHereFunctionalityTreeTraversals()'><b>InvalidTryHereFunctionalityTreeTraversals</b><br>Test class: testCases.Tree_TestCase<br>Parameters: edgr7&rk, NameError: name 'edgr7' is not defined on line 1, name</td>
<td></td>
<td>1</td>
<td>testCases.Tree_TestCase@518caac3</td></tr>
<tr>
<td title='testCases.Tree_TestCase.InvalidTryHereFunctionalityIBST()'><b>InvalidTryHereFunctionalityIBST</b><br>Test class: testCases.Tree_TestCase<br>Parameters: print("Hello, SyntaxError: bad input on line 1, syntax</td>
<td></td>
<td>1</td>
<td>testCases.Tree_TestCase@518caac3</td></tr>
<tr>
<td title='testCases.LinkedList_TestCase.LL2Insertion()'><b>LL2Insertion</b><br>Test class: testCases.LinkedList_TestCase</td>
<td></td>
<td>0</td>
<td>testCases.LinkedList_TestCase@45ac5f9b</td></tr>
<tr>
<td title='testCases.HomeGetstd_TestCase.HomeGetstd()'><b>HomeGetstd</b><br>Test class: testCases.HomeGetstd_TestCase<br>Parameters: array, Array</td>
<td></td>
<td>1</td>
<td>testCases.HomeGetstd_TestCase@6d7fc27</td></tr>
<tr>
<td title='testCases.HomeGetstd_TestCase.HomeGetstd()'><b>HomeGetstd</b><br>Test class: testCases.HomeGetstd_TestCase<br>Parameters: queue, Queue</td>
<td></td>
<td>1</td>
<td>testCases.HomeGetstd_TestCase@6d7fc27</td></tr>
<tr>
<td title='testCases.Tree_TestCase.ValidTryHereFunctionalityTreeTraversals()'><b>ValidTryHereFunctionalityTreeTraversals</b><br>Test class: testCases.Tree_TestCase</td>
<td></td>
<td>1</td>
<td>testCases.Tree_TestCase@518caac3</td></tr>
<tr>
<td title='testCases.Tree_TestCase.LogOut()'><b>LogOut</b><br>Test class: testCases.Tree_TestCase</td>
<td></td>
<td>0</td>
<td>testCases.Tree_TestCase@518caac3</td></tr>
<tr>
<td title='testCases.Tree_TestCase.InvalidTryHereFunctionalityBinTreeTrav()'><b>InvalidTryHereFunctionalityBinTreeTrav</b><br>Test class: testCases.Tree_TestCase<br>Parameters: edgr7&rk, NameError: name 'edgr7' is not defined on line 1, name</td>
<td></td>
<td>0</td>
<td>testCases.Tree_TestCase@518caac3</td></tr>
<tr>
<td title='testCases.Tree_TestCase.InvalidTryHereFunctionalityIBT()'><b>InvalidTryHereFunctionalityIBT</b><br>Test class: testCases.Tree_TestCase<br>Parameters: edgr7&rk, NameError: name 'edgr7' is not defined on line 1, name</td>
<td></td>
<td>0</td>
<td>testCases.Tree_TestCase@518caac3</td></tr>
<tr>
<td title='testCases.Queue_TestCase.ImpCollInValidTryHereFunc()'><b>ImpCollInValidTryHereFunc</b><br>Test class: testCases.Queue_TestCase<br>Parameters: print("Hello, SyntaxError: bad input on line 1, syntax</td>
<td></td>
<td>2</td>
<td>testCases.Queue_TestCase@135606db</td></tr>
<tr>
<td title='testCases.Tree_TestCase.NavtoOverviewofTrees()'><b>NavtoOverviewofTrees</b><br>Test class: testCases.Tree_TestCase</td>
<td></td>
<td>0</td>
<td>testCases.Tree_TestCase@518caac3</td></tr>
<tr>
<td title='testCases.Home_TestCase.HomeDrpdwn()'><b>HomeDrpdwn</b><br>Test class: testCases.Home_TestCase<br>Parameters: Linked List, Linked List</td>
<td></td>
<td>4</td>
<td>testCases.Home_TestCase@16aa8654</td></tr>
<tr>
<td title='testCases.Tree_TestCase.ValidTryHereFunctionalityOverview()'><b>ValidTryHereFunctionalityOverview</b><br>Test class: testCases.Tree_TestCase</td>
<td></td>
<td>1</td>
<td>testCases.Tree_TestCase@518caac3</td></tr>
<tr>
<td title='testCases.Tree_TestCase.InvalidTryHereFunctionalityBT()'><b>InvalidTryHereFunctionalityBT</b><br>Test class: testCases.Tree_TestCase<br>Parameters: print("Hello, SyntaxError: bad input on line 1, syntax</td>
<td></td>
<td>0</td>
<td>testCases.Tree_TestCase@518caac3</td></tr>
<tr>
<td title='testCases.Login_TestCase.InvalidLogin()'><b>InvalidLogin</b><br>Test class: testCases.Login_TestCase<br>Parameters: BiriYani, a12345, Invalid Username and Password, Inspectable</td>
<td></td>
<td>1</td>
<td>testCases.Login_TestCase@57c03d88</td></tr>
<tr>
<td title='testCases.LinkedList_TestCase.DeletionInValidTryHereFunc()'><b>DeletionInValidTryHereFunc</b><br>Test class: testCases.LinkedList_TestCase<br>Parameters: print("Hello, SyntaxError: bad input on line 1, syntax</td>
<td></td>
<td>2</td>
<td>testCases.LinkedList_TestCase@45ac5f9b</td></tr>
<tr>
<td title='testCases.Tree_TestCase.InvalidTryHereFunctionalityBT()'><b>InvalidTryHereFunctionalityBT</b><br>Test class: testCases.Tree_TestCase<br>Parameters: edgr7&rk, NameError: name 'edgr7' is not defined on line 1, name</td>
<td></td>
<td>0</td>
<td>testCases.Tree_TestCase@518caac3</td></tr>
<tr>
<td title='testCases.LinkedList_TestCase.LLIntroInValidTryHereFunc()'><b>LLIntroInValidTryHereFunc</b><br>Test class: testCases.LinkedList_TestCase<br>Parameters: edgr7&rk, NameError: name 'edgr7' is not defined on line 1, name</td>
<td></td>
<td>1</td>
<td>testCases.LinkedList_TestCase@45ac5f9b</td></tr>
<tr>
<td title='testCases.LinkedList_TestCase.Deletion2TryEditor()'><b>Deletion2TryEditor</b><br>Test class: testCases.LinkedList_TestCase</td>
<td></td>
<td>1</td>
<td>testCases.LinkedList_TestCase@45ac5f9b</td></tr>
<tr>
<td title='testCases.LinkedList_TestCase.DeletionValidTryHereFunc()'><b>DeletionValidTryHereFunc</b><br>Test class: testCases.LinkedList_TestCase</td>
<td></td>
<td>1</td>
<td>testCases.LinkedList_TestCase@45ac5f9b</td></tr>
<tr>
<td title='testCases.Tree_TestCase.ImpinBT()'><b>ImpinBT</b><br>Test class: testCases.Tree_TestCase</td>
<td></td>
<td>0</td>
<td>testCases.Tree_TestCase@518caac3</td></tr>
<tr>
<td title='testCases.Queue_TestCase.ImpCollection2tryeditor()'><b>ImpCollection2tryeditor</b><br>Test class: testCases.Queue_TestCase</td>
<td></td>
<td>1</td>
<td>testCases.Queue_TestCase@135606db</td></tr>
<tr>
<td title='testCases.Tree_TestCase.TreeTraversals()'><b>TreeTraversals</b><br>Test class: testCases.Tree_TestCase</td>
<td></td>
<td>0</td>
<td>testCases.Tree_TestCase@518caac3</td></tr>
<tr>
<td title='testCases.HomeGetstd_TestCase.HomeGetstd()'><b>HomeGetstd</b><br>Test class: testCases.HomeGetstd_TestCase<br>Parameters: stack, Stack</td>
<td></td>
<td>1</td>
<td>testCases.HomeGetstd_TestCase@6d7fc27</td></tr>
<tr>
<td title='testCases.LinkedList_TestCase.LLIntroInValidTryHereFunc()'><b>LLIntroInValidTryHereFunc</b><br>Test class: testCases.LinkedList_TestCase<br>Parameters: print("Hello, SyntaxError: bad input on line 1, syntax</td>
<td></td>
<td>1</td>
<td>testCases.LinkedList_TestCase@45ac5f9b</td></tr>
<tr>
<td title='testCases.Tree_TestCase.ValidTryHereFunctionalityTerm()'><b>ValidTryHereFunctionalityTerm</b><br>Test class: testCases.Tree_TestCase</td>
<td></td>
<td>2</td>
<td>testCases.Tree_TestCase@518caac3</td></tr>
<tr>
<td title='testCases.Tree_TestCase.ValidTryHereFunctionalityBinTreeTrav()'><b>ValidTryHereFunctionalityBinTreeTrav</b><br>Test class: testCases.Tree_TestCase</td>
<td></td>
<td>2</td>
<td>testCases.Tree_TestCase@518caac3</td></tr>
<tr>
<td title='testCases.Tree_TestCase.Terminologies()'><b>Terminologies</b><br>Test class: testCases.Tree_TestCase</td>
<td></td>
<td>0</td>
<td>testCases.Tree_TestCase@518caac3</td></tr>
<tr>
<td title='testCases.LinkedList_TestCase.ImpLLInValidTryHereFunc()'><b>ImpLLInValidTryHereFunc</b><br>Test class: testCases.LinkedList_TestCase<br>Parameters: edgr7&rk, NameError: name 'edgr7' is not defined on line 1, name</td>
<td></td>
<td>1</td>
<td>testCases.LinkedList_TestCase@45ac5f9b</td></tr>
<tr>
<td title='testCases.Tree_TestCase.NavtoTryherepgTermimology()'><b>NavtoTryherepgTermimology</b><br>Test class: testCases.Tree_TestCase</td>
<td></td>
<td>0</td>
<td>testCases.Tree_TestCase@518caac3</td></tr>
<tr>
<td title='testCases.LinkedList_TestCase.TypesLLValidTryHereFunc()'><b>TypesLLValidTryHereFunc</b><br>Test class: testCases.LinkedList_TestCase</td>
<td></td>
<td>1</td>
<td>testCases.LinkedList_TestCase@45ac5f9b</td></tr>
<tr>
<td title='testCases.Tree_TestCase.BibaryTree()'><b>BibaryTree</b><br>Test class: testCases.Tree_TestCase</td>
<td></td>
<td>1</td>
<td>testCases.Tree_TestCase@518caac3</td></tr>
<tr>
<td title='testCases.LinkedList_TestCase.LL2TypesLL()'><b>LL2TypesLL</b><br>Test class: testCases.LinkedList_TestCase</td>
<td></td>
<td>0</td>
<td>testCases.LinkedList_TestCase@45ac5f9b</td></tr>
<tr>
<td title='testCases.Tree_TestCase.IBST()'><b>IBST</b><br>Test class: testCases.Tree_TestCase</td>
<td></td>
<td>0</td>
<td>testCases.Tree_TestCase@518caac3</td></tr>
<tr>
<td title='testCases.Queue_TestCase.ImpqueueInValidTryHereFunc()'><b>ImpqueueInValidTryHereFunc</b><br>Test class: testCases.Queue_TestCase<br>Parameters: edgr7&rk, NameError: name 'edgr7' is not defined on line 1, name</td>
<td></td>
<td>1</td>
<td>testCases.Queue_TestCase@135606db</td></tr>
<tr>
<td title='testCases.LinkedList_TestCase.TraversalInValidTryHereFunc()'><b>TraversalInValidTryHereFunc</b><br>Test class: testCases.LinkedList_TestCase<br>Parameters: print("Hello, SyntaxError: bad input on line 1, syntax</td>
<td></td>
<td>1</td>
<td>testCases.LinkedList_TestCase@45ac5f9b</td></tr>
<tr>
<td title='testCases.Tree_TestCase.InvalidTryHereFunctionalityTerm()'><b>InvalidTryHereFunctionalityTerm</b><br>Test class: testCases.Tree_TestCase<br>Parameters: edgr7&rk, NameError: name 'edgr7' is not defined on line 1, name</td>
<td></td>
<td>0</td>
<td>testCases.Tree_TestCase@518caac3</td></tr>
<tr>
<td title='testCases.Tree_TestCase.TypesofTrees()'><b>TypesofTrees</b><br>Test class: testCases.Tree_TestCase</td>
<td></td>
<td>0</td>
<td>testCases.Tree_TestCase@518caac3</td></tr>
</table><p>
<table width='100%' border='1' class='invocation-skipped'>
<tr><td colspan='4' align='center'><b>SKIPPED TESTS</b></td></tr>
<tr><td><b>Test method</b></td>
<td><b>Attribute(s)</b></td>
<td width="30%"><b>Exception</b></td>
<td width="10%"><b>Time (seconds)</b></td>
<td><b>Instance</b></td>
</tr>
<tr>
<td title='testCases.Tree_TestCase.EmptyTryeditorBinTreeTrav()'><b>EmptyTryeditorBinTreeTrav</b><br>Test class: testCases.Tree_TestCase</td>
<td><div><pre>org.openqa.selenium.NoSuchElementException: no such element: Unable to locate element: {&quot;method&quot;:&quot;link text&quot;,&quot;selector&quot;:&quot;Binary Tree Traversals&quot;}
  (Session info: chrome=131.0.6778.264)
For documentation on this error, please visit: https://www.selenium.dev/documentation/webdriver/troubleshooting/errors#no-such-element-exception
Build info: version: &apos;4.27.0&apos;, revision: &apos;d6e718d134&apos;
System info: os.name: &apos;Windows 11&apos;, os.arch: &apos;amd64&apos;, os.version: &apos;10.0&apos;, java.version: &apos;23.0.1&apos;
Driver info: org.openqa.selenium.chrome.ChromeDriver
Command: [ed6ecc5a03394e93135bde0f6787d1f8, findElement {value=Binary Tree Traversals, using=link text}]
Capabilities {acceptInsecureCerts: false, browserName: chrome, browserVersion: 131.0.6778.264, chrome: {chromedriverVersion: 131.0.6778.264 (2d05e315153..., userDataDir: C:\Users\12017\AppData\Loca...}, fedcm:accounts: true, goog:chromeOptions: {debuggerAddress: localhost:51856}, networkConnectionEnabled: false, pageLoadStrategy: normal, platformName: windows, proxy: Proxy(), se:cdp: ws://localhost:51856/devtoo..., se:cdpVersion: 131.0.6778.264, setWindowRect: true, strictFileInteractability: false, timeouts: {implicit: 0, pageLoad: 300000, script: 30000}, unhandledPromptBehavior: dismiss and notify, webauthn:extension:credBlob: true, webauthn:extension:largeBlob: true, webauthn:extension:minPinLength: true, webauthn:extension:prf: true, webauthn:virtualAuthenticators: true}
Session ID: ed6ecc5a03394e93135bde0f6787d1f8
	at org.openqa.selenium.remote.ErrorCodec.decode(ErrorCodec.java:167)
	at org.openqa.selenium.remote.codec.w3c.W3CHttpResponseCodec.decode(W3CHttpResponseCodec.java:138)
	at org.openqa.selenium.remote.codec.w3c.W3CHttpResponseCodec.decode(W3CHttpResponseCodec.java:50)
	at org.openqa.selenium.remote.HttpCommandExecutor.execute(HttpCommandExecutor.java:190)
	at org.openqa.selenium.remote.service.DriverCommandExecutor.invokeExecute(DriverCommandExecutor.java:216)
	at org.openqa.selenium.remote.service.DriverCommandExecutor.execute(DriverCommandExecutor.java:174)
	at org.openqa.selenium.remote.RemoteWebDriver.execute(RemoteWebDriver.java:545)
	at org.openqa.selenium.remote.ElementLocation$ElementFinder$2.findElement(ElementLocation.java:165)
	at org.openqa.selenium.remote.ElementLocation.findElement(ElementLocation.java:59)
	at org.openqa.selenium.remote.RemoteWebDriver.findElement(RemoteWebDriver.java:368)
	at org.openqa.selenium.remote.RemoteWebDriver.findElement(RemoteWebDriver.java:362)
	at org.openqa.selenium.support.pagefactory.DefaultElementLocator.findElement(DefaultElementLocator.java:68)
	at org.openqa.selenium.support.pagefactory.internal.LocatingElementHandler.invoke(LocatingElementHandler.java:38)
	at jdk.proxy2/jdk.proxy2.$Proxy32.click(Unknown Source)
	at pages.Tree_Page.BinTreeTravBtn(Tree_Page.java:169)
	at testCases.Tree_TestCase.EmptyTryeditorBinTreeTrav(Tree_TestCase.java:757)
	at java.base/java.util.concurrent.Executors$RunnableAdapter.call(Executors.java:572)
	at java.base/java.util.concurrent.FutureTask.run(FutureTask.java:317)
	at java.base/java.util.concurrent.ThreadPoolExecutor.runWorker(ThreadPoolExecutor.java:1144)
	at java.base/java.util.concurrent.ThreadPoolExecutor$Worker.run(ThreadPoolExecutor.java:642)
	at java.base/java.lang.Thread.run(Thread.java:1575)
... Removed 14 stack frames</pre></div><a href='#' onClick='toggleBox("stack-trace1810292198", this, "Click to show all stack frames", "Click to hide stack frames")'>Click to show all stack frames</a>
<div class='stack-trace' id='stack-trace1810292198'><pre>org.openqa.selenium.NoSuchElementException: no such element: Unable to locate element: {&quot;method&quot;:&quot;link text&quot;,&quot;selector&quot;:&quot;Binary Tree Traversals&quot;}
  (Session info: chrome=131.0.6778.264)
For documentation on this error, please visit: https://www.selenium.dev/documentation/webdriver/troubleshooting/errors#no-such-element-exception
Build info: version: &apos;4.27.0&apos;, revision: &apos;d6e718d134&apos;
System info: os.name: &apos;Windows 11&apos;, os.arch: &apos;amd64&apos;, os.version: &apos;10.0&apos;, java.version: &apos;23.0.1&apos;
Driver info: org.openqa.selenium.chrome.ChromeDriver
Command: [ed6ecc5a03394e93135bde0f6787d1f8, findElement {value=Binary Tree Traversals, using=link text}]
Capabilities {acceptInsecureCerts: false, browserName: chrome, browserVersion: 131.0.6778.264, chrome: {chromedriverVersion: 131.0.6778.264 (2d05e315153..., userDataDir: C:\Users\12017\AppData\Loca...}, fedcm:accounts: true, goog:chromeOptions: {debuggerAddress: localhost:51856}, networkConnectionEnabled: false, pageLoadStrategy: normal, platformName: windows, proxy: Proxy(), se:cdp: ws://localhost:51856/devtoo..., se:cdpVersion: 131.0.6778.264, setWindowRect: true, strictFileInteractability: false, timeouts: {implicit: 0, pageLoad: 300000, script: 30000}, unhandledPromptBehavior: dismiss and notify, webauthn:extension:credBlob: true, webauthn:extension:largeBlob: true, webauthn:extension:minPinLength: true, webauthn:extension:prf: true, webauthn:virtualAuthenticators: true}
Session ID: ed6ecc5a03394e93135bde0f6787d1f8
	at java.base/jdk.internal.reflect.DirectConstructorHandleAccessor.newInstance(DirectConstructorHandleAccessor.java:62)
	at java.base/java.lang.reflect.Constructor.newInstanceWithCaller(Constructor.java:501)
	at java.base/java.lang.reflect.Constructor.newInstance(Constructor.java:485)
	at org.openqa.selenium.remote.ErrorCodec.decode(ErrorCodec.java:167)
	at org.openqa.selenium.remote.codec.w3c.W3CHttpResponseCodec.decode(W3CHttpResponseCodec.java:138)
	at org.openqa.selenium.remote.codec.w3c.W3CHttpResponseCodec.decode(W3CHttpResponseCodec.java:50)
	at org.openqa.selenium.remote.HttpCommandExecutor.execute(HttpCommandExecutor.java:190)
	at org.openqa.selenium.remote.service.DriverCommandExecutor.invokeExecute(DriverCommandExecutor.java:216)
	at org.openqa.selenium.remote.service.DriverCommandExecutor.execute(DriverCommandExecutor.java:174)
	at org.openqa.selenium.remote.RemoteWebDriver.execute(RemoteWebDriver.java:545)
	at org.openqa.selenium.remote.ElementLocation$ElementFinder$2.findElement(ElementLocation.java:165)
	at org.openqa.selenium.remote.ElementLocation.findElement(ElementLocation.java:59)
	at org.openqa.selenium.remote.RemoteWebDriver.findElement(RemoteWebDriver.java:368)
	at org.openqa.selenium.remote.RemoteWebDriver.findElement(RemoteWebDriver.java:362)
	at org.openqa.selenium.support.pagefactory.DefaultElementLocator.findElement(DefaultElementLocator.java:68)
	at org.openqa.selenium.support.pagefactory.internal.LocatingElementHandler.invoke(LocatingElementHandler.java:38)
	at jdk.proxy2/jdk.proxy2.$Proxy32.click(Unknown Source)
	at pages.Tree_Page.BinTreeTravBtn(Tree_Page.java:169)
	at testCases.Tree_TestCase.EmptyTryeditorBinTreeTrav(Tree_TestCase.java:757)
	at java.base/jdk.internal.reflect.DirectMethodHandleAccessor.invoke(DirectMethodHandleAccessor.java:103)
	at java.base/java.lang.reflect.Method.invoke(Method.java:580)
	at org.testng.internal.invokers.MethodInvocationHelper.invokeMethod(MethodInvocationHelper.java:141)
	at org.testng.internal.invokers.TestInvoker.invokeMethod(TestInvoker.java:686)
	at org.testng.internal.invokers.TestInvoker.retryFailed(TestInvoker.java:269)
	at org.testng.internal.invokers.MethodRunner.runInSequence(MethodRunner.java:76)
	at org.testng.internal.invokers.TestInvoker$MethodInvocationAgent.invoke(TestInvoker.java:992)
	at org.testng.internal.invokers.TestInvoker.invokeTestMethods(TestInvoker.java:203)
	at org.testng.internal.invokers.TestMethodWorker.invokeTestMethods(TestMethodWorker.java:154)
	at org.testng.internal.invokers.TestMethodWorker.run(TestMethodWorker.java:134)
	at java.base/java.util.concurrent.Executors$RunnableAdapter.call(Executors.java:572)
	at java.base/java.util.concurrent.FutureTask.run(FutureTask.java:317)
	at org.testng.internal.thread.graph.TestNGFutureTask.run(TestNGFutureTask.java:22)
	at java.base/java.util.concurrent.ThreadPoolExecutor.runWorker(ThreadPoolExecutor.java:1144)
	at java.base/java.util.concurrent.ThreadPoolExecutor$Worker.run(ThreadPoolExecutor.java:642)
	at java.base/java.lang.Thread.run(Thread.java:1575)
</pre></div></td>
<td>15</td>
<td>testCases.Tree_TestCase@518caac3</td></tr>
<tr>
<td title='testCases.Tree_TestCase.EmptyTryeditorTypesofBT()'><b>EmptyTryeditorTypesofBT</b><br>Test class: testCases.Tree_TestCase</td>
<td><div><pre>java.lang.AssertionError: Alert is not present
	at testCases.Tree_TestCase.EmptyTryeditorTypesofBT(Tree_TestCase.java:607)
	at java.base/java.util.concurrent.Executors$RunnableAdapter.call(Executors.java:572)
	at java.base/java.util.concurrent.FutureTask.run(FutureTask.java:317)
	at java.base/java.util.concurrent.ThreadPoolExecutor.runWorker(ThreadPoolExecutor.java:1144)
	at java.base/java.util.concurrent.ThreadPoolExecutor$Worker.run(ThreadPoolExecutor.java:642)
	at java.base/java.lang.Thread.run(Thread.java:1575)
... Removed 12 stack frames</pre></div><a href='#' onClick='toggleBox("stack-trace1245423550", this, "Click to show all stack frames", "Click to hide stack frames")'>Click to show all stack frames</a>
<div class='stack-trace' id='stack-trace1245423550'><pre>java.lang.AssertionError: Alert is not present
	at org.testng.Assert.fail(Assert.java:111)
	at testCases.Tree_TestCase.EmptyTryeditorTypesofBT(Tree_TestCase.java:607)
	at java.base/jdk.internal.reflect.DirectMethodHandleAccessor.invoke(DirectMethodHandleAccessor.java:103)
	at java.base/java.lang.reflect.Method.invoke(Method.java:580)
	at org.testng.internal.invokers.MethodInvocationHelper.invokeMethod(MethodInvocationHelper.java:141)
	at org.testng.internal.invokers.TestInvoker.invokeMethod(TestInvoker.java:686)
	at org.testng.internal.invokers.TestInvoker.retryFailed(TestInvoker.java:269)
	at org.testng.internal.invokers.MethodRunner.runInSequence(MethodRunner.java:76)
	at org.testng.internal.invokers.TestInvoker$MethodInvocationAgent.invoke(TestInvoker.java:992)
	at org.testng.internal.invokers.TestInvoker.invokeTestMethods(TestInvoker.java:203)
	at org.testng.internal.invokers.TestMethodWorker.invokeTestMethods(TestMethodWorker.java:154)
	at org.testng.internal.invokers.TestMethodWorker.run(TestMethodWorker.java:134)
	at java.base/java.util.concurrent.Executors$RunnableAdapter.call(Executors.java:572)
	at java.base/java.util.concurrent.FutureTask.run(FutureTask.java:317)
	at org.testng.internal.thread.graph.TestNGFutureTask.run(TestNGFutureTask.java:22)
	at java.base/java.util.concurrent.ThreadPoolExecutor.runWorker(ThreadPoolExecutor.java:1144)
	at java.base/java.util.concurrent.ThreadPoolExecutor$Worker.run(ThreadPoolExecutor.java:642)
	at java.base/java.lang.Thread.run(Thread.java:1575)
</pre></div></td>
<td>0</td>
<td>testCases.Tree_TestCase@518caac3</td></tr>
<tr>
<td title='testCases.Register_TestCase.InvalidRegister()'><b>InvalidRegister</b><br>Test class: testCases.Register_TestCase<br>Parameters: BiRi9@n!, abc@1234, abc@1234, Invalid Username , Invaliduser</td>
<td><div><pre>java.lang.AssertionError: expected [password_mismatch:The two password fields didn’t match.] but found [Invalid Username ]
	at testCases.Register_TestCase.InvalidRegister(Register_TestCase.java:40)
	at java.base/java.util.concurrent.Executors$RunnableAdapter.call(Executors.java:572)
	at java.base/java.util.concurrent.FutureTask.run(FutureTask.java:317)
	at java.base/java.util.concurrent.ThreadPoolExecutor.runWorker(ThreadPoolExecutor.java:1144)
	at java.base/java.util.concurrent.ThreadPoolExecutor$Worker.run(ThreadPoolExecutor.java:642)
	at java.base/java.lang.Thread.run(Thread.java:1575)
... Removed 17 stack frames</pre></div><a href='#' onClick='toggleBox("stack-trace1191263878", this, "Click to show all stack frames", "Click to hide stack frames")'>Click to show all stack frames</a>
<div class='stack-trace' id='stack-trace1191263878'><pre>java.lang.AssertionError: expected [password_mismatch:The two password fields didn’t match.] but found [Invalid Username ]
	at org.testng.Assert.fail(Assert.java:111)
	at org.testng.Assert.failNotEquals(Assert.java:1578)
	at org.testng.Assert.assertEqualsImpl(Assert.java:150)
	at org.testng.Assert.assertEquals(Assert.java:132)
	at org.testng.Assert.assertEquals(Assert.java:656)
	at org.testng.Assert.assertEquals(Assert.java:666)
	at testCases.Register_TestCase.InvalidRegister(Register_TestCase.java:40)
	at java.base/jdk.internal.reflect.DirectMethodHandleAccessor.invoke(DirectMethodHandleAccessor.java:103)
	at java.base/java.lang.reflect.Method.invoke(Method.java:580)
	at org.testng.internal.invokers.MethodInvocationHelper.invokeMethod(MethodInvocationHelper.java:141)
	at org.testng.internal.invokers.TestInvoker.invokeMethod(TestInvoker.java:686)
	at org.testng.internal.invokers.TestInvoker.retryFailed(TestInvoker.java:269)
	at org.testng.internal.invokers.MethodRunner.runInSequence(MethodRunner.java:76)
	at org.testng.internal.invokers.TestInvoker$MethodInvocationAgent.invoke(TestInvoker.java:992)
	at org.testng.internal.invokers.TestInvoker.invokeTestMethods(TestInvoker.java:203)
	at org.testng.internal.invokers.TestMethodWorker.invokeTestMethods(TestMethodWorker.java:154)
	at org.testng.internal.invokers.TestMethodWorker.run(TestMethodWorker.java:134)
	at java.base/java.util.concurrent.Executors$RunnableAdapter.call(Executors.java:572)
	at java.base/java.util.concurrent.FutureTask.run(FutureTask.java:317)
	at org.testng.internal.thread.graph.TestNGFutureTask.run(TestNGFutureTask.java:22)
	at java.base/java.util.concurrent.ThreadPoolExecutor.runWorker(ThreadPoolExecutor.java:1144)
	at java.base/java.util.concurrent.ThreadPoolExecutor$Worker.run(ThreadPoolExecutor.java:642)
	at java.base/java.lang.Thread.run(Thread.java:1575)
</pre></div></td>
<td>1</td>
<td>testCases.Register_TestCase@78a773fd</td></tr>
<tr>
<td title='testCases.Tree_TestCase.EmptyTryeditorBT()'><b>EmptyTryeditorBT</b><br>Test class: testCases.Tree_TestCase</td>
<td><div><pre>java.lang.AssertionError: Alert is not present
	at testCases.Tree_TestCase.EmptyTryeditorBT(Tree_TestCase.java:529)
	at java.base/java.util.concurrent.Executors$RunnableAdapter.call(Executors.java:572)
	at java.base/java.util.concurrent.FutureTask.run(FutureTask.java:317)
	at java.base/java.util.concurrent.ThreadPoolExecutor.runWorker(ThreadPoolExecutor.java:1144)
	at java.base/java.util.concurrent.ThreadPoolExecutor$Worker.run(ThreadPoolExecutor.java:642)
	at java.base/java.lang.Thread.run(Thread.java:1575)
... Removed 12 stack frames</pre></div><a href='#' onClick='toggleBox("stack-trace156594514", this, "Click to show all stack frames", "Click to hide stack frames")'>Click to show all stack frames</a>
<div class='stack-trace' id='stack-trace156594514'><pre>java.lang.AssertionError: Alert is not present
	at org.testng.Assert.fail(Assert.java:111)
	at testCases.Tree_TestCase.EmptyTryeditorBT(Tree_TestCase.java:529)
	at java.base/jdk.internal.reflect.DirectMethodHandleAccessor.invoke(DirectMethodHandleAccessor.java:103)
	at java.base/java.lang.reflect.Method.invoke(Method.java:580)
	at org.testng.internal.invokers.MethodInvocationHelper.invokeMethod(MethodInvocationHelper.java:141)
	at org.testng.internal.invokers.TestInvoker.invokeMethod(TestInvoker.java:686)
	at org.testng.internal.invokers.TestInvoker.retryFailed(TestInvoker.java:269)
	at org.testng.internal.invokers.MethodRunner.runInSequence(MethodRunner.java:76)
	at org.testng.internal.invokers.TestInvoker$MethodInvocationAgent.invoke(TestInvoker.java:992)
	at org.testng.internal.invokers.TestInvoker.invokeTestMethods(TestInvoker.java:203)
	at org.testng.internal.invokers.TestMethodWorker.invokeTestMethods(TestMethodWorker.java:154)
	at org.testng.internal.invokers.TestMethodWorker.run(TestMethodWorker.java:134)
	at java.base/java.util.concurrent.Executors$RunnableAdapter.call(Executors.java:572)
	at java.base/java.util.concurrent.FutureTask.run(FutureTask.java:317)
	at org.testng.internal.thread.graph.TestNGFutureTask.run(TestNGFutureTask.java:22)
	at java.base/java.util.concurrent.ThreadPoolExecutor.runWorker(ThreadPoolExecutor.java:1144)
	at java.base/java.util.concurrent.ThreadPoolExecutor$Worker.run(ThreadPoolExecutor.java:642)
	at java.base/java.lang.Thread.run(Thread.java:1575)
</pre></div></td>
<td>1</td>
<td>testCases.Tree_TestCase@518caac3</td></tr>
<tr>
<td title='testCases.Tree_TestCase.EmptyTryeditorTypesofTrees()'><b>EmptyTryeditorTypesofTrees</b><br>Test class: testCases.Tree_TestCase</td>
<td><div><pre>java.lang.AssertionError: Alert is not present
	at testCases.Tree_TestCase.EmptyTryeditorTypesofTrees(Tree_TestCase.java:289)
	at java.base/java.util.concurrent.Executors$RunnableAdapter.call(Executors.java:572)
	at java.base/java.util.concurrent.FutureTask.run(FutureTask.java:317)
	at java.base/java.util.concurrent.ThreadPoolExecutor.runWorker(ThreadPoolExecutor.java:1144)
	at java.base/java.util.concurrent.ThreadPoolExecutor$Worker.run(ThreadPoolExecutor.java:642)
	at java.base/java.lang.Thread.run(Thread.java:1575)
... Removed 12 stack frames</pre></div><a href='#' onClick='toggleBox("stack-trace1976728027", this, "Click to show all stack frames", "Click to hide stack frames")'>Click to show all stack frames</a>
<div class='stack-trace' id='stack-trace1976728027'><pre>java.lang.AssertionError: Alert is not present
	at org.testng.Assert.fail(Assert.java:111)
	at testCases.Tree_TestCase.EmptyTryeditorTypesofTrees(Tree_TestCase.java:289)
	at java.base/jdk.internal.reflect.DirectMethodHandleAccessor.invoke(DirectMethodHandleAccessor.java:103)
	at java.base/java.lang.reflect.Method.invoke(Method.java:580)
	at org.testng.internal.invokers.MethodInvocationHelper.invokeMethod(MethodInvocationHelper.java:141)
	at org.testng.internal.invokers.TestInvoker.invokeMethod(TestInvoker.java:686)
	at org.testng.internal.invokers.TestInvoker.invokeTestMethod(TestInvoker.java:230)
	at org.testng.internal.invokers.MethodRunner.runInSequence(MethodRunner.java:63)
	at org.testng.internal.invokers.TestInvoker$MethodInvocationAgent.invoke(TestInvoker.java:992)
	at org.testng.internal.invokers.TestInvoker.invokeTestMethods(TestInvoker.java:203)
	at org.testng.internal.invokers.TestMethodWorker.invokeTestMethods(TestMethodWorker.java:154)
	at org.testng.internal.invokers.TestMethodWorker.run(TestMethodWorker.java:134)
	at java.base/java.util.concurrent.Executors$RunnableAdapter.call(Executors.java:572)
	at java.base/java.util.concurrent.FutureTask.run(FutureTask.java:317)
	at org.testng.internal.thread.graph.TestNGFutureTask.run(TestNGFutureTask.java:22)
	at java.base/java.util.concurrent.ThreadPoolExecutor.runWorker(ThreadPoolExecutor.java:1144)
	at java.base/java.util.concurrent.ThreadPoolExecutor$Worker.run(ThreadPoolExecutor.java:642)
	at java.base/java.lang.Thread.run(Thread.java:1575)
</pre></div></td>
<td>0</td>
<td>testCases.Tree_TestCase@518caac3</td></tr>
<tr>
<td title='testCases.Tree_TestCase.EmptyTryeditorBinTreeTrav()'><b>EmptyTryeditorBinTreeTrav</b><br>Test class: testCases.Tree_TestCase</td>
<td><div><pre>java.lang.AssertionError: Alert is not present
	at testCases.Tree_TestCase.EmptyTryeditorBinTreeTrav(Tree_TestCase.java:766)
	at java.base/java.util.concurrent.Executors$RunnableAdapter.call(Executors.java:572)
	at java.base/java.util.concurrent.FutureTask.run(FutureTask.java:317)
	at java.base/java.util.concurrent.ThreadPoolExecutor.runWorker(ThreadPoolExecutor.java:1144)
	at java.base/java.util.concurrent.ThreadPoolExecutor$Worker.run(ThreadPoolExecutor.java:642)
	at java.base/java.lang.Thread.run(Thread.java:1575)
... Removed 12 stack frames</pre></div><a href='#' onClick='toggleBox("stack-trace732846757", this, "Click to show all stack frames", "Click to hide stack frames")'>Click to show all stack frames</a>
<div class='stack-trace' id='stack-trace732846757'><pre>java.lang.AssertionError: Alert is not present
	at org.testng.Assert.fail(Assert.java:111)
	at testCases.Tree_TestCase.EmptyTryeditorBinTreeTrav(Tree_TestCase.java:766)
	at java.base/jdk.internal.reflect.DirectMethodHandleAccessor.invoke(DirectMethodHandleAccessor.java:103)
	at java.base/java.lang.reflect.Method.invoke(Method.java:580)
	at org.testng.internal.invokers.MethodInvocationHelper.invokeMethod(MethodInvocationHelper.java:141)
	at org.testng.internal.invokers.TestInvoker.invokeMethod(TestInvoker.java:686)
	at org.testng.internal.invokers.TestInvoker.retryFailed(TestInvoker.java:269)
	at org.testng.internal.invokers.MethodRunner.runInSequence(MethodRunner.java:76)
	at org.testng.internal.invokers.TestInvoker$MethodInvocationAgent.invoke(TestInvoker.java:992)
	at org.testng.internal.invokers.TestInvoker.invokeTestMethods(TestInvoker.java:203)
	at org.testng.internal.invokers.TestMethodWorker.invokeTestMethods(TestMethodWorker.java:154)
	at org.testng.internal.invokers.TestMethodWorker.run(TestMethodWorker.java:134)
	at java.base/java.util.concurrent.Executors$RunnableAdapter.call(Executors.java:572)
	at java.base/java.util.concurrent.FutureTask.run(FutureTask.java:317)
	at org.testng.internal.thread.graph.TestNGFutureTask.run(TestNGFutureTask.java:22)
	at java.base/java.util.concurrent.ThreadPoolExecutor.runWorker(ThreadPoolExecutor.java:1144)
	at java.base/java.util.concurrent.ThreadPoolExecutor$Worker.run(ThreadPoolExecutor.java:642)
	at java.base/java.lang.Thread.run(Thread.java:1575)
</pre></div></td>
<td>1</td>
<td>testCases.Tree_TestCase@518caac3</td></tr>
<tr>
<td title='testCases.Tree_TestCase.EmptyTryeditorTerminologies()'><b>EmptyTryeditorTerminologies</b><br>Test class: testCases.Tree_TestCase</td>
<td><div><pre>java.lang.AssertionError: Alert is not present
	at testCases.Tree_TestCase.EmptyTryeditorTerminologies(Tree_TestCase.java:210)
	at java.base/java.util.concurrent.Executors$RunnableAdapter.call(Executors.java:572)
	at java.base/java.util.concurrent.FutureTask.run(FutureTask.java:317)
	at java.base/java.util.concurrent.ThreadPoolExecutor.runWorker(ThreadPoolExecutor.java:1144)
	at java.base/java.util.concurrent.ThreadPoolExecutor$Worker.run(ThreadPoolExecutor.java:642)
	at java.base/java.lang.Thread.run(Thread.java:1575)
... Removed 12 stack frames</pre></div><a href='#' onClick='toggleBox("stack-trace1570624790", this, "Click to show all stack frames", "Click to hide stack frames")'>Click to show all stack frames</a>
<div class='stack-trace' id='stack-trace1570624790'><pre>java.lang.AssertionError: Alert is not present
	at org.testng.Assert.fail(Assert.java:111)
	at testCases.Tree_TestCase.EmptyTryeditorTerminologies(Tree_TestCase.java:210)
	at java.base/jdk.internal.reflect.DirectMethodHandleAccessor.invoke(DirectMethodHandleAccessor.java:103)
	at java.base/java.lang.reflect.Method.invoke(Method.java:580)
	at org.testng.internal.invokers.MethodInvocationHelper.invokeMethod(MethodInvocationHelper.java:141)
	at org.testng.internal.invokers.TestInvoker.invokeMethod(TestInvoker.java:686)
	at org.testng.internal.invokers.TestInvoker.retryFailed(TestInvoker.java:269)
	at org.testng.internal.invokers.MethodRunner.runInSequence(MethodRunner.java:76)
	at org.testng.internal.invokers.TestInvoker$MethodInvocationAgent.invoke(TestInvoker.java:992)
	at org.testng.internal.invokers.TestInvoker.invokeTestMethods(TestInvoker.java:203)
	at org.testng.internal.invokers.TestMethodWorker.invokeTestMethods(TestMethodWorker.java:154)
	at org.testng.internal.invokers.TestMethodWorker.run(TestMethodWorker.java:134)
	at java.base/java.util.concurrent.Executors$RunnableAdapter.call(Executors.java:572)
	at java.base/java.util.concurrent.FutureTask.run(FutureTask.java:317)
	at org.testng.internal.thread.graph.TestNGFutureTask.run(TestNGFutureTask.java:22)
	at java.base/java.util.concurrent.ThreadPoolExecutor.runWorker(ThreadPoolExecutor.java:1144)
	at java.base/java.util.concurrent.ThreadPoolExecutor$Worker.run(ThreadPoolExecutor.java:642)
	at java.base/java.lang.Thread.run(Thread.java:1575)
</pre></div></td>
<td>0</td>
<td>testCases.Tree_TestCase@518caac3</td></tr>
<tr>
<td title='testCases.Tree_TestCase.EmptyTryeditorTravelsIllus()'><b>EmptyTryeditorTravelsIllus</b><br>Test class: testCases.Tree_TestCase</td>
<td><div><pre>java.lang.AssertionError: Alert is not present
	at testCases.Tree_TestCase.EmptyTryeditorTravelsIllus(Tree_TestCase.java:451)
	at java.base/java.util.concurrent.Executors$RunnableAdapter.call(Executors.java:572)
	at java.base/java.util.concurrent.FutureTask.run(FutureTask.java:317)
	at java.base/java.util.concurrent.ThreadPoolExecutor.runWorker(ThreadPoolExecutor.java:1144)
	at java.base/java.util.concurrent.ThreadPoolExecutor$Worker.run(ThreadPoolExecutor.java:642)
	at java.base/java.lang.Thread.run(Thread.java:1575)
... Removed 12 stack frames</pre></div><a href='#' onClick='toggleBox("stack-trace1403264040", this, "Click to show all stack frames", "Click to hide stack frames")'>Click to show all stack frames</a>
<div class='stack-trace' id='stack-trace1403264040'><pre>java.lang.AssertionError: Alert is not present
	at org.testng.Assert.fail(Assert.java:111)
	at testCases.Tree_TestCase.EmptyTryeditorTravelsIllus(Tree_TestCase.java:451)
	at java.base/jdk.internal.reflect.DirectMethodHandleAccessor.invoke(DirectMethodHandleAccessor.java:103)
	at java.base/java.lang.reflect.Method.invoke(Method.java:580)
	at org.testng.internal.invokers.MethodInvocationHelper.invokeMethod(MethodInvocationHelper.java:141)
	at org.testng.internal.invokers.TestInvoker.invokeMethod(TestInvoker.java:686)
	at org.testng.internal.invokers.TestInvoker.retryFailed(TestInvoker.java:269)
	at org.testng.internal.invokers.MethodRunner.runInSequence(MethodRunner.java:76)
	at org.testng.internal.invokers.TestInvoker$MethodInvocationAgent.invoke(TestInvoker.java:992)
	at org.testng.internal.invokers.TestInvoker.invokeTestMethods(TestInvoker.java:203)
	at org.testng.internal.invokers.TestMethodWorker.invokeTestMethods(TestMethodWorker.java:154)
	at org.testng.internal.invokers.TestMethodWorker.run(TestMethodWorker.java:134)
	at java.base/java.util.concurrent.Executors$RunnableAdapter.call(Executors.java:572)
	at java.base/java.util.concurrent.FutureTask.run(FutureTask.java:317)
	at org.testng.internal.thread.graph.TestNGFutureTask.run(TestNGFutureTask.java:22)
	at java.base/java.util.concurrent.ThreadPoolExecutor.runWorker(ThreadPoolExecutor.java:1144)
	at java.base/java.util.concurrent.ThreadPoolExecutor$Worker.run(ThreadPoolExecutor.java:642)
	at java.base/java.lang.Thread.run(Thread.java:1575)
</pre></div></td>
<td>0</td>
<td>testCases.Tree_TestCase@518caac3</td></tr>
<tr>
<td title='testCases.Tree_TestCase.EmptyTryeditorTypesofBT()'><b>EmptyTryeditorTypesofBT</b><br>Test class: testCases.Tree_TestCase</td>
<td><div><pre>java.lang.AssertionError: Alert is not present
	at testCases.Tree_TestCase.EmptyTryeditorTypesofBT(Tree_TestCase.java:607)
	at java.base/java.util.concurrent.Executors$RunnableAdapter.call(Executors.java:572)
	at java.base/java.util.concurrent.FutureTask.run(FutureTask.java:317)
	at java.base/java.util.concurrent.ThreadPoolExecutor.runWorker(ThreadPoolExecutor.java:1144)
	at java.base/java.util.concurrent.ThreadPoolExecutor$Worker.run(ThreadPoolExecutor.java:642)
	at java.base/java.lang.Thread.run(Thread.java:1575)
... Removed 12 stack frames</pre></div><a href='#' onClick='toggleBox("stack-trace438959911", this, "Click to show all stack frames", "Click to hide stack frames")'>Click to show all stack frames</a>
<div class='stack-trace' id='stack-trace438959911'><pre>java.lang.AssertionError: Alert is not present
	at org.testng.Assert.fail(Assert.java:111)
	at testCases.Tree_TestCase.EmptyTryeditorTypesofBT(Tree_TestCase.java:607)
	at java.base/jdk.internal.reflect.DirectMethodHandleAccessor.invoke(DirectMethodHandleAccessor.java:103)
	at java.base/java.lang.reflect.Method.invoke(Method.java:580)
	at org.testng.internal.invokers.MethodInvocationHelper.invokeMethod(MethodInvocationHelper.java:141)
	at org.testng.internal.invokers.TestInvoker.invokeMethod(TestInvoker.java:686)
	at org.testng.internal.invokers.TestInvoker.invokeTestMethod(TestInvoker.java:230)
	at org.testng.internal.invokers.MethodRunner.runInSequence(MethodRunner.java:63)
	at org.testng.internal.invokers.TestInvoker$MethodInvocationAgent.invoke(TestInvoker.java:992)
	at org.testng.internal.invokers.TestInvoker.invokeTestMethods(TestInvoker.java:203)
	at org.testng.internal.invokers.TestMethodWorker.invokeTestMethods(TestMethodWorker.java:154)
	at org.testng.internal.invokers.TestMethodWorker.run(TestMethodWorker.java:134)
	at java.base/java.util.concurrent.Executors$RunnableAdapter.call(Executors.java:572)
	at java.base/java.util.concurrent.FutureTask.run(FutureTask.java:317)
	at org.testng.internal.thread.graph.TestNGFutureTask.run(TestNGFutureTask.java:22)
	at java.base/java.util.concurrent.ThreadPoolExecutor.runWorker(ThreadPoolExecutor.java:1144)
	at java.base/java.util.concurrent.ThreadPoolExecutor$Worker.run(ThreadPoolExecutor.java:642)
	at java.base/java.lang.Thread.run(Thread.java:1575)
</pre></div></td>
<td>1</td>
<td>testCases.Tree_TestCase@518caac3</td></tr>
<tr>
<td title='testCases.Tree_TestCase.EmptyTryeditorOverview()'><b>EmptyTryeditorOverview</b><br>Test class: testCases.Tree_TestCase</td>
<td><div><pre>java.lang.AssertionError: Alert is not present
	at testCases.Tree_TestCase.EmptyTryeditorOverview(Tree_TestCase.java:127)
	at java.base/java.util.concurrent.Executors$RunnableAdapter.call(Executors.java:572)
	at java.base/java.util.concurrent.FutureTask.run(FutureTask.java:317)
	at java.base/java.util.concurrent.ThreadPoolExecutor.runWorker(ThreadPoolExecutor.java:1144)
	at java.base/java.util.concurrent.ThreadPoolExecutor$Worker.run(ThreadPoolExecutor.java:642)
	at java.base/java.lang.Thread.run(Thread.java:1575)
... Removed 12 stack frames</pre></div><a href='#' onClick='toggleBox("stack-trace840782994", this, "Click to show all stack frames", "Click to hide stack frames")'>Click to show all stack frames</a>
<div class='stack-trace' id='stack-trace840782994'><pre>java.lang.AssertionError: Alert is not present
	at org.testng.Assert.fail(Assert.java:111)
	at testCases.Tree_TestCase.EmptyTryeditorOverview(Tree_TestCase.java:127)
	at java.base/jdk.internal.reflect.DirectMethodHandleAccessor.invoke(DirectMethodHandleAccessor.java:103)
	at java.base/java.lang.reflect.Method.invoke(Method.java:580)
	at org.testng.internal.invokers.MethodInvocationHelper.invokeMethod(MethodInvocationHelper.java:141)
	at org.testng.internal.invokers.TestInvoker.invokeMethod(TestInvoker.java:686)
	at org.testng.internal.invokers.TestInvoker.invokeTestMethod(TestInvoker.java:230)
	at org.testng.internal.invokers.MethodRunner.runInSequence(MethodRunner.java:63)
	at org.testng.internal.invokers.TestInvoker$MethodInvocationAgent.invoke(TestInvoker.java:992)
	at org.testng.internal.invokers.TestInvoker.invokeTestMethods(TestInvoker.java:203)
	at org.testng.internal.invokers.TestMethodWorker.invokeTestMethods(TestMethodWorker.java:154)
	at org.testng.internal.invokers.TestMethodWorker.run(TestMethodWorker.java:134)
	at java.base/java.util.concurrent.Executors$RunnableAdapter.call(Executors.java:572)
	at java.base/java.util.concurrent.FutureTask.run(FutureTask.java:317)
	at org.testng.internal.thread.graph.TestNGFutureTask.run(TestNGFutureTask.java:22)
	at java.base/java.util.concurrent.ThreadPoolExecutor.runWorker(ThreadPoolExecutor.java:1144)
	at java.base/java.util.concurrent.ThreadPoolExecutor$Worker.run(ThreadPoolExecutor.java:642)
	at java.base/java.lang.Thread.run(Thread.java:1575)
</pre></div></td>
<td>0</td>
<td>testCases.Tree_TestCase@518caac3</td></tr>
<tr>
<td title='testCases.Tree_TestCase.EmptyTryeditorTreeTraversals()'><b>EmptyTryeditorTreeTraversals</b><br>Test class: testCases.Tree_TestCase</td>
<td><div><pre>java.lang.AssertionError: Alert is not present
	at testCases.Tree_TestCase.EmptyTryeditorTreeTraversals(Tree_TestCase.java:371)
	at java.base/java.util.concurrent.Executors$RunnableAdapter.call(Executors.java:572)
	at java.base/java.util.concurrent.FutureTask.run(FutureTask.java:317)
	at java.base/java.util.concurrent.ThreadPoolExecutor.runWorker(ThreadPoolExecutor.java:1144)
	at java.base/java.util.concurrent.ThreadPoolExecutor$Worker.run(ThreadPoolExecutor.java:642)
	at java.base/java.lang.Thread.run(Thread.java:1575)
... Removed 12 stack frames</pre></div><a href='#' onClick='toggleBox("stack-trace1640057297", this, "Click to show all stack frames", "Click to hide stack frames")'>Click to show all stack frames</a>
<div class='stack-trace' id='stack-trace1640057297'><pre>java.lang.AssertionError: Alert is not present
	at org.testng.Assert.fail(Assert.java:111)
	at testCases.Tree_TestCase.EmptyTryeditorTreeTraversals(Tree_TestCase.java:371)
	at java.base/jdk.internal.reflect.DirectMethodHandleAccessor.invoke(DirectMethodHandleAccessor.java:103)
	at java.base/java.lang.reflect.Method.invoke(Method.java:580)
	at org.testng.internal.invokers.MethodInvocationHelper.invokeMethod(MethodInvocationHelper.java:141)
	at org.testng.internal.invokers.TestInvoker.invokeMethod(TestInvoker.java:686)
	at org.testng.internal.invokers.TestInvoker.retryFailed(TestInvoker.java:269)
	at org.testng.internal.invokers.MethodRunner.runInSequence(MethodRunner.java:76)
	at org.testng.internal.invokers.TestInvoker$MethodInvocationAgent.invoke(TestInvoker.java:992)
	at org.testng.internal.invokers.TestInvoker.invokeTestMethods(TestInvoker.java:203)
	at org.testng.internal.invokers.TestMethodWorker.invokeTestMethods(TestMethodWorker.java:154)
	at org.testng.internal.invokers.TestMethodWorker.run(TestMethodWorker.java:134)
	at java.base/java.util.concurrent.Executors$RunnableAdapter.call(Executors.java:572)
	at java.base/java.util.concurrent.FutureTask.run(FutureTask.java:317)
	at org.testng.internal.thread.graph.TestNGFutureTask.run(TestNGFutureTask.java:22)
	at java.base/java.util.concurrent.ThreadPoolExecutor.runWorker(ThreadPoolExecutor.java:1144)
	at java.base/java.util.concurrent.ThreadPoolExecutor$Worker.run(ThreadPoolExecutor.java:642)
	at java.base/java.lang.Thread.run(Thread.java:1575)
</pre></div></td>
<td>0</td>
<td>testCases.Tree_TestCase@518caac3</td></tr>
<tr>
<td title='testCases.Tree_TestCase.EmptyTryeditorOverview()'><b>EmptyTryeditorOverview</b><br>Test class: testCases.Tree_TestCase</td>
<td><div><pre>java.lang.AssertionError: Alert is not present
	at testCases.Tree_TestCase.EmptyTryeditorOverview(Tree_TestCase.java:127)
	at java.base/java.util.concurrent.Executors$RunnableAdapter.call(Executors.java:572)
	at java.base/java.util.concurrent.FutureTask.run(FutureTask.java:317)
	at java.base/java.util.concurrent.ThreadPoolExecutor.runWorker(ThreadPoolExecutor.java:1144)
	at java.base/java.util.concurrent.ThreadPoolExecutor$Worker.run(ThreadPoolExecutor.java:642)
	at java.base/java.lang.Thread.run(Thread.java:1575)
... Removed 12 stack frames</pre></div><a href='#' onClick='toggleBox("stack-trace769418190", this, "Click to show all stack frames", "Click to hide stack frames")'>Click to show all stack frames</a>
<div class='stack-trace' id='stack-trace769418190'><pre>java.lang.AssertionError: Alert is not present
	at org.testng.Assert.fail(Assert.java:111)
	at testCases.Tree_TestCase.EmptyTryeditorOverview(Tree_TestCase.java:127)
	at java.base/jdk.internal.reflect.DirectMethodHandleAccessor.invoke(DirectMethodHandleAccessor.java:103)
	at java.base/java.lang.reflect.Method.invoke(Method.java:580)
	at org.testng.internal.invokers.MethodInvocationHelper.invokeMethod(MethodInvocationHelper.java:141)
	at org.testng.internal.invokers.TestInvoker.invokeMethod(TestInvoker.java:686)
	at org.testng.internal.invokers.TestInvoker.retryFailed(TestInvoker.java:269)
	at org.testng.internal.invokers.MethodRunner.runInSequence(MethodRunner.java:76)
	at org.testng.internal.invokers.TestInvoker$MethodInvocationAgent.invoke(TestInvoker.java:992)
	at org.testng.internal.invokers.TestInvoker.invokeTestMethods(TestInvoker.java:203)
	at org.testng.internal.invokers.TestMethodWorker.invokeTestMethods(TestMethodWorker.java:154)
	at org.testng.internal.invokers.TestMethodWorker.run(TestMethodWorker.java:134)
	at java.base/java.util.concurrent.Executors$RunnableAdapter.call(Executors.java:572)
	at java.base/java.util.concurrent.FutureTask.run(FutureTask.java:317)
	at org.testng.internal.thread.graph.TestNGFutureTask.run(TestNGFutureTask.java:22)
	at java.base/java.util.concurrent.ThreadPoolExecutor.runWorker(ThreadPoolExecutor.java:1144)
	at java.base/java.util.concurrent.ThreadPoolExecutor$Worker.run(ThreadPoolExecutor.java:642)
	at java.base/java.lang.Thread.run(Thread.java:1575)
</pre></div></td>
<td>1</td>
<td>testCases.Tree_TestCase@518caac3</td></tr>
<tr>
<td title='testCases.Tree_TestCase.EmptyTryeditorIBST()'><b>EmptyTryeditorIBST</b><br>Test class: testCases.Tree_TestCase</td>
<td><div><pre>java.lang.AssertionError: Alert is not present
	at testCases.Tree_TestCase.EmptyTryeditorIBST(Tree_TestCase.java:1085)
	at java.base/java.util.concurrent.Executors$RunnableAdapter.call(Executors.java:572)
	at java.base/java.util.concurrent.FutureTask.run(FutureTask.java:317)
	at java.base/java.util.concurrent.ThreadPoolExecutor.runWorker(ThreadPoolExecutor.java:1144)
	at java.base/java.util.concurrent.ThreadPoolExecutor$Worker.run(ThreadPoolExecutor.java:642)
	at java.base/java.lang.Thread.run(Thread.java:1575)
... Removed 12 stack frames</pre></div><a href='#' onClick='toggleBox("stack-trace568288840", this, "Click to show all stack frames", "Click to hide stack frames")'>Click to show all stack frames</a>
<div class='stack-trace' id='stack-trace568288840'><pre>java.lang.AssertionError: Alert is not present
	at org.testng.Assert.fail(Assert.java:111)
	at testCases.Tree_TestCase.EmptyTryeditorIBST(Tree_TestCase.java:1085)
	at java.base/jdk.internal.reflect.DirectMethodHandleAccessor.invoke(DirectMethodHandleAccessor.java:103)
	at java.base/java.lang.reflect.Method.invoke(Method.java:580)
	at org.testng.internal.invokers.MethodInvocationHelper.invokeMethod(MethodInvocationHelper.java:141)
	at org.testng.internal.invokers.TestInvoker.invokeMethod(TestInvoker.java:686)
	at org.testng.internal.invokers.TestInvoker.retryFailed(TestInvoker.java:269)
	at org.testng.internal.invokers.MethodRunner.runInSequence(MethodRunner.java:76)
	at org.testng.internal.invokers.TestInvoker$MethodInvocationAgent.invoke(TestInvoker.java:992)
	at org.testng.internal.invokers.TestInvoker.invokeTestMethods(TestInvoker.java:203)
	at org.testng.internal.invokers.TestMethodWorker.invokeTestMethods(TestMethodWorker.java:154)
	at org.testng.internal.invokers.TestMethodWorker.run(TestMethodWorker.java:134)
	at java.base/java.util.concurrent.Executors$RunnableAdapter.call(Executors.java:572)
	at java.base/java.util.concurrent.FutureTask.run(FutureTask.java:317)
	at org.testng.internal.thread.graph.TestNGFutureTask.run(TestNGFutureTask.java:22)
	at java.base/java.util.concurrent.ThreadPoolExecutor.runWorker(ThreadPoolExecutor.java:1144)
	at java.base/java.util.concurrent.ThreadPoolExecutor$Worker.run(ThreadPoolExecutor.java:642)
	at java.base/java.lang.Thread.run(Thread.java:1575)
</pre></div></td>
<td>1</td>
<td>testCases.Tree_TestCase@518caac3</td></tr>
<tr>
<td title='testCases.Tree_TestCase.EmptyTryeditorBST()'><b>EmptyTryeditorBST</b><br>Test class: testCases.Tree_TestCase</td>
<td><div><pre>java.lang.AssertionError: Alert is not present
	at testCases.Tree_TestCase.EmptyTryeditorBST(Tree_TestCase.java:1004)
	at java.base/java.util.concurrent.Executors$RunnableAdapter.call(Executors.java:572)
	at java.base/java.util.concurrent.FutureTask.run(FutureTask.java:317)
	at java.base/java.util.concurrent.ThreadPoolExecutor.runWorker(ThreadPoolExecutor.java:1144)
	at java.base/java.util.concurrent.ThreadPoolExecutor$Worker.run(ThreadPoolExecutor.java:642)
	at java.base/java.lang.Thread.run(Thread.java:1575)
... Removed 12 stack frames</pre></div><a href='#' onClick='toggleBox("stack-trace331278374", this, "Click to show all stack frames", "Click to hide stack frames")'>Click to show all stack frames</a>
<div class='stack-trace' id='stack-trace331278374'><pre>java.lang.AssertionError: Alert is not present
	at org.testng.Assert.fail(Assert.java:111)
	at testCases.Tree_TestCase.EmptyTryeditorBST(Tree_TestCase.java:1004)
	at java.base/jdk.internal.reflect.DirectMethodHandleAccessor.invoke(DirectMethodHandleAccessor.java:103)
	at java.base/java.lang.reflect.Method.invoke(Method.java:580)
	at org.testng.internal.invokers.MethodInvocationHelper.invokeMethod(MethodInvocationHelper.java:141)
	at org.testng.internal.invokers.TestInvoker.invokeMethod(TestInvoker.java:686)
	at org.testng.internal.invokers.TestInvoker.retryFailed(TestInvoker.java:269)
	at org.testng.internal.invokers.MethodRunner.runInSequence(MethodRunner.java:76)
	at org.testng.internal.invokers.TestInvoker$MethodInvocationAgent.invoke(TestInvoker.java:992)
	at org.testng.internal.invokers.TestInvoker.invokeTestMethods(TestInvoker.java:203)
	at org.testng.internal.invokers.TestMethodWorker.invokeTestMethods(TestMethodWorker.java:154)
	at org.testng.internal.invokers.TestMethodWorker.run(TestMethodWorker.java:134)
	at java.base/java.util.concurrent.Executors$RunnableAdapter.call(Executors.java:572)
	at java.base/java.util.concurrent.FutureTask.run(FutureTask.java:317)
	at org.testng.internal.thread.graph.TestNGFutureTask.run(TestNGFutureTask.java:22)
	at java.base/java.util.concurrent.ThreadPoolExecutor.runWorker(ThreadPoolExecutor.java:1144)
	at java.base/java.util.concurrent.ThreadPoolExecutor$Worker.run(ThreadPoolExecutor.java:642)
	at java.base/java.lang.Thread.run(Thread.java:1575)
</pre></div></td>
<td>1</td>
<td>testCases.Tree_TestCase@518caac3</td></tr>
<tr>
<td title='testCases.Tree_TestCase.EmptyTryeditorBST()'><b>EmptyTryeditorBST</b><br>Test class: testCases.Tree_TestCase</td>
<td><div><pre>java.lang.AssertionError: Alert is not present
	at testCases.Tree_TestCase.EmptyTryeditorBST(Tree_TestCase.java:1004)
	at java.base/java.util.concurrent.Executors$RunnableAdapter.call(Executors.java:572)
	at java.base/java.util.concurrent.FutureTask.run(FutureTask.java:317)
	at java.base/java.util.concurrent.ThreadPoolExecutor.runWorker(ThreadPoolExecutor.java:1144)
	at java.base/java.util.concurrent.ThreadPoolExecutor$Worker.run(ThreadPoolExecutor.java:642)
	at java.base/java.lang.Thread.run(Thread.java:1575)
... Removed 12 stack frames</pre></div><a href='#' onClick='toggleBox("stack-trace11051831", this, "Click to show all stack frames", "Click to hide stack frames")'>Click to show all stack frames</a>
<div class='stack-trace' id='stack-trace11051831'><pre>java.lang.AssertionError: Alert is not present
	at org.testng.Assert.fail(Assert.java:111)
	at testCases.Tree_TestCase.EmptyTryeditorBST(Tree_TestCase.java:1004)
	at java.base/jdk.internal.reflect.DirectMethodHandleAccessor.invoke(DirectMethodHandleAccessor.java:103)
	at java.base/java.lang.reflect.Method.invoke(Method.java:580)
	at org.testng.internal.invokers.MethodInvocationHelper.invokeMethod(MethodInvocationHelper.java:141)
	at org.testng.internal.invokers.TestInvoker.invokeMethod(TestInvoker.java:686)
	at org.testng.internal.invokers.TestInvoker.invokeTestMethod(TestInvoker.java:230)
	at org.testng.internal.invokers.MethodRunner.runInSequence(MethodRunner.java:63)
	at org.testng.internal.invokers.TestInvoker$MethodInvocationAgent.invoke(TestInvoker.java:992)
	at org.testng.internal.invokers.TestInvoker.invokeTestMethods(TestInvoker.java:203)
	at org.testng.internal.invokers.TestMethodWorker.invokeTestMethods(TestMethodWorker.java:154)
	at org.testng.internal.invokers.TestMethodWorker.run(TestMethodWorker.java:134)
	at java.base/java.util.concurrent.Executors$RunnableAdapter.call(Executors.java:572)
	at java.base/java.util.concurrent.FutureTask.run(FutureTask.java:317)
	at org.testng.internal.thread.graph.TestNGFutureTask.run(TestNGFutureTask.java:22)
	at java.base/java.util.concurrent.ThreadPoolExecutor.runWorker(ThreadPoolExecutor.java:1144)
	at java.base/java.util.concurrent.ThreadPoolExecutor$Worker.run(ThreadPoolExecutor.java:642)
	at java.base/java.lang.Thread.run(Thread.java:1575)
</pre></div></td>
<td>1</td>
<td>testCases.Tree_TestCase@518caac3</td></tr>
<tr>
<td title='testCases.Register_TestCase.InvalidRegister()'><b>InvalidRegister</b><br>Test class: testCases.Register_TestCase<br>Parameters: ActionSquad, abc@1234, abc@1234, The user Is already Registered, existing</td>
<td><div><pre>java.lang.AssertionError: expected [password_mismatch:The two password fields didn’t match.] but found [The user Is already Registered]
	at testCases.Register_TestCase.InvalidRegister(Register_TestCase.java:44)
	at java.base/java.util.concurrent.Executors$RunnableAdapter.call(Executors.java:572)
	at java.base/java.util.concurrent.FutureTask.run(FutureTask.java:317)
	at java.base/java.util.concurrent.ThreadPoolExecutor.runWorker(ThreadPoolExecutor.java:1144)
	at java.base/java.util.concurrent.ThreadPoolExecutor$Worker.run(ThreadPoolExecutor.java:642)
	at java.base/java.lang.Thread.run(Thread.java:1575)
... Removed 17 stack frames</pre></div><a href='#' onClick='toggleBox("stack-trace1382193217", this, "Click to show all stack frames", "Click to hide stack frames")'>Click to show all stack frames</a>
<div class='stack-trace' id='stack-trace1382193217'><pre>java.lang.AssertionError: expected [password_mismatch:The two password fields didn’t match.] but found [The user Is already Registered]
	at org.testng.Assert.fail(Assert.java:111)
	at org.testng.Assert.failNotEquals(Assert.java:1578)
	at org.testng.Assert.assertEqualsImpl(Assert.java:150)
	at org.testng.Assert.assertEquals(Assert.java:132)
	at org.testng.Assert.assertEquals(Assert.java:656)
	at org.testng.Assert.assertEquals(Assert.java:666)
	at testCases.Register_TestCase.InvalidRegister(Register_TestCase.java:44)
	at java.base/jdk.internal.reflect.DirectMethodHandleAccessor.invoke(DirectMethodHandleAccessor.java:103)
	at java.base/java.lang.reflect.Method.invoke(Method.java:580)
	at org.testng.internal.invokers.MethodInvocationHelper.invokeMethod(MethodInvocationHelper.java:141)
	at org.testng.internal.invokers.TestInvoker.invokeMethod(TestInvoker.java:686)
	at org.testng.internal.invokers.TestInvoker.retryFailed(TestInvoker.java:269)
	at org.testng.internal.invokers.MethodRunner.runInSequence(MethodRunner.java:76)
	at org.testng.internal.invokers.TestInvoker$MethodInvocationAgent.invoke(TestInvoker.java:992)
	at org.testng.internal.invokers.TestInvoker.invokeTestMethods(TestInvoker.java:203)
	at org.testng.internal.invokers.TestMethodWorker.invokeTestMethods(TestMethodWorker.java:154)
	at org.testng.internal.invokers.TestMethodWorker.run(TestMethodWorker.java:134)
	at java.base/java.util.concurrent.Executors$RunnableAdapter.call(Executors.java:572)
	at java.base/java.util.concurrent.FutureTask.run(FutureTask.java:317)
	at org.testng.internal.thread.graph.TestNGFutureTask.run(TestNGFutureTask.java:22)
	at java.base/java.util.concurrent.ThreadPoolExecutor.runWorker(ThreadPoolExecutor.java:1144)
	at java.base/java.util.concurrent.ThreadPoolExecutor$Worker.run(ThreadPoolExecutor.java:642)
	at java.base/java.lang.Thread.run(Thread.java:1575)
</pre></div></td>
<td>3</td>
<td>testCases.Register_TestCase@78a773fd</td></tr>
<tr>
<td title='testCases.Tree_TestCase.EmptyTryeditorOverview()'><b>EmptyTryeditorOverview</b><br>Test class: testCases.Tree_TestCase</td>
<td><div><pre>java.lang.AssertionError: Alert is not present
	at testCases.Tree_TestCase.EmptyTryeditorOverview(Tree_TestCase.java:127)
	at java.base/java.util.concurrent.Executors$RunnableAdapter.call(Executors.java:572)
	at java.base/java.util.concurrent.FutureTask.run(FutureTask.java:317)
	at java.base/java.util.concurrent.ThreadPoolExecutor.runWorker(ThreadPoolExecutor.java:1144)
	at java.base/java.util.concurrent.ThreadPoolExecutor$Worker.run(ThreadPoolExecutor.java:642)
	at java.base/java.lang.Thread.run(Thread.java:1575)
... Removed 12 stack frames</pre></div><a href='#' onClick='toggleBox("stack-trace1022590548", this, "Click to show all stack frames", "Click to hide stack frames")'>Click to show all stack frames</a>
<div class='stack-trace' id='stack-trace1022590548'><pre>java.lang.AssertionError: Alert is not present
	at org.testng.Assert.fail(Assert.java:111)
	at testCases.Tree_TestCase.EmptyTryeditorOverview(Tree_TestCase.java:127)
	at java.base/jdk.internal.reflect.DirectMethodHandleAccessor.invoke(DirectMethodHandleAccessor.java:103)
	at java.base/java.lang.reflect.Method.invoke(Method.java:580)
	at org.testng.internal.invokers.MethodInvocationHelper.invokeMethod(MethodInvocationHelper.java:141)
	at org.testng.internal.invokers.TestInvoker.invokeMethod(TestInvoker.java:686)
	at org.testng.internal.invokers.TestInvoker.retryFailed(TestInvoker.java:269)
	at org.testng.internal.invokers.MethodRunner.runInSequence(MethodRunner.java:76)
	at org.testng.internal.invokers.TestInvoker$MethodInvocationAgent.invoke(TestInvoker.java:992)
	at org.testng.internal.invokers.TestInvoker.invokeTestMethods(TestInvoker.java:203)
	at org.testng.internal.invokers.TestMethodWorker.invokeTestMethods(TestMethodWorker.java:154)
	at org.testng.internal.invokers.TestMethodWorker.run(TestMethodWorker.java:134)
	at java.base/java.util.concurrent.Executors$RunnableAdapter.call(Executors.java:572)
	at java.base/java.util.concurrent.FutureTask.run(FutureTask.java:317)
	at org.testng.internal.thread.graph.TestNGFutureTask.run(TestNGFutureTask.java:22)
	at java.base/java.util.concurrent.ThreadPoolExecutor.runWorker(ThreadPoolExecutor.java:1144)
	at java.base/java.util.concurrent.ThreadPoolExecutor$Worker.run(ThreadPoolExecutor.java:642)
	at java.base/java.lang.Thread.run(Thread.java:1575)
</pre></div></td>
<td>0</td>
<td>testCases.Tree_TestCase@518caac3</td></tr>
<tr>
<td title='testCases.Tree_TestCase.EmptyTryeditorABT()'><b>EmptyTryeditorABT</b><br>Test class: testCases.Tree_TestCase</td>
<td><div><pre>java.lang.AssertionError: Alert is not present
	at testCases.Tree_TestCase.EmptyTryeditorABT(Tree_TestCase.java:922)
	at java.base/java.util.concurrent.Executors$RunnableAdapter.call(Executors.java:572)
	at java.base/java.util.concurrent.FutureTask.run(FutureTask.java:317)
	at java.base/java.util.concurrent.ThreadPoolExecutor.runWorker(ThreadPoolExecutor.java:1144)
	at java.base/java.util.concurrent.ThreadPoolExecutor$Worker.run(ThreadPoolExecutor.java:642)
	at java.base/java.lang.Thread.run(Thread.java:1575)
... Removed 12 stack frames</pre></div><a href='#' onClick='toggleBox("stack-trace2084646889", this, "Click to show all stack frames", "Click to hide stack frames")'>Click to show all stack frames</a>
<div class='stack-trace' id='stack-trace2084646889'><pre>java.lang.AssertionError: Alert is not present
	at org.testng.Assert.fail(Assert.java:111)
	at testCases.Tree_TestCase.EmptyTryeditorABT(Tree_TestCase.java:922)
	at java.base/jdk.internal.reflect.DirectMethodHandleAccessor.invoke(DirectMethodHandleAccessor.java:103)
	at java.base/java.lang.reflect.Method.invoke(Method.java:580)
	at org.testng.internal.invokers.MethodInvocationHelper.invokeMethod(MethodInvocationHelper.java:141)
	at org.testng.internal.invokers.TestInvoker.invokeMethod(TestInvoker.java:686)
	at org.testng.internal.invokers.TestInvoker.invokeTestMethod(TestInvoker.java:230)
	at org.testng.internal.invokers.MethodRunner.runInSequence(MethodRunner.java:63)
	at org.testng.internal.invokers.TestInvoker$MethodInvocationAgent.invoke(TestInvoker.java:992)
	at org.testng.internal.invokers.TestInvoker.invokeTestMethods(TestInvoker.java:203)
	at org.testng.internal.invokers.TestMethodWorker.invokeTestMethods(TestMethodWorker.java:154)
	at org.testng.internal.invokers.TestMethodWorker.run(TestMethodWorker.java:134)
	at java.base/java.util.concurrent.Executors$RunnableAdapter.call(Executors.java:572)
	at java.base/java.util.concurrent.FutureTask.run(FutureTask.java:317)
	at org.testng.internal.thread.graph.TestNGFutureTask.run(TestNGFutureTask.java:22)
	at java.base/java.util.concurrent.ThreadPoolExecutor.runWorker(ThreadPoolExecutor.java:1144)
	at java.base/java.util.concurrent.ThreadPoolExecutor$Worker.run(ThreadPoolExecutor.java:642)
	at java.base/java.lang.Thread.run(Thread.java:1575)
</pre></div></td>
<td>10</td>
<td>testCases.Tree_TestCase@518caac3</td></tr>
<tr>
<td title='testCases.Tree_TestCase.EmptyTryeditorTreeTraversals()'><b>EmptyTryeditorTreeTraversals</b><br>Test class: testCases.Tree_TestCase</td>
<td><div><pre>java.lang.AssertionError: Alert is not present
	at testCases.Tree_TestCase.EmptyTryeditorTreeTraversals(Tree_TestCase.java:371)
	at java.base/java.util.concurrent.Executors$RunnableAdapter.call(Executors.java:572)
	at java.base/java.util.concurrent.FutureTask.run(FutureTask.java:317)
	at java.base/java.util.concurrent.ThreadPoolExecutor.runWorker(ThreadPoolExecutor.java:1144)
	at java.base/java.util.concurrent.ThreadPoolExecutor$Worker.run(ThreadPoolExecutor.java:642)
	at java.base/java.lang.Thread.run(Thread.java:1575)
... Removed 12 stack frames</pre></div><a href='#' onClick='toggleBox("stack-trace1362523293", this, "Click to show all stack frames", "Click to hide stack frames")'>Click to show all stack frames</a>
<div class='stack-trace' id='stack-trace1362523293'><pre>java.lang.AssertionError: Alert is not present
	at org.testng.Assert.fail(Assert.java:111)
	at testCases.Tree_TestCase.EmptyTryeditorTreeTraversals(Tree_TestCase.java:371)
	at java.base/jdk.internal.reflect.DirectMethodHandleAccessor.invoke(DirectMethodHandleAccessor.java:103)
	at java.base/java.lang.reflect.Method.invoke(Method.java:580)
	at org.testng.internal.invokers.MethodInvocationHelper.invokeMethod(MethodInvocationHelper.java:141)
	at org.testng.internal.invokers.TestInvoker.invokeMethod(TestInvoker.java:686)
	at org.testng.internal.invokers.TestInvoker.invokeTestMethod(TestInvoker.java:230)
	at org.testng.internal.invokers.MethodRunner.runInSequence(MethodRunner.java:63)
	at org.testng.internal.invokers.TestInvoker$MethodInvocationAgent.invoke(TestInvoker.java:992)
	at org.testng.internal.invokers.TestInvoker.invokeTestMethods(TestInvoker.java:203)
	at org.testng.internal.invokers.TestMethodWorker.invokeTestMethods(TestMethodWorker.java:154)
	at org.testng.internal.invokers.TestMethodWorker.run(TestMethodWorker.java:134)
	at java.base/java.util.concurrent.Executors$RunnableAdapter.call(Executors.java:572)
	at java.base/java.util.concurrent.FutureTask.run(FutureTask.java:317)
	at org.testng.internal.thread.graph.TestNGFutureTask.run(TestNGFutureTask.java:22)
	at java.base/java.util.concurrent.ThreadPoolExecutor.runWorker(ThreadPoolExecutor.java:1144)
	at java.base/java.util.concurrent.ThreadPoolExecutor$Worker.run(ThreadPoolExecutor.java:642)
	at java.base/java.lang.Thread.run(Thread.java:1575)
</pre></div></td>
<td>1</td>
<td>testCases.Tree_TestCase@518caac3</td></tr>
<tr>
<td title='testCases.Tree_TestCase.EmptyTryeditorABT()'><b>EmptyTryeditorABT</b><br>Test class: testCases.Tree_TestCase</td>
<td><div><pre>java.lang.AssertionError: Alert is not present
	at testCases.Tree_TestCase.EmptyTryeditorABT(Tree_TestCase.java:922)
	at java.base/java.util.concurrent.Executors$RunnableAdapter.call(Executors.java:572)
	at java.base/java.util.concurrent.FutureTask.run(FutureTask.java:317)
	at java.base/java.util.concurrent.ThreadPoolExecutor.runWorker(ThreadPoolExecutor.java:1144)
	at java.base/java.util.concurrent.ThreadPoolExecutor$Worker.run(ThreadPoolExecutor.java:642)
	at java.base/java.lang.Thread.run(Thread.java:1575)
... Removed 12 stack frames</pre></div><a href='#' onClick='toggleBox("stack-trace872829225", this, "Click to show all stack frames", "Click to hide stack frames")'>Click to show all stack frames</a>
<div class='stack-trace' id='stack-trace872829225'><pre>java.lang.AssertionError: Alert is not present
	at org.testng.Assert.fail(Assert.java:111)
	at testCases.Tree_TestCase.EmptyTryeditorABT(Tree_TestCase.java:922)
	at java.base/jdk.internal.reflect.DirectMethodHandleAccessor.invoke(DirectMethodHandleAccessor.java:103)
	at java.base/java.lang.reflect.Method.invoke(Method.java:580)
	at org.testng.internal.invokers.MethodInvocationHelper.invokeMethod(MethodInvocationHelper.java:141)
	at org.testng.internal.invokers.TestInvoker.invokeMethod(TestInvoker.java:686)
	at org.testng.internal.invokers.TestInvoker.retryFailed(TestInvoker.java:269)
	at org.testng.internal.invokers.MethodRunner.runInSequence(MethodRunner.java:76)
	at org.testng.internal.invokers.TestInvoker$MethodInvocationAgent.invoke(TestInvoker.java:992)
	at org.testng.internal.invokers.TestInvoker.invokeTestMethods(TestInvoker.java:203)
	at org.testng.internal.invokers.TestMethodWorker.invokeTestMethods(TestMethodWorker.java:154)
	at org.testng.internal.invokers.TestMethodWorker.run(TestMethodWorker.java:134)
	at java.base/java.util.concurrent.Executors$RunnableAdapter.call(Executors.java:572)
	at java.base/java.util.concurrent.FutureTask.run(FutureTask.java:317)
	at org.testng.internal.thread.graph.TestNGFutureTask.run(TestNGFutureTask.java:22)
	at java.base/java.util.concurrent.ThreadPoolExecutor.runWorker(ThreadPoolExecutor.java:1144)
	at java.base/java.util.concurrent.ThreadPoolExecutor$Worker.run(ThreadPoolExecutor.java:642)
	at java.base/java.lang.Thread.run(Thread.java:1575)
</pre></div></td>
<td>1</td>
<td>testCases.Tree_TestCase@518caac3</td></tr>
<tr>
<td title='testCases.Tree_TestCase.EmptyTryeditorTravelsIllus()'><b>EmptyTryeditorTravelsIllus</b><br>Test class: testCases.Tree_TestCase</td>
<td><div><pre>java.lang.AssertionError: Alert is not present
	at testCases.Tree_TestCase.EmptyTryeditorTravelsIllus(Tree_TestCase.java:451)
	at java.base/java.util.concurrent.Executors$RunnableAdapter.call(Executors.java:572)
	at java.base/java.util.concurrent.FutureTask.run(FutureTask.java:317)
	at java.base/java.util.concurrent.ThreadPoolExecutor.runWorker(ThreadPoolExecutor.java:1144)
	at java.base/java.util.concurrent.ThreadPoolExecutor$Worker.run(ThreadPoolExecutor.java:642)
	at java.base/java.lang.Thread.run(Thread.java:1575)
... Removed 12 stack frames</pre></div><a href='#' onClick='toggleBox("stack-trace44626329", this, "Click to show all stack frames", "Click to hide stack frames")'>Click to show all stack frames</a>
<div class='stack-trace' id='stack-trace44626329'><pre>java.lang.AssertionError: Alert is not present
	at org.testng.Assert.fail(Assert.java:111)
	at testCases.Tree_TestCase.EmptyTryeditorTravelsIllus(Tree_TestCase.java:451)
	at java.base/jdk.internal.reflect.DirectMethodHandleAccessor.invoke(DirectMethodHandleAccessor.java:103)
	at java.base/java.lang.reflect.Method.invoke(Method.java:580)
	at org.testng.internal.invokers.MethodInvocationHelper.invokeMethod(MethodInvocationHelper.java:141)
	at org.testng.internal.invokers.TestInvoker.invokeMethod(TestInvoker.java:686)
	at org.testng.internal.invokers.TestInvoker.retryFailed(TestInvoker.java:269)
	at org.testng.internal.invokers.MethodRunner.runInSequence(MethodRunner.java:76)
	at org.testng.internal.invokers.TestInvoker$MethodInvocationAgent.invoke(TestInvoker.java:992)
	at org.testng.internal.invokers.TestInvoker.invokeTestMethods(TestInvoker.java:203)
	at org.testng.internal.invokers.TestMethodWorker.invokeTestMethods(TestMethodWorker.java:154)
	at org.testng.internal.invokers.TestMethodWorker.run(TestMethodWorker.java:134)
	at java.base/java.util.concurrent.Executors$RunnableAdapter.call(Executors.java:572)
	at java.base/java.util.concurrent.FutureTask.run(FutureTask.java:317)
	at org.testng.internal.thread.graph.TestNGFutureTask.run(TestNGFutureTask.java:22)
	at java.base/java.util.concurrent.ThreadPoolExecutor.runWorker(ThreadPoolExecutor.java:1144)
	at java.base/java.util.concurrent.ThreadPoolExecutor$Worker.run(ThreadPoolExecutor.java:642)
	at java.base/java.lang.Thread.run(Thread.java:1575)
</pre></div></td>
<td>0</td>
<td>testCases.Tree_TestCase@518caac3</td></tr>
<tr>
<td title='testCases.Register_TestCase.InvalidRegister()'><b>InvalidRegister</b><br>Test class: testCases.Register_TestCase<br>Parameters: ActionSquad, invalid===, invalid===, Invalid Password, Invalidpass</td>
<td><div><pre>java.lang.AssertionError: expected [password_mismatch:The two password fields didn’t match.] but found [Invalid Password]
	at testCases.Register_TestCase.InvalidRegister(Register_TestCase.java:52)
	at java.base/java.util.concurrent.Executors$RunnableAdapter.call(Executors.java:572)
	at java.base/java.util.concurrent.FutureTask.run(FutureTask.java:317)
	at java.base/java.util.concurrent.ThreadPoolExecutor.runWorker(ThreadPoolExecutor.java:1144)
	at java.base/java.util.concurrent.ThreadPoolExecutor$Worker.run(ThreadPoolExecutor.java:642)
	at java.base/java.lang.Thread.run(Thread.java:1575)
... Removed 17 stack frames</pre></div><a href='#' onClick='toggleBox("stack-trace234128583", this, "Click to show all stack frames", "Click to hide stack frames")'>Click to show all stack frames</a>
<div class='stack-trace' id='stack-trace234128583'><pre>java.lang.AssertionError: expected [password_mismatch:The two password fields didn’t match.] but found [Invalid Password]
	at org.testng.Assert.fail(Assert.java:111)
	at org.testng.Assert.failNotEquals(Assert.java:1578)
	at org.testng.Assert.assertEqualsImpl(Assert.java:150)
	at org.testng.Assert.assertEquals(Assert.java:132)
	at org.testng.Assert.assertEquals(Assert.java:656)
	at org.testng.Assert.assertEquals(Assert.java:666)
	at testCases.Register_TestCase.InvalidRegister(Register_TestCase.java:52)
	at java.base/jdk.internal.reflect.DirectMethodHandleAccessor.invoke(DirectMethodHandleAccessor.java:103)
	at java.base/java.lang.reflect.Method.invoke(Method.java:580)
	at org.testng.internal.invokers.MethodInvocationHelper.invokeMethod(MethodInvocationHelper.java:141)
	at org.testng.internal.invokers.TestInvoker.invokeMethod(TestInvoker.java:686)
	at org.testng.internal.invokers.TestInvoker.retryFailed(TestInvoker.java:269)
	at org.testng.internal.invokers.MethodRunner.runInSequence(MethodRunner.java:76)
	at org.testng.internal.invokers.TestInvoker$MethodInvocationAgent.invoke(TestInvoker.java:992)
	at org.testng.internal.invokers.TestInvoker.invokeTestMethods(TestInvoker.java:203)
	at org.testng.internal.invokers.TestMethodWorker.invokeTestMethods(TestMethodWorker.java:154)
	at org.testng.internal.invokers.TestMethodWorker.run(TestMethodWorker.java:134)
	at java.base/java.util.concurrent.Executors$RunnableAdapter.call(Executors.java:572)
	at java.base/java.util.concurrent.FutureTask.run(FutureTask.java:317)
	at org.testng.internal.thread.graph.TestNGFutureTask.run(TestNGFutureTask.java:22)
	at java.base/java.util.concurrent.ThreadPoolExecutor.runWorker(ThreadPoolExecutor.java:1144)
	at java.base/java.util.concurrent.ThreadPoolExecutor$Worker.run(ThreadPoolExecutor.java:642)
	at java.base/java.lang.Thread.run(Thread.java:1575)
</pre></div></td>
<td>1</td>
<td>testCases.Register_TestCase@78a773fd</td></tr>
<tr>
<td title='testCases.Tree_TestCase.EmptyTryeditorBinTreeTrav()'><b>EmptyTryeditorBinTreeTrav</b><br>Test class: testCases.Tree_TestCase</td>
<td><div><pre>java.lang.AssertionError: Alert is not present
	at testCases.Tree_TestCase.EmptyTryeditorBinTreeTrav(Tree_TestCase.java:766)
	at java.base/java.util.concurrent.Executors$RunnableAdapter.call(Executors.java:572)
	at java.base/java.util.concurrent.FutureTask.run(FutureTask.java:317)
	at java.base/java.util.concurrent.ThreadPoolExecutor.runWorker(ThreadPoolExecutor.java:1144)
	at java.base/java.util.concurrent.ThreadPoolExecutor$Worker.run(ThreadPoolExecutor.java:642)
	at java.base/java.lang.Thread.run(Thread.java:1575)
... Removed 12 stack frames</pre></div><a href='#' onClick='toggleBox("stack-trace908197394", this, "Click to show all stack frames", "Click to hide stack frames")'>Click to show all stack frames</a>
<div class='stack-trace' id='stack-trace908197394'><pre>java.lang.AssertionError: Alert is not present
	at org.testng.Assert.fail(Assert.java:111)
	at testCases.Tree_TestCase.EmptyTryeditorBinTreeTrav(Tree_TestCase.java:766)
	at java.base/jdk.internal.reflect.DirectMethodHandleAccessor.invoke(DirectMethodHandleAccessor.java:103)
	at java.base/java.lang.reflect.Method.invoke(Method.java:580)
	at org.testng.internal.invokers.MethodInvocationHelper.invokeMethod(MethodInvocationHelper.java:141)
	at org.testng.internal.invokers.TestInvoker.invokeMethod(TestInvoker.java:686)
	at org.testng.internal.invokers.TestInvoker.invokeTestMethod(TestInvoker.java:230)
	at org.testng.internal.invokers.MethodRunner.runInSequence(MethodRunner.java:63)
	at org.testng.internal.invokers.TestInvoker$MethodInvocationAgent.invoke(TestInvoker.java:992)
	at org.testng.internal.invokers.TestInvoker.invokeTestMethods(TestInvoker.java:203)
	at org.testng.internal.invokers.TestMethodWorker.invokeTestMethods(TestMethodWorker.java:154)
	at org.testng.internal.invokers.TestMethodWorker.run(TestMethodWorker.java:134)
	at java.base/java.util.concurrent.Executors$RunnableAdapter.call(Executors.java:572)
	at java.base/java.util.concurrent.FutureTask.run(FutureTask.java:317)
	at org.testng.internal.thread.graph.TestNGFutureTask.run(TestNGFutureTask.java:22)
	at java.base/java.util.concurrent.ThreadPoolExecutor.runWorker(ThreadPoolExecutor.java:1144)
	at java.base/java.util.concurrent.ThreadPoolExecutor$Worker.run(ThreadPoolExecutor.java:642)
	at java.base/java.lang.Thread.run(Thread.java:1575)
</pre></div></td>
<td>1</td>
<td>testCases.Tree_TestCase@518caac3</td></tr>
<tr>
<td title='testCases.Tree_TestCase.EmptyTryeditorIBT()'><b>EmptyTryeditorIBT</b><br>Test class: testCases.Tree_TestCase</td>
<td><div><pre>java.lang.AssertionError: Alert is not present
	at testCases.Tree_TestCase.EmptyTryeditorIBT(Tree_TestCase.java:844)
	at java.base/java.util.concurrent.Executors$RunnableAdapter.call(Executors.java:572)
	at java.base/java.util.concurrent.FutureTask.run(FutureTask.java:317)
	at java.base/java.util.concurrent.ThreadPoolExecutor.runWorker(ThreadPoolExecutor.java:1144)
	at java.base/java.util.concurrent.ThreadPoolExecutor$Worker.run(ThreadPoolExecutor.java:642)
	at java.base/java.lang.Thread.run(Thread.java:1575)
... Removed 12 stack frames</pre></div><a href='#' onClick='toggleBox("stack-trace1828365634", this, "Click to show all stack frames", "Click to hide stack frames")'>Click to show all stack frames</a>
<div class='stack-trace' id='stack-trace1828365634'><pre>java.lang.AssertionError: Alert is not present
	at org.testng.Assert.fail(Assert.java:111)
	at testCases.Tree_TestCase.EmptyTryeditorIBT(Tree_TestCase.java:844)
	at java.base/jdk.internal.reflect.DirectMethodHandleAccessor.invoke(DirectMethodHandleAccessor.java:103)
	at java.base/java.lang.reflect.Method.invoke(Method.java:580)
	at org.testng.internal.invokers.MethodInvocationHelper.invokeMethod(MethodInvocationHelper.java:141)
	at org.testng.internal.invokers.TestInvoker.invokeMethod(TestInvoker.java:686)
	at org.testng.internal.invokers.TestInvoker.invokeTestMethod(TestInvoker.java:230)
	at org.testng.internal.invokers.MethodRunner.runInSequence(MethodRunner.java:63)
	at org.testng.internal.invokers.TestInvoker$MethodInvocationAgent.invoke(TestInvoker.java:992)
	at org.testng.internal.invokers.TestInvoker.invokeTestMethods(TestInvoker.java:203)
	at org.testng.internal.invokers.TestMethodWorker.invokeTestMethods(TestMethodWorker.java:154)
	at org.testng.internal.invokers.TestMethodWorker.run(TestMethodWorker.java:134)
	at java.base/java.util.concurrent.Executors$RunnableAdapter.call(Executors.java:572)
	at java.base/java.util.concurrent.FutureTask.run(FutureTask.java:317)
	at org.testng.internal.thread.graph.TestNGFutureTask.run(TestNGFutureTask.java:22)
	at java.base/java.util.concurrent.ThreadPoolExecutor.runWorker(ThreadPoolExecutor.java:1144)
	at java.base/java.util.concurrent.ThreadPoolExecutor$Worker.run(ThreadPoolExecutor.java:642)
	at java.base/java.lang.Thread.run(Thread.java:1575)
</pre></div></td>
<td>1</td>
<td>testCases.Tree_TestCase@518caac3</td></tr>
<tr>
<td title='testCases.Tree_TestCase.EmptyTryeditorBT()'><b>EmptyTryeditorBT</b><br>Test class: testCases.Tree_TestCase</td>
<td><div><pre>java.lang.AssertionError: Alert is not present
	at testCases.Tree_TestCase.EmptyTryeditorBT(Tree_TestCase.java:529)
	at java.base/java.util.concurrent.Executors$RunnableAdapter.call(Executors.java:572)
	at java.base/java.util.concurrent.FutureTask.run(FutureTask.java:317)
	at java.base/java.util.concurrent.ThreadPoolExecutor.runWorker(ThreadPoolExecutor.java:1144)
	at java.base/java.util.concurrent.ThreadPoolExecutor$Worker.run(ThreadPoolExecutor.java:642)
	at java.base/java.lang.Thread.run(Thread.java:1575)
... Removed 12 stack frames</pre></div><a href='#' onClick='toggleBox("stack-trace1059455516", this, "Click to show all stack frames", "Click to hide stack frames")'>Click to show all stack frames</a>
<div class='stack-trace' id='stack-trace1059455516'><pre>java.lang.AssertionError: Alert is not present
	at org.testng.Assert.fail(Assert.java:111)
	at testCases.Tree_TestCase.EmptyTryeditorBT(Tree_TestCase.java:529)
	at java.base/jdk.internal.reflect.DirectMethodHandleAccessor.invoke(DirectMethodHandleAccessor.java:103)
	at java.base/java.lang.reflect.Method.invoke(Method.java:580)
	at org.testng.internal.invokers.MethodInvocationHelper.invokeMethod(MethodInvocationHelper.java:141)
	at org.testng.internal.invokers.TestInvoker.invokeMethod(TestInvoker.java:686)
	at org.testng.internal.invokers.TestInvoker.invokeTestMethod(TestInvoker.java:230)
	at org.testng.internal.invokers.MethodRunner.runInSequence(MethodRunner.java:63)
	at org.testng.internal.invokers.TestInvoker$MethodInvocationAgent.invoke(TestInvoker.java:992)
	at org.testng.internal.invokers.TestInvoker.invokeTestMethods(TestInvoker.java:203)
	at org.testng.internal.invokers.TestMethodWorker.invokeTestMethods(TestMethodWorker.java:154)
	at org.testng.internal.invokers.TestMethodWorker.run(TestMethodWorker.java:134)
	at java.base/java.util.concurrent.Executors$RunnableAdapter.call(Executors.java:572)
	at java.base/java.util.concurrent.FutureTask.run(FutureTask.java:317)
	at org.testng.internal.thread.graph.TestNGFutureTask.run(TestNGFutureTask.java:22)
	at java.base/java.util.concurrent.ThreadPoolExecutor.runWorker(ThreadPoolExecutor.java:1144)
	at java.base/java.util.concurrent.ThreadPoolExecutor$Worker.run(ThreadPoolExecutor.java:642)
	at java.base/java.lang.Thread.run(Thread.java:1575)
</pre></div></td>
<td>1</td>
<td>testCases.Tree_TestCase@518caac3</td></tr>
<tr>
<td title='testCases.Tree_TestCase.EmptyTryeditorTypesofTrees()'><b>EmptyTryeditorTypesofTrees</b><br>Test class: testCases.Tree_TestCase</td>
<td><div><pre>java.lang.AssertionError: Alert is not present
	at testCases.Tree_TestCase.EmptyTryeditorTypesofTrees(Tree_TestCase.java:289)
	at java.base/java.util.concurrent.Executors$RunnableAdapter.call(Executors.java:572)
	at java.base/java.util.concurrent.FutureTask.run(FutureTask.java:317)
	at java.base/java.util.concurrent.ThreadPoolExecutor.runWorker(ThreadPoolExecutor.java:1144)
	at java.base/java.util.concurrent.ThreadPoolExecutor$Worker.run(ThreadPoolExecutor.java:642)
	at java.base/java.lang.Thread.run(Thread.java:1575)
... Removed 12 stack frames</pre></div><a href='#' onClick='toggleBox("stack-trace1180434791", this, "Click to show all stack frames", "Click to hide stack frames")'>Click to show all stack frames</a>
<div class='stack-trace' id='stack-trace1180434791'><pre>java.lang.AssertionError: Alert is not present
	at org.testng.Assert.fail(Assert.java:111)
	at testCases.Tree_TestCase.EmptyTryeditorTypesofTrees(Tree_TestCase.java:289)
	at java.base/jdk.internal.reflect.DirectMethodHandleAccessor.invoke(DirectMethodHandleAccessor.java:103)
	at java.base/java.lang.reflect.Method.invoke(Method.java:580)
	at org.testng.internal.invokers.MethodInvocationHelper.invokeMethod(MethodInvocationHelper.java:141)
	at org.testng.internal.invokers.TestInvoker.invokeMethod(TestInvoker.java:686)
	at org.testng.internal.invokers.TestInvoker.retryFailed(TestInvoker.java:269)
	at org.testng.internal.invokers.MethodRunner.runInSequence(MethodRunner.java:76)
	at org.testng.internal.invokers.TestInvoker$MethodInvocationAgent.invoke(TestInvoker.java:992)
	at org.testng.internal.invokers.TestInvoker.invokeTestMethods(TestInvoker.java:203)
	at org.testng.internal.invokers.TestMethodWorker.invokeTestMethods(TestMethodWorker.java:154)
	at org.testng.internal.invokers.TestMethodWorker.run(TestMethodWorker.java:134)
	at java.base/java.util.concurrent.Executors$RunnableAdapter.call(Executors.java:572)
	at java.base/java.util.concurrent.FutureTask.run(FutureTask.java:317)
	at org.testng.internal.thread.graph.TestNGFutureTask.run(TestNGFutureTask.java:22)
	at java.base/java.util.concurrent.ThreadPoolExecutor.runWorker(ThreadPoolExecutor.java:1144)
	at java.base/java.util.concurrent.ThreadPoolExecutor$Worker.run(ThreadPoolExecutor.java:642)
	at java.base/java.lang.Thread.run(Thread.java:1575)
</pre></div></td>
<td>0</td>
<td>testCases.Tree_TestCase@518caac3</td></tr>
<tr>
<td title='testCases.Tree_TestCase.EmptyTryeditorIBST()'><b>EmptyTryeditorIBST</b><br>Test class: testCases.Tree_TestCase</td>
<td><div><pre>java.lang.AssertionError: Alert is not present
	at testCases.Tree_TestCase.EmptyTryeditorIBST(Tree_TestCase.java:1085)
	at java.base/java.util.concurrent.Executors$RunnableAdapter.call(Executors.java:572)
	at java.base/java.util.concurrent.FutureTask.run(FutureTask.java:317)
	at java.base/java.util.concurrent.ThreadPoolExecutor.runWorker(ThreadPoolExecutor.java:1144)
	at java.base/java.util.concurrent.ThreadPoolExecutor$Worker.run(ThreadPoolExecutor.java:642)
	at java.base/java.lang.Thread.run(Thread.java:1575)
... Removed 12 stack frames</pre></div><a href='#' onClick='toggleBox("stack-trace342421076", this, "Click to show all stack frames", "Click to hide stack frames")'>Click to show all stack frames</a>
<div class='stack-trace' id='stack-trace342421076'><pre>java.lang.AssertionError: Alert is not present
	at org.testng.Assert.fail(Assert.java:111)
	at testCases.Tree_TestCase.EmptyTryeditorIBST(Tree_TestCase.java:1085)
	at java.base/jdk.internal.reflect.DirectMethodHandleAccessor.invoke(DirectMethodHandleAccessor.java:103)
	at java.base/java.lang.reflect.Method.invoke(Method.java:580)
	at org.testng.internal.invokers.MethodInvocationHelper.invokeMethod(MethodInvocationHelper.java:141)
	at org.testng.internal.invokers.TestInvoker.invokeMethod(TestInvoker.java:686)
	at org.testng.internal.invokers.TestInvoker.invokeTestMethod(TestInvoker.java:230)
	at org.testng.internal.invokers.MethodRunner.runInSequence(MethodRunner.java:63)
	at org.testng.internal.invokers.TestInvoker$MethodInvocationAgent.invoke(TestInvoker.java:992)
	at org.testng.internal.invokers.TestInvoker.invokeTestMethods(TestInvoker.java:203)
	at org.testng.internal.invokers.TestMethodWorker.invokeTestMethods(TestMethodWorker.java:154)
	at org.testng.internal.invokers.TestMethodWorker.run(TestMethodWorker.java:134)
	at java.base/java.util.concurrent.Executors$RunnableAdapter.call(Executors.java:572)
	at java.base/java.util.concurrent.FutureTask.run(FutureTask.java:317)
	at org.testng.internal.thread.graph.TestNGFutureTask.run(TestNGFutureTask.java:22)
	at java.base/java.util.concurrent.ThreadPoolExecutor.runWorker(ThreadPoolExecutor.java:1144)
	at java.base/java.util.concurrent.ThreadPoolExecutor$Worker.run(ThreadPoolExecutor.java:642)
	at java.base/java.lang.Thread.run(Thread.java:1575)
</pre></div></td>
<td>1</td>
<td>testCases.Tree_TestCase@518caac3</td></tr>
<tr>
<td title='testCases.Tree_TestCase.EmptyTryeditorImpinBT()'><b>EmptyTryeditorImpinBT</b><br>Test class: testCases.Tree_TestCase</td>
<td><div><pre>java.lang.AssertionError: Alert is not present
	at testCases.Tree_TestCase.EmptyTryeditorImpinBT(Tree_TestCase.java:687)
	at java.base/java.util.concurrent.Executors$RunnableAdapter.call(Executors.java:572)
	at java.base/java.util.concurrent.FutureTask.run(FutureTask.java:317)
	at java.base/java.util.concurrent.ThreadPoolExecutor.runWorker(ThreadPoolExecutor.java:1144)
	at java.base/java.util.concurrent.ThreadPoolExecutor$Worker.run(ThreadPoolExecutor.java:642)
	at java.base/java.lang.Thread.run(Thread.java:1575)
... Removed 12 stack frames</pre></div><a href='#' onClick='toggleBox("stack-trace922026186", this, "Click to show all stack frames", "Click to hide stack frames")'>Click to show all stack frames</a>
<div class='stack-trace' id='stack-trace922026186'><pre>java.lang.AssertionError: Alert is not present
	at org.testng.Assert.fail(Assert.java:111)
	at testCases.Tree_TestCase.EmptyTryeditorImpinBT(Tree_TestCase.java:687)
	at java.base/jdk.internal.reflect.DirectMethodHandleAccessor.invoke(DirectMethodHandleAccessor.java:103)
	at java.base/java.lang.reflect.Method.invoke(Method.java:580)
	at org.testng.internal.invokers.MethodInvocationHelper.invokeMethod(MethodInvocationHelper.java:141)
	at org.testng.internal.invokers.TestInvoker.invokeMethod(TestInvoker.java:686)
	at org.testng.internal.invokers.TestInvoker.retryFailed(TestInvoker.java:269)
	at org.testng.internal.invokers.MethodRunner.runInSequence(MethodRunner.java:76)
	at org.testng.internal.invokers.TestInvoker$MethodInvocationAgent.invoke(TestInvoker.java:992)
	at org.testng.internal.invokers.TestInvoker.invokeTestMethods(TestInvoker.java:203)
	at org.testng.internal.invokers.TestMethodWorker.invokeTestMethods(TestMethodWorker.java:154)
	at org.testng.internal.invokers.TestMethodWorker.run(TestMethodWorker.java:134)
	at java.base/java.util.concurrent.Executors$RunnableAdapter.call(Executors.java:572)
	at java.base/java.util.concurrent.FutureTask.run(FutureTask.java:317)
	at org.testng.internal.thread.graph.TestNGFutureTask.run(TestNGFutureTask.java:22)
	at java.base/java.util.concurrent.ThreadPoolExecutor.runWorker(ThreadPoolExecutor.java:1144)
	at java.base/java.util.concurrent.ThreadPoolExecutor$Worker.run(ThreadPoolExecutor.java:642)
	at java.base/java.lang.Thread.run(Thread.java:1575)
</pre></div></td>
<td>0</td>
<td>testCases.Tree_TestCase@518caac3</td></tr>
<tr>
<td title='testCases.Tree_TestCase.EmptyTryeditorImpinBT()'><b>EmptyTryeditorImpinBT</b><br>Test class: testCases.Tree_TestCase</td>
<td><div><pre>java.lang.AssertionError: Alert is not present
	at testCases.Tree_TestCase.EmptyTryeditorImpinBT(Tree_TestCase.java:687)
	at java.base/java.util.concurrent.Executors$RunnableAdapter.call(Executors.java:572)
	at java.base/java.util.concurrent.FutureTask.run(FutureTask.java:317)
	at java.base/java.util.concurrent.ThreadPoolExecutor.runWorker(ThreadPoolExecutor.java:1144)
	at java.base/java.util.concurrent.ThreadPoolExecutor$Worker.run(ThreadPoolExecutor.java:642)
	at java.base/java.lang.Thread.run(Thread.java:1575)
... Removed 12 stack frames</pre></div><a href='#' onClick='toggleBox("stack-trace1546231784", this, "Click to show all stack frames", "Click to hide stack frames")'>Click to show all stack frames</a>
<div class='stack-trace' id='stack-trace1546231784'><pre>java.lang.AssertionError: Alert is not present
	at org.testng.Assert.fail(Assert.java:111)
	at testCases.Tree_TestCase.EmptyTryeditorImpinBT(Tree_TestCase.java:687)
	at java.base/jdk.internal.reflect.DirectMethodHandleAccessor.invoke(DirectMethodHandleAccessor.java:103)
	at java.base/java.lang.reflect.Method.invoke(Method.java:580)
	at org.testng.internal.invokers.MethodInvocationHelper.invokeMethod(MethodInvocationHelper.java:141)
	at org.testng.internal.invokers.TestInvoker.invokeMethod(TestInvoker.java:686)
	at org.testng.internal.invokers.TestInvoker.retryFailed(TestInvoker.java:269)
	at org.testng.internal.invokers.MethodRunner.runInSequence(MethodRunner.java:76)
	at org.testng.internal.invokers.TestInvoker$MethodInvocationAgent.invoke(TestInvoker.java:992)
	at org.testng.internal.invokers.TestInvoker.invokeTestMethods(TestInvoker.java:203)
	at org.testng.internal.invokers.TestMethodWorker.invokeTestMethods(TestMethodWorker.java:154)
	at org.testng.internal.invokers.TestMethodWorker.run(TestMethodWorker.java:134)
	at java.base/java.util.concurrent.Executors$RunnableAdapter.call(Executors.java:572)
	at java.base/java.util.concurrent.FutureTask.run(FutureTask.java:317)
	at org.testng.internal.thread.graph.TestNGFutureTask.run(TestNGFutureTask.java:22)
	at java.base/java.util.concurrent.ThreadPoolExecutor.runWorker(ThreadPoolExecutor.java:1144)
	at java.base/java.util.concurrent.ThreadPoolExecutor$Worker.run(ThreadPoolExecutor.java:642)
	at java.base/java.lang.Thread.run(Thread.java:1575)
</pre></div></td>
<td>0</td>
<td>testCases.Tree_TestCase@518caac3</td></tr>
<tr>
<td title='testCases.Tree_TestCase.EmptyTryeditorTreeTraversals()'><b>EmptyTryeditorTreeTraversals</b><br>Test class: testCases.Tree_TestCase</td>
<td><div><pre>java.lang.AssertionError: Alert is not present
	at testCases.Tree_TestCase.EmptyTryeditorTreeTraversals(Tree_TestCase.java:371)
	at java.base/java.util.concurrent.Executors$RunnableAdapter.call(Executors.java:572)
	at java.base/java.util.concurrent.FutureTask.run(FutureTask.java:317)
	at java.base/java.util.concurrent.ThreadPoolExecutor.runWorker(ThreadPoolExecutor.java:1144)
	at java.base/java.util.concurrent.ThreadPoolExecutor$Worker.run(ThreadPoolExecutor.java:642)
	at java.base/java.lang.Thread.run(Thread.java:1575)
... Removed 12 stack frames</pre></div><a href='#' onClick='toggleBox("stack-trace314045812", this, "Click to show all stack frames", "Click to hide stack frames")'>Click to show all stack frames</a>
<div class='stack-trace' id='stack-trace314045812'><pre>java.lang.AssertionError: Alert is not present
	at org.testng.Assert.fail(Assert.java:111)
	at testCases.Tree_TestCase.EmptyTryeditorTreeTraversals(Tree_TestCase.java:371)
	at java.base/jdk.internal.reflect.DirectMethodHandleAccessor.invoke(DirectMethodHandleAccessor.java:103)
	at java.base/java.lang.reflect.Method.invoke(Method.java:580)
	at org.testng.internal.invokers.MethodInvocationHelper.invokeMethod(MethodInvocationHelper.java:141)
	at org.testng.internal.invokers.TestInvoker.invokeMethod(TestInvoker.java:686)
	at org.testng.internal.invokers.TestInvoker.retryFailed(TestInvoker.java:269)
	at org.testng.internal.invokers.MethodRunner.runInSequence(MethodRunner.java:76)
	at org.testng.internal.invokers.TestInvoker$MethodInvocationAgent.invoke(TestInvoker.java:992)
	at org.testng.internal.invokers.TestInvoker.invokeTestMethods(TestInvoker.java:203)
	at org.testng.internal.invokers.TestMethodWorker.invokeTestMethods(TestMethodWorker.java:154)
	at org.testng.internal.invokers.TestMethodWorker.run(TestMethodWorker.java:134)
	at java.base/java.util.concurrent.Executors$RunnableAdapter.call(Executors.java:572)
	at java.base/java.util.concurrent.FutureTask.run(FutureTask.java:317)
	at org.testng.internal.thread.graph.TestNGFutureTask.run(TestNGFutureTask.java:22)
	at java.base/java.util.concurrent.ThreadPoolExecutor.runWorker(ThreadPoolExecutor.java:1144)
	at java.base/java.util.concurrent.ThreadPoolExecutor$Worker.run(ThreadPoolExecutor.java:642)
	at java.base/java.lang.Thread.run(Thread.java:1575)
</pre></div></td>
<td>0</td>
<td>testCases.Tree_TestCase@518caac3</td></tr>
<tr>
<td title='testCases.Tree_TestCase.EmptyTryeditorBT()'><b>EmptyTryeditorBT</b><br>Test class: testCases.Tree_TestCase</td>
<td><div><pre>java.lang.AssertionError: Alert is not present
	at testCases.Tree_TestCase.EmptyTryeditorBT(Tree_TestCase.java:529)
	at java.base/java.util.concurrent.Executors$RunnableAdapter.call(Executors.java:572)
	at java.base/java.util.concurrent.FutureTask.run(FutureTask.java:317)
	at java.base/java.util.concurrent.ThreadPoolExecutor.runWorker(ThreadPoolExecutor.java:1144)
	at java.base/java.util.concurrent.ThreadPoolExecutor$Worker.run(ThreadPoolExecutor.java:642)
	at java.base/java.lang.Thread.run(Thread.java:1575)
... Removed 12 stack frames</pre></div><a href='#' onClick='toggleBox("stack-trace957954396", this, "Click to show all stack frames", "Click to hide stack frames")'>Click to show all stack frames</a>
<div class='stack-trace' id='stack-trace957954396'><pre>java.lang.AssertionError: Alert is not present
	at org.testng.Assert.fail(Assert.java:111)
	at testCases.Tree_TestCase.EmptyTryeditorBT(Tree_TestCase.java:529)
	at java.base/jdk.internal.reflect.DirectMethodHandleAccessor.invoke(DirectMethodHandleAccessor.java:103)
	at java.base/java.lang.reflect.Method.invoke(Method.java:580)
	at org.testng.internal.invokers.MethodInvocationHelper.invokeMethod(MethodInvocationHelper.java:141)
	at org.testng.internal.invokers.TestInvoker.invokeMethod(TestInvoker.java:686)
	at org.testng.internal.invokers.TestInvoker.retryFailed(TestInvoker.java:269)
	at org.testng.internal.invokers.MethodRunner.runInSequence(MethodRunner.java:76)
	at org.testng.internal.invokers.TestInvoker$MethodInvocationAgent.invoke(TestInvoker.java:992)
	at org.testng.internal.invokers.TestInvoker.invokeTestMethods(TestInvoker.java:203)
	at org.testng.internal.invokers.TestMethodWorker.invokeTestMethods(TestMethodWorker.java:154)
	at org.testng.internal.invokers.TestMethodWorker.run(TestMethodWorker.java:134)
	at java.base/java.util.concurrent.Executors$RunnableAdapter.call(Executors.java:572)
	at java.base/java.util.concurrent.FutureTask.run(FutureTask.java:317)
	at org.testng.internal.thread.graph.TestNGFutureTask.run(TestNGFutureTask.java:22)
	at java.base/java.util.concurrent.ThreadPoolExecutor.runWorker(ThreadPoolExecutor.java:1144)
	at java.base/java.util.concurrent.ThreadPoolExecutor$Worker.run(ThreadPoolExecutor.java:642)
	at java.base/java.lang.Thread.run(Thread.java:1575)
</pre></div></td>
<td>1</td>
<td>testCases.Tree_TestCase@518caac3</td></tr>
<tr>
<td title='testCases.Tree_TestCase.EmptyTryeditorABT()'><b>EmptyTryeditorABT</b><br>Test class: testCases.Tree_TestCase</td>
<td><div><pre>java.lang.AssertionError: Alert is not present
	at testCases.Tree_TestCase.EmptyTryeditorABT(Tree_TestCase.java:922)
	at java.base/java.util.concurrent.Executors$RunnableAdapter.call(Executors.java:572)
	at java.base/java.util.concurrent.FutureTask.run(FutureTask.java:317)
	at java.base/java.util.concurrent.ThreadPoolExecutor.runWorker(ThreadPoolExecutor.java:1144)
	at java.base/java.util.concurrent.ThreadPoolExecutor$Worker.run(ThreadPoolExecutor.java:642)
	at java.base/java.lang.Thread.run(Thread.java:1575)
... Removed 12 stack frames</pre></div><a href='#' onClick='toggleBox("stack-trace817889286", this, "Click to show all stack frames", "Click to hide stack frames")'>Click to show all stack frames</a>
<div class='stack-trace' id='stack-trace817889286'><pre>java.lang.AssertionError: Alert is not present
	at org.testng.Assert.fail(Assert.java:111)
	at testCases.Tree_TestCase.EmptyTryeditorABT(Tree_TestCase.java:922)
	at java.base/jdk.internal.reflect.DirectMethodHandleAccessor.invoke(DirectMethodHandleAccessor.java:103)
	at java.base/java.lang.reflect.Method.invoke(Method.java:580)
	at org.testng.internal.invokers.MethodInvocationHelper.invokeMethod(MethodInvocationHelper.java:141)
	at org.testng.internal.invokers.TestInvoker.invokeMethod(TestInvoker.java:686)
	at org.testng.internal.invokers.TestInvoker.retryFailed(TestInvoker.java:269)
	at org.testng.internal.invokers.MethodRunner.runInSequence(MethodRunner.java:76)
	at org.testng.internal.invokers.TestInvoker$MethodInvocationAgent.invoke(TestInvoker.java:992)
	at org.testng.internal.invokers.TestInvoker.invokeTestMethods(TestInvoker.java:203)
	at org.testng.internal.invokers.TestMethodWorker.invokeTestMethods(TestMethodWorker.java:154)
	at org.testng.internal.invokers.TestMethodWorker.run(TestMethodWorker.java:134)
	at java.base/java.util.concurrent.Executors$RunnableAdapter.call(Executors.java:572)
	at java.base/java.util.concurrent.FutureTask.run(FutureTask.java:317)
	at org.testng.internal.thread.graph.TestNGFutureTask.run(TestNGFutureTask.java:22)
	at java.base/java.util.concurrent.ThreadPoolExecutor.runWorker(ThreadPoolExecutor.java:1144)
	at java.base/java.util.concurrent.ThreadPoolExecutor$Worker.run(ThreadPoolExecutor.java:642)
	at java.base/java.lang.Thread.run(Thread.java:1575)
</pre></div></td>
<td>2</td>
<td>testCases.Tree_TestCase@518caac3</td></tr>
<tr>
<td title='testCases.Tree_TestCase.EmptyTryeditorTerminologies()'><b>EmptyTryeditorTerminologies</b><br>Test class: testCases.Tree_TestCase</td>
<td><div><pre>java.lang.AssertionError: Alert is not present
	at testCases.Tree_TestCase.EmptyTryeditorTerminologies(Tree_TestCase.java:210)
	at java.base/java.util.concurrent.Executors$RunnableAdapter.call(Executors.java:572)
	at java.base/java.util.concurrent.FutureTask.run(FutureTask.java:317)
	at java.base/java.util.concurrent.ThreadPoolExecutor.runWorker(ThreadPoolExecutor.java:1144)
	at java.base/java.util.concurrent.ThreadPoolExecutor$Worker.run(ThreadPoolExecutor.java:642)
	at java.base/java.lang.Thread.run(Thread.java:1575)
... Removed 12 stack frames</pre></div><a href='#' onClick='toggleBox("stack-trace1379765109", this, "Click to show all stack frames", "Click to hide stack frames")'>Click to show all stack frames</a>
<div class='stack-trace' id='stack-trace1379765109'><pre>java.lang.AssertionError: Alert is not present
	at org.testng.Assert.fail(Assert.java:111)
	at testCases.Tree_TestCase.EmptyTryeditorTerminologies(Tree_TestCase.java:210)
	at java.base/jdk.internal.reflect.DirectMethodHandleAccessor.invoke(DirectMethodHandleAccessor.java:103)
	at java.base/java.lang.reflect.Method.invoke(Method.java:580)
	at org.testng.internal.invokers.MethodInvocationHelper.invokeMethod(MethodInvocationHelper.java:141)
	at org.testng.internal.invokers.TestInvoker.invokeMethod(TestInvoker.java:686)
	at org.testng.internal.invokers.TestInvoker.retryFailed(TestInvoker.java:269)
	at org.testng.internal.invokers.MethodRunner.runInSequence(MethodRunner.java:76)
	at org.testng.internal.invokers.TestInvoker$MethodInvocationAgent.invoke(TestInvoker.java:992)
	at org.testng.internal.invokers.TestInvoker.invokeTestMethods(TestInvoker.java:203)
	at org.testng.internal.invokers.TestMethodWorker.invokeTestMethods(TestMethodWorker.java:154)
	at org.testng.internal.invokers.TestMethodWorker.run(TestMethodWorker.java:134)
	at java.base/java.util.concurrent.Executors$RunnableAdapter.call(Executors.java:572)
	at java.base/java.util.concurrent.FutureTask.run(FutureTask.java:317)
	at org.testng.internal.thread.graph.TestNGFutureTask.run(TestNGFutureTask.java:22)
	at java.base/java.util.concurrent.ThreadPoolExecutor.runWorker(ThreadPoolExecutor.java:1144)
	at java.base/java.util.concurrent.ThreadPoolExecutor$Worker.run(ThreadPoolExecutor.java:642)
	at java.base/java.lang.Thread.run(Thread.java:1575)
</pre></div></td>
<td>0</td>
<td>testCases.Tree_TestCase@518caac3</td></tr>
<tr>
<td title='testCases.Tree_TestCase.EmptyTryeditorIBT()'><b>EmptyTryeditorIBT</b><br>Test class: testCases.Tree_TestCase</td>
<td><div><pre>java.lang.AssertionError: Alert is not present
	at testCases.Tree_TestCase.EmptyTryeditorIBT(Tree_TestCase.java:844)
	at java.base/java.util.concurrent.Executors$RunnableAdapter.call(Executors.java:572)
	at java.base/java.util.concurrent.FutureTask.run(FutureTask.java:317)
	at java.base/java.util.concurrent.ThreadPoolExecutor.runWorker(ThreadPoolExecutor.java:1144)
	at java.base/java.util.concurrent.ThreadPoolExecutor$Worker.run(ThreadPoolExecutor.java:642)
	at java.base/java.lang.Thread.run(Thread.java:1575)
... Removed 12 stack frames</pre></div><a href='#' onClick='toggleBox("stack-trace1547900559", this, "Click to show all stack frames", "Click to hide stack frames")'>Click to show all stack frames</a>
<div class='stack-trace' id='stack-trace1547900559'><pre>java.lang.AssertionError: Alert is not present
	at org.testng.Assert.fail(Assert.java:111)
	at testCases.Tree_TestCase.EmptyTryeditorIBT(Tree_TestCase.java:844)
	at java.base/jdk.internal.reflect.DirectMethodHandleAccessor.invoke(DirectMethodHandleAccessor.java:103)
	at java.base/java.lang.reflect.Method.invoke(Method.java:580)
	at org.testng.internal.invokers.MethodInvocationHelper.invokeMethod(MethodInvocationHelper.java:141)
	at org.testng.internal.invokers.TestInvoker.invokeMethod(TestInvoker.java:686)
	at org.testng.internal.invokers.TestInvoker.retryFailed(TestInvoker.java:269)
	at org.testng.internal.invokers.MethodRunner.runInSequence(MethodRunner.java:76)
	at org.testng.internal.invokers.TestInvoker$MethodInvocationAgent.invoke(TestInvoker.java:992)
	at org.testng.internal.invokers.TestInvoker.invokeTestMethods(TestInvoker.java:203)
	at org.testng.internal.invokers.TestMethodWorker.invokeTestMethods(TestMethodWorker.java:154)
	at org.testng.internal.invokers.TestMethodWorker.run(TestMethodWorker.java:134)
	at java.base/java.util.concurrent.Executors$RunnableAdapter.call(Executors.java:572)
	at java.base/java.util.concurrent.FutureTask.run(FutureTask.java:317)
	at org.testng.internal.thread.graph.TestNGFutureTask.run(TestNGFutureTask.java:22)
	at java.base/java.util.concurrent.ThreadPoolExecutor.runWorker(ThreadPoolExecutor.java:1144)
	at java.base/java.util.concurrent.ThreadPoolExecutor$Worker.run(ThreadPoolExecutor.java:642)
	at java.base/java.lang.Thread.run(Thread.java:1575)
</pre></div></td>
<td>0</td>
<td>testCases.Tree_TestCase@518caac3</td></tr>
<tr>
<td title='testCases.Register_TestCase.InvalidRegister()'><b>InvalidRegister</b><br>Test class: testCases.Register_TestCase<br>Parameters: BiRi9@n!, abc@1234, abc@1234, Invalid Username , Invaliduser</td>
<td><div><pre>java.lang.AssertionError: expected [password_mismatch:The two password fields didn’t match.] but found [Invalid Username ]
	at testCases.Register_TestCase.InvalidRegister(Register_TestCase.java:40)
	at java.base/java.util.concurrent.Executors$RunnableAdapter.call(Executors.java:572)
	at java.base/java.util.concurrent.FutureTask.run(FutureTask.java:317)
	at java.base/java.util.concurrent.ThreadPoolExecutor.runWorker(ThreadPoolExecutor.java:1144)
	at java.base/java.util.concurrent.ThreadPoolExecutor$Worker.run(ThreadPoolExecutor.java:642)
	at java.base/java.lang.Thread.run(Thread.java:1575)
... Removed 17 stack frames</pre></div><a href='#' onClick='toggleBox("stack-trace416063744", this, "Click to show all stack frames", "Click to hide stack frames")'>Click to show all stack frames</a>
<div class='stack-trace' id='stack-trace416063744'><pre>java.lang.AssertionError: expected [password_mismatch:The two password fields didn’t match.] but found [Invalid Username ]
	at org.testng.Assert.fail(Assert.java:111)
	at org.testng.Assert.failNotEquals(Assert.java:1578)
	at org.testng.Assert.assertEqualsImpl(Assert.java:150)
	at org.testng.Assert.assertEquals(Assert.java:132)
	at org.testng.Assert.assertEquals(Assert.java:656)
	at org.testng.Assert.assertEquals(Assert.java:666)
	at testCases.Register_TestCase.InvalidRegister(Register_TestCase.java:40)
	at java.base/jdk.internal.reflect.DirectMethodHandleAccessor.invoke(DirectMethodHandleAccessor.java:103)
	at java.base/java.lang.reflect.Method.invoke(Method.java:580)
	at org.testng.internal.invokers.MethodInvocationHelper.invokeMethod(MethodInvocationHelper.java:141)
	at org.testng.internal.invokers.TestInvoker.invokeMethod(TestInvoker.java:686)
	at org.testng.internal.invokers.TestInvoker.retryFailed(TestInvoker.java:269)
	at org.testng.internal.invokers.MethodRunner.runInSequence(MethodRunner.java:76)
	at org.testng.internal.invokers.TestInvoker$MethodInvocationAgent.invoke(TestInvoker.java:992)
	at org.testng.internal.invokers.TestInvoker.invokeTestMethods(TestInvoker.java:203)
	at org.testng.internal.invokers.TestMethodWorker.invokeTestMethods(TestMethodWorker.java:154)
	at org.testng.internal.invokers.TestMethodWorker.run(TestMethodWorker.java:134)
	at java.base/java.util.concurrent.Executors$RunnableAdapter.call(Executors.java:572)
	at java.base/java.util.concurrent.FutureTask.run(FutureTask.java:317)
	at org.testng.internal.thread.graph.TestNGFutureTask.run(TestNGFutureTask.java:22)
	at java.base/java.util.concurrent.ThreadPoolExecutor.runWorker(ThreadPoolExecutor.java:1144)
	at java.base/java.util.concurrent.ThreadPoolExecutor$Worker.run(ThreadPoolExecutor.java:642)
	at java.base/java.lang.Thread.run(Thread.java:1575)
</pre></div></td>
<td>3</td>
<td>testCases.Register_TestCase@78a773fd</td></tr>
<tr>
<td title='testCases.Register_TestCase.InvalidRegister()'><b>InvalidRegister</b><br>Test class: testCases.Register_TestCase<br>Parameters: ActionSquad, invalid===, invalid===, Invalid Password, Invalidpass</td>
<td><div><pre>java.lang.AssertionError: expected [password_mismatch:The two password fields didn’t match.] but found [Invalid Password]
	at testCases.Register_TestCase.InvalidRegister(Register_TestCase.java:52)
	at java.base/java.util.concurrent.Executors$RunnableAdapter.call(Executors.java:572)
	at java.base/java.util.concurrent.FutureTask.run(FutureTask.java:317)
	at java.base/java.util.concurrent.ThreadPoolExecutor.runWorker(ThreadPoolExecutor.java:1144)
	at java.base/java.util.concurrent.ThreadPoolExecutor$Worker.run(ThreadPoolExecutor.java:642)
	at java.base/java.lang.Thread.run(Thread.java:1575)
... Removed 17 stack frames</pre></div><a href='#' onClick='toggleBox("stack-trace424867869", this, "Click to show all stack frames", "Click to hide stack frames")'>Click to show all stack frames</a>
<div class='stack-trace' id='stack-trace424867869'><pre>java.lang.AssertionError: expected [password_mismatch:The two password fields didn’t match.] but found [Invalid Password]
	at org.testng.Assert.fail(Assert.java:111)
	at org.testng.Assert.failNotEquals(Assert.java:1578)
	at org.testng.Assert.assertEqualsImpl(Assert.java:150)
	at org.testng.Assert.assertEquals(Assert.java:132)
	at org.testng.Assert.assertEquals(Assert.java:656)
	at org.testng.Assert.assertEquals(Assert.java:666)
	at testCases.Register_TestCase.InvalidRegister(Register_TestCase.java:52)
	at java.base/jdk.internal.reflect.DirectMethodHandleAccessor.invoke(DirectMethodHandleAccessor.java:103)
	at java.base/java.lang.reflect.Method.invoke(Method.java:580)
	at org.testng.internal.invokers.MethodInvocationHelper.invokeMethod(MethodInvocationHelper.java:141)
	at org.testng.internal.invokers.TestInvoker.invokeMethod(TestInvoker.java:686)
	at org.testng.internal.invokers.TestInvoker.retryFailed(TestInvoker.java:269)
	at org.testng.internal.invokers.MethodRunner.runInSequence(MethodRunner.java:76)
	at org.testng.internal.invokers.TestInvoker$MethodInvocationAgent.invoke(TestInvoker.java:992)
	at org.testng.internal.invokers.TestInvoker.invokeTestMethods(TestInvoker.java:203)
	at org.testng.internal.invokers.TestMethodWorker.invokeTestMethods(TestMethodWorker.java:154)
	at org.testng.internal.invokers.TestMethodWorker.run(TestMethodWorker.java:134)
	at java.base/java.util.concurrent.Executors$RunnableAdapter.call(Executors.java:572)
	at java.base/java.util.concurrent.FutureTask.run(FutureTask.java:317)
	at org.testng.internal.thread.graph.TestNGFutureTask.run(TestNGFutureTask.java:22)
	at java.base/java.util.concurrent.ThreadPoolExecutor.runWorker(ThreadPoolExecutor.java:1144)
	at java.base/java.util.concurrent.ThreadPoolExecutor$Worker.run(ThreadPoolExecutor.java:642)
	at java.base/java.lang.Thread.run(Thread.java:1575)
</pre></div></td>
<td>1</td>
<td>testCases.Register_TestCase@78a773fd</td></tr>
<tr>
<td title='testCases.Register_TestCase.InvalidRegister()'><b>InvalidRegister</b><br>Test class: testCases.Register_TestCase<br>Parameters: ActionSquad, invalid===, invalid===, Invalid Password, Invalidpass</td>
<td><div><pre>java.lang.AssertionError: expected [password_mismatch:The two password fields didn’t match.] but found [Invalid Password]
	at testCases.Register_TestCase.InvalidRegister(Register_TestCase.java:52)
	at java.base/java.util.concurrent.Executors$RunnableAdapter.call(Executors.java:572)
	at java.base/java.util.concurrent.FutureTask.run(FutureTask.java:317)
	at java.base/java.util.concurrent.ThreadPoolExecutor.runWorker(ThreadPoolExecutor.java:1144)
	at java.base/java.util.concurrent.ThreadPoolExecutor$Worker.run(ThreadPoolExecutor.java:642)
	at java.base/java.lang.Thread.run(Thread.java:1575)
... Removed 17 stack frames</pre></div><a href='#' onClick='toggleBox("stack-trace1773873769", this, "Click to show all stack frames", "Click to hide stack frames")'>Click to show all stack frames</a>
<div class='stack-trace' id='stack-trace1773873769'><pre>java.lang.AssertionError: expected [password_mismatch:The two password fields didn’t match.] but found [Invalid Password]
	at org.testng.Assert.fail(Assert.java:111)
	at org.testng.Assert.failNotEquals(Assert.java:1578)
	at org.testng.Assert.assertEqualsImpl(Assert.java:150)
	at org.testng.Assert.assertEquals(Assert.java:132)
	at org.testng.Assert.assertEquals(Assert.java:656)
	at org.testng.Assert.assertEquals(Assert.java:666)
	at testCases.Register_TestCase.InvalidRegister(Register_TestCase.java:52)
	at java.base/jdk.internal.reflect.DirectMethodHandleAccessor.invoke(DirectMethodHandleAccessor.java:103)
	at java.base/java.lang.reflect.Method.invoke(Method.java:580)
	at org.testng.internal.invokers.MethodInvocationHelper.invokeMethod(MethodInvocationHelper.java:141)
	at org.testng.internal.invokers.TestInvoker.invokeMethod(TestInvoker.java:686)
	at org.testng.internal.invokers.TestInvoker.invokeTestMethod(TestInvoker.java:230)
	at org.testng.internal.invokers.MethodRunner.runInSequence(MethodRunner.java:63)
	at org.testng.internal.invokers.TestInvoker$MethodInvocationAgent.invoke(TestInvoker.java:992)
	at org.testng.internal.invokers.TestInvoker.invokeTestMethods(TestInvoker.java:203)
	at org.testng.internal.invokers.TestMethodWorker.invokeTestMethods(TestMethodWorker.java:154)
	at org.testng.internal.invokers.TestMethodWorker.run(TestMethodWorker.java:134)
	at java.base/java.util.concurrent.Executors$RunnableAdapter.call(Executors.java:572)
	at java.base/java.util.concurrent.FutureTask.run(FutureTask.java:317)
	at org.testng.internal.thread.graph.TestNGFutureTask.run(TestNGFutureTask.java:22)
	at java.base/java.util.concurrent.ThreadPoolExecutor.runWorker(ThreadPoolExecutor.java:1144)
	at java.base/java.util.concurrent.ThreadPoolExecutor$Worker.run(ThreadPoolExecutor.java:642)
	at java.base/java.lang.Thread.run(Thread.java:1575)
</pre></div></td>
<td>1</td>
<td>testCases.Register_TestCase@78a773fd</td></tr>
<tr>
<td title='testCases.Tree_TestCase.EmptyTryeditorTypesofTrees()'><b>EmptyTryeditorTypesofTrees</b><br>Test class: testCases.Tree_TestCase</td>
<td><div><pre>java.lang.AssertionError: Alert is not present
	at testCases.Tree_TestCase.EmptyTryeditorTypesofTrees(Tree_TestCase.java:289)
	at java.base/java.util.concurrent.Executors$RunnableAdapter.call(Executors.java:572)
	at java.base/java.util.concurrent.FutureTask.run(FutureTask.java:317)
	at java.base/java.util.concurrent.ThreadPoolExecutor.runWorker(ThreadPoolExecutor.java:1144)
	at java.base/java.util.concurrent.ThreadPoolExecutor$Worker.run(ThreadPoolExecutor.java:642)
	at java.base/java.lang.Thread.run(Thread.java:1575)
... Removed 12 stack frames</pre></div><a href='#' onClick='toggleBox("stack-trace345363654", this, "Click to show all stack frames", "Click to hide stack frames")'>Click to show all stack frames</a>
<div class='stack-trace' id='stack-trace345363654'><pre>java.lang.AssertionError: Alert is not present
	at org.testng.Assert.fail(Assert.java:111)
	at testCases.Tree_TestCase.EmptyTryeditorTypesofTrees(Tree_TestCase.java:289)
	at java.base/jdk.internal.reflect.DirectMethodHandleAccessor.invoke(DirectMethodHandleAccessor.java:103)
	at java.base/java.lang.reflect.Method.invoke(Method.java:580)
	at org.testng.internal.invokers.MethodInvocationHelper.invokeMethod(MethodInvocationHelper.java:141)
	at org.testng.internal.invokers.TestInvoker.invokeMethod(TestInvoker.java:686)
	at org.testng.internal.invokers.TestInvoker.retryFailed(TestInvoker.java:269)
	at org.testng.internal.invokers.MethodRunner.runInSequence(MethodRunner.java:76)
	at org.testng.internal.invokers.TestInvoker$MethodInvocationAgent.invoke(TestInvoker.java:992)
	at org.testng.internal.invokers.TestInvoker.invokeTestMethods(TestInvoker.java:203)
	at org.testng.internal.invokers.TestMethodWorker.invokeTestMethods(TestMethodWorker.java:154)
	at org.testng.internal.invokers.TestMethodWorker.run(TestMethodWorker.java:134)
	at java.base/java.util.concurrent.Executors$RunnableAdapter.call(Executors.java:572)
	at java.base/java.util.concurrent.FutureTask.run(FutureTask.java:317)
	at org.testng.internal.thread.graph.TestNGFutureTask.run(TestNGFutureTask.java:22)
	at java.base/java.util.concurrent.ThreadPoolExecutor.runWorker(ThreadPoolExecutor.java:1144)
	at java.base/java.util.concurrent.ThreadPoolExecutor$Worker.run(ThreadPoolExecutor.java:642)
	at java.base/java.lang.Thread.run(Thread.java:1575)
</pre></div></td>
<td>0</td>
<td>testCases.Tree_TestCase@518caac3</td></tr>
<tr>
<td title='testCases.Register_TestCase.InvalidRegister()'><b>InvalidRegister</b><br>Test class: testCases.Register_TestCase<br>Parameters: BiRi9@n!, abc@1234, abc@1234, Invalid Username , Invaliduser</td>
<td><div><pre>java.lang.AssertionError: expected [password_mismatch:The two password fields didn’t match.] but found [Invalid Username ]
	at testCases.Register_TestCase.InvalidRegister(Register_TestCase.java:40)
	at java.base/java.util.concurrent.Executors$RunnableAdapter.call(Executors.java:572)
	at java.base/java.util.concurrent.FutureTask.run(FutureTask.java:317)
	at java.base/java.util.concurrent.ThreadPoolExecutor.runWorker(ThreadPoolExecutor.java:1144)
	at java.base/java.util.concurrent.ThreadPoolExecutor$Worker.run(ThreadPoolExecutor.java:642)
	at java.base/java.lang.Thread.run(Thread.java:1575)
... Removed 17 stack frames</pre></div><a href='#' onClick='toggleBox("stack-trace1591307009", this, "Click to show all stack frames", "Click to hide stack frames")'>Click to show all stack frames</a>
<div class='stack-trace' id='stack-trace1591307009'><pre>java.lang.AssertionError: expected [password_mismatch:The two password fields didn’t match.] but found [Invalid Username ]
	at org.testng.Assert.fail(Assert.java:111)
	at org.testng.Assert.failNotEquals(Assert.java:1578)
	at org.testng.Assert.assertEqualsImpl(Assert.java:150)
	at org.testng.Assert.assertEquals(Assert.java:132)
	at org.testng.Assert.assertEquals(Assert.java:656)
	at org.testng.Assert.assertEquals(Assert.java:666)
	at testCases.Register_TestCase.InvalidRegister(Register_TestCase.java:40)
	at java.base/jdk.internal.reflect.DirectMethodHandleAccessor.invoke(DirectMethodHandleAccessor.java:103)
	at java.base/java.lang.reflect.Method.invoke(Method.java:580)
	at org.testng.internal.invokers.MethodInvocationHelper.invokeMethod(MethodInvocationHelper.java:141)
	at org.testng.internal.invokers.TestInvoker.invokeMethod(TestInvoker.java:686)
	at org.testng.internal.invokers.TestInvoker.invokeTestMethod(TestInvoker.java:230)
	at org.testng.internal.invokers.MethodRunner.runInSequence(MethodRunner.java:63)
	at org.testng.internal.invokers.TestInvoker$MethodInvocationAgent.invoke(TestInvoker.java:992)
	at org.testng.internal.invokers.TestInvoker.invokeTestMethods(TestInvoker.java:203)
	at org.testng.internal.invokers.TestMethodWorker.invokeTestMethods(TestMethodWorker.java:154)
	at org.testng.internal.invokers.TestMethodWorker.run(TestMethodWorker.java:134)
	at java.base/java.util.concurrent.Executors$RunnableAdapter.call(Executors.java:572)
	at java.base/java.util.concurrent.FutureTask.run(FutureTask.java:317)
	at org.testng.internal.thread.graph.TestNGFutureTask.run(TestNGFutureTask.java:22)
	at java.base/java.util.concurrent.ThreadPoolExecutor.runWorker(ThreadPoolExecutor.java:1144)
	at java.base/java.util.concurrent.ThreadPoolExecutor$Worker.run(ThreadPoolExecutor.java:642)
	at java.base/java.lang.Thread.run(Thread.java:1575)
</pre></div></td>
<td>2</td>
<td>testCases.Register_TestCase@78a773fd</td></tr>
<tr>
<td title='testCases.Tree_TestCase.EmptyTryeditorImpinBT()'><b>EmptyTryeditorImpinBT</b><br>Test class: testCases.Tree_TestCase</td>
<td><div><pre>java.lang.AssertionError: Alert is not present
	at testCases.Tree_TestCase.EmptyTryeditorImpinBT(Tree_TestCase.java:687)
	at java.base/java.util.concurrent.Executors$RunnableAdapter.call(Executors.java:572)
	at java.base/java.util.concurrent.FutureTask.run(FutureTask.java:317)
	at java.base/java.util.concurrent.ThreadPoolExecutor.runWorker(ThreadPoolExecutor.java:1144)
	at java.base/java.util.concurrent.ThreadPoolExecutor$Worker.run(ThreadPoolExecutor.java:642)
	at java.base/java.lang.Thread.run(Thread.java:1575)
... Removed 12 stack frames</pre></div><a href='#' onClick='toggleBox("stack-trace95198966", this, "Click to show all stack frames", "Click to hide stack frames")'>Click to show all stack frames</a>
<div class='stack-trace' id='stack-trace95198966'><pre>java.lang.AssertionError: Alert is not present
	at org.testng.Assert.fail(Assert.java:111)
	at testCases.Tree_TestCase.EmptyTryeditorImpinBT(Tree_TestCase.java:687)
	at java.base/jdk.internal.reflect.DirectMethodHandleAccessor.invoke(DirectMethodHandleAccessor.java:103)
	at java.base/java.lang.reflect.Method.invoke(Method.java:580)
	at org.testng.internal.invokers.MethodInvocationHelper.invokeMethod(MethodInvocationHelper.java:141)
	at org.testng.internal.invokers.TestInvoker.invokeMethod(TestInvoker.java:686)
	at org.testng.internal.invokers.TestInvoker.invokeTestMethod(TestInvoker.java:230)
	at org.testng.internal.invokers.MethodRunner.runInSequence(MethodRunner.java:63)
	at org.testng.internal.invokers.TestInvoker$MethodInvocationAgent.invoke(TestInvoker.java:992)
	at org.testng.internal.invokers.TestInvoker.invokeTestMethods(TestInvoker.java:203)
	at org.testng.internal.invokers.TestMethodWorker.invokeTestMethods(TestMethodWorker.java:154)
	at org.testng.internal.invokers.TestMethodWorker.run(TestMethodWorker.java:134)
	at java.base/java.util.concurrent.Executors$RunnableAdapter.call(Executors.java:572)
	at java.base/java.util.concurrent.FutureTask.run(FutureTask.java:317)
	at org.testng.internal.thread.graph.TestNGFutureTask.run(TestNGFutureTask.java:22)
	at java.base/java.util.concurrent.ThreadPoolExecutor.runWorker(ThreadPoolExecutor.java:1144)
	at java.base/java.util.concurrent.ThreadPoolExecutor$Worker.run(ThreadPoolExecutor.java:642)
	at java.base/java.lang.Thread.run(Thread.java:1575)
</pre></div></td>
<td>1</td>
<td>testCases.Tree_TestCase@518caac3</td></tr>
<tr>
<td title='testCases.Tree_TestCase.EmptyTryeditorIBST()'><b>EmptyTryeditorIBST</b><br>Test class: testCases.Tree_TestCase</td>
<td><div><pre>java.lang.AssertionError: Alert is not present
	at testCases.Tree_TestCase.EmptyTryeditorIBST(Tree_TestCase.java:1085)
	at java.base/java.util.concurrent.Executors$RunnableAdapter.call(Executors.java:572)
	at java.base/java.util.concurrent.FutureTask.run(FutureTask.java:317)
	at java.base/java.util.concurrent.ThreadPoolExecutor.runWorker(ThreadPoolExecutor.java:1144)
	at java.base/java.util.concurrent.ThreadPoolExecutor$Worker.run(ThreadPoolExecutor.java:642)
	at java.base/java.lang.Thread.run(Thread.java:1575)
... Removed 12 stack frames</pre></div><a href='#' onClick='toggleBox("stack-trace672422991", this, "Click to show all stack frames", "Click to hide stack frames")'>Click to show all stack frames</a>
<div class='stack-trace' id='stack-trace672422991'><pre>java.lang.AssertionError: Alert is not present
	at org.testng.Assert.fail(Assert.java:111)
	at testCases.Tree_TestCase.EmptyTryeditorIBST(Tree_TestCase.java:1085)
	at java.base/jdk.internal.reflect.DirectMethodHandleAccessor.invoke(DirectMethodHandleAccessor.java:103)
	at java.base/java.lang.reflect.Method.invoke(Method.java:580)
	at org.testng.internal.invokers.MethodInvocationHelper.invokeMethod(MethodInvocationHelper.java:141)
	at org.testng.internal.invokers.TestInvoker.invokeMethod(TestInvoker.java:686)
	at org.testng.internal.invokers.TestInvoker.retryFailed(TestInvoker.java:269)
	at org.testng.internal.invokers.MethodRunner.runInSequence(MethodRunner.java:76)
	at org.testng.internal.invokers.TestInvoker$MethodInvocationAgent.invoke(TestInvoker.java:992)
	at org.testng.internal.invokers.TestInvoker.invokeTestMethods(TestInvoker.java:203)
	at org.testng.internal.invokers.TestMethodWorker.invokeTestMethods(TestMethodWorker.java:154)
	at org.testng.internal.invokers.TestMethodWorker.run(TestMethodWorker.java:134)
	at java.base/java.util.concurrent.Executors$RunnableAdapter.call(Executors.java:572)
	at java.base/java.util.concurrent.FutureTask.run(FutureTask.java:317)
	at org.testng.internal.thread.graph.TestNGFutureTask.run(TestNGFutureTask.java:22)
	at java.base/java.util.concurrent.ThreadPoolExecutor.runWorker(ThreadPoolExecutor.java:1144)
	at java.base/java.util.concurrent.ThreadPoolExecutor$Worker.run(ThreadPoolExecutor.java:642)
	at java.base/java.lang.Thread.run(Thread.java:1575)
</pre></div></td>
<td>1</td>
<td>testCases.Tree_TestCase@518caac3</td></tr>
<tr>
<td title='testCases.Register_TestCase.InvalidRegister()'><b>InvalidRegister</b><br>Test class: testCases.Register_TestCase<br>Parameters: ActionSquad, abc@1234, abc@1234, The user Is already Registered, existing</td>
<td><div><pre>java.lang.AssertionError: expected [password_mismatch:The two password fields didn’t match.] but found [The user Is already Registered]
	at testCases.Register_TestCase.InvalidRegister(Register_TestCase.java:44)
	at java.base/java.util.concurrent.Executors$RunnableAdapter.call(Executors.java:572)
	at java.base/java.util.concurrent.FutureTask.run(FutureTask.java:317)
	at java.base/java.util.concurrent.ThreadPoolExecutor.runWorker(ThreadPoolExecutor.java:1144)
	at java.base/java.util.concurrent.ThreadPoolExecutor$Worker.run(ThreadPoolExecutor.java:642)
	at java.base/java.lang.Thread.run(Thread.java:1575)
... Removed 17 stack frames</pre></div><a href='#' onClick='toggleBox("stack-trace1477925707", this, "Click to show all stack frames", "Click to hide stack frames")'>Click to show all stack frames</a>
<div class='stack-trace' id='stack-trace1477925707'><pre>java.lang.AssertionError: expected [password_mismatch:The two password fields didn’t match.] but found [The user Is already Registered]
	at org.testng.Assert.fail(Assert.java:111)
	at org.testng.Assert.failNotEquals(Assert.java:1578)
	at org.testng.Assert.assertEqualsImpl(Assert.java:150)
	at org.testng.Assert.assertEquals(Assert.java:132)
	at org.testng.Assert.assertEquals(Assert.java:656)
	at org.testng.Assert.assertEquals(Assert.java:666)
	at testCases.Register_TestCase.InvalidRegister(Register_TestCase.java:44)
	at java.base/jdk.internal.reflect.DirectMethodHandleAccessor.invoke(DirectMethodHandleAccessor.java:103)
	at java.base/java.lang.reflect.Method.invoke(Method.java:580)
	at org.testng.internal.invokers.MethodInvocationHelper.invokeMethod(MethodInvocationHelper.java:141)
	at org.testng.internal.invokers.TestInvoker.invokeMethod(TestInvoker.java:686)
	at org.testng.internal.invokers.TestInvoker.retryFailed(TestInvoker.java:269)
	at org.testng.internal.invokers.MethodRunner.runInSequence(MethodRunner.java:76)
	at org.testng.internal.invokers.TestInvoker$MethodInvocationAgent.invoke(TestInvoker.java:992)
	at org.testng.internal.invokers.TestInvoker.invokeTestMethods(TestInvoker.java:203)
	at org.testng.internal.invokers.TestMethodWorker.invokeTestMethods(TestMethodWorker.java:154)
	at org.testng.internal.invokers.TestMethodWorker.run(TestMethodWorker.java:134)
	at java.base/java.util.concurrent.Executors$RunnableAdapter.call(Executors.java:572)
	at java.base/java.util.concurrent.FutureTask.run(FutureTask.java:317)
	at org.testng.internal.thread.graph.TestNGFutureTask.run(TestNGFutureTask.java:22)
	at java.base/java.util.concurrent.ThreadPoolExecutor.runWorker(ThreadPoolExecutor.java:1144)
	at java.base/java.util.concurrent.ThreadPoolExecutor$Worker.run(ThreadPoolExecutor.java:642)
	at java.base/java.lang.Thread.run(Thread.java:1575)
</pre></div></td>
<td>2</td>
<td>testCases.Register_TestCase@78a773fd</td></tr>
<tr>
<td title='testCases.Tree_TestCase.EmptyTryeditorBST()'><b>EmptyTryeditorBST</b><br>Test class: testCases.Tree_TestCase</td>
<td><div><pre>java.lang.AssertionError: Alert is not present
	at testCases.Tree_TestCase.EmptyTryeditorBST(Tree_TestCase.java:1004)
	at java.base/java.util.concurrent.Executors$RunnableAdapter.call(Executors.java:572)
	at java.base/java.util.concurrent.FutureTask.run(FutureTask.java:317)
	at java.base/java.util.concurrent.ThreadPoolExecutor.runWorker(ThreadPoolExecutor.java:1144)
	at java.base/java.util.concurrent.ThreadPoolExecutor$Worker.run(ThreadPoolExecutor.java:642)
	at java.base/java.lang.Thread.run(Thread.java:1575)
... Removed 12 stack frames</pre></div><a href='#' onClick='toggleBox("stack-trace641977894", this, "Click to show all stack frames", "Click to hide stack frames")'>Click to show all stack frames</a>
<div class='stack-trace' id='stack-trace641977894'><pre>java.lang.AssertionError: Alert is not present
	at org.testng.Assert.fail(Assert.java:111)
	at testCases.Tree_TestCase.EmptyTryeditorBST(Tree_TestCase.java:1004)
	at java.base/jdk.internal.reflect.DirectMethodHandleAccessor.invoke(DirectMethodHandleAccessor.java:103)
	at java.base/java.lang.reflect.Method.invoke(Method.java:580)
	at org.testng.internal.invokers.MethodInvocationHelper.invokeMethod(MethodInvocationHelper.java:141)
	at org.testng.internal.invokers.TestInvoker.invokeMethod(TestInvoker.java:686)
	at org.testng.internal.invokers.TestInvoker.retryFailed(TestInvoker.java:269)
	at org.testng.internal.invokers.MethodRunner.runInSequence(MethodRunner.java:76)
	at org.testng.internal.invokers.TestInvoker$MethodInvocationAgent.invoke(TestInvoker.java:992)
	at org.testng.internal.invokers.TestInvoker.invokeTestMethods(TestInvoker.java:203)
	at org.testng.internal.invokers.TestMethodWorker.invokeTestMethods(TestMethodWorker.java:154)
	at org.testng.internal.invokers.TestMethodWorker.run(TestMethodWorker.java:134)
	at java.base/java.util.concurrent.Executors$RunnableAdapter.call(Executors.java:572)
	at java.base/java.util.concurrent.FutureTask.run(FutureTask.java:317)
	at org.testng.internal.thread.graph.TestNGFutureTask.run(TestNGFutureTask.java:22)
	at java.base/java.util.concurrent.ThreadPoolExecutor.runWorker(ThreadPoolExecutor.java:1144)
	at java.base/java.util.concurrent.ThreadPoolExecutor$Worker.run(ThreadPoolExecutor.java:642)
	at java.base/java.lang.Thread.run(Thread.java:1575)
</pre></div></td>
<td>1</td>
<td>testCases.Tree_TestCase@518caac3</td></tr>
<tr>
<td title='testCases.Tree_TestCase.EmptyTryeditorIBT()'><b>EmptyTryeditorIBT</b><br>Test class: testCases.Tree_TestCase</td>
<td><div><pre>java.lang.AssertionError: Alert is not present
	at testCases.Tree_TestCase.EmptyTryeditorIBT(Tree_TestCase.java:844)
	at java.base/java.util.concurrent.Executors$RunnableAdapter.call(Executors.java:572)
	at java.base/java.util.concurrent.FutureTask.run(FutureTask.java:317)
	at java.base/java.util.concurrent.ThreadPoolExecutor.runWorker(ThreadPoolExecutor.java:1144)
	at java.base/java.util.concurrent.ThreadPoolExecutor$Worker.run(ThreadPoolExecutor.java:642)
	at java.base/java.lang.Thread.run(Thread.java:1575)
... Removed 12 stack frames</pre></div><a href='#' onClick='toggleBox("stack-trace1124572013", this, "Click to show all stack frames", "Click to hide stack frames")'>Click to show all stack frames</a>
<div class='stack-trace' id='stack-trace1124572013'><pre>java.lang.AssertionError: Alert is not present
	at org.testng.Assert.fail(Assert.java:111)
	at testCases.Tree_TestCase.EmptyTryeditorIBT(Tree_TestCase.java:844)
	at java.base/jdk.internal.reflect.DirectMethodHandleAccessor.invoke(DirectMethodHandleAccessor.java:103)
	at java.base/java.lang.reflect.Method.invoke(Method.java:580)
	at org.testng.internal.invokers.MethodInvocationHelper.invokeMethod(MethodInvocationHelper.java:141)
	at org.testng.internal.invokers.TestInvoker.invokeMethod(TestInvoker.java:686)
	at org.testng.internal.invokers.TestInvoker.retryFailed(TestInvoker.java:269)
	at org.testng.internal.invokers.MethodRunner.runInSequence(MethodRunner.java:76)
	at org.testng.internal.invokers.TestInvoker$MethodInvocationAgent.invoke(TestInvoker.java:992)
	at org.testng.internal.invokers.TestInvoker.invokeTestMethods(TestInvoker.java:203)
	at org.testng.internal.invokers.TestMethodWorker.invokeTestMethods(TestMethodWorker.java:154)
	at org.testng.internal.invokers.TestMethodWorker.run(TestMethodWorker.java:134)
	at java.base/java.util.concurrent.Executors$RunnableAdapter.call(Executors.java:572)
	at java.base/java.util.concurrent.FutureTask.run(FutureTask.java:317)
	at org.testng.internal.thread.graph.TestNGFutureTask.run(TestNGFutureTask.java:22)
	at java.base/java.util.concurrent.ThreadPoolExecutor.runWorker(ThreadPoolExecutor.java:1144)
	at java.base/java.util.concurrent.ThreadPoolExecutor$Worker.run(ThreadPoolExecutor.java:642)
	at java.base/java.lang.Thread.run(Thread.java:1575)
</pre></div></td>
<td>0</td>
<td>testCases.Tree_TestCase@518caac3</td></tr>
<tr>
<td title='testCases.Tree_TestCase.EmptyTryeditorTerminologies()'><b>EmptyTryeditorTerminologies</b><br>Test class: testCases.Tree_TestCase</td>
<td><div><pre>java.lang.AssertionError: Alert is not present
	at testCases.Tree_TestCase.EmptyTryeditorTerminologies(Tree_TestCase.java:210)
	at java.base/java.util.concurrent.Executors$RunnableAdapter.call(Executors.java:572)
	at java.base/java.util.concurrent.FutureTask.run(FutureTask.java:317)
	at java.base/java.util.concurrent.ThreadPoolExecutor.runWorker(ThreadPoolExecutor.java:1144)
	at java.base/java.util.concurrent.ThreadPoolExecutor$Worker.run(ThreadPoolExecutor.java:642)
	at java.base/java.lang.Thread.run(Thread.java:1575)
... Removed 12 stack frames</pre></div><a href='#' onClick='toggleBox("stack-trace432223660", this, "Click to show all stack frames", "Click to hide stack frames")'>Click to show all stack frames</a>
<div class='stack-trace' id='stack-trace432223660'><pre>java.lang.AssertionError: Alert is not present
	at org.testng.Assert.fail(Assert.java:111)
	at testCases.Tree_TestCase.EmptyTryeditorTerminologies(Tree_TestCase.java:210)
	at java.base/jdk.internal.reflect.DirectMethodHandleAccessor.invoke(DirectMethodHandleAccessor.java:103)
	at java.base/java.lang.reflect.Method.invoke(Method.java:580)
	at org.testng.internal.invokers.MethodInvocationHelper.invokeMethod(MethodInvocationHelper.java:141)
	at org.testng.internal.invokers.TestInvoker.invokeMethod(TestInvoker.java:686)
	at org.testng.internal.invokers.TestInvoker.invokeTestMethod(TestInvoker.java:230)
	at org.testng.internal.invokers.MethodRunner.runInSequence(MethodRunner.java:63)
	at org.testng.internal.invokers.TestInvoker$MethodInvocationAgent.invoke(TestInvoker.java:992)
	at org.testng.internal.invokers.TestInvoker.invokeTestMethods(TestInvoker.java:203)
	at org.testng.internal.invokers.TestMethodWorker.invokeTestMethods(TestMethodWorker.java:154)
	at org.testng.internal.invokers.TestMethodWorker.run(TestMethodWorker.java:134)
	at java.base/java.util.concurrent.Executors$RunnableAdapter.call(Executors.java:572)
	at java.base/java.util.concurrent.FutureTask.run(FutureTask.java:317)
	at org.testng.internal.thread.graph.TestNGFutureTask.run(TestNGFutureTask.java:22)
	at java.base/java.util.concurrent.ThreadPoolExecutor.runWorker(ThreadPoolExecutor.java:1144)
	at java.base/java.util.concurrent.ThreadPoolExecutor$Worker.run(ThreadPoolExecutor.java:642)
	at java.base/java.lang.Thread.run(Thread.java:1575)
</pre></div></td>
<td>1</td>
<td>testCases.Tree_TestCase@518caac3</td></tr>
<tr>
<td title='testCases.Tree_TestCase.EmptyTryeditorTypesofBT()'><b>EmptyTryeditorTypesofBT</b><br>Test class: testCases.Tree_TestCase</td>
<td><div><pre>java.lang.AssertionError: Alert is not present
	at testCases.Tree_TestCase.EmptyTryeditorTypesofBT(Tree_TestCase.java:607)
	at java.base/java.util.concurrent.Executors$RunnableAdapter.call(Executors.java:572)
	at java.base/java.util.concurrent.FutureTask.run(FutureTask.java:317)
	at java.base/java.util.concurrent.ThreadPoolExecutor.runWorker(ThreadPoolExecutor.java:1144)
	at java.base/java.util.concurrent.ThreadPoolExecutor$Worker.run(ThreadPoolExecutor.java:642)
	at java.base/java.lang.Thread.run(Thread.java:1575)
... Removed 12 stack frames</pre></div><a href='#' onClick='toggleBox("stack-trace918102600", this, "Click to show all stack frames", "Click to hide stack frames")'>Click to show all stack frames</a>
<div class='stack-trace' id='stack-trace918102600'><pre>java.lang.AssertionError: Alert is not present
	at org.testng.Assert.fail(Assert.java:111)
	at testCases.Tree_TestCase.EmptyTryeditorTypesofBT(Tree_TestCase.java:607)
	at java.base/jdk.internal.reflect.DirectMethodHandleAccessor.invoke(DirectMethodHandleAccessor.java:103)
	at java.base/java.lang.reflect.Method.invoke(Method.java:580)
	at org.testng.internal.invokers.MethodInvocationHelper.invokeMethod(MethodInvocationHelper.java:141)
	at org.testng.internal.invokers.TestInvoker.invokeMethod(TestInvoker.java:686)
	at org.testng.internal.invokers.TestInvoker.retryFailed(TestInvoker.java:269)
	at org.testng.internal.invokers.MethodRunner.runInSequence(MethodRunner.java:76)
	at org.testng.internal.invokers.TestInvoker$MethodInvocationAgent.invoke(TestInvoker.java:992)
	at org.testng.internal.invokers.TestInvoker.invokeTestMethods(TestInvoker.java:203)
	at org.testng.internal.invokers.TestMethodWorker.invokeTestMethods(TestMethodWorker.java:154)
	at org.testng.internal.invokers.TestMethodWorker.run(TestMethodWorker.java:134)
	at java.base/java.util.concurrent.Executors$RunnableAdapter.call(Executors.java:572)
	at java.base/java.util.concurrent.FutureTask.run(FutureTask.java:317)
	at org.testng.internal.thread.graph.TestNGFutureTask.run(TestNGFutureTask.java:22)
	at java.base/java.util.concurrent.ThreadPoolExecutor.runWorker(ThreadPoolExecutor.java:1144)
	at java.base/java.util.concurrent.ThreadPoolExecutor$Worker.run(ThreadPoolExecutor.java:642)
	at java.base/java.lang.Thread.run(Thread.java:1575)
</pre></div></td>
<td>0</td>
<td>testCases.Tree_TestCase@518caac3</td></tr>
<tr>
<td title='testCases.Tree_TestCase.EmptyTryeditorTravelsIllus()'><b>EmptyTryeditorTravelsIllus</b><br>Test class: testCases.Tree_TestCase</td>
<td><div><pre>java.lang.AssertionError: Alert is not present
	at testCases.Tree_TestCase.EmptyTryeditorTravelsIllus(Tree_TestCase.java:451)
	at java.base/java.util.concurrent.Executors$RunnableAdapter.call(Executors.java:572)
	at java.base/java.util.concurrent.FutureTask.run(FutureTask.java:317)
	at java.base/java.util.concurrent.ThreadPoolExecutor.runWorker(ThreadPoolExecutor.java:1144)
	at java.base/java.util.concurrent.ThreadPoolExecutor$Worker.run(ThreadPoolExecutor.java:642)
	at java.base/java.lang.Thread.run(Thread.java:1575)
... Removed 12 stack frames</pre></div><a href='#' onClick='toggleBox("stack-trace2003005457", this, "Click to show all stack frames", "Click to hide stack frames")'>Click to show all stack frames</a>
<div class='stack-trace' id='stack-trace2003005457'><pre>java.lang.AssertionError: Alert is not present
	at org.testng.Assert.fail(Assert.java:111)
	at testCases.Tree_TestCase.EmptyTryeditorTravelsIllus(Tree_TestCase.java:451)
	at java.base/jdk.internal.reflect.DirectMethodHandleAccessor.invoke(DirectMethodHandleAccessor.java:103)
	at java.base/java.lang.reflect.Method.invoke(Method.java:580)
	at org.testng.internal.invokers.MethodInvocationHelper.invokeMethod(MethodInvocationHelper.java:141)
	at org.testng.internal.invokers.TestInvoker.invokeMethod(TestInvoker.java:686)
	at org.testng.internal.invokers.TestInvoker.invokeTestMethod(TestInvoker.java:230)
	at org.testng.internal.invokers.MethodRunner.runInSequence(MethodRunner.java:63)
	at org.testng.internal.invokers.TestInvoker$MethodInvocationAgent.invoke(TestInvoker.java:992)
	at org.testng.internal.invokers.TestInvoker.invokeTestMethods(TestInvoker.java:203)
	at org.testng.internal.invokers.TestMethodWorker.invokeTestMethods(TestMethodWorker.java:154)
	at org.testng.internal.invokers.TestMethodWorker.run(TestMethodWorker.java:134)
	at java.base/java.util.concurrent.Executors$RunnableAdapter.call(Executors.java:572)
	at java.base/java.util.concurrent.FutureTask.run(FutureTask.java:317)
	at org.testng.internal.thread.graph.TestNGFutureTask.run(TestNGFutureTask.java:22)
	at java.base/java.util.concurrent.ThreadPoolExecutor.runWorker(ThreadPoolExecutor.java:1144)
	at java.base/java.util.concurrent.ThreadPoolExecutor$Worker.run(ThreadPoolExecutor.java:642)
	at java.base/java.lang.Thread.run(Thread.java:1575)
</pre></div></td>
<td>1</td>
<td>testCases.Tree_TestCase@518caac3</td></tr>
<tr>
<td title='testCases.Register_TestCase.InvalidRegister()'><b>InvalidRegister</b><br>Test class: testCases.Register_TestCase<br>Parameters: ActionSquad, abc@1234, abc@1234, The user Is already Registered, existing</td>
<td><div><pre>java.lang.AssertionError: expected [password_mismatch:The two password fields didn’t match.] but found [The user Is already Registered]
	at testCases.Register_TestCase.InvalidRegister(Register_TestCase.java:44)
	at java.base/java.util.concurrent.Executors$RunnableAdapter.call(Executors.java:572)
	at java.base/java.util.concurrent.FutureTask.run(FutureTask.java:317)
	at java.base/java.util.concurrent.ThreadPoolExecutor.runWorker(ThreadPoolExecutor.java:1144)
	at java.base/java.util.concurrent.ThreadPoolExecutor$Worker.run(ThreadPoolExecutor.java:642)
	at java.base/java.lang.Thread.run(Thread.java:1575)
... Removed 17 stack frames</pre></div><a href='#' onClick='toggleBox("stack-trace1087437475", this, "Click to show all stack frames", "Click to hide stack frames")'>Click to show all stack frames</a>
<div class='stack-trace' id='stack-trace1087437475'><pre>java.lang.AssertionError: expected [password_mismatch:The two password fields didn’t match.] but found [The user Is already Registered]
	at org.testng.Assert.fail(Assert.java:111)
	at org.testng.Assert.failNotEquals(Assert.java:1578)
	at org.testng.Assert.assertEqualsImpl(Assert.java:150)
	at org.testng.Assert.assertEquals(Assert.java:132)
	at org.testng.Assert.assertEquals(Assert.java:656)
	at org.testng.Assert.assertEquals(Assert.java:666)
	at testCases.Register_TestCase.InvalidRegister(Register_TestCase.java:44)
	at java.base/jdk.internal.reflect.DirectMethodHandleAccessor.invoke(DirectMethodHandleAccessor.java:103)
	at java.base/java.lang.reflect.Method.invoke(Method.java:580)
	at org.testng.internal.invokers.MethodInvocationHelper.invokeMethod(MethodInvocationHelper.java:141)
	at org.testng.internal.invokers.TestInvoker.invokeMethod(TestInvoker.java:686)
	at org.testng.internal.invokers.TestInvoker.invokeTestMethod(TestInvoker.java:230)
	at org.testng.internal.invokers.MethodRunner.runInSequence(MethodRunner.java:63)
	at org.testng.internal.invokers.TestInvoker$MethodInvocationAgent.invoke(TestInvoker.java:992)
	at org.testng.internal.invokers.TestInvoker.invokeTestMethods(TestInvoker.java:203)
	at org.testng.internal.invokers.TestMethodWorker.invokeTestMethods(TestMethodWorker.java:154)
	at org.testng.internal.invokers.TestMethodWorker.run(TestMethodWorker.java:134)
	at java.base/java.util.concurrent.Executors$RunnableAdapter.call(Executors.java:572)
	at java.base/java.util.concurrent.FutureTask.run(FutureTask.java:317)
	at org.testng.internal.thread.graph.TestNGFutureTask.run(TestNGFutureTask.java:22)
	at java.base/java.util.concurrent.ThreadPoolExecutor.runWorker(ThreadPoolExecutor.java:1144)
	at java.base/java.util.concurrent.ThreadPoolExecutor$Worker.run(ThreadPoolExecutor.java:642)
	at java.base/java.lang.Thread.run(Thread.java:1575)
</pre></div></td>
<td>7</td>
<td>testCases.Register_TestCase@78a773fd</td></tr>
</table><p>
</body>
</html>