<?xml version="1.0" encoding="UTF-8"?>
<!-- Generated by org.testng.reporters.JUnitXMLReporter -->
<testsuite ignored="0" hostname="Cricket" failures="3" tests="163" name="TestFirefox" time="531.939" errors="0" timestamp="2025-01-11T12:30:36 CST">
  <testcase classname="testCases.Queue_TestCase" name="@AfterMethod closeup" time="15.012">
    <failure type="org.openqa.selenium.NoSuchElementException" message="Unable to locate element: Sign out
For documentation on this error, please visit: https://www.selenium.dev/documentation/webdriver/troubleshooting/errors#no-such-element-exception
Build info: version: &amp;apos;4.27.0&amp;apos;, revision: &amp;apos;d6e718d134&amp;apos;
System info: os.name: &amp;apos;Windows 11&amp;apos;, os.arch: &amp;apos;amd64&amp;apos;, os.version: &amp;apos;10.0&amp;apos;, java.version: &amp;apos;23.0.1&amp;apos;
Driver info: org.openqa.selenium.firefox.FirefoxDriver
Command: [fda1cfe3-6512-463f-a7f2-67652b1730ab, findElement {value=Sign out, using=link text}]
Capabilities {acceptInsecureCerts: true, browserName: firefox, browserVersion: 134.0, moz:accessibilityChecks: false, moz:buildID: 20241230151726, moz:debuggerAddress: 127.0.0.1:37377, moz:geckodriverVersion: 0.35.0, moz:headless: false, moz:platformVersion: 10.0, moz:processID: 60168, moz:profile: C:\Users\12017\AppData\Loca..., moz:shutdownTimeout: 60000, moz:webdriverClick: true, moz:windowless: false, pageLoadStrategy: normal, platformName: windows, proxy: Proxy(), se:cdp: ws://127.0.0.1:37377/devtoo..., se:cdpVersion: 85.0, setWindowRect: true, strictFileInteractability: false, timeouts: {implicit: 0, pageLoad: 300000, script: 30000}, unhandledPromptBehavior: dismiss and notify, userAgent: Mozilla/5.0 (Windows NT 10....}
Session ID: fda1cfe3-6512-463f-a7f2-67652b1730ab">
      <![CDATA[org.openqa.selenium.NoSuchElementException: Unable to locate element: Sign out
For documentation on this error, please visit: https://www.selenium.dev/documentation/webdriver/troubleshooting/errors#no-such-element-exception
Build info: version: '4.27.0', revision: 'd6e718d134'
System info: os.name: 'Windows 11', os.arch: 'amd64', os.version: '10.0', java.version: '23.0.1'
Driver info: org.openqa.selenium.firefox.FirefoxDriver
Command: [fda1cfe3-6512-463f-a7f2-67652b1730ab, findElement {value=Sign out, using=link text}]
Capabilities {acceptInsecureCerts: true, browserName: firefox, browserVersion: 134.0, moz:accessibilityChecks: false, moz:buildID: 20241230151726, moz:debuggerAddress: 127.0.0.1:37377, moz:geckodriverVersion: 0.35.0, moz:headless: false, moz:platformVersion: 10.0, moz:processID: 60168, moz:profile: C:\Users\12017\AppData\Loca..., moz:shutdownTimeout: 60000, moz:webdriverClick: true, moz:windowless: false, pageLoadStrategy: normal, platformName: windows, proxy: Proxy(), se:cdp: ws://127.0.0.1:37377/devtoo..., se:cdpVersion: 85.0, setWindowRect: true, strictFileInteractability: false, timeouts: {implicit: 0, pageLoad: 300000, script: 30000}, unhandledPromptBehavior: dismiss and notify, userAgent: Mozilla/5.0 (Windows NT 10....}
Session ID: fda1cfe3-6512-463f-a7f2-67652b1730ab
at org.openqa.selenium.remote.ErrorCodec.decode(ErrorCodec.java:167)
at org.openqa.selenium.remote.codec.w3c.W3CHttpResponseCodec.decode(W3CHttpResponseCodec.java:138)
at org.openqa.selenium.remote.codec.w3c.W3CHttpResponseCodec.decode(W3CHttpResponseCodec.java:50)
at org.openqa.selenium.remote.HttpCommandExecutor.execute(HttpCommandExecutor.java:190)
at org.openqa.selenium.remote.service.DriverCommandExecutor.invokeExecute(DriverCommandExecutor.java:216)
at org.openqa.selenium.remote.service.DriverCommandExecutor.execute(DriverCommandExecutor.java:174)
at org.openqa.selenium.remote.RemoteWebDriver.execute(RemoteWebDriver.java:545)
at org.openqa.selenium.remote.ElementLocation$ElementFinder$2.findElement(ElementLocation.java:165)
at org.openqa.selenium.remote.ElementLocation.findElement(ElementLocation.java:59)
at org.openqa.selenium.remote.RemoteWebDriver.findElement(RemoteWebDriver.java:368)
at org.openqa.selenium.remote.RemoteWebDriver.findElement(RemoteWebDriver.java:362)
at org.openqa.selenium.support.pagefactory.DefaultElementLocator.findElement(DefaultElementLocator.java:68)
at org.openqa.selenium.support.pagefactory.internal.LocatingElementHandler.invoke(LocatingElementHandler.java:38)
at jdk.proxy2/jdk.proxy2.$Proxy32.click(Unknown Source)
at pages.Queue_Page.SignOut(Queue_Page.java:80)
at testCases.Queue_TestCase.closeup(Queue_TestCase.java:36)
at java.base/java.util.concurrent.Executors$RunnableAdapter.call(Executors.java:572)
at java.base/java.util.concurrent.FutureTask.run(FutureTask.java:317)
at java.base/java.util.concurrent.ThreadPoolExecutor.runWorker(ThreadPoolExecutor.java:1144)
at java.base/java.util.concurrent.ThreadPoolExecutor$Worker.run(ThreadPoolExecutor.java:642)
at java.base/java.lang.Thread.run(Thread.java:1575)
... Removed 19 stack frames]]>
    </failure>
  </testcase> <!-- @AfterMethod closeup -->
  <testcase classname="testCases.Queue_TestCase" name="@BeforeMethod setup" time="0.0">
    <skipped/>
  </testcase> <!-- @BeforeMethod setup -->
  <testcase classname="testCases.Queue_TestCase" name="@AfterMethod closeup" time="0.0">
    <skipped/>
  </testcase> <!-- @AfterMethod closeup -->
  <testcase classname="testCases.Queue_TestCase" name="@BeforeMethod setup" time="0.0">
    <skipped/>
  </testcase> <!-- @BeforeMethod setup -->
  <testcase classname="testCases.Queue_TestCase" name="@AfterMethod closeup" time="0.0">
    <skipped/>
  </testcase> <!-- @AfterMethod closeup -->
  <testcase classname="testCases.Queue_TestCase" name="@BeforeMethod setup" time="0.0">
    <skipped/>
  </testcase> <!-- @BeforeMethod setup -->
  <testcase classname="testCases.Queue_TestCase" name="@AfterMethod closeup" time="0.0">
    <skipped/>
  </testcase> <!-- @AfterMethod closeup -->
  <testcase classname="testCases.Queue_TestCase" name="@BeforeMethod setup" time="0.0">
    <skipped/>
  </testcase> <!-- @BeforeMethod setup -->
  <testcase classname="testCases.Queue_TestCase" name="@AfterMethod closeup" time="0.0">
    <skipped/>
  </testcase> <!-- @AfterMethod closeup -->
  <testcase classname="testCases.Queue_TestCase" name="@BeforeMethod setup" time="0.0">
    <skipped/>
  </testcase> <!-- @BeforeMethod setup -->
  <testcase classname="testCases.Queue_TestCase" name="@AfterMethod closeup" time="0.0">
    <skipped/>
  </testcase> <!-- @AfterMethod closeup -->
  <testcase classname="testCases.Queue_TestCase" name="@BeforeMethod setup" time="0.0">
    <skipped/>
  </testcase> <!-- @BeforeMethod setup -->
  <testcase classname="testCases.Queue_TestCase" name="@AfterMethod closeup" time="0.0">
    <skipped/>
  </testcase> <!-- @AfterMethod closeup -->
  <testcase classname="testCases.Queue_TestCase" name="@BeforeMethod setup" time="0.0">
    <skipped/>
  </testcase> <!-- @BeforeMethod setup -->
  <testcase classname="testCases.Queue_TestCase" name="@AfterMethod closeup" time="0.0">
    <skipped/>
  </testcase> <!-- @AfterMethod closeup -->
  <testcase classname="testCases.Queue_TestCase" name="@BeforeMethod setup" time="0.0">
    <skipped/>
  </testcase> <!-- @BeforeMethod setup -->
  <testcase classname="testCases.Queue_TestCase" name="@AfterMethod closeup" time="0.0">
    <skipped/>
  </testcase> <!-- @AfterMethod closeup -->
  <testcase classname="testCases.Queue_TestCase" name="@BeforeMethod setup" time="0.0">
    <skipped/>
  </testcase> <!-- @BeforeMethod setup -->
  <testcase classname="testCases.Queue_TestCase" name="@AfterMethod closeup" time="0.0">
    <skipped/>
  </testcase> <!-- @AfterMethod closeup -->
  <testcase classname="testCases.Queue_TestCase" name="@BeforeMethod setup" time="0.0">
    <skipped/>
  </testcase> <!-- @BeforeMethod setup -->
  <testcase classname="testCases.Queue_TestCase" name="@AfterMethod closeup" time="0.0">
    <skipped/>
  </testcase> <!-- @AfterMethod closeup -->
  <testcase classname="testCases.Queue_TestCase" name="@BeforeMethod setup" time="0.0">
    <skipped/>
  </testcase> <!-- @BeforeMethod setup -->
  <testcase classname="testCases.Queue_TestCase" name="@AfterMethod closeup" time="0.0">
    <skipped/>
  </testcase> <!-- @AfterMethod closeup -->
  <testcase classname="testCases.Queue_TestCase" name="@BeforeMethod setup" time="0.0">
    <skipped/>
  </testcase> <!-- @BeforeMethod setup -->
  <testcase classname="testCases.Queue_TestCase" name="@AfterMethod closeup" time="0.0">
    <skipped/>
  </testcase> <!-- @AfterMethod closeup -->
  <testcase classname="testCases.Queue_TestCase" name="@BeforeMethod setup" time="0.0">
    <skipped/>
  </testcase> <!-- @BeforeMethod setup -->
  <testcase classname="testCases.Queue_TestCase" name="@AfterMethod closeup" time="0.0">
    <skipped/>
  </testcase> <!-- @AfterMethod closeup -->
  <testcase classname="testCases.Queue_TestCase" name="@BeforeMethod setup" time="0.0">
    <skipped/>
  </testcase> <!-- @BeforeMethod setup -->
  <testcase classname="testCases.Queue_TestCase" name="@AfterMethod closeup" time="0.0">
    <skipped/>
  </testcase> <!-- @AfterMethod closeup -->
  <testcase classname="testCases.Queue_TestCase" name="@BeforeMethod setup" time="0.0">
    <skipped/>
  </testcase> <!-- @BeforeMethod setup -->
  <testcase classname="testCases.Queue_TestCase" name="@AfterMethod closeup" time="0.0">
    <skipped/>
  </testcase> <!-- @AfterMethod closeup -->
  <testcase classname="Base.BaseTest" name="@AfterClass tearDown" time="0.0">
    <skipped/>
  </testcase> <!-- @AfterClass tearDown -->
  <testcase classname="testCases.Login_TestCase" name="InvalidLogin" time="1.641"/>
  <testcase classname="testCases.Home_TestCase" name="HomeDrpdwn" time="2.247"/>
  <testcase classname="testCases.Login_TestCase" name="InvalidLogin" time="0.684"/>
  <testcase classname="testCases.HomeGetstd_TestCase" name="HomeGetstd" time="1.487"/>
  <testcase classname="testCases.Register_TestCase" name="InvalidRegister" time="1.585">
    <skipped/>
  </testcase> <!-- InvalidRegister -->
  <testcase classname="testCases.Login_TestCase" name="InvalidLogin" time="0.636"/>
  <testcase classname="testCases.Tree_TestCase" name="ABT" time="2.114"/>
  <testcase classname="testCases.Home_TestCase" name="HomeDrpdwn" time="1.949"/>
  <testcase classname="testCases.Login_TestCase" name="InvalidLogin" time="1.08"/>
  <testcase classname="testCases.Register_TestCase" name="InvalidRegister" time="1.588">
    <skipped/>
  </testcase> <!-- InvalidRegister -->
  <testcase classname="testCases.HomeGetstd_TestCase" name="HomeGetstd" time="2.109"/>
  <testcase classname="testCases.Register_TestCase" name="InvalidRegister" time="2.173">
    <skipped/>
  </testcase> <!-- InvalidRegister -->
  <testcase classname="testCases.Login_TestCase" name="InvalidLogin" time="1.477"/>
  <testcase classname="testCases.Home_TestCase" name="HomeDrpdwn" time="1.763"/>
  <testcase classname="testCases.Tree_TestCase" name="BST" time="4.734"/>
  <testcase classname="testCases.LinkedList_TestCase" name="CreateLL2TryEditor" time="23.306"/>
  <testcase classname="testCases.Register_TestCase" name="InvalidRegister" time="1.175">
    <failure type="java.lang.AssertionError" message="expected [password_mismatch:The two password fields didn’t match.] but found [Invalid Username ]">
      <![CDATA[java.lang.AssertionError: expected [password_mismatch:The two password fields didn’t match.] but found [Invalid Username ]
at testCases.Register_TestCase.InvalidRegister(Register_TestCase.java:40)
at java.base/java.util.concurrent.Executors$RunnableAdapter.call(Executors.java:572)
at java.base/java.util.concurrent.FutureTask.run(FutureTask.java:317)
at java.base/java.util.concurrent.ThreadPoolExecutor.runWorker(ThreadPoolExecutor.java:1144)
at java.base/java.util.concurrent.ThreadPoolExecutor$Worker.run(ThreadPoolExecutor.java:642)
at java.base/java.lang.Thread.run(Thread.java:1575)
... Removed 17 stack frames]]>
    </failure>
  </testcase> <!-- InvalidRegister -->
  <testcase classname="testCases.HomeGetstd_TestCase" name="HomeGetstd" time="1.439"/>
  <testcase classname="testCases.Queue_TestCase" name="ImpArrayInValidTryHereFunc" time="21.592"/>
  <testcase classname="testCases.Login_TestCase" name="SignOut" time="4.175"/>
  <testcase classname="testCases.Home_TestCase" name="HomeDrpdwn" time="2.608"/>
  <testcase classname="testCases.Register_TestCase" name="InvalidRegister" time="2.242">
    <skipped/>
  </testcase> <!-- InvalidRegister -->
  <testcase classname="testCases.Login_TestCase" name="ToRegPage" time="1.586"/>
  <testcase classname="testCases.HomeGetstd_TestCase" name="HomeGetstd" time="0.832"/>
  <testcase classname="testCases.Tree_TestCase" name="BibaryTree" time="3.753"/>
  <testcase classname="testCases.Login_TestCase" name="ValidLogin" time="1.757"/>
  <testcase classname="testCases.Register_TestCase" name="InvalidRegister" time="1.835">
    <skipped/>
  </testcase> <!-- InvalidRegister -->
  <testcase classname="testCases.Queue_TestCase" name="ImpArrayInValidTryHereFunc" time="5.364"/>
  <testcase classname="testCases.LinkedList_TestCase" name="CreateLLInValidTryHereFunc" time="6.512"/>
  <testcase classname="testCases.HomeGetstd_TestCase" name="HomeGetstd" time="1.01"/>
  <testcase classname="testCases.Register_TestCase" name="InvalidRegister" time="1.117">
    <skipped/>
  </testcase> <!-- InvalidRegister -->
  <testcase classname="testCases.Home_TestCase" name="HomeDrpdwn" time="1.901"/>
  <testcase classname="testCases.Register_TestCase" name="InvalidRegister" time="1.137">
    <failure type="java.lang.AssertionError" message="expected [password_mismatch:The two password fields didn’t match.] but found [The user Is already Registered]">
      <![CDATA[java.lang.AssertionError: expected [password_mismatch:The two password fields didn’t match.] but found [The user Is already Registered]
at testCases.Register_TestCase.InvalidRegister(Register_TestCase.java:44)
at java.base/java.util.concurrent.Executors$RunnableAdapter.call(Executors.java:572)
at java.base/java.util.concurrent.FutureTask.run(FutureTask.java:317)
at java.base/java.util.concurrent.ThreadPoolExecutor.runWorker(ThreadPoolExecutor.java:1144)
at java.base/java.util.concurrent.ThreadPoolExecutor$Worker.run(ThreadPoolExecutor.java:642)
at java.base/java.lang.Thread.run(Thread.java:1575)
... Removed 17 stack frames]]>
    </failure>
  </testcase> <!-- InvalidRegister -->
  <testcase classname="testCases.Tree_TestCase" name="BinTreeTrav" time="2.098"/>
  <testcase classname="testCases.HomeGetstd_TestCase" name="HomeGetstd" time="1.169"/>
  <testcase classname="testCases.Home_TestCase" name="HomeDrpdwn" time="1.414"/>
  <testcase classname="testCases.Register_TestCase" name="InvalidRegister" time="0.707"/>
  <testcase classname="testCases.LinkedList_TestCase" name="CreateLLInValidTryHereFunc" time="4.753"/>
  <testcase classname="testCases.Queue_TestCase" name="ImpArrayValidTryHereFunc" time="5.754"/>
  <testcase classname="testCases.Register_TestCase" name="InvalidRegister" time="1.237">
    <skipped/>
  </testcase> <!-- InvalidRegister -->
  <testcase classname="testCases.HomeGetstd_TestCase" name="HomeGetstd" time="0.67"/>
  <testcase classname="testCases.Tree_TestCase" name="IBST" time="1.638"/>
  <testcase classname="testCases.Register_TestCase" name="InvalidRegister" time="0.873">
    <skipped/>
  </testcase> <!-- InvalidRegister -->
  <testcase classname="testCases.Register_TestCase" name="InvalidRegister" time="0.719">
    <skipped/>
  </testcase> <!-- InvalidRegister -->
  <testcase classname="testCases.Queue_TestCase" name="ImpCollInValidTryHereFunc" time="2.297"/>
  <testcase classname="testCases.Tree_TestCase" name="IBT" time="1.635"/>
  <testcase classname="testCases.Register_TestCase" name="InvalidRegister" time="0.589">
    <failure type="java.lang.AssertionError" message="expected [password_mismatch:The two password fields didn’t match.] but found [Invalid Password]">
      <![CDATA[java.lang.AssertionError: expected [password_mismatch:The two password fields didn’t match.] but found [Invalid Password]
at testCases.Register_TestCase.InvalidRegister(Register_TestCase.java:52)
at java.base/java.util.concurrent.Executors$RunnableAdapter.call(Executors.java:572)
at java.base/java.util.concurrent.FutureTask.run(FutureTask.java:317)
at java.base/java.util.concurrent.ThreadPoolExecutor.runWorker(ThreadPoolExecutor.java:1144)
at java.base/java.util.concurrent.ThreadPoolExecutor$Worker.run(ThreadPoolExecutor.java:642)
at java.base/java.lang.Thread.run(Thread.java:1575)
... Removed 17 stack frames]]>
    </failure>
  </testcase> <!-- InvalidRegister -->
  <testcase classname="testCases.Register_TestCase" name="InvalidRegister" time="0.399"/>
  <testcase classname="testCases.LinkedList_TestCase" name="CreateLLValidTryHereFunc" time="5.286"/>
  <testcase classname="testCases.Register_TestCase" name="InvalidRegister" time="0.438"/>
  <testcase classname="testCases.Tree_TestCase" name="ImpinBT" time="1.071"/>
  <testcase classname="testCases.Queue_TestCase" name="ImpCollInValidTryHereFunc" time="1.797"/>
  <testcase classname="testCases.Register_TestCase" name="InvalidRegister" time="0.69"/>
  <testcase classname="testCases.Register_TestCase" name="InvalidRegister" time="0.456"/>
  <testcase classname="testCases.LinkedList_TestCase" name="Deletion2TryEditor" time="3.155"/>
  <testcase classname="testCases.Register_TestCase" name="ToLogin" time="0.642"/>
  <testcase classname="testCases.Queue_TestCase" name="ImpCollValidTryHereFunc" time="2.199"/>
  <testcase classname="testCases.Queue_TestCase" name="ImpCollection2tryeditor" time="0.86"/>
  <testcase classname="testCases.LinkedList_TestCase" name="DeletionInValidTryHereFunc" time="4.129"/>
  <testcase classname="testCases.Tree_TestCase" name="InvalidTryHereFunctionalityBST" time="14.682"/>
  <testcase classname="testCases.LinkedList_TestCase" name="DeletionInValidTryHereFunc" time="2.332"/>
  <testcase classname="testCases.Tree_TestCase" name="InvalidTryHereFunctionalityBST" time="2.788"/>
  <testcase classname="testCases.Queue_TestCase" name="Imparray2tryeditor" time="0.0">
    <skipped/>
  </testcase> <!-- Imparray2tryeditor -->
  <testcase classname="testCases.Queue_TestCase" name="Impqueue2PrctQues" time="0.0">
    <skipped/>
  </testcase> <!-- Impqueue2PrctQues -->
  <testcase classname="testCases.Queue_TestCase" name="Impqueue2tryeditor" time="0.0">
    <skipped/>
  </testcase> <!-- Impqueue2tryeditor -->
  <testcase classname="testCases.Queue_TestCase" name="ImpqueueInValidTryHereFunc" time="0.0">
    <skipped/>
  </testcase> <!-- ImpqueueInValidTryHereFunc -->
  <testcase classname="testCases.Queue_TestCase" name="ImpqueueInValidTryHereFunc" time="0.0">
    <skipped/>
  </testcase> <!-- ImpqueueInValidTryHereFunc -->
  <testcase classname="testCases.Queue_TestCase" name="ImpqueueValidTryHereFunc" time="0.0">
    <skipped/>
  </testcase> <!-- ImpqueueValidTryHereFunc -->
  <testcase classname="testCases.Queue_TestCase" name="QueueOprInValidTryHereFunc" time="0.0">
    <skipped/>
  </testcase> <!-- QueueOprInValidTryHereFunc -->
  <testcase classname="testCases.Queue_TestCase" name="QueueOprInValidTryHereFunc" time="0.0">
    <skipped/>
  </testcase> <!-- QueueOprInValidTryHereFunc -->
  <testcase classname="testCases.Queue_TestCase" name="QueueOprValidTryHereFunc" time="0.0">
    <skipped/>
  </testcase> <!-- QueueOprValidTryHereFunc -->
  <testcase classname="testCases.Queue_TestCase" name="queue2ImpCollection" time="0.0">
    <skipped/>
  </testcase> <!-- queue2ImpCollection -->
  <testcase classname="testCases.Queue_TestCase" name="queue2Imparray" time="0.0">
    <skipped/>
  </testcase> <!-- queue2Imparray -->
  <testcase classname="testCases.Queue_TestCase" name="queue2Impqueue" time="0.0">
    <skipped/>
  </testcase> <!-- queue2Impqueue -->
  <testcase classname="testCases.Queue_TestCase" name="queue2queueOperation" time="0.0">
    <skipped/>
  </testcase> <!-- queue2queueOperation -->
  <testcase classname="testCases.Queue_TestCase" name="queue2signout" time="0.0">
    <skipped/>
  </testcase> <!-- queue2signout -->
  <testcase classname="testCases.Queue_TestCase" name="queueOpr2tryeditor" time="0.004">
    <skipped/>
  </testcase> <!-- queueOpr2tryeditor -->
  <testcase classname="testCases.LinkedList_TestCase" name="DeletionValidTryHereFunc" time="3.31"/>
  <testcase classname="testCases.Tree_TestCase" name="InvalidTryHereFunctionalityBT" time="2.509"/>
  <testcase classname="testCases.LinkedList_TestCase" name="ImpLL2TryEditor" time="2.589"/>
  <testcase classname="testCases.Tree_TestCase" name="InvalidTryHereFunctionalityBT" time="1.86"/>
  <testcase classname="testCases.LinkedList_TestCase" name="ImpLLInValidTryHereFunc" time="2.229"/>
  <testcase classname="testCases.Tree_TestCase" name="InvalidTryHereFunctionalityBinTreeTrav" time="3.049"/>
  <testcase classname="testCases.LinkedList_TestCase" name="ImpLLInValidTryHereFunc" time="2.143"/>
  <testcase classname="testCases.Tree_TestCase" name="InvalidTryHereFunctionalityBinTreeTrav" time="4.468"/>
  <testcase classname="testCases.LinkedList_TestCase" name="ImpLLValidTryHereFunc" time="2.511"/>
  <testcase classname="testCases.Tree_TestCase" name="InvalidTryHereFunctionalityIBST" time="2.024"/>
  <testcase classname="testCases.LinkedList_TestCase" name="Insertion2TryEditor" time="2.719"/>
  <testcase classname="testCases.Tree_TestCase" name="InvalidTryHereFunctionalityIBST" time="1.95"/>
  <testcase classname="testCases.LinkedList_TestCase" name="InsertionInValidTryHereFunc" time="2.43"/>
  <testcase classname="testCases.Tree_TestCase" name="InvalidTryHereFunctionalityIBT" time="4.063"/>
  <testcase classname="testCases.LinkedList_TestCase" name="InsertionInValidTryHereFunc" time="3.133"/>
  <testcase classname="testCases.Tree_TestCase" name="InvalidTryHereFunctionalityIBT" time="5.082"/>
  <testcase classname="testCases.LinkedList_TestCase" name="InsertionValidTryHereFunc" time="2.625"/>
  <testcase classname="testCases.LinkedList_TestCase" name="LL2CreateLL" time="0.884"/>
  <testcase classname="testCases.Tree_TestCase" name="InvalidTryHereFunctionalityImpinBT" time="3.493"/>
  <testcase classname="testCases.LinkedList_TestCase" name="LL2Deletion" time="1.458"/>
  <testcase classname="testCases.Tree_TestCase" name="InvalidTryHereFunctionalityImpinBT" time="2.66"/>
  <testcase classname="testCases.LinkedList_TestCase" name="LL2ImpLL" time="0.934"/>
  <testcase classname="testCases.Tree_TestCase" name="InvalidTryHereFunctionalityOverview" time="2.451"/>
  <testcase classname="testCases.LinkedList_TestCase" name="LL2Insertion" time="1.125"/>
  <testcase classname="testCases.LinkedList_TestCase" name="LL2Intro" time="1.059"/>
  <testcase classname="testCases.Tree_TestCase" name="InvalidTryHereFunctionalityOverview" time="3.115"/>
  <testcase classname="testCases.LinkedList_TestCase" name="LL2Traversal" time="1.682"/>
  <testcase classname="testCases.Tree_TestCase" name="InvalidTryHereFunctionalityTYpesofTrees" time="2.757"/>
  <testcase classname="testCases.LinkedList_TestCase" name="LL2TypesLL" time="1.306"/>
  <testcase classname="testCases.Tree_TestCase" name="InvalidTryHereFunctionalityTYpesofTrees" time="2.32"/>
  <testcase classname="testCases.LinkedList_TestCase" name="LLIntro2PracticeQues" time="3.082"/>
  <testcase classname="testCases.Tree_TestCase" name="InvalidTryHereFunctionalityTerm" time="3.497"/>
  <testcase classname="testCases.LinkedList_TestCase" name="LLIntro2TryEditor" time="1.765"/>
  <testcase classname="testCases.Tree_TestCase" name="InvalidTryHereFunctionalityTerm" time="2.096"/>
  <testcase classname="testCases.LinkedList_TestCase" name="LLIntroInValidTryHereFunc" time="2.591"/>
  <testcase classname="testCases.Tree_TestCase" name="InvalidTryHereFunctionalityTraversalsIllus" time="2.62"/>
  <testcase classname="testCases.LinkedList_TestCase" name="LLIntroInValidTryHereFunc" time="3.129"/>
  <testcase classname="testCases.Tree_TestCase" name="InvalidTryHereFunctionalityTraversalsIllus" time="2.831"/>
  <testcase classname="testCases.Tree_TestCase" name="InvalidTryHereFunctionalityTreeTraversals" time="2.58"/>
  <testcase classname="testCases.LinkedList_TestCase" name="LLIntroValidTryHereFunc" time="3.223"/>
  <testcase classname="testCases.LinkedList_TestCase" name="LLlogout" time="0.738"/>
  <testcase classname="testCases.Tree_TestCase" name="InvalidTryHereFunctionalityTreeTraversals" time="1.732"/>
  <testcase classname="testCases.LinkedList_TestCase" name="Traversal2TryEditor" time="1.267"/>
  <testcase classname="testCases.Tree_TestCase" name="InvalidTryHereFunctionalityTypesofBT" time="2.941"/>
  <testcase classname="testCases.LinkedList_TestCase" name="TraversalInValidTryHereFunc" time="1.629"/>
  <testcase classname="testCases.Tree_TestCase" name="InvalidTryHereFunctionalityTypesofBT" time="2.754"/>
  <testcase classname="testCases.LinkedList_TestCase" name="TraversalInValidTryHereFunc" time="2.6"/>
  <testcase classname="testCases.Tree_TestCase" name="LogOut" time="0.665"/>
  <testcase classname="testCases.LinkedList_TestCase" name="TraversalValidTryHereFunc" time="2.653"/>
  <testcase classname="testCases.Tree_TestCase" name="NavtoOverviewofTrees" time="0.936"/>
  <testcase classname="testCases.LinkedList_TestCase" name="TypesLL2TryEditor" time="3.244"/>
  <testcase classname="testCases.Tree_TestCase" name="NavtoTryherepg" time="3.544"/>
  <testcase classname="testCases.LinkedList_TestCase" name="TypesLLInValidTryHereFunc" time="2.288"/>
  <testcase classname="testCases.Tree_TestCase" name="NavtoTryherepgABT" time="2.643"/>
  <testcase classname="testCases.LinkedList_TestCase" name="TypesLLInValidTryHereFunc" time="2.288"/>
  <testcase classname="testCases.Tree_TestCase" name="NavtoTryherepgBST" time="2.644"/>
  <testcase classname="testCases.LinkedList_TestCase" name="TypesLLValidTryHereFunc" time="2.182"/>
  <testcase classname="testCases.Tree_TestCase" name="NavtoTryherepgBT" time="2.887"/>
  <testcase classname="testCases.Tree_TestCase" name="NavtoTryherepgBinTreeTrav" time="1.72"/>
  <testcase classname="testCases.Tree_TestCase" name="NavtoTryherepgIBST" time="2.794"/>
  <testcase classname="testCases.Tree_TestCase" name="NavtoTryherepgIBT" time="3.095"/>
  <testcase classname="testCases.Tree_TestCase" name="NavtoTryherepgImpinBT" time="1.699"/>
  <testcase classname="testCases.Tree_TestCase" name="NavtoTryherepgTermimology" time="3.3"/>
  <testcase classname="testCases.Tree_TestCase" name="NavtoTryherepgTravelsIllus" time="3.231"/>
  <testcase classname="testCases.Tree_TestCase" name="NavtoTryherepgTreeTraversals" time="4.686"/>
  <testcase classname="testCases.Tree_TestCase" name="NavtoTryherepgTypesofBT" time="2.759"/>
  <testcase classname="testCases.Tree_TestCase" name="NavtoTryherepgTypesofTrees" time="3.011"/>
  <testcase classname="testCases.Tree_TestCase" name="Practice" time="0.929"/>
  <testcase classname="testCases.Tree_TestCase" name="Terminologies" time="1.075"/>
  <testcase classname="testCases.Tree_TestCase" name="TravelsIllus" time="1.476"/>
  <testcase classname="testCases.Tree_TestCase" name="TreeTraversals" time="0.587"/>
  <testcase classname="testCases.Tree_TestCase" name="TypesofBT" time="0.919"/>
  <testcase classname="testCases.Tree_TestCase" name="TypesofTrees" time="2.869"/>
  <testcase classname="testCases.Tree_TestCase" name="ValidTryHereFunctionalityABT" time="3.708"/>
  <testcase classname="testCases.Tree_TestCase" name="ValidTryHereFunctionalityBST" time="2.659"/>
  <testcase classname="testCases.Tree_TestCase" name="ValidTryHereFunctionalityBT" time="4.16"/>
  <testcase classname="testCases.Tree_TestCase" name="ValidTryHereFunctionalityBinTreeTrav" time="2.908"/>
  <testcase classname="testCases.Tree_TestCase" name="ValidTryHereFunctionalityIBST" time="5.184"/>
  <testcase classname="testCases.Tree_TestCase" name="ValidTryHereFunctionalityIBT" time="1.964"/>
  <testcase classname="testCases.Tree_TestCase" name="ValidTryHereFunctionalityImpinBT" time="3.529"/>
  <testcase classname="testCases.Tree_TestCase" name="ValidTryHereFunctionalityOverview" time="5.41"/>
  <testcase classname="testCases.Tree_TestCase" name="ValidTryHereFunctionalityTerm" time="3.702"/>
  <testcase classname="testCases.Tree_TestCase" name="ValidTryHereFunctionalityTraversalsIllus" time="2.718"/>
  <testcase classname="testCases.Tree_TestCase" name="ValidTryHereFunctionalityTreeTraversals" time="2.943"/>
  <testcase classname="testCases.Tree_TestCase" name="ValidTryHereFunctionalityTypesofBT" time="3.764"/>
  <testcase classname="testCases.Tree_TestCase" name="ValidTryHereFunctionalityTypesoftrees" time="2.926"/>
</testsuite> <!-- TestFirefox -->
